Mplus VERSION 8.9 (Linux)
MUTHEN & MUTHEN
06/19/2023   1:12 PM

INPUT INSTRUCTIONS

  DATA: FILE = "../../data/transforms/mplus.dat";

  VARIABLE:

      NAMES =
      group group_detail wh_group
  dij_01 dij_02 dij_03 dij_04
  apc_01 apc_02 apc_03 apc_04 apc_05
  app_01 app_02 app_03 app_04 app_05
  res_01 res_02 res_03
  exh_01 exh_04 exh_08
  jsa_01 jsa_02 jsa_03 jsa_04
  in_ex inc_ins
  ;

      MISSING = .;

      USEVARIABLES =
          dij_01-dij_04
          apc_01-apc_05
          !app_01-app_05
          !res_01-res_03
          !exh_01 exh_04 exh_08
          !jsa_01 jsa_02 jsa_03 jsa_04
          wh_group
          ;


      categorical =
          dij_01-apc_05;

      grouping = group (1 = perm, 2 = temp);

      DEFINE:
          CENTER wh_group (GRANDMEAN);

  ANALYSIS:
      estimator = WLSMV;
      PARAMETERIZATION = THETA;
      STARTS=20;
      DIFFTEST=00_h3_b_free.diff;

  MODEL:

      !! PERM

          ! Factor loadings fixed
          DIJ by
              dij_01* (f_dij_01)
              dij_02* (f_dij_02)
              dij_03* (f_dij_03)
              dij_04* (f_dij_04)
              ;

          APC by
              apc_01* (f_apc_01)
              apc_02* (f_apc_02)
              apc_03* (f_apc_03)
              apc_04* (f_apc_04)
              apc_05* (f_apc_05)
              ;



          ! Item thresholds are fix

          !DIJ
          [dij_01$1*] (t1dij_01);
          [dij_01$2*] (t2dij_01);
          [dij_01$3*] (t3dij_01);

          [dij_02$1*] (t1dij_02);
          [dij_02$2*] (t2dij_02);

          [dij_03$1*] (t1dij_03);
          [dij_03$2*] (t2dij_03);
          [dij_03$3*] (t3dij_03);

          [dij_04$1*] (t1dij_04);
          [dij_04$2*] (t2dij_04);
          [dij_04$3*] (t3dij_04);

          !APC
          [apc_01$1*] (t1apc_01);
          [apc_01$2*] (t2apc_01);

          [apc_02$1*] (t1apc_02);
          [apc_02$2*] (t2apc_02);

          [apc_03$1*] (t1apc_03);
          [apc_03$2*] (t2apc_03);

          [apc_04$1*] (t1apc_04);
          [apc_04$2*] (t2apc_04);

          [apc_05$1*] (t1apc_05);
          [apc_05$2*] (t2apc_05);


          ! Item residual variances all fixed=1
          dij_01-apc_05@1;


          ! Factors mean=0 and variance=1 for identification

          [DIJ@0];
          [APC@0];

          DIJ@0.991; !this is the residual variance; sets total variance to 1
          APC@1;

          ! Hypothesis
          DIJ on
              wh_group (wh_group)
              APC (hypo)
              ;

  MODEL temp:

          ! Factor loadings fixed
          DIJ by
              dij_01* (f_dij_01)
              dij_02* (f_dij_02)
              dij_03* (f_dij_03)
              dij_04* (f_dij_04)
              ;

          APC by
              apc_01* (f_apc_01)
              apc_02* (f_apc_02)
              apc_03* (f_apc_03)
              apc_04* (f_apc_04)
              apc_05* (f_apc_05)
              ;



          ! Item thresholds are fix

          !DIJ
          [dij_01$1*] (t1dij_01);
          [dij_01$2*] (t2dij_01);
          [dij_01$3*] (t3dij_01);

          [dij_02$1*] (t1dij_02);
          [dij_02$2*] (t2dij_02);

          [dij_03$1*] (t1dij_03);
          [dij_03$2*] (t2dij_03);
          [dij_03$3*] (t3dij_03);

          [dij_04$1*] (t1dij_04);
          [dij_04$2*] (t2dij_04);
          [dij_04$3*] (t3dij_04);

          !APC
          [apc_01$1*] (t1apc_01);
          [apc_01$2*] (t2apc_01);

          [apc_02$1*] (t1apc_02);
          [apc_02$2*] (t2apc_02);

          [apc_03$1*] (t1apc_03);
          [apc_03$2*] (t2apc_03);

          [apc_04$1*] (t1apc_04);
          [apc_04$2*] (t2apc_04);

          [apc_05$1*] (t1apc_05);
          [apc_05$2*] (t2apc_05);


          ! Item residual variances all fixed=1
          dij_01-apc_05@1;


          ! Factors mean and variance free

          [DIJ*];
          [APC*];

          DIJ*;
          APC*;

          ! Hypothesis
          DIJ on
              wh_group (wh_group)
              APC (hypo)
              ;

  OUTPUT:
  	tech1
  	tech4
  	stdyx
  	;




*** WARNING
  Data set contains cases with missing on x-variables.
  These cases were not included in the analysis.
  Number of cases with missing on x-variables:  1
   1 WARNING(S) FOUND IN THE INPUT INSTRUCTIONS




SUMMARY OF ANALYSIS

Number of groups                                                 2
Number of observations
   Group PERM                                                  262
   Group TEMP                                                  119
   Total sample size                                           381

Number of dependent variables                                    9
Number of independent variables                                  1
Number of continuous latent variables                            2

Observed dependent variables

  Binary and ordered categorical (ordinal)
   DIJ_01      DIJ_02      DIJ_03      DIJ_04      APC_01      APC_02
   APC_03      APC_04      APC_05

Observed independent variables
   WH_GROUP

Continuous latent variables
   DIJ         APC

Variables with special functions

  Grouping variable     GROUP

  Centering (GRANDMEAN)
   WH_GROUP


Estimator                                                    WLSMV
Maximum number of iterations                                  1000
Convergence criterion                                    0.500D-04
Maximum number of steepest descent iterations                   20
Maximum number of iterations for H1                           2000
Convergence criterion for H1                             0.100D-03
Random Starts Specifications
  Number of random starts                                       20
  Random starts scale                                    0.500D+01
Parameterization                                             THETA
Link                                                        PROBIT

Input data file(s)
  ../../data/transforms/mplus.dat

Input data format  FREE


SUMMARY OF DATA

   Group PERM
     Number of missing data patterns            13

   Group TEMP
     Number of missing data patterns             8


COVARIANCE COVERAGE OF DATA

Minimum covariance coverage value   0.100


     PROPORTION OF DATA PRESENT FOR PERM


           Covariance Coverage
              DIJ_01        DIJ_02        DIJ_03        DIJ_04        APC_01
              ________      ________      ________      ________      ________
 DIJ_01         0.958
 DIJ_02         0.943         0.962
 DIJ_03         0.935         0.935         0.950
 DIJ_04         0.950         0.950         0.939         0.969
 APC_01         0.958         0.962         0.950         0.969         1.000
 APC_02         0.950         0.954         0.943         0.962         0.992
 APC_03         0.958         0.962         0.950         0.969         1.000
 APC_04         0.954         0.958         0.947         0.966         0.996
 APC_05         0.958         0.962         0.950         0.969         1.000


           Covariance Coverage
              APC_02        APC_03        APC_04        APC_05
              ________      ________      ________      ________
 APC_02         0.992
 APC_03         0.992         1.000
 APC_04         0.989         0.996         0.996
 APC_05         0.992         1.000         0.996         1.000


     PROPORTION OF DATA PRESENT FOR TEMP


           Covariance Coverage
              DIJ_01        DIJ_02        DIJ_03        DIJ_04        APC_01
              ________      ________      ________      ________      ________
 DIJ_01         0.958
 DIJ_02         0.958         0.983
 DIJ_03         0.941         0.958         0.958
 DIJ_04         0.941         0.966         0.941         0.975
 APC_01         0.950         0.975         0.950         0.966         0.992
 APC_02         0.958         0.983         0.958         0.975         0.992
 APC_03         0.958         0.983         0.958         0.975         0.992
 APC_04         0.958         0.983         0.958         0.975         0.992
 APC_05         0.958         0.983         0.958         0.975         0.992


           Covariance Coverage
              APC_02        APC_03        APC_04        APC_05
              ________      ________      ________      ________
 APC_02         1.000
 APC_03         1.000         1.000
 APC_04         1.000         1.000         1.000
 APC_05         1.000         1.000         1.000         1.000


UNIVARIATE PROPORTIONS AND COUNTS FOR CATEGORICAL VARIABLES

  Group PERM
    DIJ_01
      Category 1    0.048           12.000
      Category 2    0.175           44.000
      Category 3    0.255           64.000
      Category 4    0.522          131.000
    DIJ_02
      Category 1    0.194           49.000
      Category 2    0.210           53.000
      Category 3    0.595          150.000
    DIJ_03
      Category 1    0.064           16.000
      Category 2    0.181           45.000
      Category 3    0.249           62.000
      Category 4    0.506          126.000
    DIJ_04
      Category 1    0.059           15.000
      Category 2    0.138           35.000
      Category 3    0.244           62.000
      Category 4    0.559          142.000
    APC_01
      Category 1    0.118           31.000
      Category 2    0.519          136.000
      Category 3    0.363           95.000
    APC_02
      Category 1    0.192           50.000
      Category 2    0.496          129.000
      Category 3    0.312           81.000
    APC_03
      Category 1    0.141           37.000
      Category 2    0.565          148.000
      Category 3    0.294           77.000
    APC_04
      Category 1    0.195           51.000
      Category 2    0.261           68.000
      Category 3    0.544          142.000
    APC_05
      Category 1    0.183           48.000
      Category 2    0.523          137.000
      Category 3    0.294           77.000

  Group TEMP
    DIJ_01
      Category 1    0.333           38.000
      Category 2    0.447           51.000
      Category 3    0.105           12.000
      Category 4    0.114           13.000
    DIJ_02
      Category 1    0.658           77.000
      Category 2    0.188           22.000
      Category 3    0.154           18.000
    DIJ_03
      Category 1    0.368           42.000
      Category 2    0.412           47.000
      Category 3    0.132           15.000
      Category 4    0.088           10.000
    DIJ_04
      Category 1    0.293           34.000
      Category 2    0.379           44.000
      Category 3    0.147           17.000
      Category 4    0.181           21.000
    APC_01
      Category 1    0.246           29.000
      Category 2    0.559           66.000
      Category 3    0.195           23.000
    APC_02
      Category 1    0.445           53.000
      Category 2    0.403           48.000
      Category 3    0.151           18.000
    APC_03
      Category 1    0.218           26.000
      Category 2    0.588           70.000
      Category 3    0.193           23.000
    APC_04
      Category 1    0.311           37.000
      Category 2    0.353           42.000
      Category 3    0.336           40.000
    APC_05
      Category 1    0.462           55.000
      Category 2    0.353           42.000
      Category 3    0.185           22.000



UNIVARIATE SAMPLE STATISTICS


     UNIVARIATE HIGHER-ORDER MOMENT DESCRIPTIVE STATISTICS FOR PERM

         Variable/         Mean/     Skewness/   Minimum/ % with                Percentiles
        Sample Size      Variance    Kurtosis    Maximum  Min/Max      20%/60%    40%/80%    Median

     WH_GROUP              0.000      -1.568      -2.542    2.29%      -0.542      0.458      0.458
             262.000       0.607       1.416       0.458   69.85%       0.458      0.458


     UNIVARIATE HIGHER-ORDER MOMENT DESCRIPTIVE STATISTICS FOR TEMP

         Variable/         Mean/     Skewness/   Minimum/ % with                Percentiles
        Sample Size      Variance    Kurtosis    Maximum  Min/Max      20%/60%    40%/80%    Median

     WH_GROUP              0.000      -1.463      -3.244    5.04%      -1.244      0.756      0.756
             119.000       1.445       0.881       0.756   63.87%       0.756      0.756


RANDOM STARTS RESULTS RANKED FROM THE BEST TO THE WORST FIT FUNCTION VALUES

Fit function values at local maxima and random start numbers:

      0.15210333D+00         14
      0.15210333D+00         6
      0.15210333D+00         19
      0.15210333D+00         unperturbed
      0.15210333D+00         13
      0.15210334D+00         16
      0.15210334D+00         3
      0.15210334D+00         20
      0.15210334D+00         4
      0.15210334D+00         17
      0.15210334D+00         18
      0.15210334D+00         15
      0.15210335D+00         9
      0.15210335D+00         2
      0.15210336D+00         7
      0.15210337D+00         12
      0.15210338D+00         1
      0.15210338D+00         8
      0.15210338D+00         10
      0.15210338D+00         11
      0.15210339D+00         5

THE MODEL ESTIMATION TERMINATED NORMALLY



MODEL FIT INFORMATION

Number of Free Parameters                       36

Chi-Square Test of Model Fit

          Value                            130.376*
          Degrees of Freedom                    96
          P-Value                           0.0113

Chi-Square Contribution From Each Group

          PERM                              59.487
          TEMP                              70.889

Chi-Square Test for Difference Testing

          Value                              1.690*
          Degrees of Freedom                     1
          P-Value                           0.1935

*   The chi-square value for MLM, MLMV, MLR, ULSMV, WLSM and WLSMV cannot be used
    for chi-square difference testing in the regular way.  MLM, MLR and WLSM
    chi-square difference testing is described on the Mplus website.  MLMV, WLSMV,
    and ULSMV difference testing is done using the DIFFTEST option.  The DIFFTEST
    option assumes the models are nested.  The NESTED option can be used to verify
    that the models are nested.

RMSEA (Root Mean Square Error Of Approximation)

          Estimate                           0.043
          90 Percent C.I.                    0.022  0.061
          Probability RMSEA <= .05           0.712

CFI/TLI

          CFI                                0.991
          TLI                                0.992

Chi-Square Test of Model Fit for the Baseline Model

          Value                           4129.537
          Degrees of Freedom                    90
          P-Value                           0.0000

SRMR (Standardized Root Mean Square Residual)

          Value                              0.065

Optimum Function Value for Weighted Least-Squares Estimator

          Value                     0.15210333D+00



MODEL RESULTS

                                                    Two-Tailed
                    Estimate       S.E.  Est./S.E.    P-Value

Group PERM

 DIJ      BY
    DIJ_01             2.052      0.241      8.511      0.000
    DIJ_02             1.718      0.169     10.140      0.000
    DIJ_03             2.005      0.239      8.374      0.000
    DIJ_04             1.270      0.114     11.103      0.000

 APC      BY
    APC_01             1.135      0.109     10.382      0.000
    APC_02             2.059      0.247      8.332      0.000
    APC_03             1.024      0.102     10.080      0.000
    APC_04             0.482      0.073      6.580      0.000
    APC_05             3.708      0.947      3.917      0.000

 DIJ      ON
    APC                0.031      0.059      0.526      0.599

 DIJ      ON
    WH_GROUP           0.012      0.059      0.199      0.842

 Means
    APC                0.000      0.000    999.000    999.000

 Intercepts
    DIJ                0.000      0.000    999.000    999.000

 Thresholds
    DIJ_01$1          -3.783      0.336    -11.269      0.000
    DIJ_01$2          -1.596      0.215     -7.431      0.000
    DIJ_01$3          -0.209      0.182     -1.150      0.250
    DIJ_02$1          -1.708      0.190     -9.000      0.000
    DIJ_02$2          -0.519      0.165     -3.142      0.002
    DIJ_03$1          -3.461      0.328    -10.537      0.000
    DIJ_03$2          -1.467      0.220     -6.681      0.000
    DIJ_03$3          -0.064      0.176     -0.363      0.716
    DIJ_04$1          -2.565      0.173    -14.855      0.000
    DIJ_04$2          -1.282      0.136     -9.443      0.000
    DIJ_04$3          -0.302      0.128     -2.370      0.018
    APC_01$1          -1.808      0.144    -12.547      0.000
    APC_01$2           0.541      0.109      4.957      0.000
    APC_02$1          -1.890      0.224     -8.434      0.000
    APC_02$2           1.119      0.191      5.850      0.000
    APC_03$1          -1.641      0.128    -12.787      0.000
    APC_03$2           0.723      0.105      6.914      0.000
    APC_04$1          -0.928      0.087    -10.687      0.000
    APC_04$2          -0.044      0.077     -0.573      0.566
    APC_05$1          -3.272      0.792     -4.132      0.000
    APC_05$2           1.859      0.496      3.744      0.000

 Variances
    APC                1.000      0.000    999.000    999.000

 Residual Variances
    DIJ_01             1.000      0.000    999.000    999.000
    DIJ_02             1.000      0.000    999.000    999.000
    DIJ_03             1.000      0.000    999.000    999.000
    DIJ_04             1.000      0.000    999.000    999.000
    APC_01             1.000      0.000    999.000    999.000
    APC_02             1.000      0.000    999.000    999.000
    APC_03             1.000      0.000    999.000    999.000
    APC_04             1.000      0.000    999.000    999.000
    APC_05             1.000      0.000    999.000    999.000
    DIJ                0.991      0.000    999.000    999.000

Group TEMP

 DIJ      BY
    DIJ_01             2.052      0.241      8.511      0.000
    DIJ_02             1.718      0.169     10.140      0.000
    DIJ_03             2.005      0.239      8.374      0.000
    DIJ_04             1.270      0.114     11.103      0.000

 APC      BY
    APC_01             1.135      0.109     10.382      0.000
    APC_02             2.059      0.247      8.332      0.000
    APC_03             1.024      0.102     10.080      0.000
    APC_04             0.482      0.073      6.580      0.000
    APC_05             3.708      0.947      3.917      0.000

 DIJ      ON
    APC                0.031      0.059      0.526      0.599

 DIJ      ON
    WH_GROUP           0.012      0.059      0.199      0.842

 Means
    APC               -0.672      0.128     -5.252      0.000

 Intercepts
    DIJ               -1.394      0.144     -9.681      0.000

 Thresholds
    DIJ_01$1          -3.783      0.336    -11.269      0.000
    DIJ_01$2          -1.596      0.215     -7.431      0.000
    DIJ_01$3          -0.209      0.182     -1.150      0.250
    DIJ_02$1          -1.708      0.190     -9.000      0.000
    DIJ_02$2          -0.519      0.165     -3.142      0.002
    DIJ_03$1          -3.461      0.328    -10.537      0.000
    DIJ_03$2          -1.467      0.220     -6.681      0.000
    DIJ_03$3          -0.064      0.176     -0.363      0.716
    DIJ_04$1          -2.565      0.173    -14.855      0.000
    DIJ_04$2          -1.282      0.136     -9.443      0.000
    DIJ_04$3          -0.302      0.128     -2.370      0.018
    APC_01$1          -1.808      0.144    -12.547      0.000
    APC_01$2           0.541      0.109      4.957      0.000
    APC_02$1          -1.890      0.224     -8.434      0.000
    APC_02$2           1.119      0.191      5.850      0.000
    APC_03$1          -1.641      0.128    -12.787      0.000
    APC_03$2           0.723      0.105      6.914      0.000
    APC_04$1          -0.928      0.087    -10.687      0.000
    APC_04$2          -0.044      0.077     -0.573      0.566
    APC_05$1          -3.272      0.792     -4.132      0.000
    APC_05$2           1.859      0.496      3.744      0.000

 Variances
    APC                1.043      0.223      4.668      0.000

 Residual Variances
    DIJ_01             1.000      0.000    999.000    999.000
    DIJ_02             1.000      0.000    999.000    999.000
    DIJ_03             1.000      0.000    999.000    999.000
    DIJ_04             1.000      0.000    999.000    999.000
    APC_01             1.000      0.000    999.000    999.000
    APC_02             1.000      0.000    999.000    999.000
    APC_03             1.000      0.000    999.000    999.000
    APC_04             1.000      0.000    999.000    999.000
    APC_05             1.000      0.000    999.000    999.000
    DIJ                0.722      0.180      4.005      0.000


QUALITY OF NUMERICAL RESULTS

     Condition Number for the Information Matrix              0.204E-03
       (ratio of smallest to largest eigenvalue)


STANDARDIZED MODEL RESULTS


STDYX Standardization

                                                    Two-Tailed
                    Estimate       S.E.  Est./S.E.    P-Value

Group PERM

 DIJ      BY
    DIJ_01             0.898      0.020     44.083      0.000
    DIJ_02             0.863      0.022     39.821      0.000
    DIJ_03             0.894      0.021     41.769      0.000
    DIJ_04             0.784      0.027     28.879      0.000

 APC      BY
    APC_01             0.750      0.032     23.746      0.000
    APC_02             0.900      0.021     43.649      0.000
    APC_03             0.715      0.035     20.651      0.000
    APC_04             0.434      0.054      8.109      0.000
    APC_05             0.966      0.017     57.770      0.000

 DIJ      ON
    APC                0.031      0.059      0.526      0.599

 DIJ      ON
    WH_GROUP           0.009      0.046      0.199      0.842

 Means
    APC                0.000      0.000    999.000    999.000

 Intercepts
    DIJ                0.000      0.000    999.000    999.000

 Thresholds
    DIJ_01$1          -1.662      0.113    -14.678      0.000
    DIJ_01$2          -0.701      0.080     -8.737      0.000
    DIJ_01$3          -0.092      0.078     -1.184      0.236
    DIJ_02$1          -0.862      0.081    -10.658      0.000
    DIJ_02$2          -0.262      0.077     -3.407      0.001
    DIJ_03$1          -1.549      0.108    -14.332      0.000
    DIJ_03$2          -0.657      0.080     -8.184      0.000
    DIJ_03$3          -0.029      0.078     -0.367      0.714
    DIJ_04$1          -1.590      0.103    -15.411      0.000
    DIJ_04$2          -0.795      0.080     -9.962      0.000
    DIJ_04$3          -0.187      0.077     -2.449      0.014
    APC_01$1          -1.196      0.087    -13.717      0.000
    APC_01$2           0.357      0.075      4.771      0.000
    APC_02$1          -0.826      0.083     -9.951      0.000
    APC_02$2           0.489      0.080      6.138      0.000
    APC_03$1          -1.147      0.085    -13.430      0.000
    APC_03$2           0.505      0.076      6.658      0.000
    APC_04$1          -0.836      0.074    -11.252      0.000
    APC_04$2          -0.040      0.069     -0.575      0.565
    APC_05$1          -0.852      0.085    -10.059      0.000
    APC_05$2           0.484      0.081      5.952      0.000

 Variances
    APC                1.000      0.000    999.000    999.000

 Residual Variances
    DIJ_01             0.193      0.037      5.275      0.000
    DIJ_02             0.255      0.037      6.799      0.000
    DIJ_03             0.200      0.038      5.235      0.000
    DIJ_04             0.385      0.043      9.024      0.000
    APC_01             0.437      0.047      9.224      0.000
    APC_02             0.191      0.037      5.149      0.000
    APC_03             0.488      0.050      9.845      0.000
    APC_04             0.812      0.046     17.455      0.000
    APC_05             0.068      0.032      2.101      0.036
    DIJ                0.999      0.004    265.299      0.000

Group TEMP

 DIJ      BY
    DIJ_01             0.868      0.028     31.512      0.000
    DIJ_02             0.825      0.035     23.335      0.000
    DIJ_03             0.863      0.028     30.652      0.000
    DIJ_04             0.734      0.041     17.805      0.000

 APC      BY
    APC_01             0.757      0.037     20.451      0.000
    APC_02             0.903      0.022     41.216      0.000
    APC_03             0.723      0.038     18.931      0.000
    APC_04             0.442      0.055      7.977      0.000
    APC_05             0.967      0.016     58.872      0.000

 DIJ      ON
    APC                0.037      0.071      0.526      0.599

 DIJ      ON
    WH_GROUP           0.017      0.084      0.199      0.842

 Means
    APC               -0.658      0.132     -4.983      0.000

 Intercepts
    DIJ               -1.640      0.199     -8.253      0.000

 Thresholds
    DIJ_01$1          -1.881      0.167    -11.252      0.000
    DIJ_01$2          -0.794      0.110     -7.185      0.000
    DIJ_01$3          -0.104      0.090     -1.152      0.249
    DIJ_02$1          -0.965      0.114     -8.479      0.000
    DIJ_02$2          -0.293      0.092     -3.181      0.001
    DIJ_03$1          -1.751      0.162    -10.808      0.000
    DIJ_03$2          -0.742      0.111     -6.708      0.000
    DIJ_03$3          -0.032      0.089     -0.365      0.715
    DIJ_04$1          -1.742      0.125    -13.889      0.000
    DIJ_04$2          -0.871      0.096     -9.089      0.000
    DIJ_04$3          -0.205      0.086     -2.380      0.017
    APC_01$1          -1.181      0.097    -12.137      0.000
    APC_01$2           0.353      0.074      4.784      0.000
    APC_02$1          -0.812      0.094     -8.623      0.000
    APC_02$2           0.481      0.080      6.017      0.000
    APC_03$1          -1.134      0.092    -12.292      0.000
    APC_03$2           0.500      0.075      6.640      0.000
    APC_04$1          -0.833      0.075    -11.171      0.000
    APC_04$2          -0.040      0.069     -0.575      0.565
    APC_05$1          -0.835      0.100     -8.323      0.000
    APC_05$2           0.475      0.080      5.914      0.000

 Variances
    APC                1.000      0.000    999.000    999.000

 Residual Variances
    DIJ_01             0.247      0.048      5.173      0.000
    DIJ_02             0.319      0.058      5.467      0.000
    DIJ_03             0.256      0.049      5.271      0.000
    DIJ_04             0.462      0.060      7.633      0.000
    APC_01             0.427      0.056      7.617      0.000
    APC_02             0.184      0.040      4.662      0.000
    APC_03             0.478      0.055      8.654      0.000
    APC_04             0.805      0.049     16.466      0.000
    APC_05             0.065      0.032      2.053      0.040
    DIJ                0.998      0.006    167.097      0.000


R-SQUARE

Group PERM

    Observed                                        Two-Tailed     Scale
    Variable        Estimate       S.E.  Est./S.E.    P-Value     Factors

    DIJ_01             0.807      0.037     22.042      0.000      0.439
    DIJ_02             0.745      0.037     19.911      0.000      0.505
    DIJ_03             0.800      0.038     20.884      0.000      0.448
    DIJ_04             0.615      0.043     14.439      0.000      0.620
    APC_01             0.563      0.047     11.873      0.000      0.661
    APC_02             0.809      0.037     21.824      0.000      0.437
    APC_03             0.512      0.050     10.325      0.000      0.699
    APC_04             0.188      0.046      4.054      0.000      0.901
    APC_05             0.932      0.032     28.885      0.000      0.260

     Latent                                         Two-Tailed
    Variable        Estimate       S.E.  Est./S.E.    P-Value

    DIJ                0.001      0.004      0.278      0.781

Group TEMP

    Observed                                        Two-Tailed     Scale
    Variable        Estimate       S.E.  Est./S.E.    P-Value     Factors

    DIJ_01             0.753      0.048     15.756      0.000      0.497
    DIJ_02             0.681      0.058     11.668      0.000      0.565
    DIJ_03             0.744      0.049     15.326      0.000      0.506
    DIJ_04             0.538      0.060      8.902      0.000      0.679
    APC_01             0.573      0.056     10.226      0.000      0.653
    APC_02             0.816      0.040     20.608      0.000      0.430
    APC_03             0.522      0.055      9.465      0.000      0.691
    APC_04             0.195      0.049      3.989      0.000      0.897
    APC_05             0.935      0.032     29.436      0.000      0.255

     Latent                                         Two-Tailed
    Variable        Estimate       S.E.  Est./S.E.    P-Value

    DIJ                0.002      0.006      0.277      0.782


TECHNICAL 1 OUTPUT


     PARAMETER SPECIFICATION FOR PERM


           TAU
              DIJ_01$1      DIJ_01$2      DIJ_01$3      DIJ_02$1      DIJ_02$2
              ________      ________      ________      ________      ________
                  1             2             3             4             5


           TAU
              DIJ_03$1      DIJ_03$2      DIJ_03$3      DIJ_04$1      DIJ_04$2
              ________      ________      ________      ________      ________
                  6             7             8             9            10


           TAU
              DIJ_04$3      APC_01$1      APC_01$2      APC_02$1      APC_02$2
              ________      ________      ________      ________      ________
                 11            12            13            14            15


           TAU
              APC_03$1      APC_03$2      APC_04$1      APC_04$2      APC_05$1
              ________      ________      ________      ________      ________
                 16            17            18            19            20


           TAU
              APC_05$2
              ________
                 21


           NU
              DIJ_01        DIJ_02        DIJ_03        DIJ_04        APC_01
              ________      ________      ________      ________      ________
                  0             0             0             0             0


           NU
              APC_02        APC_03        APC_04        APC_05
              ________      ________      ________      ________
                  0             0             0             0


           LAMBDA
              DIJ           APC
              ________      ________
 DIJ_01            22             0
 DIJ_02            23             0
 DIJ_03            24             0
 DIJ_04            25             0
 APC_01             0            26
 APC_02             0            27
 APC_03             0            28
 APC_04             0            29
 APC_05             0            30


           THETA
              DIJ_01        DIJ_02        DIJ_03        DIJ_04        APC_01
              ________      ________      ________      ________      ________
 DIJ_01             0
 DIJ_02             0             0
 DIJ_03             0             0             0
 DIJ_04             0             0             0             0
 APC_01             0             0             0             0             0
 APC_02             0             0             0             0             0
 APC_03             0             0             0             0             0
 APC_04             0             0             0             0             0
 APC_05             0             0             0             0             0


           THETA
              APC_02        APC_03        APC_04        APC_05
              ________      ________      ________      ________
 APC_02             0
 APC_03             0             0
 APC_04             0             0             0
 APC_05             0             0             0             0


           ALPHA
              DIJ           APC
              ________      ________
                  0             0


           BETA
              DIJ           APC
              ________      ________
 DIJ                0            31
 APC                0             0


           GAMMA
              WH_GROUP
              ________
 DIJ               32
 APC                0


           PSI
              DIJ           APC
              ________      ________
 DIJ                0
 APC                0             0


     PARAMETER SPECIFICATION FOR TEMP


           TAU
              DIJ_01$1      DIJ_01$2      DIJ_01$3      DIJ_02$1      DIJ_02$2
              ________      ________      ________      ________      ________
                  1             2             3             4             5


           TAU
              DIJ_03$1      DIJ_03$2      DIJ_03$3      DIJ_04$1      DIJ_04$2
              ________      ________      ________      ________      ________
                  6             7             8             9            10


           TAU
              DIJ_04$3      APC_01$1      APC_01$2      APC_02$1      APC_02$2
              ________      ________      ________      ________      ________
                 11            12            13            14            15


           TAU
              APC_03$1      APC_03$2      APC_04$1      APC_04$2      APC_05$1
              ________      ________      ________      ________      ________
                 16            17            18            19            20


           TAU
              APC_05$2
              ________
                 21


           NU
              DIJ_01        DIJ_02        DIJ_03        DIJ_04        APC_01
              ________      ________      ________      ________      ________
                  0             0             0             0             0


           NU
              APC_02        APC_03        APC_04        APC_05
              ________      ________      ________      ________
                  0             0             0             0


           LAMBDA
              DIJ           APC
              ________      ________
 DIJ_01            22             0
 DIJ_02            23             0
 DIJ_03            24             0
 DIJ_04            25             0
 APC_01             0            26
 APC_02             0            27
 APC_03             0            28
 APC_04             0            29
 APC_05             0            30


           THETA
              DIJ_01        DIJ_02        DIJ_03        DIJ_04        APC_01
              ________      ________      ________      ________      ________
 DIJ_01             0
 DIJ_02             0             0
 DIJ_03             0             0             0
 DIJ_04             0             0             0             0
 APC_01             0             0             0             0             0
 APC_02             0             0             0             0             0
 APC_03             0             0             0             0             0
 APC_04             0             0             0             0             0
 APC_05             0             0             0             0             0


           THETA
              APC_02        APC_03        APC_04        APC_05
              ________      ________      ________      ________
 APC_02             0
 APC_03             0             0
 APC_04             0             0             0
 APC_05             0             0             0             0


           ALPHA
              DIJ           APC
              ________      ________
                 33            34


           BETA
              DIJ           APC
              ________      ________
 DIJ                0            31
 APC                0             0


           GAMMA
              WH_GROUP
              ________
 DIJ               32
 APC                0


           PSI
              DIJ           APC
              ________      ________
 DIJ               35
 APC                0            36


     STARTING VALUES FOR PERM


           TAU
              DIJ_01$1      DIJ_01$2      DIJ_01$3      DIJ_02$1      DIJ_02$2
              ________      ________      ________      ________      ________
               -1.666        -0.762        -0.055        -0.862        -0.241


           TAU
              DIJ_03$1      DIJ_03$2      DIJ_03$3      DIJ_04$1      DIJ_04$2
              ________      ________      ________      ________      ________
               -1.520        -0.690        -0.015        -1.563        -0.853


           TAU
              DIJ_04$3      APC_01$1      APC_01$2      APC_02$1      APC_02$2
              ________      ________      ________      ________      ________
               -0.149        -1.183         0.352        -0.869         0.491


           TAU
              APC_03$1      APC_03$2      APC_04$1      APC_04$2      APC_05$1
              ________      ________      ________      ________      ________
               -1.075         0.542        -0.858        -0.111        -0.903


           TAU
              APC_05$2
              ________
                0.542


           NU
              DIJ_01        DIJ_02        DIJ_03        DIJ_04        APC_01
              ________      ________      ________      ________      ________
                0.000         0.000         0.000         0.000         0.000


           NU
              APC_02        APC_03        APC_04        APC_05
              ________      ________      ________      ________
                0.000         0.000         0.000         0.000


           LAMBDA
              DIJ           APC
              ________      ________
 DIJ_01         0.872         0.000
 DIJ_02         0.885         0.000
 DIJ_03         0.875         0.000
 DIJ_04         0.813         0.000
 APC_01         0.000         0.761
 APC_02         0.000         0.904
 APC_03         0.000         0.700
 APC_04         0.000         0.452
 APC_05         0.000         0.961


           THETA
              DIJ_01        DIJ_02        DIJ_03        DIJ_04        APC_01
              ________      ________      ________      ________      ________
 DIJ_01         1.000
 DIJ_02         0.000         1.000
 DIJ_03         0.000         0.000         1.000
 DIJ_04         0.000         0.000         0.000         1.000
 APC_01         0.000         0.000         0.000         0.000         1.000
 APC_02         0.000         0.000         0.000         0.000         0.000
 APC_03         0.000         0.000         0.000         0.000         0.000
 APC_04         0.000         0.000         0.000         0.000         0.000
 APC_05         0.000         0.000         0.000         0.000         0.000


           THETA
              APC_02        APC_03        APC_04        APC_05
              ________      ________      ________      ________
 APC_02         1.000
 APC_03         0.000         1.000
 APC_04         0.000         0.000         1.000
 APC_05         0.000         0.000         0.000         1.000


           ALPHA
              DIJ           APC
              ________      ________
                0.000         0.000


           BETA
              DIJ           APC
              ________      ________
 DIJ            0.000         0.000
 APC            0.000         0.000


           GAMMA
              WH_GROUP
              ________
 DIJ            0.000
 APC            0.000


           PSI
              DIJ           APC
              ________      ________
 DIJ            0.991
 APC            0.000         1.000


     STARTING VALUES FOR TEMP


           TAU
              DIJ_01$1      DIJ_01$2      DIJ_01$3      DIJ_02$1      DIJ_02$2
              ________      ________      ________      ________      ________
               -1.049         0.006         0.575        -0.227         0.390


           TAU
              DIJ_03$1      DIJ_03$2      DIJ_03$3      DIJ_04$1      DIJ_04$2
              ________      ________      ________      ________      ________
               -0.928         0.042         0.670        -1.054        -0.203


           TAU
              DIJ_04$3      APC_01$1      APC_01$2      APC_02$1      APC_02$2
              ________      ________      ________      ________      ________
                0.381        -0.936         0.606        -0.503         0.761


           TAU
              APC_03$1      APC_03$2      APC_04$1      APC_04$2      APC_05$1
              ________      ________      ________      ________      ________
               -0.926         0.704        -0.676         0.156        -0.499


           TAU
              APC_05$2
              ________
                0.719


           NU
              DIJ_01        DIJ_02        DIJ_03        DIJ_04        APC_01
              ________      ________      ________      ________      ________
                0.000         0.000         0.000         0.000         0.000


           NU
              APC_02        APC_03        APC_04        APC_05
              ________      ________      ________      ________
                0.000         0.000         0.000         0.000


           LAMBDA
              DIJ           APC
              ________      ________
 DIJ_01         0.913         0.000
 DIJ_02         0.795         0.000
 DIJ_03         0.881         0.000
 DIJ_04         0.609         0.000
 APC_01         0.000         0.775
 APC_02         0.000         0.867
 APC_03         0.000         0.724
 APC_04         0.000         0.368
 APC_05         0.000         0.957


           THETA
              DIJ_01        DIJ_02        DIJ_03        DIJ_04        APC_01
              ________      ________      ________      ________      ________
 DIJ_01         1.000
 DIJ_02         0.000         1.000
 DIJ_03         0.000         0.000         1.000
 DIJ_04         0.000         0.000         0.000         1.000
 APC_01         0.000         0.000         0.000         0.000         1.000
 APC_02         0.000         0.000         0.000         0.000         0.000
 APC_03         0.000         0.000         0.000         0.000         0.000
 APC_04         0.000         0.000         0.000         0.000         0.000
 APC_05         0.000         0.000         0.000         0.000         0.000


           THETA
              APC_02        APC_03        APC_04        APC_05
              ________      ________      ________      ________
 APC_02         1.000
 APC_03         0.000         1.000
 APC_04         0.000         0.000         1.000
 APC_05         0.000         0.000         0.000         1.000


           ALPHA
              DIJ           APC
              ________      ________
                0.000         0.000


           BETA
              DIJ           APC
              ________      ________
 DIJ            0.000         0.000
 APC            0.000         0.000


           GAMMA
              WH_GROUP
              ________
 DIJ            0.000
 APC            0.000


           PSI
              DIJ           APC
              ________      ________
 DIJ            0.991
 APC            0.000         1.000


TECHNICAL 4 OUTPUT


     ESTIMATES DERIVED FROM THE MODEL FOR PERM


           ESTIMATED MEANS FOR THE LATENT VARIABLES
              DIJ           APC
              ________      ________
                0.000         0.000


           ESTIMATED COVARIANCE MATRIX FOR THE LATENT VARIABLES
              DIJ           APC
              ________      ________
 DIJ            0.992
 APC            0.031         1.000


           ESTIMATED CORRELATION MATRIX FOR THE LATENT VARIABLES
              DIJ           APC
              ________      ________
 DIJ            1.000
 APC            0.031         1.000


     ESTIMATES DERIVED FROM THE MODEL FOR TEMP


           ESTIMATED MEANS FOR THE LATENT VARIABLES
              DIJ           APC
              ________      ________
               -1.415        -0.672


           ESTIMATED COVARIANCE MATRIX FOR THE LATENT VARIABLES
              DIJ           APC
              ________      ________
 DIJ            0.723
 APC            0.032         1.043


           ESTIMATED CORRELATION MATRIX FOR THE LATENT VARIABLES
              DIJ           APC
              ________      ________
 DIJ            1.000
 APC            0.037         1.000


     ESTIMATES DERIVED FROM THE MODEL FOR PERM


           S.E. FOR ESTIMATED MEANS FOR THE LATENT VARIABLES
              DIJ           APC
              ________      ________
                0.001         0.000


           EST./S.E. FOR ESTIMATED MEANS FOR THE LATENT VARIABLES
              DIJ           APC
              ________      ________
                0.000         0.000


           TWO-TAILED P-VALUE FOR ESTIMATED MEANS FOR THE LATENT VARIABLES
              DIJ           APC
              ________      ________
                1.000         1.000


           S.E. FOR ESTIMATED COVARIANCE MATRIX FOR THE LATENT VARIABLES
              DIJ           APC
              ________      ________
 DIJ            0.004
 APC            0.059         0.000


           EST./S.E. FOR ESTIMATED COVARIANCE MATRIX FOR THE LATENT VARIABLES
              DIJ           APC
              ________      ________
 DIJ          265.299
 APC            0.526   ***********


           TWO-TAILED P-VALUE FOR ESTIMATED COVARIANCE MATRIX FOR THE LATENT VARIABLES
              DIJ           APC
              ________      ________
 DIJ            0.000
 APC            0.599         0.000


           S.E. FOR ESTIMATED CORRELATION MATRIX FOR THE LATENT VARIABLES
              DIJ           APC
              ________      ________
 DIJ            0.000
 APC            0.059         0.000


           EST./S.E. FOR ESTIMATED CORRELATION MATRIX FOR THE LATENT VARIABLES
              DIJ           APC
              ________      ________
 DIJ          999.000
 APC            0.526       999.000


           TWO-TAILED P-VALUE FOR ESTIMATED CORRELATION MATRIX FOR THE LATENT VARIABLES
              DIJ           APC
              ________      ________
 DIJ            0.000
 APC            0.599         0.000


     ESTIMATES DERIVED FROM THE MODEL FOR TEMP


           S.E. FOR ESTIMATED MEANS FOR THE LATENT VARIABLES
              DIJ           APC
              ________      ________
                0.138         0.128


           EST./S.E. FOR ESTIMATED MEANS FOR THE LATENT VARIABLES
              DIJ           APC
              ________      ________
              -10.278        -5.252


           TWO-TAILED P-VALUE FOR ESTIMATED MEANS FOR THE LATENT VARIABLES
              DIJ           APC
              ________      ________
                0.000         0.000


           S.E. FOR ESTIMATED COVARIANCE MATRIX FOR THE LATENT VARIABLES
              DIJ           APC
              ________      ________
 DIJ            0.180
 APC            0.061         0.223


           EST./S.E. FOR ESTIMATED COVARIANCE MATRIX FOR THE LATENT VARIABLES
              DIJ           APC
              ________      ________
 DIJ            4.019
 APC            0.532         4.668


           TWO-TAILED P-VALUE FOR ESTIMATED COVARIANCE MATRIX FOR THE LATENT VARIABLES
              DIJ           APC
              ________      ________
 DIJ            0.000
 APC            0.595         0.000


           S.E. FOR ESTIMATED CORRELATION MATRIX FOR THE LATENT VARIABLES
              DIJ           APC
              ________      ________
 DIJ            0.000
 APC            0.071         0.000


           EST./S.E. FOR ESTIMATED CORRELATION MATRIX FOR THE LATENT VARIABLES
              DIJ           APC
              ________      ________
 DIJ          999.000
 APC            0.526       999.000


           TWO-TAILED P-VALUE FOR ESTIMATED CORRELATION MATRIX FOR THE LATENT VARIABLES
              DIJ           APC
              ________      ________
 DIJ            0.000
 APC            0.599         0.000


     Beginning Time:  13:12:10
        Ending Time:  13:12:10
       Elapsed Time:  00:00:00



MUTHEN & MUTHEN
3463 Stoner Ave.
Los Angeles, CA  90066

Tel: (310) 391-9971
Fax: (310) 391-8971
Web: www.StatModel.com
Support: Support@StatModel.com

Copyright (c) 1998-2023 Muthen & Muthen
