Mplus VERSION 8.9 (Linux)
MUTHEN & MUTHEN
06/19/2023   1:12 PM

INPUT INSTRUCTIONS

  DATA: FILE = "../../data/transforms/mplus.dat";

  VARIABLE:

      NAMES =
      group group_detail wh_group
  dij_01 dij_02 dij_03 dij_04
  apc_01 apc_02 apc_03 apc_04 apc_05
  app_01 app_02 app_03 app_04 app_05
  res_01 res_02 res_03
  exh_01 exh_04 exh_08
  jsa_01 jsa_02 jsa_03 jsa_04
  in_ex inc_ins
  ;

      MISSING = .;

      USEVARIABLES =
          dij_01-dij_04
          apc_01-apc_05
          !app_01-app_05
          !res_01-res_03
          exh_01 exh_04 exh_08
          !jsa_01 jsa_02 jsa_03 jsa_04
          wh_group
          ;

      categorical =
          dij_01-exh_08;



      DEFINE:
          CENTER wh_group (GRANDMEAN);

  ANALYSIS:
      estimator=MLF;
      type = RANDOM;
      INTEGRATION = MONTECARLO;
      MCSEED=42;
      PROCESS=4;

  MODEL:

      !! PERM

          ! Factor loadings fixed
          DIJ by
              dij_01* (f_dij_01)
              dij_02* (f_dij_02)
              dij_03* (f_dij_03)
              dij_04* (f_dij_04)
              ;

          APC by
              apc_01* (f_apc_01)
              apc_02* (f_apc_02)
              apc_03* (f_apc_03)
              apc_04* (f_apc_04)
              apc_05* (f_apc_05)
              ;

          EXH by
              exh_01*-1 (f_exh_01)
              exh_04* (f_exh_04)
              exh_08* (f_exh_08)
              ;


          ! Item thresholds are fix

          !DIJ
          [dij_01$1*] (t1dij_01);
          [dij_01$2*] (t2dij_01);
          [dij_01$3*] (t3dij_01);

          [dij_02$1*] (t1dij_02);
          [dij_02$2*] (t2dij_02);

          [dij_03$1*] (t1dij_03);
          [dij_03$2*] (t2dij_03);
          [dij_03$3*] (t3dij_03);

          [dij_04$1*] (t1dij_04);
          [dij_04$2*] (t2dij_04);

          [dij_04$3*] (t3dij_04);

          !APC
          [apc_01$1*] (t1apc_01);
          [apc_01$2*] (t2apc_01);

          [apc_02$1*] (t1apc_02);
          [apc_02$2*] (t2apc_02);

          [apc_03$1*] (t1apc_03);
          [apc_03$2*] (t2apc_03);

          [apc_04$1*] (t1apc_04);
          [apc_04$2*] (t2apc_04);

          [apc_05$1*] (t1apc_05);
          [apc_05$2*] (t2apc_05);

          !EXH
          [exh_01$1*] (t1exh_01);
          [exh_01$2*] (t2exh_01);

          [exh_04$1*] (t1exh_04);
          [exh_04$2*] (t2exh_04);
          [exh_04$3*] (t3exh_04);

          [exh_08$1*] (t1exh_08);
          [exh_08$2*] (t2exh_08);
          [exh_08$3*] (t3exh_08);



          ! Factors mean=0 and variance=1 for identification

          [DIJ@0];
          [EXH@0];
          [APC@0];

          DIJ@1;
          EXH@1;
          APC@1;


          DIJ with APC;

          S_EXH | EXH on DIJ;

          EXH S_EXH on wh_group APC;

          S_EXH@0.01; ! fix at low value to avoid saddle point/non-convergence

  OUTPUT:
  	tech1
  	tech4
  	stdyx
  	;




*** WARNING
  Data set contains cases with missing on x-variables.
  These cases were not included in the analysis.
  Number of cases with missing on x-variables:  1
   1 WARNING(S) FOUND IN THE INPUT INSTRUCTIONS




SUMMARY OF ANALYSIS

Number of groups                                                 1
Number of observations                                         381

Number of dependent variables                                   12
Number of independent variables                                  1
Number of continuous latent variables                            4

Observed dependent variables

  Binary and ordered categorical (ordinal)
   DIJ_01      DIJ_02      DIJ_03      DIJ_04      APC_01      APC_02
   APC_03      APC_04      APC_05      EXH_01      EXH_04      EXH_08

Observed independent variables
   WH_GROUP

Continuous latent variables
   DIJ         APC         EXH         S_EXH

Variables with special functions

  Centering (GRANDMEAN)
   WH_GROUP


Estimator                                                      MLF
Information matrix                                        OBSERVED
Optimization Specifications for the Quasi-Newton Algorithm for
Continuous Outcomes
  Maximum number of iterations                                 100
  Convergence criterion                                  0.100D-05
Optimization Specifications for the EM Algorithm
  Maximum number of iterations                                 500
  Convergence criteria
    Loglikelihood change                                 0.100D-02
    Relative loglikelihood change                        0.100D-05
    Derivative                                           0.100D-02
Optimization Specifications for the M step of the EM Algorithm for
Categorical Latent variables
  Number of M step iterations                                    1
  M step convergence criterion                           0.100D-02
  Basis for M step termination                           ITERATION
Optimization Specifications for the M step of the EM Algorithm for
Censored, Binary or Ordered Categorical (Ordinal), Unordered
Categorical (Nominal) and Count Outcomes
  Number of M step iterations                                    1
  M step convergence criterion                           0.100D-02
  Basis for M step termination                           ITERATION
  Maximum value for logit thresholds                            15
  Minimum value for logit thresholds                           -15
  Minimum expected cell size for chi-square              0.100D-01
Maximum number of iterations for H1                           2000
Convergence criterion for H1                             0.100D-03
Optimization algorithm                                         EMA
Integration Specifications
  Type                                                  MONTECARLO
  Number of integration points                                4000
  Dimensions of numerical integration                            4
  Adaptive quadrature                                           ON
  Monte Carlo integration seed                                  42
Link                                                         LOGIT
Cholesky                                                        ON

Input data file(s)
  ../../data/transforms/mplus.dat
Input data format  FREE


SUMMARY OF DATA

     Number of missing data patterns            16
     Number of y missing data patterns           0
     Number of u missing data patterns          16


COVARIANCE COVERAGE OF DATA

Minimum covariance coverage value   0.100


     PROPORTION OF DATA PRESENT FOR U


           Covariance Coverage
              DIJ_01        DIJ_02        DIJ_03        DIJ_04        APC_01
              ________      ________      ________      ________      ________
 DIJ_01         0.958
 DIJ_02         0.948         0.969
 DIJ_03         0.937         0.942         0.953
 DIJ_04         0.948         0.955         0.940         0.971
 APC_01         0.955         0.966         0.950         0.969         0.997
 APC_02         0.953         0.963         0.948         0.966         0.992
 APC_03         0.958         0.969         0.953         0.971         0.997
 APC_04         0.955         0.966         0.950         0.969         0.995
 APC_05         0.958         0.969         0.953         0.971         0.997
 EXH_01         0.955         0.966         0.950         0.969         0.995
 EXH_04         0.958         0.969         0.953         0.971         0.997
 EXH_08         0.955         0.966         0.950         0.969         0.995


           Covariance Coverage
              APC_02        APC_03        APC_04        APC_05        EXH_01
              ________      ________      ________      ________      ________
 APC_02         0.995
 APC_03         0.995         1.000
 APC_04         0.992         0.997         0.997
 APC_05         0.995         1.000         0.997         1.000
 EXH_01         0.992         0.997         0.995         0.997         0.997
 EXH_04         0.995         1.000         0.997         1.000         0.997
 EXH_08         0.992         0.997         0.995         0.997         0.995


           Covariance Coverage
              EXH_04        EXH_08
              ________      ________
 EXH_04         1.000
 EXH_08         0.997         0.997


UNIVARIATE PROPORTIONS AND COUNTS FOR CATEGORICAL VARIABLES

    DIJ_01
      Category 1    0.137           50.000
      Category 2    0.260           95.000
      Category 3    0.208           76.000
      Category 4    0.395          144.000
    DIJ_02
      Category 1    0.341          126.000
      Category 2    0.203           75.000
      Category 3    0.455          168.000
    DIJ_03
      Category 1    0.160           58.000
      Category 2    0.253           92.000
      Category 3    0.212           77.000
      Category 4    0.375          136.000
    DIJ_04
      Category 1    0.132           49.000
      Category 2    0.214           79.000
      Category 3    0.214           79.000
      Category 4    0.441          163.000
    APC_01
      Category 1    0.158           60.000
      Category 2    0.532          202.000
      Category 3    0.311          118.000
    APC_02
      Category 1    0.272          103.000
      Category 2    0.467          177.000
      Category 3    0.261           99.000
    APC_03
      Category 1    0.165           63.000
      Category 2    0.572          218.000
      Category 3    0.262          100.000
    APC_04
      Category 1    0.232           88.000
      Category 2    0.289          110.000
      Category 3    0.479          182.000
    APC_05
      Category 1    0.270          103.000
      Category 2    0.470          179.000
      Category 3    0.260           99.000
    EXH_01
      Category 1    0.255           97.000
      Category 2    0.624          237.000
      Category 3    0.121           46.000
    EXH_04
      Category 1    0.066           25.000
      Category 2    0.241           92.000
      Category 3    0.396          151.000
      Category 4    0.297          113.000
    EXH_08
      Category 1    0.105           40.000
      Category 2    0.384          146.000
      Category 3    0.321          122.000
      Category 4    0.189           72.000



UNIVARIATE SAMPLE STATISTICS


     UNIVARIATE HIGHER-ORDER MOMENT DESCRIPTIVE STATISTICS

         Variable/         Mean/     Skewness/   Minimum/ % with                Percentiles
        Sample Size      Variance    Kurtosis    Maximum  Min/Max      20%/60%    40%/80%    Median

     WH_GROUP              0.000      -1.754      -3.449    1.57%      -0.449      0.551      0.551
             381.000       0.888       2.388       0.551   67.98%       0.551      0.551


THE MODEL ESTIMATION TERMINATED NORMALLY



MODEL FIT INFORMATION

Number of Free Parameters                       47

Loglikelihood

          H0 Value                       -4097.986

Information Criteria

          Akaike (AIC)                    8289.972
          Bayesian (BIC)                  8475.283
          Sample-Size Adjusted BIC        8326.161
            (n* = (n + 2) / 24)



MODEL RESULTS

                                                    Two-Tailed
                    Estimate       S.E.  Est./S.E.    P-Value

 DIJ      BY
    DIJ_01             4.484      0.547      8.203      0.000
    DIJ_02             3.685      0.428      8.607      0.000
    DIJ_03             4.261      0.430      9.914      0.000
    DIJ_04             2.738      0.256     10.714      0.000

 APC      BY
    APC_01             2.144      0.227      9.432      0.000
    APC_02             3.803      0.468      8.131      0.000
    APC_03             1.859      0.202      9.196      0.000
    APC_04             0.855      0.134      6.361      0.000
    APC_05             8.298      3.290      2.522      0.012

 EXH      BY
    EXH_01            -1.765      0.210     -8.388      0.000
    EXH_04             3.736      0.825      4.529      0.000
    EXH_08             2.366      0.279      8.467      0.000

 EXH        ON
    APC               -0.194      0.066     -2.925      0.003

 S_EXH      ON
    APC                0.019      0.064      0.297      0.766

 EXH        ON
    WH_GROUP           0.114      0.073      1.559      0.119

 S_EXH      ON
    WH_GROUP           0.025      0.071      0.358      0.720

 DIJ      WITH
    APC                0.234      0.056      4.145      0.000

 Means
    DIJ                0.000      0.000    999.000    999.000
    APC                0.000      0.000    999.000    999.000

 Intercepts
    EXH                0.000      0.000    999.000    999.000
    S_EXH              0.331      0.075      4.408      0.000

 Thresholds
    DIJ_01$1          -5.173      0.660     -7.832      0.000
    DIJ_01$2          -1.165      0.342     -3.407      0.001
    DIJ_01$3           1.241      0.338      3.674      0.000
    DIJ_02$1          -1.573      0.316     -4.986      0.000
    DIJ_02$2           0.478      0.273      1.751      0.080
    DIJ_03$1          -4.606      0.490     -9.395      0.000
    DIJ_03$2          -1.004      0.330     -3.042      0.002
    DIJ_03$3           1.433      0.321      4.468      0.000
    DIJ_04$1          -3.536      0.340    -10.393      0.000
    DIJ_04$2          -1.143      0.232     -4.932      0.000
    DIJ_04$3           0.509      0.218      2.334      0.020
    APC_01$1          -2.719      0.269    -10.112      0.000
    APC_01$2           1.340      0.212      6.335      0.000
    APC_02$1          -2.576      0.369     -6.989      0.000
    APC_02$2           2.639      0.394      6.703      0.000
    APC_03$1          -2.482      0.224    -11.093      0.000
    APC_03$2           1.562      0.214      7.287      0.000
    APC_04$1          -1.382      0.150     -9.230      0.000
    APC_04$2           0.089      0.124      0.716      0.474
    APC_05$1          -5.326      2.120     -2.513      0.012
    APC_05$2           5.353      2.128      2.515      0.012
    EXH_01$1          -1.668      0.209     -7.987      0.000
    EXH_01$2           2.990      0.285     10.495      0.000
    EXH_04$1          -6.588      1.354     -4.864      0.000
    EXH_04$2          -2.117      0.525     -4.035      0.000
    EXH_04$3           2.340      0.507      4.612      0.000
    EXH_08$1          -3.855      0.379    -10.168      0.000
    EXH_08$2          -0.088      0.205     -0.428      0.668
    EXH_08$3           2.682      0.298      9.005      0.000

 Variances
    DIJ                1.000      0.000    999.000    999.000
    APC                1.000      0.000    999.000    999.000

 Residual Variances
    EXH                1.000      0.000    999.000    999.000
    S_EXH              0.010      0.000    999.000    999.000


QUALITY OF NUMERICAL RESULTS

     Condition Number for the Information Matrix              0.125E-02
       (ratio of smallest to largest eigenvalue)


BRANT WALD TEST FOR PROPORTIONAL ODDS

                                   Degrees of
                      Chi-Square     Freedom   P-Value

  DIJ_01
    Overall test           1.044         2      0.593
    WH_GROUP               1.044         2      0.593

  DIJ_02
    Overall test           1.284         1      0.257
    WH_GROUP               1.284         1      0.257

  DIJ_03
    Overall test           3.623         2      0.163
    WH_GROUP               3.623         2      0.163

  DIJ_04
    Overall test           0.536         2      0.765
    WH_GROUP               0.536         2      0.765

  APC_01
    Overall test           1.883         1      0.170
    WH_GROUP               1.883         1      0.170

  APC_02
    Overall test           0.668         1      0.414
    WH_GROUP               0.668         1      0.414

  APC_03
    Overall test           0.006         1      0.936
    WH_GROUP               0.006         1      0.936

  APC_04
    Overall test           1.564         1      0.211
    WH_GROUP               1.564         1      0.211

  APC_05
    Overall test           0.863         1      0.353
    WH_GROUP               0.863         1      0.353

  EXH_01
    Overall test           0.236         1      0.627
    WH_GROUP               0.236         1      0.627

  EXH_04
    Overall test           2.468         2      0.291
    WH_GROUP               2.468         2      0.291

  EXH_08
    Overall test           1.905         2      0.386
    WH_GROUP               1.905         2      0.386


STANDARDIZED MODEL RESULTS


STDYX Standardization

                                                    Two-Tailed
                    Estimate       S.E.  Est./S.E.    P-Value

 DIJ      BY
    DIJ_01             0.927      0.016     58.343      0.000
    DIJ_02             0.897      0.020     44.131      0.000
    DIJ_03             0.920      0.014     64.626      0.000
    DIJ_04             0.834      0.024     35.130      0.000

 APC      BY
    APC_01             0.763      0.034     22.607      0.000
    APC_02             0.903      0.021     43.876      0.000
    APC_03             0.716      0.038     18.851      0.000
    APC_04             0.426      0.055      7.772      0.000
    APC_05             0.977      0.018     55.313      0.000

 EXH      BY
    EXH_01            -0.720      0.041    -17.466      0.000
    EXH_04             0.910      0.034     26.560      0.000
    EXH_08             0.812      0.032     25.536      0.000

 EXH        ON
    APC               -0.182      0.060     -3.041      0.002

 S_EXH      ON
    APC                0.183      0.601      0.304      0.761

 EXH        ON
    WH_GROUP           0.101      0.064      1.571      0.116

 S_EXH      ON
    WH_GROUP           0.228      0.610      0.374      0.709

 DIJ      WITH
    APC                0.234      0.056      4.145      0.000

 Means
    DIJ                0.000      0.000    999.000    999.000
    APC                0.000      0.000    999.000    999.000

 Intercepts
    EXH                0.000      0.000    999.000    999.000
    S_EXH              3.169      0.890      3.559      0.000

 Thresholds
    DIJ_01$1          -1.069      0.092    -11.635      0.000
    DIJ_01$2          -0.241      0.068     -3.520      0.000
    DIJ_01$3           0.257      0.069      3.707      0.000
    DIJ_02$1          -0.383      0.071     -5.427      0.000
    DIJ_02$2           0.116      0.067      1.736      0.083
    DIJ_03$1          -0.995      0.089    -11.220      0.000
    DIJ_03$2          -0.217      0.070     -3.104      0.002
    DIJ_03$3           0.309      0.071      4.345      0.000
    DIJ_04$1          -1.077      0.091    -11.806      0.000
    DIJ_04$2          -0.348      0.069     -5.068      0.000
    DIJ_04$3           0.155      0.067      2.299      0.022
    APC_01$1          -0.968      0.085    -11.460      0.000
    APC_01$2           0.477      0.072      6.597      0.000
    APC_02$1          -0.611      0.073     -8.341      0.000
    APC_02$2           0.626      0.074      8.446      0.000
    APC_03$1          -0.956      0.083    -11.576      0.000
    APC_03$2           0.601      0.074      8.122      0.000
    APC_04$1          -0.689      0.072     -9.521      0.000
    APC_04$2           0.044      0.062      0.716      0.474
    APC_05$1          -0.627      0.074     -8.470      0.000
    APC_05$2           0.630      0.072      8.809      0.000
    EXH_01$1          -0.638      0.071     -8.995      0.000
    EXH_01$2           1.143      0.090     12.646      0.000
    EXH_04$1          -1.504      0.114    -13.188      0.000
    EXH_04$2          -0.483      0.073     -6.591      0.000
    EXH_04$3           0.534      0.071      7.476      0.000
    EXH_08$1          -1.240      0.096    -12.923      0.000
    EXH_08$2          -0.028      0.066     -0.428      0.669
    EXH_08$3           0.863      0.078     11.113      0.000

 Variances
    DIJ                1.000      0.000    999.000    999.000
    APC                1.000      0.000    999.000    999.000

 Residual Variances
    EXH                0.877      0.041     21.517      0.000
    S_EXH              0.915      0.298      3.068      0.002


TECHNICAL 1 OUTPUT


     PARAMETER SPECIFICATION


           TAU
              DIJ_01$1      DIJ_01$2      DIJ_01$3      DIJ_02$1      DIJ_02$2
              ________      ________      ________      ________      ________
                   19            20            21            22            23


           TAU
              DIJ_03$1      DIJ_03$2      DIJ_03$3      DIJ_04$1      DIJ_04$2
              ________      ________      ________      ________      ________
                   24            25            26            27            28


           TAU
              DIJ_04$3      APC_01$1      APC_01$2      APC_02$1      APC_02$2
              ________      ________      ________      ________      ________
                   29            30            31            32            33


           TAU
              APC_03$1      APC_03$2      APC_04$1      APC_04$2      APC_05$1
              ________      ________      ________      ________      ________
                   34            35            36            37            38


           TAU
              APC_05$2      EXH_01$1      EXH_01$2      EXH_04$1      EXH_04$2
              ________      ________      ________      ________      ________
                   39            40            41            42            43


           TAU
              EXH_04$3      EXH_08$1      EXH_08$2      EXH_08$3
              ________      ________      ________      ________
                   44            45            46            47


           NU
              DIJ_01        DIJ_02        DIJ_03        DIJ_04        APC_01
              ________      ________      ________      ________      ________
                    0             0             0             0             0


           NU
              APC_02        APC_03        APC_04        APC_05        EXH_01
              ________      ________      ________      ________      ________
                    0             0             0             0             0


           NU
              EXH_04        EXH_08        WH_GROUP
              ________      ________      ________
                    0             0             0


           LAMBDA
              DIJ           APC           EXH           S_EXH         WH_GROUP
              ________      ________      ________      ________      ________
 DIJ_01             1             0             0             0             0
 DIJ_02             2             0             0             0             0
 DIJ_03             3             0             0             0             0
 DIJ_04             4             0             0             0             0
 APC_01             0             5             0             0             0
 APC_02             0             6             0             0             0
 APC_03             0             7             0             0             0
 APC_04             0             8             0             0             0
 APC_05             0             9             0             0             0
 EXH_01             0             0            10             0             0
 EXH_04             0             0            11             0             0
 EXH_08             0             0            12             0             0
 WH_GROUP           0             0             0             0             0


           THETA
              DIJ_01        DIJ_02        DIJ_03        DIJ_04        APC_01
              ________      ________      ________      ________      ________
 DIJ_01             0
 DIJ_02             0             0
 DIJ_03             0             0             0
 DIJ_04             0             0             0             0
 APC_01             0             0             0             0             0
 APC_02             0             0             0             0             0
 APC_03             0             0             0             0             0
 APC_04             0             0             0             0             0
 APC_05             0             0             0             0             0
 EXH_01             0             0             0             0             0
 EXH_04             0             0             0             0             0
 EXH_08             0             0             0             0             0
 WH_GROUP           0             0             0             0             0


           THETA
              APC_02        APC_03        APC_04        APC_05        EXH_01
              ________      ________      ________      ________      ________
 APC_02             0
 APC_03             0             0
 APC_04             0             0             0
 APC_05             0             0             0             0
 EXH_01             0             0             0             0             0
 EXH_04             0             0             0             0             0
 EXH_08             0             0             0             0             0
 WH_GROUP           0             0             0             0             0


           THETA
              EXH_04        EXH_08        WH_GROUP
              ________      ________      ________
 EXH_04             0
 EXH_08             0             0
 WH_GROUP           0             0             0


           ALPHA
              DIJ           APC           EXH           S_EXH         WH_GROUP
              ________      ________      ________      ________      ________
                    0             0             0            13             0


           BETA
              DIJ           APC           EXH           S_EXH         WH_GROUP
              ________      ________      ________      ________      ________
 DIJ                0             0             0             0             0
 APC                0             0             0             0             0
 EXH                0            14             0             0            15
 S_EXH              0            16             0             0            17
 WH_GROUP           0             0             0             0             0


           PSI
              DIJ           APC           EXH           S_EXH         WH_GROUP
              ________      ________      ________      ________      ________
 DIJ                0
 APC               18             0
 EXH                0             0             0
 S_EXH              0             0             0             0
 WH_GROUP           0             0             0             0             0


     STARTING VALUES


           TAU
              DIJ_01$1      DIJ_01$2      DIJ_01$3      DIJ_02$1      DIJ_02$2
              ________      ________      ________      ________      ________
               -1.841        -0.417         0.428        -0.657         0.179


           TAU
              DIJ_03$1      DIJ_03$2      DIJ_03$3      DIJ_04$1      DIJ_04$2
              ________      ________      ________      ________      ________
               -1.660        -0.351         0.512        -1.880        -0.637


           TAU
              DIJ_04$3      APC_01$1      APC_01$2      APC_02$1      APC_02$2
              ________      ________      ________      ________      ________
                0.239        -1.674         0.798        -0.986         1.040


           TAU
              APC_03$1      APC_03$2      APC_04$1      APC_04$2      APC_05$1
              ________      ________      ________      ________      ________
               -1.619         1.033        -1.199         0.084        -0.993


           TAU
              APC_05$2      EXH_01$1      EXH_01$2      EXH_04$1      EXH_04$2
              ________      ________      ________      ________      ________
                1.047        -1.071         1.982        -2.656        -0.814


           TAU
              EXH_04$3      EXH_08$1      EXH_08$2      EXH_08$3
              ________      ________      ________      ________
                0.864        -2.140        -0.042         1.453


           NU
              DIJ_01        DIJ_02        DIJ_03        DIJ_04        APC_01
              ________      ________      ________      ________      ________
                0.000         0.000         0.000         0.000         0.000


           NU
              APC_02        APC_03        APC_04        APC_05        EXH_01
              ________      ________      ________      ________      ________
                0.000         0.000         0.000         0.000         0.000


           NU
              EXH_04        EXH_08        WH_GROUP
              ________      ________      ________
                0.000         0.000         0.000


           LAMBDA
              DIJ           APC           EXH           S_EXH         WH_GROUP
              ________      ________      ________      ________      ________
 DIJ_01         1.000         0.000         0.000         0.000         0.000
 DIJ_02         1.000         0.000         0.000         0.000         0.000
 DIJ_03         1.000         0.000         0.000         0.000         0.000
 DIJ_04         1.000         0.000         0.000         0.000         0.000
 APC_01         0.000         1.000         0.000         0.000         0.000
 APC_02         0.000         1.000         0.000         0.000         0.000
 APC_03         0.000         1.000         0.000         0.000         0.000
 APC_04         0.000         1.000         0.000         0.000         0.000
 APC_05         0.000         1.000         0.000         0.000         0.000
 EXH_01         0.000         0.000        -1.000         0.000         0.000
 EXH_04         0.000         0.000         1.000         0.000         0.000
 EXH_08         0.000         0.000         1.000         0.000         0.000
 WH_GROUP       0.000         0.000         0.000         0.000         1.000


           THETA
              DIJ_01        DIJ_02        DIJ_03        DIJ_04        APC_01
              ________      ________      ________      ________      ________
 DIJ_01         1.000
 DIJ_02         0.000         1.000
 DIJ_03         0.000         0.000         1.000
 DIJ_04         0.000         0.000         0.000         1.000
 APC_01         0.000         0.000         0.000         0.000         1.000
 APC_02         0.000         0.000         0.000         0.000         0.000
 APC_03         0.000         0.000         0.000         0.000         0.000
 APC_04         0.000         0.000         0.000         0.000         0.000
 APC_05         0.000         0.000         0.000         0.000         0.000
 EXH_01         0.000         0.000         0.000         0.000         0.000
 EXH_04         0.000         0.000         0.000         0.000         0.000
 EXH_08         0.000         0.000         0.000         0.000         0.000
 WH_GROUP       0.000         0.000         0.000         0.000         0.000


           THETA
              APC_02        APC_03        APC_04        APC_05        EXH_01
              ________      ________      ________      ________      ________
 APC_02         1.000
 APC_03         0.000         1.000
 APC_04         0.000         0.000         1.000
 APC_05         0.000         0.000         0.000         1.000
 EXH_01         0.000         0.000         0.000         0.000         1.000
 EXH_04         0.000         0.000         0.000         0.000         0.000
 EXH_08         0.000         0.000         0.000         0.000         0.000
 WH_GROUP       0.000         0.000         0.000         0.000         0.000


           THETA
              EXH_04        EXH_08        WH_GROUP
              ________      ________      ________
 EXH_04         1.000
 EXH_08         0.000         1.000
 WH_GROUP       0.000         0.000         0.000


           ALPHA
              DIJ           APC           EXH           S_EXH         WH_GROUP
              ________      ________      ________      ________      ________
                0.000         0.000         0.000         0.000         0.000


           BETA
              DIJ           APC           EXH           S_EXH         WH_GROUP
              ________      ________      ________      ________      ________
 DIJ            0.000         0.000         0.000         0.000         0.000
 APC            0.000         0.000         0.000         0.000         0.000
 EXH            0.000         0.000         0.000         0.000         0.000
 S_EXH          0.000         0.000         0.000         0.000         0.000
 WH_GROUP       0.000         0.000         0.000         0.000         0.000


           PSI
              DIJ           APC           EXH           S_EXH         WH_GROUP
              ________      ________      ________      ________      ________
 DIJ            1.000
 APC            0.000         1.000
 EXH            0.000         0.000         1.000
 S_EXH          0.000         0.000         0.000         0.010
 WH_GROUP       0.000         0.000         0.000         0.000         0.444


TECHNICAL 4 OUTPUT


     ESTIMATES DERIVED FROM THE MODEL


           ESTIMATED MEANS FOR THE LATENT VARIABLES
              DIJ           APC           EXH           S_EXH         WH_GROUP
              ________      ________      ________      ________      ________
                0.000         0.000         0.004         0.331         0.000


           S.E. FOR ESTIMATED MEANS FOR THE LATENT VARIABLES
              DIJ           APC           EXH           S_EXH         WH_GROUP
              ________      ________      ________      ________      ________
                0.000         0.000         0.016         0.075         0.048


           EST./S.E. FOR ESTIMATED MEANS FOR THE LATENT VARIABLES
              DIJ           APC           EXH           S_EXH         WH_GROUP
              ________      ________      ________      ________      ________
                0.000         0.000         0.278         4.408         0.000


           TWO-TAILED P-VALUE FOR ESTIMATED MEANS FOR THE LATENT VARIABLES
              DIJ           APC           EXH           S_EXH         WH_GROUP
              ________      ________      ________      ________      ________
                1.000         1.000         0.781         0.000         1.000


           ESTIMATED COVARIANCE MATRIX FOR THE LATENT VARIABLES
              DIJ           APC           EXH           S_EXH         WH_GROUP
              ________      ________      ________      ________      ________
 DIJ            1.000
 APC            0.234         1.000
 EXH            0.286        -0.117         1.140
 S_EXH          0.004         0.019         0.000         0.011
 WH_GROUP       0.000         0.000         0.102         0.022         0.888


           S.E. FOR ESTIMATED COVARIANCE MATRIX FOR THE LATENT VARIABLES
              DIJ           APC           EXH           S_EXH         WH_GROUP
              ________      ________      ________      ________      ________
 DIJ            0.000
 APC            0.056         0.000
 EXH            0.074         0.064         0.053
 S_EXH          0.015         0.064         0.012         0.004
 WH_GROUP       0.000         0.000         0.066         0.063         0.064


           EST./S.E. FOR ESTIMATED COVARIANCE MATRIX FOR THE LATENT VARIABLES
              DIJ           APC           EXH           S_EXH         WH_GROUP
              ________      ________      ________      ________      ________
 DIJ       100000.000
 APC            4.145    100000.000
 EXH            3.884        -1.823        21.517
 S_EXH          0.296         0.297         0.028         3.068
 WH_GROUP       0.000         0.000         1.549         0.358        13.802


           TWO-TAILED P-VALUE FOR ESTIMATED COVARIANCE MATRIX FOR THE LATENT VARIABLES
              DIJ           APC           EXH           S_EXH         WH_GROUP
              ________      ________      ________      ________      ________
 DIJ            0.000
 APC            0.000         0.000
 EXH            0.000         0.068         0.000
 S_EXH          0.767         0.766         0.977         0.002
 WH_GROUP       1.000         1.000         0.121         0.720         0.000


           ESTIMATED CORRELATION MATRIX FOR THE LATENT VARIABLES
              DIJ           APC           EXH           S_EXH         WH_GROUP
              ________      ________      ________      ________      ________
 DIJ            1.000
 APC            0.234         1.000
 EXH            0.268        -0.109         1.000
 S_EXH          0.043         0.183         0.003         1.000
 WH_GROUP       0.000         0.000         0.101         0.228         1.000


           S.E. FOR ESTIMATED CORRELATION MATRIX FOR THE LATENT VARIABLES
              DIJ           APC           EXH           S_EXH         WH_GROUP
              ________      ________      ________      ________      ________
 DIJ            0.000
 APC            0.056         0.000
 EXH            0.064         0.059         0.000
 S_EXH          0.141         0.601         0.108         0.000
 WH_GROUP       0.000         0.000         0.064         0.610         0.000


           EST./S.E. FOR ESTIMATED CORRELATION MATRIX FOR THE LATENT VARIABLES
              DIJ           APC           EXH           S_EXH         WH_GROUP
              ________      ________      ________      ________      ________
 DIJ          999.000
 APC            4.145       999.000
 EXH            4.183        -1.854       999.000
 S_EXH          0.303         0.304         0.028       999.000
 WH_GROUP       0.000         0.000         1.571         0.374       999.000


           TWO-TAILED P-VALUE FOR ESTIMATED CORRELATION MATRIX FOR THE LATENT VARIABLES
              DIJ           APC           EXH           S_EXH         WH_GROUP
              ________      ________      ________      ________      ________
 DIJ            0.000
 APC            0.000         0.000
 EXH            0.000         0.064         0.000
 S_EXH          0.762         0.761         0.977         0.000
 WH_GROUP       1.000         1.000         0.116         0.709         0.000


     Beginning Time:  13:12:10
        Ending Time:  13:15:00
       Elapsed Time:  00:02:50



MUTHEN & MUTHEN
3463 Stoner Ave.
Los Angeles, CA  90066

Tel: (310) 391-9971
Fax: (310) 391-8971
Web: www.StatModel.com
Support: Support@StatModel.com

Copyright (c) 1998-2023 Muthen & Muthen
