Mplus VERSION 8.9 (Linux)
MUTHEN & MUTHEN
06/19/2023   9:44 AM

INPUT INSTRUCTIONS

  DATA: FILE = "../../data/transforms/mplus.dat";

  VARIABLE:

      NAMES =
      group group_detail wh_group
      dij_01 dij_02 dij_03 dij_04
      apc_01 apc_02 apc_03 apc_04 apc_05
      app_01 app_02 app_03 app_04 app_05
      res_01 res_02 res_03
      exh_01 exh_04 exh_08
      jsa_01 jsa_02 jsa_03 jsa_04
      in_ex inc_ins
      ;

      MISSING = .;

      USEVARIABLES =
          dij_01-dij_04
          !apc_01-apc_05
          !app_01-app_05
          !res_01-res_03
          exh_01 exh_04 exh_08
          !jsa_01 jsa_02 jsa_03 jsa_04
          wh_group
          ;


      categorical =
          dij_01-exh_08;

      grouping = group (1 = perm, 2 = temp)

  ANALYSIS:
      estimator = WLSMV;
      PARAMETERIZATION = THETA;

  MODEL:

      !! PERM

          ! Factor loadings all fixed
          DIJ by
              dij_01* (f_dij_01)
              dij_02* (f_dij_02)
              dij_03* (f_dij_03)
              dij_04* (f_dij_04)
              ;

          EXH by
              exh_01*-1 (f_exh_01)
              exh_04* (f_exh_04)
              exh_08* (f_exh_08)
              ;


          ! Item thresholds all free

          !DIJ
          [dij_01$1*] (t1dij_01);
          [dij_01$2*] (t2dij_01);
          [dij_01$3*] (t3dij_01);

          [dij_02$1*] (t1dij_02);
          [dij_02$2*] (t2dij_02);

          [dij_03$1*] (t1dij_03);
          [dij_03$2*] (t2dij_03);
          [dij_03$3*] (t3dij_03);

          [dij_04$1*] (t1dij_04);
          [dij_04$2*] (t2dij_04);
          [dij_04$3*] (t3dij_04);

          !EXH
          [exh_01$1*] (t1exh_01);
          [exh_01$2*] (t2exh_01);

          [exh_04$1*] (t1exh_04);
          [exh_04$2*] (t2exh_04);
          [exh_04$3*] (t3exh_04);

          [exh_08$1*] (t1exh_08);
          [exh_08$2*] (t2exh_08);
          [exh_08$3*] (t3exh_08);


          ! Item residual variances all fixed=1
          dij_01-exh_08@1;


          ! Factors mean=0 and variance=1 for identification

          [DIJ@0];
          [EXH@0];

          DIJ@1;
          EXH@1;

          ! hypothesis
          EXH on
              wh_group (wh_group)
              DIJ*
              ;



  MODEL temp:

          ! Factor loadings all fixed
          DIJ by
              dij_01* (f_dij_01)
              dij_02* (f_dij_02)
              dij_03* (f_dij_03)
              dij_04* (f_dij_04)
              ;

          EXH by
              exh_01* (f_exh_01)
              exh_04* (f_exh_04)
              exh_08* (f_exh_08)
              ;


          ! Item thresholds all free

          !DIJ
          [dij_01$1*] (t1dij_01);
          [dij_01$2*] (t2dij_01);
          [dij_01$3*] (t3dij_01);

          [dij_02$1*] (t1dij_02);
          [dij_02$2*] (t2dij_02);

          [dij_03$1*] (t1dij_03);
          [dij_03$2*] (t2dij_03);
          [dij_03$3*] (t3dij_03);

          [dij_04$1*] (t1dij_04);
          [dij_04$2*] (t2dij_04);
          [dij_04$3*] (t3dij_04);

          !EXH
          [exh_01$1*] (t1exh_01);
          [exh_01$2*] (t2exh_01);

          [exh_04$1*] (t1exh_04);
          [exh_04$2*] (t2exh_04);
          [exh_04$3*] (t3exh_04);

          [exh_08$1*] (t1exh_08);
          [exh_08$2*] (t2exh_08);
          [exh_08$3*] (t3exh_08);

          ! Item residual variances all fixed=1
          dij_01-exh_08@1;


          ! Factors variance and mean free

          [DIJ*];
          [EXH*];

          DIJ*;
          EXH*;

          ! hypothesis
          EXH on
              wh_group (wh_group)
              DIJ*
              ;

  OUTPUT:
  	tech1
  	tech4
  	stdyx
  	mod(10)
  	;

  SAVEDATA: DIFFTEST=00_h1C_exh_free.diff;



*** WARNING
  Data set contains cases with missing on x-variables.
  These cases were not included in the analysis.
  Number of cases with missing on x-variables:  1
   1 WARNING(S) FOUND IN THE INPUT INSTRUCTIONS




SUMMARY OF ANALYSIS

Number of groups                                                 2
Number of observations
   Group PERM                                                  262
   Group TEMP                                                  119
   Total sample size                                           381

Number of dependent variables                                    7
Number of independent variables                                  1
Number of continuous latent variables                            2

Observed dependent variables

  Binary and ordered categorical (ordinal)
   DIJ_01      DIJ_02      DIJ_03      DIJ_04      EXH_01      EXH_04
   EXH_08

Observed independent variables
   WH_GROUP

Continuous latent variables
   DIJ         EXH

Variables with special functions

  Grouping variable     GROUP

Estimator                                                    WLSMV
Maximum number of iterations                                  1000
Convergence criterion                                    0.500D-04
Maximum number of steepest descent iterations                   20
Maximum number of iterations for H1                           2000
Convergence criterion for H1                             0.100D-03
Parameterization                                             THETA
Link                                                        PROBIT

Input data file(s)
  ../../data/transforms/mplus.dat

Input data format  FREE


SUMMARY OF DATA

   Group PERM
     Number of missing data patterns            13

   Group TEMP
     Number of missing data patterns             7


COVARIANCE COVERAGE OF DATA

Minimum covariance coverage value   0.100


     PROPORTION OF DATA PRESENT FOR PERM


           Covariance Coverage
              DIJ_01        DIJ_02        DIJ_03        DIJ_04        EXH_01
              ________      ________      ________      ________      ________
 DIJ_01         0.958
 DIJ_02         0.943         0.962
 DIJ_03         0.935         0.935         0.950
 DIJ_04         0.950         0.950         0.939         0.969
 EXH_01         0.954         0.958         0.947         0.966         0.996
 EXH_04         0.958         0.962         0.950         0.969         0.996
 EXH_08         0.954         0.958         0.947         0.966         0.992


           Covariance Coverage
              EXH_04        EXH_08
              ________      ________
 EXH_04         1.000
 EXH_08         0.996         0.996


     PROPORTION OF DATA PRESENT FOR TEMP


           Covariance Coverage
              DIJ_01        DIJ_02        DIJ_03        DIJ_04        EXH_01
              ________      ________      ________      ________      ________
 DIJ_01         0.958
 DIJ_02         0.958         0.983
 DIJ_03         0.941         0.958         0.958
 DIJ_04         0.941         0.966         0.941         0.975
 EXH_01         0.958         0.983         0.958         0.975         1.000
 EXH_04         0.958         0.983         0.958         0.975         1.000
 EXH_08         0.958         0.983         0.958         0.975         1.000


           Covariance Coverage
              EXH_04        EXH_08
              ________      ________
 EXH_04         1.000
 EXH_08         1.000         1.000


UNIVARIATE PROPORTIONS AND COUNTS FOR CATEGORICAL VARIABLES

  Group PERM
    DIJ_01
      Category 1    0.048           12.000
      Category 2    0.175           44.000
      Category 3    0.255           64.000
      Category 4    0.522          131.000
    DIJ_02
      Category 1    0.194           49.000
      Category 2    0.210           53.000
      Category 3    0.595          150.000
    DIJ_03
      Category 1    0.064           16.000
      Category 2    0.181           45.000
      Category 3    0.249           62.000
      Category 4    0.506          126.000
    DIJ_04
      Category 1    0.059           15.000
      Category 2    0.138           35.000
      Category 3    0.244           62.000
      Category 4    0.559          142.000
    EXH_01
      Category 1    0.253           66.000
      Category 2    0.625          163.000
      Category 3    0.123           32.000
    EXH_04
      Category 1    0.053           14.000
      Category 2    0.229           60.000
      Category 3    0.408          107.000
      Category 4    0.309           81.000
    EXH_08
      Category 1    0.092           24.000
      Category 2    0.395          103.000
      Category 3    0.303           79.000
      Category 4    0.211           55.000

  Group TEMP
    DIJ_01
      Category 1    0.333           38.000
      Category 2    0.447           51.000
      Category 3    0.105           12.000
      Category 4    0.114           13.000
    DIJ_02
      Category 1    0.658           77.000
      Category 2    0.188           22.000
      Category 3    0.154           18.000
    DIJ_03
      Category 1    0.368           42.000
      Category 2    0.412           47.000
      Category 3    0.132           15.000
      Category 4    0.088           10.000
    DIJ_04
      Category 1    0.293           34.000
      Category 2    0.379           44.000
      Category 3    0.147           17.000
      Category 4    0.181           21.000
    EXH_01
      Category 1    0.261           31.000
      Category 2    0.622           74.000
      Category 3    0.118           14.000
    EXH_04
      Category 1    0.092           11.000
      Category 2    0.269           32.000
      Category 3    0.370           44.000
      Category 4    0.269           32.000
    EXH_08
      Category 1    0.134           16.000
      Category 2    0.361           43.000
      Category 3    0.361           43.000
      Category 4    0.143           17.000



UNIVARIATE SAMPLE STATISTICS


     UNIVARIATE HIGHER-ORDER MOMENT DESCRIPTIVE STATISTICS FOR PERM

         Variable/         Mean/     Skewness/   Minimum/ % with                Percentiles
        Sample Size      Variance    Kurtosis    Maximum  Min/Max      20%/60%    40%/80%    Median

     WH_GROUP              4.542      -1.568       2.000    2.29%       4.000      5.000      5.000
             262.000       0.607       1.416       5.000   69.85%       5.000      5.000


     UNIVARIATE HIGHER-ORDER MOMENT DESCRIPTIVE STATISTICS FOR TEMP

         Variable/         Mean/     Skewness/   Minimum/ % with                Percentiles
        Sample Size      Variance    Kurtosis    Maximum  Min/Max      20%/60%    40%/80%    Median

     WH_GROUP              4.244      -1.463       1.000    5.04%       3.000      5.000      5.000
             119.000       1.445       0.881       5.000   63.87%       5.000      5.000


     THIS ANALYSIS MAY HAVE MULTIPLE SOLUTIONS.  EXPLORE THIS USING RANDOM STARTS,
     FOR EXAMPLE, STARTS = 20.  USE A LARGE ENOUGH NUMBER OF STARTS SO THAT THE
     BEST FIT FUNCTION VALUE IS REPLICATED SEVERAL TIMES.


THE MODEL ESTIMATION TERMINATED NORMALLY



MODEL FIT INFORMATION

Number of Free Parameters                       33

Chi-Square Test of Model Fit

          Value                             74.637*
          Degrees of Freedom                    61
          P-Value                           0.1127

Chi-Square Contribution From Each Group

          PERM                              37.935
          TEMP                              36.702

*   The chi-square value for MLM, MLMV, MLR, ULSMV, WLSM and WLSMV cannot be used
    for chi-square difference testing in the regular way.  MLM, MLR and WLSM
    chi-square difference testing is described on the Mplus website.  MLMV, WLSMV,
    and ULSMV difference testing is done using the DIFFTEST option.

RMSEA (Root Mean Square Error Of Approximation)

          Estimate                           0.034
          90 Percent C.I.                    0.000  0.058
          Probability RMSEA <= .05           0.842

CFI/TLI

          CFI                                0.996
          TLI                                0.996

Chi-Square Test of Model Fit for the Baseline Model

          Value                           3173.896
          Degrees of Freedom                    56
          P-Value                           0.0000

SRMR (Standardized Root Mean Square Residual)

          Value                              0.055

Optimum Function Value for Weighted Least-Squares Estimator

          Value                     0.63856902D-01



MODEL RESULTS

                                                    Two-Tailed
                    Estimate       S.E.  Est./S.E.    P-Value

Group PERM

 DIJ      BY
    DIJ_01             2.251      0.290      7.759      0.000
    DIJ_02             1.732      0.168     10.286      0.000
    DIJ_03             1.908      0.228      8.358      0.000
    DIJ_04             1.261      0.119     10.637      0.000

 EXH      BY
    EXH_01            -1.030      0.116     -8.843      0.000
    EXH_04             2.096      0.341      6.156      0.000
    EXH_08             1.456      0.180      8.091      0.000

 EXH      ON
    DIJ                0.254      0.075      3.394      0.001

 EXH      ON
    WH_GROUP           0.056      0.065      0.861      0.389

 Means
    DIJ                0.000      0.000    999.000    999.000

 Intercepts
    EXH                0.000      0.000    999.000    999.000

 Thresholds
    DIJ_01$1          -3.736      1.060     -3.524      0.000
    DIJ_01$2          -1.383      1.025     -1.349      0.177
    DIJ_01$3          -0.098      1.020     -0.096      0.923
    DIJ_02$1          -1.824      0.886     -2.059      0.040
    DIJ_02$2          -0.682      0.884     -0.772      0.440
    DIJ_03$1          -2.644      0.931     -2.839      0.005
    DIJ_03$2          -0.666      0.908     -0.734      0.463
    DIJ_03$3           0.596      0.913      0.653      0.514
    DIJ_04$1          -2.381      0.656     -3.628      0.000
    DIJ_04$2          -1.061      0.652     -1.627      0.104
    DIJ_04$3          -0.209      0.651     -0.322      0.748
    EXH_01$1          -1.000      0.557     -1.795      0.073
    EXH_01$2           1.595      0.553      2.887      0.004
    EXH_04$1          -1.749      1.064     -1.644      0.100
    EXH_04$2           0.529      1.045      0.506      0.613
    EXH_04$3           2.840      1.112      2.555      0.011
    EXH_08$1          -2.140      0.735     -2.913      0.004
    EXH_08$2          -0.005      0.713     -0.007      0.995
    EXH_08$3           1.643      0.728      2.257      0.024

 Variances
    DIJ                1.000      0.000    999.000    999.000

 Residual Variances
    DIJ_01             1.000      0.000    999.000    999.000
    DIJ_02             1.000      0.000    999.000    999.000
    DIJ_03             1.000      0.000    999.000    999.000
    DIJ_04             1.000      0.000    999.000    999.000
    EXH_01             1.000      0.000    999.000    999.000
    EXH_04             1.000      0.000    999.000    999.000
    EXH_08             1.000      0.000    999.000    999.000
    EXH                1.000      0.000    999.000    999.000

Group TEMP

 DIJ      BY
    DIJ_01             2.251      0.290      7.759      0.000
    DIJ_02             1.732      0.168     10.286      0.000
    DIJ_03             1.908      0.228      8.358      0.000
    DIJ_04             1.261      0.119     10.637      0.000

 EXH      BY
    EXH_01            -1.030      0.116     -8.843      0.000
    EXH_04             2.096      0.341      6.156      0.000
    EXH_08             1.456      0.180      8.091      0.000

 EXH      ON
    DIJ                0.353      0.135      2.621      0.009

 EXH      ON
    WH_GROUP           0.056      0.065      0.861      0.389

 Means
    DIJ               -1.246      0.558     -2.234      0.025

 Intercepts
    EXH                0.617      0.613      1.008      0.313

 Thresholds
    DIJ_01$1          -3.736      1.060     -3.524      0.000
    DIJ_01$2          -1.383      1.025     -1.349      0.177
    DIJ_01$3          -0.098      1.020     -0.096      0.923
    DIJ_02$1          -1.824      0.886     -2.059      0.040
    DIJ_02$2          -0.682      0.884     -0.772      0.440
    DIJ_03$1          -2.644      0.931     -2.839      0.005
    DIJ_03$2          -0.666      0.908     -0.734      0.463
    DIJ_03$3           0.596      0.913      0.653      0.514
    DIJ_04$1          -2.381      0.656     -3.628      0.000
    DIJ_04$2          -1.061      0.652     -1.627      0.104
    DIJ_04$3          -0.209      0.651     -0.322      0.748
    EXH_01$1          -1.000      0.557     -1.795      0.073
    EXH_01$2           1.595      0.553      2.887      0.004
    EXH_04$1          -1.749      1.064     -1.644      0.100
    EXH_04$2           0.529      1.045      0.506      0.613
    EXH_04$3           2.840      1.112      2.555      0.011
    EXH_08$1          -2.140      0.735     -2.913      0.004
    EXH_08$2          -0.005      0.713     -0.007      0.995
    EXH_08$3           1.643      0.728      2.257      0.024

 Variances
    DIJ                0.685      0.177      3.867      0.000

 Residual Variances
    DIJ_01             1.000      0.000    999.000    999.000
    DIJ_02             1.000      0.000    999.000    999.000
    DIJ_03             1.000      0.000    999.000    999.000
    DIJ_04             1.000      0.000    999.000    999.000
    EXH_01             1.000      0.000    999.000    999.000
    EXH_04             1.000      0.000    999.000    999.000
    EXH_08             1.000      0.000    999.000    999.000
    EXH                0.820      0.204      4.025      0.000


QUALITY OF NUMERICAL RESULTS

     Condition Number for the Information Matrix              0.115E-02
       (ratio of smallest to largest eigenvalue)


STANDARDIZED MODEL RESULTS


STDYX Standardization

                                                    Two-Tailed
                    Estimate       S.E.  Est./S.E.    P-Value

Group PERM

 DIJ      BY
    DIJ_01             0.914      0.019     47.074      0.000
    DIJ_02             0.866      0.021     41.126      0.000
    DIJ_03             0.886      0.023     38.773      0.000
    DIJ_04             0.784      0.028     27.560      0.000

 EXH      BY
    EXH_01            -0.728      0.039    -18.847      0.000
    EXH_04             0.908      0.026     35.555      0.000
    EXH_08             0.833      0.032     26.110      0.000

 EXH      ON
    DIJ                0.246      0.068      3.612      0.000

 EXH      ON
    WH_GROUP           0.042      0.049      0.862      0.389

 Means
    DIJ                0.000      0.000    999.000    999.000

 Intercepts
    EXH                0.000      0.000    999.000    999.000

 Thresholds
    DIJ_01$1          -1.517      0.423     -3.584      0.000
    DIJ_01$2          -0.561      0.415     -1.354      0.176
    DIJ_01$3          -0.040      0.414     -0.096      0.923
    DIJ_02$1          -0.912      0.440     -2.072      0.038
    DIJ_02$2          -0.341      0.441     -0.774      0.439
    DIJ_03$1          -1.228      0.432     -2.840      0.005
    DIJ_03$2          -0.309      0.422     -0.734      0.463
    DIJ_03$3           0.277      0.424      0.653      0.514
    DIJ_04$1          -1.479      0.406     -3.641      0.000
    DIJ_04$2          -0.659      0.404     -1.632      0.103
    DIJ_04$3          -0.130      0.404     -0.322      0.747
    EXH_01$1          -0.685      0.381     -1.798      0.072
    EXH_01$2           1.093      0.380      2.879      0.004
    EXH_04$1          -0.734      0.442     -1.659      0.097
    EXH_04$2           0.222      0.437      0.508      0.611
    EXH_04$3           1.191      0.446      2.668      0.008
    EXH_08$1          -1.186      0.400     -2.963      0.003
    EXH_08$2          -0.003      0.395     -0.007      0.995
    EXH_08$3           0.910      0.402      2.264      0.024

 Variances
    DIJ                1.000      0.000    999.000    999.000

 Residual Variances
    DIJ_01             0.165      0.035      4.645      0.000
    DIJ_02             0.250      0.036      6.858      0.000
    DIJ_03             0.216      0.040      5.328      0.000
    DIJ_04             0.386      0.045      8.662      0.000
    EXH_01             0.469      0.056      8.338      0.000
    EXH_04             0.176      0.046      3.794      0.000
    EXH_08             0.307      0.053      5.780      0.000
    EXH                0.938      0.034     27.861      0.000

Group TEMP

 DIJ      BY
    DIJ_01             0.881      0.026     34.474      0.000
    DIJ_02             0.820      0.037     21.878      0.000
    DIJ_03             0.845      0.031     26.948      0.000
    DIJ_04             0.722      0.044     16.291      0.000

 EXH      BY
    EXH_01            -0.701      0.045    -15.730      0.000
    EXH_04             0.894      0.033     26.798      0.000
    EXH_08             0.811      0.040     20.217      0.000

 EXH      ON
    DIJ                0.307      0.104      2.963      0.003

 EXH      ON
    WH_GROUP           0.070      0.081      0.870      0.384

 Means
    DIJ               -1.506      0.683     -2.204      0.028

 Intercepts
    EXH                0.647      0.635      1.019      0.308

 Thresholds
    DIJ_01$1          -1.767      0.500     -3.532      0.000
    DIJ_01$2          -0.654      0.485     -1.347      0.178
    DIJ_01$3          -0.046      0.482     -0.096      0.923
    DIJ_02$1          -1.044      0.508     -2.056      0.040
    DIJ_02$2          -0.390      0.505     -0.773      0.440
    DIJ_03$1          -1.415      0.502     -2.821      0.005
    DIJ_03$2          -0.357      0.487     -0.732      0.464
    DIJ_03$3           0.319      0.489      0.653      0.514
    DIJ_04$1          -1.647      0.458     -3.596      0.000
    DIJ_04$2          -0.734      0.452     -1.622      0.105
    DIJ_04$3          -0.145      0.450     -0.322      0.748
    EXH_01$1          -0.714      0.395     -1.805      0.071
    EXH_01$2           1.138      0.400      2.847      0.004
    EXH_04$1          -0.782      0.476     -1.643      0.100
    EXH_04$2           0.237      0.465      0.509      0.610
    EXH_04$3           1.270      0.468      2.712      0.007
    EXH_08$1          -1.251      0.430     -2.907      0.004
    EXH_08$2          -0.003      0.417     -0.007      0.995
    EXH_08$3           0.960      0.422      2.277      0.023

 Variances
    DIJ                1.000      0.000    999.000    999.000

 Residual Variances
    DIJ_01             0.224      0.045      4.965      0.000
    DIJ_02             0.327      0.061      5.325      0.000
    DIJ_03             0.286      0.053      5.405      0.000
    DIJ_04             0.478      0.064      7.473      0.000
    EXH_01             0.509      0.062      8.153      0.000
    EXH_04             0.200      0.060      3.350      0.001
    EXH_08             0.342      0.065      5.243      0.000
    EXH                0.901      0.064     13.990      0.000


R-SQUARE

Group PERM

    Observed                                        Two-Tailed     Scale
    Variable        Estimate       S.E.  Est./S.E.    P-Value     Factors

    DIJ_01             0.835      0.035     23.537      0.000      0.406
    DIJ_02             0.750      0.036     20.563      0.000      0.500
    DIJ_03             0.784      0.040     19.386      0.000      0.464
    DIJ_04             0.614      0.045     13.780      0.000      0.621
    EXH_01             0.531      0.056      9.423      0.000      0.685
    EXH_04             0.824      0.046     17.778      0.000      0.420
    EXH_08             0.693      0.053     13.055      0.000      0.554

     Latent                                         Two-Tailed
    Variable        Estimate       S.E.  Est./S.E.    P-Value

    EXH                0.062      0.034      1.844      0.065

Group TEMP

    Observed                                        Two-Tailed     Scale
    Variable        Estimate       S.E.  Est./S.E.    P-Value     Factors

    DIJ_01             0.776      0.045     17.237      0.000      0.473
    DIJ_02             0.673      0.061     10.939      0.000      0.572
    DIJ_03             0.714      0.053     13.474      0.000      0.535
    DIJ_04             0.522      0.064      8.145      0.000      0.692
    EXH_01             0.491      0.062      7.865      0.000      0.714
    EXH_04             0.800      0.060     13.399      0.000      0.448
    EXH_08             0.658      0.065     10.109      0.000      0.585

     Latent                                         Two-Tailed
    Variable        Estimate       S.E.  Est./S.E.    P-Value

    EXH                0.099      0.064      1.537      0.124


MODEL MODIFICATION INDICES

NOTE:  Modification indices for direct effects of observed dependent variables
regressed on covariates and residual covariances among observed dependent
variables may not be included.  To include these, request MODINDICES (ALL).

Minimum M.I. value for printing the modification index    10.000

                                   M.I.     E.P.C.  Std E.P.C.  StdYX E.P.C.
Group PERM


Means/Intercepts/Thresholds

[ DIJ      ]                     999.000     0.000      0.000        0.000

Group TEMP


No modification indices above the minimum value.



TECHNICAL 1 OUTPUT


     PARAMETER SPECIFICATION FOR PERM


           TAU
              DIJ_01$1      DIJ_01$2      DIJ_01$3      DIJ_02$1      DIJ_02$2
              ________      ________      ________      ________      ________
                  1             2             3             4             5


           TAU
              DIJ_03$1      DIJ_03$2      DIJ_03$3      DIJ_04$1      DIJ_04$2
              ________      ________      ________      ________      ________
                  6             7             8             9            10


           TAU
              DIJ_04$3      EXH_01$1      EXH_01$2      EXH_04$1      EXH_04$2
              ________      ________      ________      ________      ________
                 11            12            13            14            15


           TAU
              EXH_04$3      EXH_08$1      EXH_08$2      EXH_08$3
              ________      ________      ________      ________
                 16            17            18            19


           NU
              DIJ_01        DIJ_02        DIJ_03        DIJ_04        EXH_01
              ________      ________      ________      ________      ________
                  0             0             0             0             0


           NU
              EXH_04        EXH_08
              ________      ________
                  0             0


           LAMBDA
              DIJ           EXH
              ________      ________
 DIJ_01            20             0
 DIJ_02            21             0
 DIJ_03            22             0
 DIJ_04            23             0
 EXH_01             0            24
 EXH_04             0            25
 EXH_08             0            26


           THETA
              DIJ_01        DIJ_02        DIJ_03        DIJ_04        EXH_01
              ________      ________      ________      ________      ________
 DIJ_01             0
 DIJ_02             0             0
 DIJ_03             0             0             0
 DIJ_04             0             0             0             0
 EXH_01             0             0             0             0             0
 EXH_04             0             0             0             0             0
 EXH_08             0             0             0             0             0


           THETA
              EXH_04        EXH_08
              ________      ________
 EXH_04             0
 EXH_08             0             0


           ALPHA
              DIJ           EXH
              ________      ________
                  0             0


           BETA
              DIJ           EXH
              ________      ________
 DIJ                0             0
 EXH               27             0


           GAMMA
              WH_GROUP
              ________
 DIJ                0
 EXH               28


           PSI
              DIJ           EXH
              ________      ________
 DIJ                0
 EXH                0             0


     PARAMETER SPECIFICATION FOR TEMP


           TAU
              DIJ_01$1      DIJ_01$2      DIJ_01$3      DIJ_02$1      DIJ_02$2
              ________      ________      ________      ________      ________
                  1             2             3             4             5


           TAU
              DIJ_03$1      DIJ_03$2      DIJ_03$3      DIJ_04$1      DIJ_04$2
              ________      ________      ________      ________      ________
                  6             7             8             9            10


           TAU
              DIJ_04$3      EXH_01$1      EXH_01$2      EXH_04$1      EXH_04$2
              ________      ________      ________      ________      ________
                 11            12            13            14            15


           TAU
              EXH_04$3      EXH_08$1      EXH_08$2      EXH_08$3
              ________      ________      ________      ________
                 16            17            18            19


           NU
              DIJ_01        DIJ_02        DIJ_03        DIJ_04        EXH_01
              ________      ________      ________      ________      ________
                  0             0             0             0             0


           NU
              EXH_04        EXH_08
              ________      ________
                  0             0


           LAMBDA
              DIJ           EXH
              ________      ________
 DIJ_01            20             0
 DIJ_02            21             0
 DIJ_03            22             0
 DIJ_04            23             0
 EXH_01             0            24
 EXH_04             0            25
 EXH_08             0            26


           THETA
              DIJ_01        DIJ_02        DIJ_03        DIJ_04        EXH_01
              ________      ________      ________      ________      ________
 DIJ_01             0
 DIJ_02             0             0
 DIJ_03             0             0             0
 DIJ_04             0             0             0             0
 EXH_01             0             0             0             0             0
 EXH_04             0             0             0             0             0
 EXH_08             0             0             0             0             0


           THETA
              EXH_04        EXH_08
              ________      ________
 EXH_04             0
 EXH_08             0             0


           ALPHA
              DIJ           EXH
              ________      ________
                 29            30


           BETA
              DIJ           EXH
              ________      ________
 DIJ                0             0
 EXH               31             0


           GAMMA
              WH_GROUP
              ________
 DIJ                0
 EXH               28


           PSI
              DIJ           EXH
              ________      ________
 DIJ               32
 EXH                0            33


     STARTING VALUES FOR PERM


           TAU
              DIJ_01$1      DIJ_01$2      DIJ_01$3      DIJ_02$1      DIJ_02$2
              ________      ________      ________      ________      ________
               -1.666        -0.762        -0.055        -0.862        -0.241


           TAU
              DIJ_03$1      DIJ_03$2      DIJ_03$3      DIJ_04$1      DIJ_04$2
              ________      ________      ________      ________      ________
               -1.520        -0.690        -0.015        -1.563        -0.853


           TAU
              DIJ_04$3      EXH_01$1      EXH_01$2      EXH_04$1      EXH_04$2
              ________      ________      ________      ________      ________
               -0.149        -0.665         1.162        -1.612        -0.576


           TAU
              EXH_04$3      EXH_08$1      EXH_08$2      EXH_08$3
              ________      ________      ________      ________
                0.498        -1.329        -0.034         0.804


           NU
              DIJ_01        DIJ_02        DIJ_03        DIJ_04        EXH_01
              ________      ________      ________      ________      ________
                0.000         0.000         0.000         0.000         0.000


           NU
              EXH_04        EXH_08
              ________      ________
                0.000         0.000


           LAMBDA
              DIJ           EXH
              ________      ________
 DIJ_01         0.872         0.000
 DIJ_02         0.885         0.000
 DIJ_03         0.875         0.000
 DIJ_04         0.813         0.000
 EXH_01         0.000        -1.000
 EXH_04         0.000         1.000
 EXH_08         0.000         1.000


           THETA
              DIJ_01        DIJ_02        DIJ_03        DIJ_04        EXH_01
              ________      ________      ________      ________      ________
 DIJ_01         1.000
 DIJ_02         0.000         1.000
 DIJ_03         0.000         0.000         1.000
 DIJ_04         0.000         0.000         0.000         1.000
 EXH_01         0.000         0.000         0.000         0.000         1.000
 EXH_04         0.000         0.000         0.000         0.000         0.000
 EXH_08         0.000         0.000         0.000         0.000         0.000


           THETA
              EXH_04        EXH_08
              ________      ________
 EXH_04         1.000
 EXH_08         0.000         1.000


           ALPHA
              DIJ           EXH
              ________      ________
                0.000         0.000


           BETA
              DIJ           EXH
              ________      ________
 DIJ            0.000         0.000
 EXH            0.000         0.000


           GAMMA
              WH_GROUP
              ________
 DIJ            0.000
 EXH            0.000


           PSI
              DIJ           EXH
              ________      ________
 DIJ            1.000
 EXH            0.000         1.000


     STARTING VALUES FOR TEMP


           TAU
              DIJ_01$1      DIJ_01$2      DIJ_01$3      DIJ_02$1      DIJ_02$2
              ________      ________      ________      ________      ________
               -1.049         0.006         0.575        -0.227         0.390


           TAU
              DIJ_03$1      DIJ_03$2      DIJ_03$3      DIJ_04$1      DIJ_04$2
              ________      ________      ________      ________      ________
               -0.928         0.042         0.670        -1.054        -0.203


           TAU
              DIJ_04$3      EXH_01$1      EXH_01$2      EXH_04$1      EXH_04$2
              ________      ________      ________      ________      ________
                0.381        -0.654         1.174        -1.469        -0.465


           TAU
              EXH_04$3      EXH_08$1      EXH_08$2      EXH_08$3
              ________      ________      ________      ________
                0.557        -1.217        -0.022         0.936


           NU
              DIJ_01        DIJ_02        DIJ_03        DIJ_04        EXH_01
              ________      ________      ________      ________      ________
                0.000         0.000         0.000         0.000         0.000


           NU
              EXH_04        EXH_08
              ________      ________
                0.000         0.000


           LAMBDA
              DIJ           EXH
              ________      ________
 DIJ_01         0.913         0.000
 DIJ_02         0.795         0.000
 DIJ_03         0.881         0.000
 DIJ_04         0.609         0.000
 EXH_01         0.000         0.796
 EXH_04         0.000        -0.848
 EXH_08         0.000        -0.767


           THETA
              DIJ_01        DIJ_02        DIJ_03        DIJ_04        EXH_01
              ________      ________      ________      ________      ________
 DIJ_01         1.000
 DIJ_02         0.000         1.000
 DIJ_03         0.000         0.000         1.000
 DIJ_04         0.000         0.000         0.000         1.000
 EXH_01         0.000         0.000         0.000         0.000         1.000
 EXH_04         0.000         0.000         0.000         0.000         0.000
 EXH_08         0.000         0.000         0.000         0.000         0.000


           THETA
              EXH_04        EXH_08
              ________      ________
 EXH_04         1.000
 EXH_08         0.000         1.000


           ALPHA
              DIJ           EXH
              ________      ________
                0.000         0.000


           BETA
              DIJ           EXH
              ________      ________
 DIJ            0.000         0.000
 EXH            0.000         0.000


           GAMMA
              WH_GROUP
              ________
 DIJ            0.000
 EXH            0.000


           PSI
              DIJ           EXH
              ________      ________
 DIJ            1.000
 EXH            0.000         1.000


TECHNICAL 4 OUTPUT


     ESTIMATES DERIVED FROM THE MODEL FOR PERM


           ESTIMATED MEANS FOR THE LATENT VARIABLES
              DIJ           EXH
              ________      ________
                0.000         0.253


           ESTIMATED COVARIANCE MATRIX FOR THE LATENT VARIABLES
              DIJ           EXH
              ________      ________
 DIJ            1.000
 EXH            0.254         1.066


           ESTIMATED CORRELATION MATRIX FOR THE LATENT VARIABLES
              DIJ           EXH
              ________      ________
 DIJ            1.000
 EXH            0.246         1.000


     ESTIMATES DERIVED FROM THE MODEL FOR TEMP


           ESTIMATED MEANS FOR THE LATENT VARIABLES
              DIJ           EXH
              ________      ________
               -1.246         0.413


           ESTIMATED COVARIANCE MATRIX FOR THE LATENT VARIABLES
              DIJ           EXH
              ________      ________
 DIJ            0.685
 EXH            0.242         0.910


           ESTIMATED CORRELATION MATRIX FOR THE LATENT VARIABLES
              DIJ           EXH
              ________      ________
 DIJ            1.000
 EXH            0.307         1.000


     ESTIMATES DERIVED FROM THE MODEL FOR PERM


           S.E. FOR ESTIMATED MEANS FOR THE LATENT VARIABLES
              DIJ           EXH
              ________      ________
                0.000         0.293


           EST./S.E. FOR ESTIMATED MEANS FOR THE LATENT VARIABLES
              DIJ           EXH
              ________      ________
                0.000         0.861


           TWO-TAILED P-VALUE FOR ESTIMATED MEANS FOR THE LATENT VARIABLES
              DIJ           EXH
              ________      ________
                1.000         0.389


           S.E. FOR ESTIMATED COVARIANCE MATRIX FOR THE LATENT VARIABLES
              DIJ           EXH
              ________      ________
 DIJ            0.000
 EXH            0.075         0.038


           EST./S.E. FOR ESTIMATED COVARIANCE MATRIX FOR THE LATENT VARIABLES
              DIJ           EXH
              ________      ________
 DIJ      ***********
 EXH            3.394        27.861


           TWO-TAILED P-VALUE FOR ESTIMATED COVARIANCE MATRIX FOR THE LATENT VARIABLES
              DIJ           EXH
              ________      ________
 DIJ            0.000
 EXH            0.001         0.000


           S.E. FOR ESTIMATED CORRELATION MATRIX FOR THE LATENT VARIABLES
              DIJ           EXH
              ________      ________
 DIJ            0.000
 EXH            0.068         0.000


           EST./S.E. FOR ESTIMATED CORRELATION MATRIX FOR THE LATENT VARIABLES
              DIJ           EXH
              ________      ________
 DIJ          999.000
 EXH            3.612       999.000


           TWO-TAILED P-VALUE FOR ESTIMATED CORRELATION MATRIX FOR THE LATENT VARIABLES
              DIJ           EXH
              ________      ________
 DIJ            0.000
 EXH            0.000         0.000


     ESTIMATES DERIVED FROM THE MODEL FOR TEMP


           S.E. FOR ESTIMATED MEANS FOR THE LATENT VARIABLES
              DIJ           EXH
              ________      ________
                0.558         0.667


           EST./S.E. FOR ESTIMATED MEANS FOR THE LATENT VARIABLES
              DIJ           EXH
              ________      ________
               -2.234         0.619


           TWO-TAILED P-VALUE FOR ESTIMATED MEANS FOR THE LATENT VARIABLES
              DIJ           EXH
              ________      ________
                0.025         0.536


           S.E. FOR ESTIMATED COVARIANCE MATRIX FOR THE LATENT VARIABLES
              DIJ           EXH
              ________      ________
 DIJ            0.177
 EXH            0.098         0.224


           EST./S.E. FOR ESTIMATED COVARIANCE MATRIX FOR THE LATENT VARIABLES
              DIJ           EXH
              ________      ________
 DIJ            3.867
 EXH            2.465         4.054


           TWO-TAILED P-VALUE FOR ESTIMATED COVARIANCE MATRIX FOR THE LATENT VARIABLES
              DIJ           EXH
              ________      ________
 DIJ            0.000
 EXH            0.014         0.000


           S.E. FOR ESTIMATED CORRELATION MATRIX FOR THE LATENT VARIABLES
              DIJ           EXH
              ________      ________
 DIJ            0.000
 EXH            0.104         0.000


           EST./S.E. FOR ESTIMATED CORRELATION MATRIX FOR THE LATENT VARIABLES
              DIJ           EXH
              ________      ________
 DIJ          999.000
 EXH            2.963       999.000


           TWO-TAILED P-VALUE FOR ESTIMATED CORRELATION MATRIX FOR THE LATENT VARIABLES
              DIJ           EXH
              ________      ________
 DIJ            0.000
 EXH            0.003         0.000


SAVEDATA INFORMATION


  Difference testing

  Save file
    00_h1C_exh_free.diff
  Save format      Free

     Beginning Time:  09:44:37
        Ending Time:  09:44:37
       Elapsed Time:  00:00:00



MUTHEN & MUTHEN
3463 Stoner Ave.
Los Angeles, CA  90066

Tel: (310) 391-9971
Fax: (310) 391-8971
Web: www.StatModel.com
Support: Support@StatModel.com

Copyright (c) 1998-2023 Muthen & Muthen
