Mplus VERSION 8.9 (Linux)
MUTHEN & MUTHEN
06/19/2023   9:44 AM

INPUT INSTRUCTIONS

  DATA: FILE = "../../data/transforms/mplus.dat";

  VARIABLE:

      NAMES =
      group group_detail wh_group
  dij_01 dij_02 dij_03 dij_04
  apc_01 apc_02 apc_03 apc_04 apc_05
  app_01 app_02 app_03 app_04 app_05
  res_01 res_02 res_03
  exh_01 exh_04 exh_08
  jsa_01 jsa_02 jsa_03 jsa_04
  in_ex inc_ins
  ;

      MISSING = .;

      USEVARIABLES =
          dij_01-dij_04
          !apc_01-apc_05
          !app_01-app_05
          !res_01-res_03
          exh_01 exh_04 exh_08
          !jsa_01 jsa_02 jsa_03 jsa_04
          wh_group
          ;

      categorical =
          dij_01-exh_08;

      grouping = group (1 = perm, 2 = temp)

  ANALYSIS:
      estimator = WLSMV;
      PARAMETERIZATION = THETA;
      DIFFTEST=00_h1C_exh_free.diff;

  MODEL:

      !! PERM

          ! Factor loadings all fixed
          DIJ by
              dij_01* (f_dij_01)
              dij_02* (f_dij_02)
              dij_03* (f_dij_03)
              dij_04* (f_dij_04)
              ;

          EXH by
              exh_01*-1 (f_exh_01)
              exh_04* (f_exh_04)
              exh_08* (f_exh_08)
              ;


          ! Item thresholds all free

          !DIJ
          [dij_01$1*] (t1dij_01);
          [dij_01$2*] (t2dij_01);
          [dij_01$3*] (t3dij_01);

          [dij_02$1*] (t1dij_02);
          [dij_02$2*] (t2dij_02);

          [dij_03$1*] (t1dij_03);
          [dij_03$2*] (t2dij_03);
          [dij_03$3*] (t3dij_03);

          [dij_04$1*] (t1dij_04);
          [dij_04$2*] (t2dij_04);
          [dij_04$3*] (t3dij_04);

          !EXH
          [exh_01$1*] (t1exh_01);
          [exh_01$2*] (t2exh_01);

          [exh_04$1*] (t1exh_04);
          [exh_04$2*] (t2exh_04);
          [exh_04$3*] (t3exh_04);

          [exh_08$1*] (t1exh_08);
          [exh_08$2*] (t2exh_08);
          [exh_08$3*] (t3exh_08);


          ! Item residual variances all fixed=1
          dij_01-exh_08@1;


          ! Factors mean=0 and variance=1 for identification

          [DIJ@0];
          [EXH@0];

          DIJ@1;
          EXH@1;

          ! hypothesis
          EXH on
              wh_group (wh_group)
              DIJ (dij)
              ;



  MODEL temp:

          ! Factor loadings all fixed
          DIJ by
              dij_01* (f_dij_01)
              dij_02* (f_dij_02)
              dij_03* (f_dij_03)
              dij_04* (f_dij_04)
              ;

          EXH by
              exh_01*-1 (f_exh_01)
              exh_04* (f_exh_04)
              exh_08* (f_exh_08)
              ;


          ! Item thresholds all free

          !DIJ
          [dij_01$1*] (t1dij_01);
          [dij_01$2*] (t2dij_01);
          [dij_01$3*] (t3dij_01);

          [dij_02$1*] (t1dij_02);
          [dij_02$2*] (t2dij_02);

          [dij_03$1*] (t1dij_03);
          [dij_03$2*] (t2dij_03);
          [dij_03$3*] (t3dij_03);

          [dij_04$1*] (t1dij_04);
          [dij_04$2*] (t2dij_04);
          [dij_04$3*] (t3dij_04);

          !EXH
          [exh_01$1*] (t1exh_01);
          [exh_01$2*] (t2exh_01);

          [exh_04$1*] (t1exh_04);
          [exh_04$2*] (t2exh_04);
          [exh_04$3*] (t3exh_04);

          [exh_08$1*] (t1exh_08);
          [exh_08$2*] (t2exh_08);
          [exh_08$3*] (t3exh_08);

          ! Item residual variances all fixed=1
          dij_01-exh_08@1;


          ! Factors variance and mean free

          [DIJ*];
          [EXH*];

          DIJ*;
          EXH*;

          ! hypothesis
          EXH on
              wh_group (wh_group)
              DIJ (dij)
              ;

  OUTPUT:
  	tech1
  	tech4
  	stdyx
  	;



*** WARNING
  Data set contains cases with missing on x-variables.
  These cases were not included in the analysis.
  Number of cases with missing on x-variables:  1
   1 WARNING(S) FOUND IN THE INPUT INSTRUCTIONS




SUMMARY OF ANALYSIS

Number of groups                                                 2
Number of observations
   Group PERM                                                  262
   Group TEMP                                                  119
   Total sample size                                           381

Number of dependent variables                                    7
Number of independent variables                                  1
Number of continuous latent variables                            2

Observed dependent variables

  Binary and ordered categorical (ordinal)
   DIJ_01      DIJ_02      DIJ_03      DIJ_04      EXH_01      EXH_04
   EXH_08

Observed independent variables
   WH_GROUP

Continuous latent variables
   DIJ         EXH

Variables with special functions

  Grouping variable     GROUP

Estimator                                                    WLSMV
Maximum number of iterations                                  1000
Convergence criterion                                    0.500D-04
Maximum number of steepest descent iterations                   20
Maximum number of iterations for H1                           2000
Convergence criterion for H1                             0.100D-03
Parameterization                                             THETA
Link                                                        PROBIT

Input data file(s)
  ../../data/transforms/mplus.dat

Input data format  FREE


SUMMARY OF DATA

   Group PERM
     Number of missing data patterns            13

   Group TEMP
     Number of missing data patterns             7


COVARIANCE COVERAGE OF DATA

Minimum covariance coverage value   0.100


     PROPORTION OF DATA PRESENT FOR PERM


           Covariance Coverage
              DIJ_01        DIJ_02        DIJ_03        DIJ_04        EXH_01
              ________      ________      ________      ________      ________
 DIJ_01         0.958
 DIJ_02         0.943         0.962
 DIJ_03         0.935         0.935         0.950
 DIJ_04         0.950         0.950         0.939         0.969
 EXH_01         0.954         0.958         0.947         0.966         0.996
 EXH_04         0.958         0.962         0.950         0.969         0.996
 EXH_08         0.954         0.958         0.947         0.966         0.992


           Covariance Coverage
              EXH_04        EXH_08
              ________      ________
 EXH_04         1.000
 EXH_08         0.996         0.996


     PROPORTION OF DATA PRESENT FOR TEMP


           Covariance Coverage
              DIJ_01        DIJ_02        DIJ_03        DIJ_04        EXH_01
              ________      ________      ________      ________      ________
 DIJ_01         0.958
 DIJ_02         0.958         0.983
 DIJ_03         0.941         0.958         0.958
 DIJ_04         0.941         0.966         0.941         0.975
 EXH_01         0.958         0.983         0.958         0.975         1.000
 EXH_04         0.958         0.983         0.958         0.975         1.000
 EXH_08         0.958         0.983         0.958         0.975         1.000


           Covariance Coverage
              EXH_04        EXH_08
              ________      ________
 EXH_04         1.000
 EXH_08         1.000         1.000


UNIVARIATE PROPORTIONS AND COUNTS FOR CATEGORICAL VARIABLES

  Group PERM
    DIJ_01
      Category 1    0.048           12.000
      Category 2    0.175           44.000
      Category 3    0.255           64.000
      Category 4    0.522          131.000
    DIJ_02
      Category 1    0.194           49.000
      Category 2    0.210           53.000
      Category 3    0.595          150.000
    DIJ_03
      Category 1    0.064           16.000
      Category 2    0.181           45.000
      Category 3    0.249           62.000
      Category 4    0.506          126.000
    DIJ_04
      Category 1    0.059           15.000
      Category 2    0.138           35.000
      Category 3    0.244           62.000
      Category 4    0.559          142.000
    EXH_01
      Category 1    0.253           66.000
      Category 2    0.625          163.000
      Category 3    0.123           32.000
    EXH_04
      Category 1    0.053           14.000
      Category 2    0.229           60.000
      Category 3    0.408          107.000
      Category 4    0.309           81.000
    EXH_08
      Category 1    0.092           24.000
      Category 2    0.395          103.000
      Category 3    0.303           79.000
      Category 4    0.211           55.000

  Group TEMP
    DIJ_01
      Category 1    0.333           38.000
      Category 2    0.447           51.000
      Category 3    0.105           12.000
      Category 4    0.114           13.000
    DIJ_02
      Category 1    0.658           77.000
      Category 2    0.188           22.000
      Category 3    0.154           18.000
    DIJ_03
      Category 1    0.368           42.000
      Category 2    0.412           47.000
      Category 3    0.132           15.000
      Category 4    0.088           10.000
    DIJ_04
      Category 1    0.293           34.000
      Category 2    0.379           44.000
      Category 3    0.147           17.000
      Category 4    0.181           21.000
    EXH_01
      Category 1    0.261           31.000
      Category 2    0.622           74.000
      Category 3    0.118           14.000
    EXH_04
      Category 1    0.092           11.000
      Category 2    0.269           32.000
      Category 3    0.370           44.000
      Category 4    0.269           32.000
    EXH_08
      Category 1    0.134           16.000
      Category 2    0.361           43.000
      Category 3    0.361           43.000
      Category 4    0.143           17.000



UNIVARIATE SAMPLE STATISTICS


     UNIVARIATE HIGHER-ORDER MOMENT DESCRIPTIVE STATISTICS FOR PERM

         Variable/         Mean/     Skewness/   Minimum/ % with                Percentiles
        Sample Size      Variance    Kurtosis    Maximum  Min/Max      20%/60%    40%/80%    Median

     WH_GROUP              4.542      -1.568       2.000    2.29%       4.000      5.000      5.000
             262.000       0.607       1.416       5.000   69.85%       5.000      5.000


     UNIVARIATE HIGHER-ORDER MOMENT DESCRIPTIVE STATISTICS FOR TEMP

         Variable/         Mean/     Skewness/   Minimum/ % with                Percentiles
        Sample Size      Variance    Kurtosis    Maximum  Min/Max      20%/60%    40%/80%    Median

     WH_GROUP              4.244      -1.463       1.000    5.04%       3.000      5.000      5.000
             119.000       1.445       0.881       5.000   63.87%       5.000      5.000


     THIS ANALYSIS MAY HAVE MULTIPLE SOLUTIONS.  EXPLORE THIS USING RANDOM STARTS,
     FOR EXAMPLE, STARTS = 20.  USE A LARGE ENOUGH NUMBER OF STARTS SO THAT THE
     BEST FIT FUNCTION VALUE IS REPLICATED SEVERAL TIMES.


THE MODEL ESTIMATION TERMINATED NORMALLY



MODEL FIT INFORMATION

Number of Free Parameters                       32

Chi-Square Test of Model Fit

          Value                             71.457*
          Degrees of Freedom                    62
          P-Value                           0.1925

Chi-Square Contribution From Each Group

          PERM                              35.264
          TEMP                              36.193

Chi-Square Test for Difference Testing

          Value                              0.462*
          Degrees of Freedom                     1
          P-Value                           0.4965

*   The chi-square value for MLM, MLMV, MLR, ULSMV, WLSM and WLSMV cannot be used
    for chi-square difference testing in the regular way.  MLM, MLR and WLSM
    chi-square difference testing is described on the Mplus website.  MLMV, WLSMV,
    and ULSMV difference testing is done using the DIFFTEST option.  The DIFFTEST
    option assumes the models are nested.  The NESTED option can be used to verify
    that the models are nested.

RMSEA (Root Mean Square Error Of Approximation)

          Estimate                           0.028
          90 Percent C.I.                    0.000  0.054
          Probability RMSEA <= .05           0.909

CFI/TLI

          CFI                                0.997
          TLI                                0.997

Chi-Square Test of Model Fit for the Baseline Model

          Value                           3173.896
          Degrees of Freedom                    56
          P-Value                           0.0000

SRMR (Standardized Root Mean Square Residual)

          Value                              0.057

Optimum Function Value for Weighted Least-Squares Estimator

          Value                     0.66610307D-01



MODEL RESULTS

                                                    Two-Tailed
                    Estimate       S.E.  Est./S.E.    P-Value

Group PERM

 DIJ      BY
    DIJ_01             2.185      0.280      7.801      0.000
    DIJ_02             1.731      0.169     10.261      0.000
    DIJ_03             1.876      0.226      8.291      0.000
    DIJ_04             1.250      0.116     10.739      0.000

 EXH      BY
    EXH_01            -1.040      0.117     -8.853      0.000
    EXH_04             2.096      0.341      6.157      0.000
    EXH_08             1.463      0.182      8.040      0.000

 EXH      ON
    DIJ                0.277      0.066      4.195      0.000

 EXH      ON
    WH_GROUP           0.055      0.064      0.856      0.392

 Means
    DIJ                0.000      0.000    999.000    999.000

 Intercepts
    EXH                0.000      0.000    999.000    999.000

 Thresholds
    DIJ_01$1          -3.690      1.034     -3.570      0.000
    DIJ_01$2          -1.353      1.000     -1.353      0.176
    DIJ_01$3          -0.071      0.995     -0.071      0.943
    DIJ_02$1          -1.837      0.890     -2.064      0.039
    DIJ_02$2          -0.676      0.888     -0.761      0.447
    DIJ_03$1          -2.628      0.922     -2.850      0.004
    DIJ_03$2          -0.641      0.899     -0.714      0.475
    DIJ_03$3           0.629      0.904      0.696      0.486
    DIJ_04$1          -2.390      0.656     -3.644      0.000
    DIJ_04$2          -1.059      0.651     -1.628      0.104
    DIJ_04$3          -0.198      0.649     -0.306      0.760
    EXH_01$1          -0.994      0.562     -1.769      0.077
    EXH_01$2           1.594      0.557      2.862      0.004
    EXH_04$1          -1.724      1.064     -1.620      0.105
    EXH_04$2           0.521      1.047      0.498      0.619
    EXH_04$3           2.796      1.109      2.522      0.012
    EXH_08$1          -2.127      0.739     -2.877      0.004
    EXH_08$2          -0.001      0.717     -0.002      0.998
    EXH_08$3           1.642      0.733      2.242      0.025

 Variances
    DIJ                1.000      0.000    999.000    999.000

 Residual Variances
    DIJ_01             1.000      0.000    999.000    999.000
    DIJ_02             1.000      0.000    999.000    999.000
    DIJ_03             1.000      0.000    999.000    999.000
    DIJ_04             1.000      0.000    999.000    999.000
    EXH_01             1.000      0.000    999.000    999.000
    EXH_04             1.000      0.000    999.000    999.000
    EXH_08             1.000      0.000    999.000    999.000
    EXH                1.000      0.000    999.000    999.000

Group TEMP

 DIJ      BY
    DIJ_01             2.185      0.280      7.801      0.000
    DIJ_02             1.731      0.169     10.261      0.000
    DIJ_03             1.876      0.226      8.291      0.000
    DIJ_04             1.250      0.116     10.739      0.000

 EXH      BY
    EXH_01            -1.040      0.117     -8.853      0.000
    EXH_04             2.096      0.341      6.157      0.000
    EXH_08             1.463      0.182      8.040      0.000

 EXH      ON
    DIJ                0.277      0.066      4.195      0.000

 EXH      ON
    WH_GROUP           0.055      0.064      0.856      0.392

 Means
    DIJ               -1.266      0.566     -2.236      0.025

 Intercepts
    EXH                0.524      0.591      0.887      0.375

 Thresholds
    DIJ_01$1          -3.690      1.034     -3.570      0.000
    DIJ_01$2          -1.353      1.000     -1.353      0.176
    DIJ_01$3          -0.071      0.995     -0.071      0.943
    DIJ_02$1          -1.837      0.890     -2.064      0.039
    DIJ_02$2          -0.676      0.888     -0.761      0.447
    DIJ_03$1          -2.628      0.922     -2.850      0.004
    DIJ_03$2          -0.641      0.899     -0.714      0.475
    DIJ_03$3           0.629      0.904      0.696      0.486
    DIJ_04$1          -2.390      0.656     -3.644      0.000
    DIJ_04$2          -1.059      0.651     -1.628      0.104
    DIJ_04$3          -0.198      0.649     -0.306      0.760
    EXH_01$1          -0.994      0.562     -1.769      0.077
    EXH_01$2           1.594      0.557      2.862      0.004
    EXH_04$1          -1.724      1.064     -1.620      0.105
    EXH_04$2           0.521      1.047      0.498      0.619
    EXH_04$3           2.796      1.109      2.522      0.012
    EXH_08$1          -2.127      0.739     -2.877      0.004
    EXH_08$2          -0.001      0.717     -0.002      0.998
    EXH_08$3           1.642      0.733      2.242      0.025

 Variances
    DIJ                0.743      0.203      3.665      0.000

 Residual Variances
    DIJ_01             1.000      0.000    999.000    999.000
    DIJ_02             1.000      0.000    999.000    999.000
    DIJ_03             1.000      0.000    999.000    999.000
    DIJ_04             1.000      0.000    999.000    999.000
    EXH_01             1.000      0.000    999.000    999.000
    EXH_04             1.000      0.000    999.000    999.000
    EXH_08             1.000      0.000    999.000    999.000
    EXH                0.799      0.195      4.093      0.000


QUALITY OF NUMERICAL RESULTS

     Condition Number for the Information Matrix              0.796E-03
       (ratio of smallest to largest eigenvalue)


STANDARDIZED MODEL RESULTS


STDYX Standardization

                                                    Two-Tailed
                    Estimate       S.E.  Est./S.E.    P-Value

Group PERM

 DIJ      BY
    DIJ_01             0.909      0.020     45.047      0.000
    DIJ_02             0.866      0.021     40.999      0.000
    DIJ_03             0.883      0.024     37.487      0.000
    DIJ_04             0.781      0.028     27.522      0.000

 EXH      BY
    EXH_01            -0.734      0.038    -19.492      0.000
    EXH_04             0.909      0.025     35.914      0.000
    EXH_08             0.835      0.031     26.524      0.000

 EXH      ON
    DIJ                0.267      0.059      4.518      0.000

 EXH      ON
    WH_GROUP           0.041      0.048      0.857      0.391

 Means
    DIJ                0.000      0.000    999.000    999.000

 Intercepts
    EXH                0.000      0.000    999.000    999.000

 Thresholds
    DIJ_01$1          -1.536      0.424     -3.625      0.000
    DIJ_01$2          -0.563      0.415     -1.357      0.175
    DIJ_01$3          -0.029      0.414     -0.071      0.943
    DIJ_02$1          -0.919      0.442     -2.078      0.038
    DIJ_02$2          -0.338      0.443     -0.764      0.445
    DIJ_03$1          -1.236      0.434     -2.847      0.004
    DIJ_03$2          -0.302      0.423     -0.713      0.476
    DIJ_03$3           0.296      0.425      0.696      0.486
    DIJ_04$1          -1.493      0.408     -3.658      0.000
    DIJ_04$2          -0.662      0.405     -1.633      0.103
    DIJ_04$3          -0.124      0.405     -0.306      0.760
    EXH_01$1          -0.675      0.381     -1.772      0.076
    EXH_01$2           1.083      0.379      2.855      0.004
    EXH_04$1          -0.720      0.441     -1.633      0.103
    EXH_04$2           0.218      0.436      0.499      0.617
    EXH_04$3           1.167      0.445      2.622      0.009
    EXH_08$1          -1.169      0.400     -2.927      0.003
    EXH_08$2          -0.001      0.394     -0.002      0.998
    EXH_08$3           0.903      0.401      2.250      0.024

 Variances
    DIJ                1.000      0.000    999.000    999.000

 Residual Variances
    DIJ_01             0.173      0.037      4.718      0.000
    DIJ_02             0.250      0.037      6.843      0.000
    DIJ_03             0.221      0.042      5.323      0.000
    DIJ_04             0.390      0.044      8.805      0.000
    EXH_01             0.462      0.055      8.353      0.000
    EXH_04             0.174      0.046      3.788      0.000
    EXH_08             0.302      0.053      5.747      0.000
    EXH                0.927      0.032     29.123      0.000

Group TEMP

 DIJ      BY
    DIJ_01             0.883      0.025     34.928      0.000
    DIJ_02             0.831      0.038     21.788      0.000
    DIJ_03             0.851      0.031     27.480      0.000
    DIJ_04             0.733      0.047     15.741      0.000

 EXH      BY
    EXH_01            -0.694      0.044    -15.721      0.000
    EXH_04             0.889      0.033     26.729      0.000
    EXH_08             0.805      0.040     20.002      0.000

 EXH      ON
    DIJ                0.258      0.064      4.036      0.000

 EXH      ON
    WH_GROUP           0.071      0.082      0.864      0.387

 Means
    DIJ               -1.468      0.667     -2.202      0.028

 Intercepts
    EXH                0.565      0.636      0.889      0.374

 Thresholds
    DIJ_01$1          -1.730      0.487     -3.551      0.000
    DIJ_01$2          -0.634      0.470     -1.349      0.177
    DIJ_01$3          -0.033      0.467     -0.071      0.943
    DIJ_02$1          -1.022      0.497     -2.057      0.040
    DIJ_02$2          -0.376      0.494     -0.761      0.447
    DIJ_03$1          -1.382      0.489     -2.827      0.005
    DIJ_03$2          -0.337      0.474     -0.712      0.476
    DIJ_03$3           0.331      0.475      0.696      0.486
    DIJ_04$1          -1.626      0.450     -3.610      0.000
    DIJ_04$2          -0.720      0.444     -1.623      0.105
    DIJ_04$3          -0.135      0.442     -0.306      0.760
    EXH_01$1          -0.715      0.402     -1.780      0.075
    EXH_01$2           1.148      0.406      2.827      0.005
    EXH_04$1          -0.789      0.487     -1.619      0.105
    EXH_04$2           0.238      0.476      0.501      0.617
    EXH_04$3           1.279      0.479      2.670      0.008
    EXH_08$1          -1.262      0.439     -2.878      0.004
    EXH_08$2          -0.001      0.426     -0.002      0.998
    EXH_08$3           0.975      0.430      2.264      0.024

 Variances
    DIJ                1.000      0.000    999.000    999.000

 Residual Variances
    DIJ_01             0.220      0.045      4.921      0.000
    DIJ_02             0.310      0.063      4.892      0.000
    DIJ_03             0.276      0.053      5.249      0.000
    DIJ_04             0.463      0.068      6.774      0.000
    EXH_01             0.518      0.061      8.449      0.000
    EXH_04             0.209      0.059      3.536      0.000
    EXH_08             0.352      0.065      5.436      0.000
    EXH                0.929      0.035     26.682      0.000


R-SQUARE

Group PERM

    Observed                                        Two-Tailed     Scale
    Variable        Estimate       S.E.  Est./S.E.    P-Value     Factors

    DIJ_01             0.827      0.037     22.524      0.000      0.416
    DIJ_02             0.750      0.037     20.499      0.000      0.500
    DIJ_03             0.779      0.042     18.743      0.000      0.470
    DIJ_04             0.610      0.044     13.761      0.000      0.625
    EXH_01             0.538      0.055      9.746      0.000      0.680
    EXH_04             0.826      0.046     17.957      0.000      0.418
    EXH_08             0.698      0.053     13.262      0.000      0.550

     Latent                                         Two-Tailed
    Variable        Estimate       S.E.  Est./S.E.    P-Value

    EXH                0.073      0.032      2.287      0.022

Group TEMP

    Observed                                        Two-Tailed     Scale
    Variable        Estimate       S.E.  Est./S.E.    P-Value     Factors

    DIJ_01             0.780      0.045     17.464      0.000      0.469
    DIJ_02             0.690      0.063     10.894      0.000      0.557
    DIJ_03             0.724      0.053     13.740      0.000      0.526
    DIJ_04             0.537      0.068      7.870      0.000      0.680
    EXH_01             0.482      0.061      7.860      0.000      0.721
    EXH_04             0.791      0.059     13.364      0.000      0.458
    EXH_08             0.648      0.065     10.001      0.000      0.594

     Latent                                         Two-Tailed
    Variable        Estimate       S.E.  Est./S.E.    P-Value

    EXH                0.071      0.035      2.051      0.040


TECHNICAL 1 OUTPUT


     PARAMETER SPECIFICATION FOR PERM


           TAU
              DIJ_01$1      DIJ_01$2      DIJ_01$3      DIJ_02$1      DIJ_02$2
              ________      ________      ________      ________      ________
                  1             2             3             4             5


           TAU
              DIJ_03$1      DIJ_03$2      DIJ_03$3      DIJ_04$1      DIJ_04$2
              ________      ________      ________      ________      ________
                  6             7             8             9            10


           TAU
              DIJ_04$3      EXH_01$1      EXH_01$2      EXH_04$1      EXH_04$2
              ________      ________      ________      ________      ________
                 11            12            13            14            15


           TAU
              EXH_04$3      EXH_08$1      EXH_08$2      EXH_08$3
              ________      ________      ________      ________
                 16            17            18            19


           NU
              DIJ_01        DIJ_02        DIJ_03        DIJ_04        EXH_01
              ________      ________      ________      ________      ________
                  0             0             0             0             0


           NU
              EXH_04        EXH_08
              ________      ________
                  0             0


           LAMBDA
              DIJ           EXH
              ________      ________
 DIJ_01            20             0
 DIJ_02            21             0
 DIJ_03            22             0
 DIJ_04            23             0
 EXH_01             0            24
 EXH_04             0            25
 EXH_08             0            26


           THETA
              DIJ_01        DIJ_02        DIJ_03        DIJ_04        EXH_01
              ________      ________      ________      ________      ________
 DIJ_01             0
 DIJ_02             0             0
 DIJ_03             0             0             0
 DIJ_04             0             0             0             0
 EXH_01             0             0             0             0             0
 EXH_04             0             0             0             0             0
 EXH_08             0             0             0             0             0


           THETA
              EXH_04        EXH_08
              ________      ________
 EXH_04             0
 EXH_08             0             0


           ALPHA
              DIJ           EXH
              ________      ________
                  0             0


           BETA
              DIJ           EXH
              ________      ________
 DIJ                0             0
 EXH               27             0


           GAMMA
              WH_GROUP
              ________
 DIJ                0
 EXH               28


           PSI
              DIJ           EXH
              ________      ________
 DIJ                0
 EXH                0             0


     PARAMETER SPECIFICATION FOR TEMP


           TAU
              DIJ_01$1      DIJ_01$2      DIJ_01$3      DIJ_02$1      DIJ_02$2
              ________      ________      ________      ________      ________
                  1             2             3             4             5


           TAU
              DIJ_03$1      DIJ_03$2      DIJ_03$3      DIJ_04$1      DIJ_04$2
              ________      ________      ________      ________      ________
                  6             7             8             9            10


           TAU
              DIJ_04$3      EXH_01$1      EXH_01$2      EXH_04$1      EXH_04$2
              ________      ________      ________      ________      ________
                 11            12            13            14            15


           TAU
              EXH_04$3      EXH_08$1      EXH_08$2      EXH_08$3
              ________      ________      ________      ________
                 16            17            18            19


           NU
              DIJ_01        DIJ_02        DIJ_03        DIJ_04        EXH_01
              ________      ________      ________      ________      ________
                  0             0             0             0             0


           NU
              EXH_04        EXH_08
              ________      ________
                  0             0


           LAMBDA
              DIJ           EXH
              ________      ________
 DIJ_01            20             0
 DIJ_02            21             0
 DIJ_03            22             0
 DIJ_04            23             0
 EXH_01             0            24
 EXH_04             0            25
 EXH_08             0            26


           THETA
              DIJ_01        DIJ_02        DIJ_03        DIJ_04        EXH_01
              ________      ________      ________      ________      ________
 DIJ_01             0
 DIJ_02             0             0
 DIJ_03             0             0             0
 DIJ_04             0             0             0             0
 EXH_01             0             0             0             0             0
 EXH_04             0             0             0             0             0
 EXH_08             0             0             0             0             0


           THETA
              EXH_04        EXH_08
              ________      ________
 EXH_04             0
 EXH_08             0             0


           ALPHA
              DIJ           EXH
              ________      ________
                 29            30


           BETA
              DIJ           EXH
              ________      ________
 DIJ                0             0
 EXH               27             0


           GAMMA
              WH_GROUP
              ________
 DIJ                0
 EXH               28


           PSI
              DIJ           EXH
              ________      ________
 DIJ               31
 EXH                0            32


     STARTING VALUES FOR PERM


           TAU
              DIJ_01$1      DIJ_01$2      DIJ_01$3      DIJ_02$1      DIJ_02$2
              ________      ________      ________      ________      ________
               -1.666        -0.762        -0.055        -0.862        -0.241


           TAU
              DIJ_03$1      DIJ_03$2      DIJ_03$3      DIJ_04$1      DIJ_04$2
              ________      ________      ________      ________      ________
               -1.520        -0.690        -0.015        -1.563        -0.853


           TAU
              DIJ_04$3      EXH_01$1      EXH_01$2      EXH_04$1      EXH_04$2
              ________      ________      ________      ________      ________
               -0.149        -0.665         1.162        -1.612        -0.576


           TAU
              EXH_04$3      EXH_08$1      EXH_08$2      EXH_08$3
              ________      ________      ________      ________
                0.498        -1.329        -0.034         0.804


           NU
              DIJ_01        DIJ_02        DIJ_03        DIJ_04        EXH_01
              ________      ________      ________      ________      ________
                0.000         0.000         0.000         0.000         0.000


           NU
              EXH_04        EXH_08
              ________      ________
                0.000         0.000


           LAMBDA
              DIJ           EXH
              ________      ________
 DIJ_01         0.872         0.000
 DIJ_02         0.885         0.000
 DIJ_03         0.875         0.000
 DIJ_04         0.813         0.000
 EXH_01         0.000        -1.000
 EXH_04         0.000         1.000
 EXH_08         0.000         1.000


           THETA
              DIJ_01        DIJ_02        DIJ_03        DIJ_04        EXH_01
              ________      ________      ________      ________      ________
 DIJ_01         1.000
 DIJ_02         0.000         1.000
 DIJ_03         0.000         0.000         1.000
 DIJ_04         0.000         0.000         0.000         1.000
 EXH_01         0.000         0.000         0.000         0.000         1.000
 EXH_04         0.000         0.000         0.000         0.000         0.000
 EXH_08         0.000         0.000         0.000         0.000         0.000


           THETA
              EXH_04        EXH_08
              ________      ________
 EXH_04         1.000
 EXH_08         0.000         1.000


           ALPHA
              DIJ           EXH
              ________      ________
                0.000         0.000


           BETA
              DIJ           EXH
              ________      ________
 DIJ            0.000         0.000
 EXH            0.000         0.000


           GAMMA
              WH_GROUP
              ________
 DIJ            0.000
 EXH            0.000


           PSI
              DIJ           EXH
              ________      ________
 DIJ            1.000
 EXH            0.000         1.000


     STARTING VALUES FOR TEMP


           TAU
              DIJ_01$1      DIJ_01$2      DIJ_01$3      DIJ_02$1      DIJ_02$2
              ________      ________      ________      ________      ________
               -1.049         0.006         0.575        -0.227         0.390


           TAU
              DIJ_03$1      DIJ_03$2      DIJ_03$3      DIJ_04$1      DIJ_04$2
              ________      ________      ________      ________      ________
               -0.928         0.042         0.670        -1.054        -0.203


           TAU
              DIJ_04$3      EXH_01$1      EXH_01$2      EXH_04$1      EXH_04$2
              ________      ________      ________      ________      ________
                0.381        -0.654         1.174        -1.469        -0.465


           TAU
              EXH_04$3      EXH_08$1      EXH_08$2      EXH_08$3
              ________      ________      ________      ________
                0.557        -1.217        -0.022         0.936


           NU
              DIJ_01        DIJ_02        DIJ_03        DIJ_04        EXH_01
              ________      ________      ________      ________      ________
                0.000         0.000         0.000         0.000         0.000


           NU
              EXH_04        EXH_08
              ________      ________
                0.000         0.000


           LAMBDA
              DIJ           EXH
              ________      ________
 DIJ_01         0.913         0.000
 DIJ_02         0.795         0.000
 DIJ_03         0.881         0.000
 DIJ_04         0.609         0.000
 EXH_01         0.000        -1.000
 EXH_04         0.000         1.000
 EXH_08         0.000         1.000


           THETA
              DIJ_01        DIJ_02        DIJ_03        DIJ_04        EXH_01
              ________      ________      ________      ________      ________
 DIJ_01         1.000
 DIJ_02         0.000         1.000
 DIJ_03         0.000         0.000         1.000
 DIJ_04         0.000         0.000         0.000         1.000
 EXH_01         0.000         0.000         0.000         0.000         1.000
 EXH_04         0.000         0.000         0.000         0.000         0.000
 EXH_08         0.000         0.000         0.000         0.000         0.000


           THETA
              EXH_04        EXH_08
              ________      ________
 EXH_04         1.000
 EXH_08         0.000         1.000


           ALPHA
              DIJ           EXH
              ________      ________
                0.000         0.000


           BETA
              DIJ           EXH
              ________      ________
 DIJ            0.000         0.000
 EXH            0.000         0.000


           GAMMA
              WH_GROUP
              ________
 DIJ            0.000
 EXH            0.000


           PSI
              DIJ           EXH
              ________      ________
 DIJ            1.000
 EXH            0.000         1.000


TECHNICAL 4 OUTPUT


     ESTIMATES DERIVED FROM THE MODEL FOR PERM


           ESTIMATED MEANS FOR THE LATENT VARIABLES
              DIJ           EXH
              ________      ________
                0.000         0.248


           ESTIMATED COVARIANCE MATRIX FOR THE LATENT VARIABLES
              DIJ           EXH
              ________      ________
 DIJ            1.000
 EXH            0.277         1.079


           ESTIMATED CORRELATION MATRIX FOR THE LATENT VARIABLES
              DIJ           EXH
              ________      ________
 DIJ            1.000
 EXH            0.267         1.000


     ESTIMATES DERIVED FROM THE MODEL FOR TEMP


           ESTIMATED MEANS FOR THE LATENT VARIABLES
              DIJ           EXH
              ________      ________
               -1.266         0.405


           ESTIMATED COVARIANCE MATRIX FOR THE LATENT VARIABLES
              DIJ           EXH
              ________      ________
 DIJ            0.743
 EXH            0.206         0.860


           ESTIMATED CORRELATION MATRIX FOR THE LATENT VARIABLES
              DIJ           EXH
              ________      ________
 DIJ            1.000
 EXH            0.258         1.000


     ESTIMATES DERIVED FROM THE MODEL FOR PERM


           S.E. FOR ESTIMATED MEANS FOR THE LATENT VARIABLES
              DIJ           EXH
              ________      ________
                0.000         0.290


           EST./S.E. FOR ESTIMATED MEANS FOR THE LATENT VARIABLES
              DIJ           EXH
              ________      ________
                0.000         0.856


           TWO-TAILED P-VALUE FOR ESTIMATED MEANS FOR THE LATENT VARIABLES
              DIJ           EXH
              ________      ________
                1.000         0.392


           S.E. FOR ESTIMATED COVARIANCE MATRIX FOR THE LATENT VARIABLES
              DIJ           EXH
              ________      ________
 DIJ            0.000
 EXH            0.066         0.037


           EST./S.E. FOR ESTIMATED COVARIANCE MATRIX FOR THE LATENT VARIABLES
              DIJ           EXH
              ________      ________
 DIJ      ***********
 EXH            4.195        29.123


           TWO-TAILED P-VALUE FOR ESTIMATED COVARIANCE MATRIX FOR THE LATENT VARIABLES
              DIJ           EXH
              ________      ________
 DIJ            0.000
 EXH            0.000         0.000


           S.E. FOR ESTIMATED CORRELATION MATRIX FOR THE LATENT VARIABLES
              DIJ           EXH
              ________      ________
 DIJ            0.000
 EXH            0.059         0.000


           EST./S.E. FOR ESTIMATED CORRELATION MATRIX FOR THE LATENT VARIABLES
              DIJ           EXH
              ________      ________
 DIJ          999.000
 EXH            4.518       999.000


           TWO-TAILED P-VALUE FOR ESTIMATED CORRELATION MATRIX FOR THE LATENT VARIABLES
              DIJ           EXH
              ________      ________
 DIJ            0.000
 EXH            0.000         0.000


     ESTIMATES DERIVED FROM THE MODEL FOR TEMP


           S.E. FOR ESTIMATED MEANS FOR THE LATENT VARIABLES
              DIJ           EXH
              ________      ________
                0.566         0.662


           EST./S.E. FOR ESTIMATED MEANS FOR THE LATENT VARIABLES
              DIJ           EXH
              ________      ________
               -2.236         0.612


           TWO-TAILED P-VALUE FOR ESTIMATED MEANS FOR THE LATENT VARIABLES
              DIJ           EXH
              ________      ________
                0.025         0.540


           S.E. FOR ESTIMATED COVARIANCE MATRIX FOR THE LATENT VARIABLES
              DIJ           EXH
              ________      ________
 DIJ            0.203
 EXH            0.068         0.203


           EST./S.E. FOR ESTIMATED COVARIANCE MATRIX FOR THE LATENT VARIABLES
              DIJ           EXH
              ________      ________
 DIJ            3.665
 EXH            3.021         4.241


           TWO-TAILED P-VALUE FOR ESTIMATED COVARIANCE MATRIX FOR THE LATENT VARIABLES
              DIJ           EXH
              ________      ________
 DIJ            0.000
 EXH            0.003         0.000


           S.E. FOR ESTIMATED CORRELATION MATRIX FOR THE LATENT VARIABLES
              DIJ           EXH
              ________      ________
 DIJ            0.000
 EXH            0.064         0.000


           EST./S.E. FOR ESTIMATED CORRELATION MATRIX FOR THE LATENT VARIABLES
              DIJ           EXH
              ________      ________
 DIJ          999.000
 EXH            4.036       999.000


           TWO-TAILED P-VALUE FOR ESTIMATED CORRELATION MATRIX FOR THE LATENT VARIABLES
              DIJ           EXH
              ________      ________
 DIJ            0.000
 EXH            0.000         0.000


     Beginning Time:  09:44:38
        Ending Time:  09:44:38
       Elapsed Time:  00:00:00



MUTHEN & MUTHEN
3463 Stoner Ave.
Los Angeles, CA  90066

Tel: (310) 391-9971
Fax: (310) 391-8971
Web: www.StatModel.com
Support: Support@StatModel.com

Copyright (c) 1998-2023 Muthen & Muthen
