Mplus VERSION 8.2 (Mac)
MUTHEN & MUTHEN
04/24/2024  11:25 AM

INPUT INSTRUCTIONS

  DATA: FILE = "../../data/transforms/mplus.dat";

  VARIABLE:

      NAMES =
      group group_detail wh_group
  dij_01 dij_02 dij_03 dij_04
  apc_01 apc_02 apc_03 apc_04 apc_05
  app_01 app_02 app_03 app_04 app_05
  res_01 res_02 res_03
  exh_01 exh_04 exh_08
  jsa_01 jsa_02 jsa_03 jsa_04
  in_ex inc_ins
  ;

      MISSING = .;

      USEVARIABLES =
          dij_01-dij_04
          !apc_01-apc_05
          !app_01-app_05
          !res_01-res_03
          !exh_01 exh_04 exh_08
          jsa_01 jsa_02 jsa_03 jsa_04
          wh_group
          ;

      categorical =
          dij_01-jsa_04;

      grouping = group (1 = perm, 2 = temp)

  ANALYSIS:
      estimator = WLSMV;
      PARAMETERIZATION = THETA;

  MODEL:

      !! PERM

          ! Factor loadings all fixed
          DIJ by
              dij_01* (f_dij_01)
              dij_02* (f_dij_02)
              dij_03* (f_dij_03)
              dij_04* (f_dij_04)
              ;

          JSA by
              jsa_01* (f_jsa_01)
              jsa_02* (f_jsa_02)
              jsa_03* (f_jsa_03)
              jsa_04* (f_jsa_04)
              ;


          ! Item thresholds all free

          !DIJ
          [dij_01$1*] (t1dij_01);
          [dij_01$2*] (t2dij_01);
          [dij_01$3*] (t3dij_01);

          [dij_02$1*] (t1dij_02);
          [dij_02$2*] (t2dij_02);

          [dij_03$1*] (t1dij_03);
          [dij_03$2*] (t2dij_03);
          [dij_03$3*] (t3dij_03);

          [dij_04$1*] (t1dij_04);
          [dij_04$2*] (t2dij_04);
          [dij_04$3*] (t3dij_04);


          !JSA
          [jsa_01$1*] (t1jsa_01);
          [jsa_01$2*] (t2jsa_01);
          [jsa_01$3*] (t3jsa_01);

          [jsa_02$1*] (t1jsa_02);
          [jsa_02$2*] (t2jsa_02);

          [jsa_03$1*] (t1jsa_03);
          [jsa_03$2*] (t2jsa_03);
          [jsa_03$3*] (t3jsa_03);

          [jsa_04$1*] (t1jsa_04);
          [jsa_04$2*] (t2jsa_04);


          ! Item residual variances all fixed=1
          dij_01-jsa_04@1;


          ! Factors mean=0 and variance=1 for identification

          [DIJ@0];
          [JSA@0];

          DIJ@1;
          JSA@1;


          ! hypothesis
          JSA on
              wh_group (wh_group)
              DIJ*
              ;



  MODEL temp:

          ! Factor loadings all fixed
          DIJ by
              dij_01* (f_dij_01)
              dij_02* (f_dij_02)
              dij_03* (f_dij_03)
              dij_04* (f_dij_04)
              ;

          JSA by
              jsa_01* (f_jsa_01)
              jsa_02* (f_jsa_02)
              jsa_03* (f_jsa_03)
              jsa_04* (f_jsa_04)
              ;


          ! Item thresholds all free

          !DIJ
          [dij_01$1*] (t1dij_01);
          [dij_01$2*] (t2dij_01);
          [dij_01$3*] (t3dij_01);

          [dij_02$1*] (t1dij_02);
          [dij_02$2*] (t2dij_02);

          [dij_03$1*] (t1dij_03);
          [dij_03$2*] (t2dij_03);
          [dij_03$3*] (t3dij_03);

          [dij_04$1*] (t1dij_04);
          [dij_04$2*] (t2dij_04);
          [dij_04$3*] (t3dij_04);


          !JSA
          [jsa_01$1*] (t1jsa_01);
          [jsa_01$2*] (t2jsa_01);
          [jsa_01$3*] (t3jsa_01);

          [jsa_02$1*] (t1jsa_02);
          [jsa_02$2*] (t2jsa_02);

          [jsa_03$1*] (t1jsa_03);
          [jsa_03$2*] (t2jsa_03);
          [jsa_03$3*] (t3jsa_03);

          [jsa_04$1*] (t1jsa_04);
          [jsa_04$2*] (t2jsa_04);


          ! Item residual variances all fixed=1
          dij_01-jsa_04@1;


          ! Factors variance and mean free

          [DIJ*];
          [JSA*];

          DIJ*;
          JSA*;

          ! hypothesis
          JSA on
              wh_group (wh_group)
              DIJ*
              ;

  OUTPUT:
  	tech1
  	tech4
  	stdyx
  	mod(10)
  	;

  SAVEDATA: file=10_h1D_js_free_factorscores.csv;
  SAVE IS fscores;
  FORMAT IS free;



*** WARNING
  Data set contains cases with missing on x-variables.
  These cases were not included in the analysis.
  Number of cases with missing on x-variables:  1
   1 WARNING(S) FOUND IN THE INPUT INSTRUCTIONS




SUMMARY OF ANALYSIS

Number of groups                                                 2
Number of observations
   Group PERM                                                  262
   Group TEMP                                                  119
   Total sample size                                           381

Number of dependent variables                                    8
Number of independent variables                                  1
Number of continuous latent variables                            2

Observed dependent variables

  Binary and ordered categorical (ordinal)
   DIJ_01      DIJ_02      DIJ_03      DIJ_04      JSA_01      JSA_02
   JSA_03      JSA_04

Observed independent variables
   WH_GROUP

Continuous latent variables
   DIJ         JSA

Variables with special functions

  Grouping variable     GROUP

Estimator                                                    WLSMV
Maximum number of iterations                                  1000
Convergence criterion                                    0.500D-04
Maximum number of steepest descent iterations                   20
Maximum number of iterations for H1                           2000
Convergence criterion for H1                             0.100D-03
Parameterization                                             THETA
Link                                                        PROBIT

Input data file(s)
  ../../data/transforms/mplus.dat

Input data format  FREE


SUMMARY OF DATA

   Group PERM
     Number of missing data patterns            13

   Group TEMP
     Number of missing data patterns            10


COVARIANCE COVERAGE OF DATA

Minimum covariance coverage value   0.100


     PROPORTION OF DATA PRESENT FOR PERM


           Covariance Coverage
              DIJ_01        DIJ_02        DIJ_03        DIJ_04        JSA_01
              ________      ________      ________      ________      ________
 DIJ_01         0.958
 DIJ_02         0.943         0.962
 DIJ_03         0.935         0.935         0.950
 DIJ_04         0.950         0.950         0.939         0.969
 JSA_01         0.954         0.958         0.943         0.966         0.992
 JSA_02         0.950         0.954         0.939         0.962         0.985
 JSA_03         0.954         0.958         0.947         0.966         0.992
 JSA_04         0.954         0.958         0.943         0.966         0.992


           Covariance Coverage
              JSA_02        JSA_03        JSA_04
              ________      ________      ________
 JSA_02         0.989
 JSA_03         0.985         0.996
 JSA_04         0.985         0.992         0.992


     PROPORTION OF DATA PRESENT FOR TEMP


           Covariance Coverage
              DIJ_01        DIJ_02        DIJ_03        DIJ_04        JSA_01
              ________      ________      ________      ________      ________
 DIJ_01         0.958
 DIJ_02         0.958         0.983
 DIJ_03         0.941         0.958         0.958
 DIJ_04         0.941         0.966         0.941         0.975
 JSA_01         0.950         0.975         0.950         0.966         0.992
 JSA_02         0.933         0.958         0.933         0.941         0.966
 JSA_03         0.941         0.966         0.941         0.958         0.983
 JSA_04         0.958         0.983         0.958         0.975         0.992


           Covariance Coverage
              JSA_02        JSA_03        JSA_04
              ________      ________      ________
 JSA_02         0.966
 JSA_03         0.958         0.983
 JSA_04         0.966         0.983         1.000


UNIVARIATE PROPORTIONS AND COUNTS FOR CATEGORICAL VARIABLES

  Group PERM
    DIJ_01
      Category 1    0.048           12.000
      Category 2    0.175           44.000
      Category 3    0.255           64.000
      Category 4    0.522          131.000
    DIJ_02
      Category 1    0.194           49.000
      Category 2    0.210           53.000
      Category 3    0.595          150.000
    DIJ_03
      Category 1    0.064           16.000
      Category 2    0.181           45.000
      Category 3    0.249           62.000
      Category 4    0.506          126.000
    DIJ_04
      Category 1    0.059           15.000
      Category 2    0.138           35.000
      Category 3    0.244           62.000
      Category 4    0.559          142.000
    JSA_01
      Category 1    0.054           14.000
      Category 2    0.158           41.000
      Category 3    0.596          155.000
      Category 4    0.192           50.000
    JSA_02
      Category 1    0.332           86.000
      Category 2    0.367           95.000
      Category 3    0.301           78.000
    JSA_03
      Category 1    0.077           20.000
      Category 2    0.272           71.000
      Category 3    0.575          150.000
      Category 4    0.077           20.000
    JSA_04
      Category 1    0.273           71.000
      Category 2    0.631          164.000
      Category 3    0.096           25.000

  Group TEMP
    DIJ_01
      Category 1    0.333           38.000
      Category 2    0.447           51.000
      Category 3    0.105           12.000
      Category 4    0.114           13.000
    DIJ_02
      Category 1    0.658           77.000
      Category 2    0.188           22.000
      Category 3    0.154           18.000
    DIJ_03
      Category 1    0.368           42.000
      Category 2    0.412           47.000
      Category 3    0.132           15.000
      Category 4    0.088           10.000
    DIJ_04
      Category 1    0.293           34.000
      Category 2    0.379           44.000
      Category 3    0.147           17.000
      Category 4    0.181           21.000
    JSA_01
      Category 1    0.102           12.000
      Category 2    0.178           21.000
      Category 3    0.593           70.000
      Category 4    0.127           15.000
    JSA_02
      Category 1    0.235           27.000
      Category 2    0.357           41.000
      Category 3    0.409           47.000
    JSA_03
      Category 1    0.137           16.000
      Category 2    0.274           32.000
      Category 3    0.504           59.000
      Category 4    0.085           10.000
    JSA_04
      Category 1    0.261           31.000
      Category 2    0.655           78.000
      Category 3    0.084           10.000



UNIVARIATE SAMPLE STATISTICS


     UNIVARIATE HIGHER-ORDER MOMENT DESCRIPTIVE STATISTICS FOR PERM

         Variable/         Mean/     Skewness/   Minimum/ % with                Percentiles
        Sample Size      Variance    Kurtosis    Maximum  Min/Max      20%/60%    40%/80%    Median

     WH_GROUP              4.542      -1.568       2.000    2.29%       4.000      5.000      5.000
             262.000       0.607       1.416       5.000   69.85%       5.000      5.000


     UNIVARIATE HIGHER-ORDER MOMENT DESCRIPTIVE STATISTICS FOR TEMP

         Variable/         Mean/     Skewness/   Minimum/ % with                Percentiles
        Sample Size      Variance    Kurtosis    Maximum  Min/Max      20%/60%    40%/80%    Median

     WH_GROUP              4.244      -1.463       1.000    5.04%       3.000      5.000      5.000
             119.000       1.445       0.881       5.000   63.87%       5.000      5.000


THE MODEL ESTIMATION TERMINATED NORMALLY



MODEL FIT INFORMATION

Number of Free Parameters                       36

Chi-Square Test of Model Fit

          Value                             91.184*
          Degrees of Freedom                    78
          P-Value                           0.1459

Chi-Square Contribution From Each Group

          PERM                              54.091
          TEMP                              37.093

*   The chi-square value for MLM, MLMV, MLR, ULSMV, WLSM and WLSMV cannot be used
    for chi-square difference testing in the regular way.  MLM, MLR and WLSM
    chi-square difference testing is described on the Mplus website.  MLMV, WLSMV,
    and ULSMV difference testing is done using the DIFFTEST option.

RMSEA (Root Mean Square Error Of Approximation)

          Estimate                           0.030
          90 Percent C.I.                    0.000  0.053
          Probability RMSEA <= .05           0.923

CFI/TLI

          CFI                                0.997
          TLI                                0.997

Chi-Square Test of Model Fit for the Baseline Model

          Value                           4359.981
          Degrees of Freedom                    72
          P-Value                           0.0000

SRMR (Standardized Root Mean Square Residual)

          Value                              0.062

Optimum Function Value for Weighted Least-Squares Estimator

          Value                     0.83005811D-01



MODEL RESULTS

                                                    Two-Tailed
                    Estimate       S.E.  Est./S.E.    P-Value

Group PERM

 DIJ      BY
    DIJ_01             2.166      0.278      7.792      0.000
    DIJ_02             1.779      0.176     10.122      0.000
    DIJ_03             1.893      0.228      8.319      0.000
    DIJ_04             1.273      0.120     10.594      0.000

 JSA      BY
    JSA_01             2.923      0.659      4.433      0.000
    JSA_02             0.415      0.066      6.281      0.000
    JSA_03             1.884      0.207      9.111      0.000
    JSA_04             1.443      0.141     10.213      0.000

 JSA      ON
    DIJ               -0.198      0.076     -2.613      0.009

 JSA      ON
    WH_GROUP          -0.097      0.068     -1.429      0.153

 Means
    DIJ                0.000      0.000    999.000    999.000

 Intercepts
    JSA                0.000      0.000    999.000    999.000

 Thresholds
    DIJ_01$1          -3.625      1.028     -3.525      0.000
    DIJ_01$2          -1.336      0.992     -1.347      0.178
    DIJ_01$3          -0.085      0.986     -0.087      0.931
    DIJ_02$1          -1.879      0.911     -2.063      0.039
    DIJ_02$2          -0.707      0.907     -0.780      0.435
    DIJ_03$1          -2.633      0.926     -2.843      0.004
    DIJ_03$2          -0.658      0.902     -0.729      0.466
    DIJ_03$3           0.601      0.908      0.663      0.508
    DIJ_04$1          -2.404      0.661     -3.637      0.000
    DIJ_04$2          -1.071      0.657     -1.630      0.103
    DIJ_04$3          -0.212      0.656     -0.323      0.747
    JSA_01$1          -6.602      1.779     -3.711      0.000
    JSA_01$2          -4.042      1.507     -2.683      0.007
    JSA_01$3           1.800      1.295      1.390      0.165
    JSA_02$1          -0.563      0.357     -1.577      0.115
    JSA_02$2           0.499      0.358      1.394      0.163
    JSA_03$1          -4.910      0.876     -5.605      0.000
    JSA_03$2          -2.632      0.825     -3.189      0.001
    JSA_03$3           1.432      0.791      1.810      0.070
    JSA_04$1          -2.542      0.738     -3.446      0.001
    JSA_04$2           1.167      0.718      1.627      0.104

 Variances
    DIJ                1.000      0.000    999.000    999.000

 Residual Variances
    DIJ_01             1.000      0.000    999.000    999.000
    DIJ_02             1.000      0.000    999.000    999.000
    DIJ_03             1.000      0.000    999.000    999.000
    DIJ_04             1.000      0.000    999.000    999.000
    JSA_01             1.000      0.000    999.000    999.000
    JSA_02             1.000      0.000    999.000    999.000
    JSA_03             1.000      0.000    999.000    999.000
    JSA_04             1.000      0.000    999.000    999.000
    JSA                1.000      0.000    999.000    999.000

Group TEMP

 DIJ      BY
    DIJ_01             2.166      0.278      7.792      0.000
    DIJ_02             1.779      0.176     10.122      0.000
    DIJ_03             1.893      0.228      8.319      0.000
    DIJ_04             1.273      0.120     10.594      0.000

 JSA      BY
    JSA_01             2.923      0.659      4.433      0.000
    JSA_02             0.415      0.066      6.281      0.000
    JSA_03             1.884      0.207      9.111      0.000
    JSA_04             1.443      0.141     10.213      0.000

 JSA      ON
    DIJ               -0.511      0.170     -3.013      0.003

 JSA      ON
    WH_GROUP          -0.097      0.068     -1.429      0.153

 Means
    DIJ               -1.250      0.559     -2.236      0.025

 Intercepts
    JSA               -1.420      0.659     -2.155      0.031

 Thresholds
    DIJ_01$1          -3.625      1.028     -3.525      0.000
    DIJ_01$2          -1.336      0.992     -1.347      0.178
    DIJ_01$3          -0.085      0.986     -0.087      0.931
    DIJ_02$1          -1.879      0.911     -2.063      0.039
    DIJ_02$2          -0.707      0.907     -0.780      0.435
    DIJ_03$1          -2.633      0.926     -2.843      0.004
    DIJ_03$2          -0.658      0.902     -0.729      0.466
    DIJ_03$3           0.601      0.908      0.663      0.508
    DIJ_04$1          -2.404      0.661     -3.637      0.000
    DIJ_04$2          -1.071      0.657     -1.630      0.103
    DIJ_04$3          -0.212      0.656     -0.323      0.747
    JSA_01$1          -6.602      1.779     -3.711      0.000
    JSA_01$2          -4.042      1.507     -2.683      0.007
    JSA_01$3           1.800      1.295      1.390      0.165
    JSA_02$1          -0.563      0.357     -1.577      0.115
    JSA_02$2           0.499      0.358      1.394      0.163
    JSA_03$1          -4.910      0.876     -5.605      0.000
    JSA_03$2          -2.632      0.825     -3.189      0.001
    JSA_03$3           1.432      0.791      1.810      0.070
    JSA_04$1          -2.542      0.738     -3.446      0.001
    JSA_04$2           1.167      0.718      1.627      0.104

 Variances
    DIJ                0.695      0.178      3.907      0.000

 Residual Variances
    DIJ_01             1.000      0.000    999.000    999.000
    DIJ_02             1.000      0.000    999.000    999.000
    DIJ_03             1.000      0.000    999.000    999.000
    DIJ_04             1.000      0.000    999.000    999.000
    JSA_01             1.000      0.000    999.000    999.000
    JSA_02             1.000      0.000    999.000    999.000
    JSA_03             1.000      0.000    999.000    999.000
    JSA_04             1.000      0.000    999.000    999.000
    JSA                1.422      0.390      3.648      0.000


STANDARDIZED MODEL RESULTS


STDYX Standardization

                                                    Two-Tailed
                    Estimate       S.E.  Est./S.E.    P-Value

Group PERM

 DIJ      BY
    DIJ_01             0.908      0.020     44.346      0.000
    DIJ_02             0.872      0.021     42.154      0.000
    DIJ_03             0.884      0.023     38.119      0.000
    DIJ_04             0.786      0.028     27.756      0.000

 JSA      BY
    JSA_01             0.948      0.021     44.381      0.000
    JSA_02             0.390      0.052      7.533      0.000
    JSA_03             0.887      0.021     43.199      0.000
    JSA_04             0.828      0.026     32.127      0.000

 JSA      ON
    DIJ               -0.193      0.071     -2.715      0.007

 JSA      ON
    WH_GROUP          -0.074      0.052     -1.435      0.151

 Means
    DIJ                0.000      0.000    999.000    999.000

 Intercepts
    JSA                0.000      0.000    999.000    999.000

 Thresholds
    DIJ_01$1          -1.520      0.422     -3.599      0.000
    DIJ_01$2          -0.560      0.414     -1.354      0.176
    DIJ_01$3          -0.036      0.413     -0.087      0.931
    DIJ_02$1          -0.921      0.442     -2.082      0.037
    DIJ_02$2          -0.347      0.443     -0.783      0.433
    DIJ_03$1          -1.230      0.432     -2.845      0.004
    DIJ_03$2          -0.307      0.422     -0.729      0.466
    DIJ_03$3           0.281      0.424      0.663      0.507
    DIJ_04$1          -1.485      0.407     -3.650      0.000
    DIJ_04$2          -0.662      0.405     -1.635      0.102
    DIJ_04$3          -0.131      0.405     -0.323      0.747
    JSA_01$1          -2.095      0.404     -5.185      0.000
    JSA_01$2          -1.283      0.397     -3.228      0.001
    JSA_01$3           0.571      0.402      1.421      0.155
    JSA_02$1          -0.518      0.328     -1.579      0.114
    JSA_02$2           0.460      0.330      1.392      0.164
    JSA_03$1          -2.263      0.364     -6.218      0.000
    JSA_03$2          -1.213      0.364     -3.330      0.001
    JSA_03$3           0.660      0.368      1.793      0.073
    JSA_04$1          -1.426      0.401     -3.558      0.000
    JSA_04$2           0.655      0.405      1.616      0.106

 Variances
    DIJ                1.000      0.000    999.000    999.000

 Residual Variances
    DIJ_01             0.176      0.037      4.726      0.000
    DIJ_02             0.240      0.036      6.660      0.000
    DIJ_03             0.218      0.041      5.320      0.000
    DIJ_04             0.382      0.045      8.567      0.000
    JSA_01             0.101      0.041      2.486      0.013
    JSA_02             0.848      0.040     20.980      0.000
    JSA_03             0.212      0.036      5.826      0.000
    JSA_04             0.315      0.043      7.380      0.000
    JSA                0.957      0.029     33.547      0.000

Group TEMP

 DIJ      BY
    DIJ_01             0.875      0.027     32.355      0.000
    DIJ_02             0.829      0.036     23.257      0.000
    DIJ_03             0.845      0.031     26.932      0.000
    DIJ_04             0.728      0.044     16.534      0.000

 JSA      BY
    JSA_01             0.966      0.015     65.001      0.000
    JSA_02             0.466      0.058      8.009      0.000
    JSA_03             0.923      0.020     45.913      0.000
    JSA_04             0.878      0.029     30.786      0.000

 JSA      ON
    DIJ               -0.335      0.090     -3.715      0.000

 JSA      ON
    WH_GROUP          -0.093      0.065     -1.423      0.155

 Means
    DIJ               -1.500      0.680     -2.207      0.027

 Intercepts
    JSA               -1.117      0.504     -2.215      0.027

 Thresholds
    DIJ_01$1          -1.757      0.495     -3.552      0.000
    DIJ_01$2          -0.647      0.480     -1.348      0.178
    DIJ_01$3          -0.041      0.478     -0.087      0.931
    DIJ_02$1          -1.050      0.509     -2.063      0.039
    DIJ_02$2          -0.396      0.506     -0.781      0.435
    DIJ_03$1          -1.410      0.499     -2.828      0.005
    DIJ_03$2          -0.352      0.484     -0.728      0.467
    DIJ_03$3           0.322      0.486      0.663      0.508
    DIJ_04$1          -1.649      0.458     -3.600      0.000
    DIJ_04$2          -0.735      0.452     -1.624      0.104
    DIJ_04$3          -0.145      0.450     -0.323      0.747
    JSA_01$1          -1.715      0.357     -4.800      0.000
    JSA_01$2          -1.050      0.336     -3.127      0.002
    JSA_01$3           0.468      0.329      1.420      0.156
    JSA_02$1          -0.498      0.317     -1.571      0.116
    JSA_02$2           0.442      0.316      1.396      0.163
    JSA_03$1          -1.892      0.330     -5.729      0.000
    JSA_03$2          -1.014      0.312     -3.251      0.001
    JSA_03$3           0.552      0.308      1.790      0.073
    JSA_04$1          -1.216      0.351     -3.469      0.001
    JSA_04$2           0.558      0.347      1.610      0.108

 Variances
    DIJ                1.000      0.000    999.000    999.000

 Residual Variances
    DIJ_01             0.235      0.047      4.964      0.000
    DIJ_02             0.313      0.059      5.289      0.000
    DIJ_03             0.287      0.053      5.411      0.000
    DIJ_04             0.471      0.064      7.346      0.000
    JSA_01             0.067      0.029      2.352      0.019
    JSA_02             0.783      0.054     14.409      0.000
    JSA_03             0.148      0.037      4.000      0.000
    JSA_04             0.229      0.050      4.568      0.000
    JSA                0.879      0.061     14.456      0.000


R-SQUARE

Group PERM

    Observed                                        Two-Tailed     Scale
    Variable        Estimate       S.E.  Est./S.E.    P-Value     Factors

    DIJ_01             0.824      0.037     22.173      0.000      0.419
    DIJ_02             0.760      0.036     21.077      0.000      0.490
    DIJ_03             0.782      0.041     19.060      0.000      0.467
    DIJ_04             0.618      0.045     13.878      0.000      0.618
    JSA_01             0.899      0.041     22.190      0.000      0.318
    JSA_02             0.152      0.040      3.767      0.000      0.921
    JSA_03             0.788      0.036     21.600      0.000      0.462
    JSA_04             0.685      0.043     16.064      0.000      0.562

     Latent                                         Two-Tailed
    Variable        Estimate       S.E.  Est./S.E.    P-Value

    JSA                0.043      0.029      1.504      0.133

Group TEMP

    Observed                                        Two-Tailed     Scale
    Variable        Estimate       S.E.  Est./S.E.    P-Value     Factors

    DIJ_01             0.765      0.047     16.178      0.000      0.485
    DIJ_02             0.687      0.059     11.628      0.000      0.559
    DIJ_03             0.713      0.053     13.466      0.000      0.535
    DIJ_04             0.529      0.064      8.267      0.000      0.686
    JSA_01             0.933      0.029     32.501      0.000      0.261
    JSA_02             0.217      0.054      4.005      0.000      0.885
    JSA_03             0.852      0.037     22.956      0.000      0.387
    JSA_04             0.771      0.050     15.393      0.000      0.480

     Latent                                         Two-Tailed
    Variable        Estimate       S.E.  Est./S.E.    P-Value

    JSA                0.121      0.061      1.983      0.047


QUALITY OF NUMERICAL RESULTS

     Condition Number for the Information Matrix              0.588E-03
       (ratio of smallest to largest eigenvalue)


MODEL MODIFICATION INDICES

NOTE:  Modification indices for direct effects of observed dependent variables
regressed on covariates and residual covariances among observed dependent
variables may not be included.  To include these, request MODINDICES (ALL).

Minimum M.I. value for printing the modification index    10.000

                                   M.I.     E.P.C.  Std E.P.C.  StdYX E.P.C.
Group PERM


Means/Intercepts/Thresholds

[ DIJ      ]                     999.000     0.000      0.000        0.000

Group TEMP


No modification indices above the minimum value.



TECHNICAL 1 OUTPUT


     PARAMETER SPECIFICATION FOR PERM


           TAU
              DIJ_01$1      DIJ_01$2      DIJ_01$3      DIJ_02$1      DIJ_02$2
              ________      ________      ________      ________      ________
                  1             2             3             4             5


           TAU
              DIJ_03$1      DIJ_03$2      DIJ_03$3      DIJ_04$1      DIJ_04$2
              ________      ________      ________      ________      ________
                  6             7             8             9            10


           TAU
              DIJ_04$3      JSA_01$1      JSA_01$2      JSA_01$3      JSA_02$1
              ________      ________      ________      ________      ________
                 11            12            13            14            15


           TAU
              JSA_02$2      JSA_03$1      JSA_03$2      JSA_03$3      JSA_04$1
              ________      ________      ________      ________      ________
                 16            17            18            19            20


           TAU
              JSA_04$2
              ________
                 21


           NU
              DIJ_01        DIJ_02        DIJ_03        DIJ_04        JSA_01
              ________      ________      ________      ________      ________
                  0             0             0             0             0


           NU
              JSA_02        JSA_03        JSA_04
              ________      ________      ________
                  0             0             0


           LAMBDA
              DIJ           JSA
              ________      ________
 DIJ_01            22             0
 DIJ_02            23             0
 DIJ_03            24             0
 DIJ_04            25             0
 JSA_01             0            26
 JSA_02             0            27
 JSA_03             0            28
 JSA_04             0            29


           THETA
              DIJ_01        DIJ_02        DIJ_03        DIJ_04        JSA_01
              ________      ________      ________      ________      ________
 DIJ_01             0
 DIJ_02             0             0
 DIJ_03             0             0             0
 DIJ_04             0             0             0             0
 JSA_01             0             0             0             0             0
 JSA_02             0             0             0             0             0
 JSA_03             0             0             0             0             0
 JSA_04             0             0             0             0             0


           THETA
              JSA_02        JSA_03        JSA_04
              ________      ________      ________
 JSA_02             0
 JSA_03             0             0
 JSA_04             0             0             0


           ALPHA
              DIJ           JSA
              ________      ________
                  0             0


           BETA
              DIJ           JSA
              ________      ________
 DIJ                0             0
 JSA               30             0


           GAMMA
              WH_GROUP
              ________
 DIJ                0
 JSA               31


           PSI
              DIJ           JSA
              ________      ________
 DIJ                0
 JSA                0             0


     PARAMETER SPECIFICATION FOR TEMP


           TAU
              DIJ_01$1      DIJ_01$2      DIJ_01$3      DIJ_02$1      DIJ_02$2
              ________      ________      ________      ________      ________
                  1             2             3             4             5


           TAU
              DIJ_03$1      DIJ_03$2      DIJ_03$3      DIJ_04$1      DIJ_04$2
              ________      ________      ________      ________      ________
                  6             7             8             9            10


           TAU
              DIJ_04$3      JSA_01$1      JSA_01$2      JSA_01$3      JSA_02$1
              ________      ________      ________      ________      ________
                 11            12            13            14            15


           TAU
              JSA_02$2      JSA_03$1      JSA_03$2      JSA_03$3      JSA_04$1
              ________      ________      ________      ________      ________
                 16            17            18            19            20


           TAU
              JSA_04$2
              ________
                 21


           NU
              DIJ_01        DIJ_02        DIJ_03        DIJ_04        JSA_01
              ________      ________      ________      ________      ________
                  0             0             0             0             0


           NU
              JSA_02        JSA_03        JSA_04
              ________      ________      ________
                  0             0             0


           LAMBDA
              DIJ           JSA
              ________      ________
 DIJ_01            22             0
 DIJ_02            23             0
 DIJ_03            24             0
 DIJ_04            25             0
 JSA_01             0            26
 JSA_02             0            27
 JSA_03             0            28
 JSA_04             0            29


           THETA
              DIJ_01        DIJ_02        DIJ_03        DIJ_04        JSA_01
              ________      ________      ________      ________      ________
 DIJ_01             0
 DIJ_02             0             0
 DIJ_03             0             0             0
 DIJ_04             0             0             0             0
 JSA_01             0             0             0             0             0
 JSA_02             0             0             0             0             0
 JSA_03             0             0             0             0             0
 JSA_04             0             0             0             0             0


           THETA
              JSA_02        JSA_03        JSA_04
              ________      ________      ________
 JSA_02             0
 JSA_03             0             0
 JSA_04             0             0             0


           ALPHA
              DIJ           JSA
              ________      ________
                 32            33


           BETA
              DIJ           JSA
              ________      ________
 DIJ                0             0
 JSA               34             0


           GAMMA
              WH_GROUP
              ________
 DIJ                0
 JSA               31


           PSI
              DIJ           JSA
              ________      ________
 DIJ               35
 JSA                0            36


     STARTING VALUES FOR PERM


           TAU
              DIJ_01$1      DIJ_01$2      DIJ_01$3      DIJ_02$1      DIJ_02$2
              ________      ________      ________      ________      ________
               -1.666        -0.762        -0.055        -0.862        -0.241


           TAU
              DIJ_03$1      DIJ_03$2      DIJ_03$3      DIJ_04$1      DIJ_04$2
              ________      ________      ________      ________      ________
               -1.520        -0.690        -0.015        -1.563        -0.853


           TAU
              DIJ_04$3      JSA_01$1      JSA_01$2      JSA_01$3      JSA_02$1
              ________      ________      ________      ________      ________
               -0.149        -1.609        -0.801         0.869        -0.434


           TAU
              JSA_02$2      JSA_03$1      JSA_03$2      JSA_03$3      JSA_04$1
              ________      ________      ________      ________      ________
                0.521        -1.428        -0.389         1.428        -0.604


           TAU
              JSA_04$2
              ________
                1.304


           NU
              DIJ_01        DIJ_02        DIJ_03        DIJ_04        JSA_01
              ________      ________      ________      ________      ________
                0.000         0.000         0.000         0.000         0.000


           NU
              JSA_02        JSA_03        JSA_04
              ________      ________      ________
                0.000         0.000         0.000


           LAMBDA
              DIJ           JSA
              ________      ________
 DIJ_01         1.000         0.000
 DIJ_02         1.000         0.000
 DIJ_03         1.000         0.000
 DIJ_04         1.000         0.000
 JSA_01         0.000         1.000
 JSA_02         0.000         1.000
 JSA_03         0.000         1.000
 JSA_04         0.000         1.000


           THETA
              DIJ_01        DIJ_02        DIJ_03        DIJ_04        JSA_01
              ________      ________      ________      ________      ________
 DIJ_01         1.000
 DIJ_02         0.000         1.000
 DIJ_03         0.000         0.000         1.000
 DIJ_04         0.000         0.000         0.000         1.000
 JSA_01         0.000         0.000         0.000         0.000         1.000
 JSA_02         0.000         0.000         0.000         0.000         0.000
 JSA_03         0.000         0.000         0.000         0.000         0.000
 JSA_04         0.000         0.000         0.000         0.000         0.000


           THETA
              JSA_02        JSA_03        JSA_04
              ________      ________      ________
 JSA_02         1.000
 JSA_03         0.000         1.000
 JSA_04         0.000         0.000         1.000


           ALPHA
              DIJ           JSA
              ________      ________
                0.000         0.000


           BETA
              DIJ           JSA
              ________      ________
 DIJ            0.000         0.000
 JSA            0.000         0.000


           GAMMA
              WH_GROUP
              ________
 DIJ            0.000
 JSA            0.000


           PSI
              DIJ           JSA
              ________      ________
 DIJ            1.000
 JSA            0.000         1.000


     STARTING VALUES FOR TEMP


           TAU
              DIJ_01$1      DIJ_01$2      DIJ_01$3      DIJ_02$1      DIJ_02$2
              ________      ________      ________      ________      ________
               -1.049         0.006         0.575        -0.227         0.390


           TAU
              DIJ_03$1      DIJ_03$2      DIJ_03$3      DIJ_04$1      DIJ_04$2
              ________      ________      ________      ________      ________
               -0.928         0.042         0.670        -1.054        -0.203


           TAU
              DIJ_04$3      JSA_01$1      JSA_01$2      JSA_01$3      JSA_02$1
              ________      ________      ________      ________      ________
                0.381        -1.440        -0.692         1.005        -0.579


           TAU
              JSA_02$2      JSA_03$1      JSA_03$2      JSA_03$3      JSA_04$1
              ________      ________      ________      ________      ________
                0.376        -1.262        -0.308         1.399        -0.623


           TAU
              JSA_04$2
              ________
                1.341


           NU
              DIJ_01        DIJ_02        DIJ_03        DIJ_04        JSA_01
              ________      ________      ________      ________      ________
                0.000         0.000         0.000         0.000         0.000


           NU
              JSA_02        JSA_03        JSA_04
              ________      ________      ________
                0.000         0.000         0.000


           LAMBDA
              DIJ           JSA
              ________      ________
 DIJ_01         0.913         0.000
 DIJ_02         0.795         0.000
 DIJ_03         0.881         0.000
 DIJ_04         0.609         0.000
 JSA_01         0.000         1.030
 JSA_02         0.000         0.501
 JSA_03         0.000         0.873
 JSA_04         0.000         0.834


           THETA
              DIJ_01        DIJ_02        DIJ_03        DIJ_04        JSA_01
              ________      ________      ________      ________      ________
 DIJ_01         1.000
 DIJ_02         0.000         1.000
 DIJ_03         0.000         0.000         1.000
 DIJ_04         0.000         0.000         0.000         1.000
 JSA_01         0.000         0.000         0.000         0.000         1.000
 JSA_02         0.000         0.000         0.000         0.000         0.000
 JSA_03         0.000         0.000         0.000         0.000         0.000
 JSA_04         0.000         0.000         0.000         0.000         0.000


           THETA
              JSA_02        JSA_03        JSA_04
              ________      ________      ________
 JSA_02         1.000
 JSA_03         0.000         1.000
 JSA_04         0.000         0.000         1.000


           ALPHA
              DIJ           JSA
              ________      ________
                0.000         0.000


           BETA
              DIJ           JSA
              ________      ________
 DIJ            0.000         0.000
 JSA            0.000         0.000


           GAMMA
              WH_GROUP
              ________
 DIJ            0.000
 JSA            0.000


           PSI
              DIJ           JSA
              ________      ________
 DIJ            1.000
 JSA            0.000         1.000


TECHNICAL 4 OUTPUT


     ESTIMATES DERIVED FROM THE MODEL FOR PERM


           ESTIMATED MEANS FOR THE LATENT VARIABLES
              DIJ           JSA
              ________      ________
                0.000        -0.443


           ESTIMATED COVARIANCE MATRIX FOR THE LATENT VARIABLES
              DIJ           JSA
              ________      ________
 DIJ            1.000
 JSA           -0.198         1.045


           ESTIMATED CORRELATION MATRIX FOR THE LATENT VARIABLES
              DIJ           JSA
              ________      ________
 DIJ            1.000
 JSA           -0.193         1.000


     ESTIMATES DERIVED FROM THE MODEL FOR TEMP


           ESTIMATED MEANS FOR THE LATENT VARIABLES
              DIJ           JSA
              ________      ________
               -1.250        -1.195


           ESTIMATED COVARIANCE MATRIX FOR THE LATENT VARIABLES
              DIJ           JSA
              ________      ________
 DIJ            0.695
 JSA           -0.355         1.617


           ESTIMATED CORRELATION MATRIX FOR THE LATENT VARIABLES
              DIJ           JSA
              ________      ________
 DIJ            1.000
 JSA           -0.335         1.000


     ESTIMATES DERIVED FROM THE MODEL FOR PERM


           S.E. FOR ESTIMATED MEANS FOR THE LATENT VARIABLES
              DIJ           JSA
              ________      ________
                0.000         0.310


           EST./S.E. FOR ESTIMATED MEANS FOR THE LATENT VARIABLES
              DIJ           JSA
              ________      ________
                0.000        -1.429


           TWO-TAILED P-VALUE FOR ESTIMATED MEANS FOR THE LATENT VARIABLES
              DIJ           JSA
              ________      ________
                1.000         0.153


           S.E. FOR ESTIMATED COVARIANCE MATRIX FOR THE LATENT VARIABLES
              DIJ           JSA
              ________      ________
 DIJ            0.000
 JSA            0.076         0.031


           EST./S.E. FOR ESTIMATED COVARIANCE MATRIX FOR THE LATENT VARIABLES
              DIJ           JSA
              ________      ________
 DIJ      ***********
 JSA           -2.613        33.547


           TWO-TAILED P-VALUE FOR ESTIMATED COVARIANCE MATRIX FOR THE LATENT VARIABLES
              DIJ           JSA
              ________      ________
 DIJ            0.000
 JSA            0.009         0.000


           S.E. FOR ESTIMATED CORRELATION MATRIX FOR THE LATENT VARIABLES
              DIJ           JSA
              ________      ________
 DIJ            0.000
 JSA            0.071         0.000


           EST./S.E. FOR ESTIMATED CORRELATION MATRIX FOR THE LATENT VARIABLES
              DIJ           JSA
              ________      ________
 DIJ          999.000
 JSA           -2.715       999.000


           TWO-TAILED P-VALUE FOR ESTIMATED CORRELATION MATRIX FOR THE LATENT VARIABLES
              DIJ           JSA
              ________      ________
 DIJ            0.000
 JSA            0.007         0.000


     ESTIMATES DERIVED FROM THE MODEL FOR TEMP


           S.E. FOR ESTIMATED MEANS FOR THE LATENT VARIABLES
              DIJ           JSA
              ________      ________
                0.559         0.698


           EST./S.E. FOR ESTIMATED MEANS FOR THE LATENT VARIABLES
              DIJ           JSA
              ________      ________
               -2.236        -1.712


           TWO-TAILED P-VALUE FOR ESTIMATED MEANS FOR THE LATENT VARIABLES
              DIJ           JSA
              ________      ________
                0.025         0.087


           S.E. FOR ESTIMATED COVARIANCE MATRIX FOR THE LATENT VARIABLES
              DIJ           JSA
              ________      ________
 DIJ            0.178
 JSA            0.114         0.428


           EST./S.E. FOR ESTIMATED COVARIANCE MATRIX FOR THE LATENT VARIABLES
              DIJ           JSA
              ________      ________
 DIJ            3.907
 JSA           -3.105         3.781


           TWO-TAILED P-VALUE FOR ESTIMATED COVARIANCE MATRIX FOR THE LATENT VARIABLES
              DIJ           JSA
              ________      ________
 DIJ            0.000
 JSA            0.002         0.000


           S.E. FOR ESTIMATED CORRELATION MATRIX FOR THE LATENT VARIABLES
              DIJ           JSA
              ________      ________
 DIJ            0.000
 JSA            0.090         0.000


           EST./S.E. FOR ESTIMATED CORRELATION MATRIX FOR THE LATENT VARIABLES
              DIJ           JSA
              ________      ________
 DIJ          999.000
 JSA           -3.715       999.000


           TWO-TAILED P-VALUE FOR ESTIMATED CORRELATION MATRIX FOR THE LATENT VARIABLES
              DIJ           JSA
              ________      ________
 DIJ            0.000
 JSA            0.000         0.000


SAMPLE STATISTICS FOR ESTIMATED FACTOR SCORES


     SAMPLE STATISTICS


           Means
              DIJ           DIJ_SE        JSA           JSA_SE
              ________      ________      ________      ________
               -0.360         0.389        -0.728         0.441


           Covariances
              DIJ           DIJ_SE        JSA           JSA_SE
              ________      ________      ________      ________
 DIJ            0.927
 DIJ_SE         0.051         0.015
 JSA           -0.132        -0.003         0.993
 JSA_SE        -0.024        -0.001         0.029         0.016


           Correlations
              DIJ           DIJ_SE        JSA           JSA_SE
              ________      ________      ________      ________
 DIJ            1.000
 DIJ_SE         0.430         1.000
 JSA           -0.137        -0.025         1.000
 JSA_SE        -0.191        -0.039         0.226         1.000


SAVEDATA INFORMATION


  Save file
    10_h1D_js_free_factorscores.csv

  Order of variables

    DIJ_01
    DIJ_02
    DIJ_03
    DIJ_04
    JSA_01
    JSA_02
    JSA_03
    JSA_04
    WH_GROUP
    DIJ
    DIJ_SE
    JSA
    JSA_SE
    GROUP

  Save file format           Free

  Save file record length    10000


     Beginning Time:  11:25:45
        Ending Time:  11:25:46
       Elapsed Time:  00:00:01



MUTHEN & MUTHEN
3463 Stoner Ave.
Los Angeles, CA  90066

Tel: (310) 391-9971
Fax: (310) 391-8971
Web: www.StatModel.com
Support: Support@StatModel.com

Copyright (c) 1998-2018 Muthen & Muthen
