Mplus VERSION 8.9 (Linux)
MUTHEN & MUTHEN
06/19/2023  12:52 PM

INPUT INSTRUCTIONS

  DATA: FILE = "../../data/transforms/mplus.dat";

  VARIABLE:

      NAMES =
      group group_detail wh_group
  dij_01 dij_02 dij_03 dij_04
  apc_01 apc_02 apc_03 apc_04 apc_05
  app_01 app_02 app_03 app_04 app_05
  res_01 res_02 res_03
  exh_01 exh_04 exh_08
  jsa_01 jsa_02 jsa_03 jsa_04
   in_ex inc_ins
  ;

      MISSING = .;

      USEVARIABLES =
          dij_01-dij_04
          !apc_01-apc_05
          !app_01-app_05
          !res_01-res_03
          !exh_01 exh_04 exh_08
          !jsa_01 jsa_02 jsa_03 jsa_04
          wh_group
          in_ex
          ;


      categorical =
          dij_01-dij_04;

      grouping = group (1 = perm, 2 = temp)

      DEFINE:
          CENTER wh_group in_ex (GRANDMEAN);

  ANALYSIS:
      estimator = WLSMV;
      PARAMETERIZATION = THETA;
      STARTS=20;

  MODEL:

      !! PERM

          ! Factor loadings fixed
          DIJ by
              dij_01* (f_dij_01)
              dij_02* (f_dij_02)
              dij_03* (f_dij_03)
              dij_04* (f_dij_04)
              ;


          ! Item thresholds are fix

          !DIJ
          [dij_01$1*] (t1dij_01);
          [dij_01$2*] (t2dij_01);
          [dij_01$3*] (t3dij_01);

          [dij_02$1*] (t1dij_02);
          [dij_02$2*] (t2dij_02);

          [dij_03$1*] (t1dij_03);
          [dij_03$2*] (t2dij_03);
          [dij_03$3*] (t3dij_03);

          [dij_04$1*] (t1dij_04);
          [dij_04$2*] (t2dij_04);
          [dij_04$3*] (t3dij_04);

          ! Item residual variances all fixed=1
          dij_01-dij_04@1;


          ! Factors mean=0 and variance=1 for identification

          [DIJ@0];

          !DIJ (dij_var);
          DIJ@0.662; !estimated with model constraint, so that total var 1

          ! Hypothesis
          DIJ on
              wh_group (wh_group)
              in_ex* (hypo)
              ;

  MODEL temp:

          ! Factor loadings fixed
          DIJ by
              dij_01* (f_dij_01)
              dij_02* (f_dij_02)
              dij_03* (f_dij_03)
              dij_04* (f_dij_04)
              ;


          ! Item thresholds are fix

          !DIJ
          [dij_01$1*] (t1dij_01);
          [dij_01$2*] (t2dij_01);
          [dij_01$3*] (t3dij_01);

          [dij_02$1*] (t1dij_02);
          [dij_02$2*] (t2dij_02);

          [dij_03$1*] (t1dij_03);
          [dij_03$2*] (t2dij_03);
          [dij_03$3*] (t3dij_03);

          [dij_04$1*] (t1dij_04);
          [dij_04$2*] (t2dij_04);
          [dij_04$3*] (t3dij_04);

          ! Item residual variances all fixed=1
          dij_01-dij_04@1;


          ! Factors mean and variance free

          [DIJ*];

          DIJ*;

          ! Hypothesis
          DIJ on
              wh_group (wh_group)
              in_ex*
              ;

  OUTPUT:
  	tech1
  	tech4
  	stdyx
  	;

  !MODEL CONSTRAINT:
  !    0 = 1-(dij_var + wh_group*wh_group + hypo * hypo);

  SAVEDATA: DIFFTEST=00_h2b_b_free.diff;



*** WARNING
  Data set contains cases with missing on x-variables.
  These cases were not included in the analysis.
  Number of cases with missing on x-variables:  4
*** WARNING
  Data set contains cases with missing on all variables except
  x-variables.  These cases were not included in the analysis.
  Number of cases with missing on all variables except x-variables:  5
   2 WARNING(S) FOUND IN THE INPUT INSTRUCTIONS




SUMMARY OF ANALYSIS

Number of groups                                                 2
Number of observations
   Group PERM                                                  255
   Group TEMP                                                  118
   Total sample size                                           373

Number of dependent variables                                    4
Number of independent variables                                  2
Number of continuous latent variables                            1

Observed dependent variables

  Binary and ordered categorical (ordinal)
   DIJ_01      DIJ_02      DIJ_03      DIJ_04

Observed independent variables
   WH_GROUP    IN_EX

Continuous latent variables
   DIJ

Variables with special functions

  Grouping variable     GROUP

  Centering (GRANDMEAN)
   WH_GROUP    IN_EX


Estimator                                                    WLSMV
Maximum number of iterations                                  1000
Convergence criterion                                    0.500D-04
Maximum number of steepest descent iterations                   20
Maximum number of iterations for H1                           2000
Convergence criterion for H1                             0.100D-03
Random Starts Specifications
  Number of random starts                                       20
  Random starts scale                                    0.500D+01
Parameterization                                             THETA
Link                                                        PROBIT

Input data file(s)
  ../../data/transforms/mplus.dat

Input data format  FREE


SUMMARY OF DATA

   Group PERM
     Number of missing data patterns             9

   Group TEMP
     Number of missing data patterns             6


COVARIANCE COVERAGE OF DATA

Minimum covariance coverage value   0.100


     PROPORTION OF DATA PRESENT FOR PERM


           Covariance Coverage
              DIJ_01        DIJ_02        DIJ_03        DIJ_04
              ________      ________      ________      ________
 DIJ_01         0.976
 DIJ_02         0.961         0.980
 DIJ_03         0.953         0.953         0.965
 DIJ_04         0.969         0.969         0.957         0.988


     PROPORTION OF DATA PRESENT FOR TEMP


           Covariance Coverage
              DIJ_01        DIJ_02        DIJ_03        DIJ_04
              ________      ________      ________      ________
 DIJ_01         0.966
 DIJ_02         0.966         0.992
 DIJ_03         0.949         0.966         0.966
 DIJ_04         0.949         0.975         0.949         0.983


UNIVARIATE PROPORTIONS AND COUNTS FOR CATEGORICAL VARIABLES

  Group PERM
    DIJ_01
      Category 1    0.048           12.000
      Category 2    0.177           44.000
      Category 3    0.253           63.000
      Category 4    0.522          130.000
    DIJ_02
      Category 1    0.196           49.000
      Category 2    0.212           53.000
      Category 3    0.592          148.000
    DIJ_03
      Category 1    0.065           16.000
      Category 2    0.175           43.000
      Category 3    0.248           61.000
      Category 4    0.512          126.000
    DIJ_04
      Category 1    0.060           15.000
      Category 2    0.139           35.000
      Category 3    0.242           61.000
      Category 4    0.560          141.000

  Group TEMP
    DIJ_01
      Category 1    0.333           38.000
      Category 2    0.447           51.000
      Category 3    0.105           12.000
      Category 4    0.114           13.000
    DIJ_02
      Category 1    0.658           77.000
      Category 2    0.188           22.000
      Category 3    0.154           18.000
    DIJ_03
      Category 1    0.368           42.000
      Category 2    0.412           47.000
      Category 3    0.132           15.000
      Category 4    0.088           10.000
    DIJ_04
      Category 1    0.293           34.000
      Category 2    0.379           44.000
      Category 3    0.147           17.000
      Category 4    0.181           21.000



UNIVARIATE SAMPLE STATISTICS


     UNIVARIATE HIGHER-ORDER MOMENT DESCRIPTIVE STATISTICS FOR PERM

         Variable/         Mean/     Skewness/   Minimum/ % with                Percentiles
        Sample Size      Variance    Kurtosis    Maximum  Min/Max      20%/60%    40%/80%    Median

     WH_GROUP              0.000      -1.574      -2.553    1.96%      -0.553      0.447      0.447
             255.000       0.584       1.436       0.447   70.20%       0.447      0.447
     IN_EX                 0.000      -0.618      -0.497    0.39%      -0.077     -0.041     -0.041
             255.000       0.018       0.556       0.163   27.84%       0.043      0.163


     UNIVARIATE HIGHER-ORDER MOMENT DESCRIPTIVE STATISTICS FOR TEMP

         Variable/         Mean/     Skewness/   Minimum/ % with                Percentiles
        Sample Size      Variance    Kurtosis    Maximum  Min/Max      20%/60%    40%/80%    Median

     WH_GROUP              0.000      -1.494      -3.254    5.08%      -1.254      0.746      0.746
             118.000       1.444       0.962       0.746   64.41%       0.746      0.746
     IN_EX                 0.000      -1.486      -0.782    2.54%      -0.139      0.018      0.018
             118.000       0.050       2.486       0.222   28.81%       0.018      0.222


RANDOM STARTS RESULTS RANKED FROM THE BEST TO THE WORST FIT FUNCTION VALUES

Fit function values at local maxima and random start numbers:

      0.30803358D-01         16
      0.30803359D-01         1
      0.30803359D-01         19
      0.30803362D-01         20
      0.30803364D-01         13
      0.30803366D-01         8
      0.30803367D-01         11
      0.30803370D-01         15
      0.30803371D-01         7
      0.30803374D-01         12
      0.30803375D-01         unperturbed
      0.30803377D-01         17
      0.30803380D-01         14
      0.30803382D-01         6
      0.30803390D-01         9
      0.30803392D-01         18
      0.30803400D-01         2
      0.30803497D-01         10
      0.30803513D-01         4
      0.30803597D-01         5
      0.30803680D-01         3

THE MODEL ESTIMATION TERMINATED NORMALLY



MODEL FIT INFORMATION

Number of Free Parameters                       20

Chi-Square Test of Model Fit

          Value                             37.673*
          Degrees of Freedom                    30
          P-Value                           0.1583

Chi-Square Contribution From Each Group

          PERM                              16.976
          TEMP                              20.696

*   The chi-square value for MLM, MLMV, MLR, ULSMV, WLSM and WLSMV cannot be used
    for chi-square difference testing in the regular way.  MLM, MLR and WLSM
    chi-square difference testing is described on the Mplus website.  MLMV, WLSMV,
    and ULSMV difference testing is done using the DIFFTEST option.

RMSEA (Root Mean Square Error Of Approximation)

          Estimate                           0.037
          90 Percent C.I.                    0.000  0.070
          Probability RMSEA <= .05           0.704

CFI/TLI

          CFI                                0.996
          TLI                                0.997

Chi-Square Test of Model Fit for the Baseline Model

          Value                           2216.207
          Degrees of Freedom                    28
          P-Value                           0.0000

SRMR (Standardized Root Mean Square Residual)

          Value                              0.032

Optimum Function Value for Weighted Least-Squares Estimator

          Value                     0.30803358D-01



MODEL RESULTS

                                                    Two-Tailed
                    Estimate       S.E.  Est./S.E.    P-Value

Group PERM

 DIJ      BY
    DIJ_01             2.538      0.301      8.437      0.000
    DIJ_02             2.140      0.213     10.060      0.000
    DIJ_03             2.491      0.296      8.420      0.000
    DIJ_04             1.584      0.142     11.163      0.000

 DIJ      ON
    WH_GROUP           0.106      0.073      1.445      0.148
    IN_EX             -0.639      0.605     -1.056      0.291

 Intercepts
    DIJ                0.000      0.000    999.000    999.000

 Thresholds
    DIJ_01$1          -3.787      0.340    -11.132      0.000
    DIJ_01$2          -1.599      0.218     -7.339      0.000
    DIJ_01$3          -0.220      0.185     -1.194      0.233
    DIJ_02$1          -1.727      0.196     -8.816      0.000
    DIJ_02$2          -0.521      0.169     -3.092      0.002
    DIJ_03$1          -3.477      0.328    -10.592      0.000
    DIJ_03$2          -1.510      0.224     -6.743      0.000
    DIJ_03$3          -0.102      0.181     -0.563      0.573
    DIJ_04$1          -2.587      0.175    -14.783      0.000
    DIJ_04$2          -1.292      0.138     -9.338      0.000
    DIJ_04$3          -0.310      0.131     -2.371      0.018

 Residual Variances
    DIJ_01             1.000      0.000    999.000    999.000
    DIJ_02             1.000      0.000    999.000    999.000
    DIJ_03             1.000      0.000    999.000    999.000
    DIJ_04             1.000      0.000    999.000    999.000
    DIJ                0.662      0.000    999.000    999.000

Group TEMP

 DIJ      BY
    DIJ_01             2.538      0.301      8.437      0.000
    DIJ_02             2.140      0.213     10.060      0.000
    DIJ_03             2.491      0.296      8.420      0.000
    DIJ_04             1.584      0.142     11.163      0.000

 DIJ      ON
    WH_GROUP           0.106      0.073      1.445      0.148
    IN_EX             -0.704      0.565     -1.246      0.213

 Intercepts
    DIJ               -1.144      0.112    -10.249      0.000

 Thresholds
    DIJ_01$1          -3.787      0.340    -11.132      0.000
    DIJ_01$2          -1.599      0.218     -7.339      0.000
    DIJ_01$3          -0.220      0.185     -1.194      0.233
    DIJ_02$1          -1.727      0.196     -8.816      0.000
    DIJ_02$2          -0.521      0.169     -3.092      0.002
    DIJ_03$1          -3.477      0.328    -10.592      0.000
    DIJ_03$2          -1.510      0.224     -6.743      0.000
    DIJ_03$3          -0.102      0.181     -0.563      0.573
    DIJ_04$1          -2.587      0.175    -14.783      0.000
    DIJ_04$2          -1.292      0.138     -9.338      0.000
    DIJ_04$3          -0.310      0.131     -2.371      0.018

 Residual Variances
    DIJ_01             1.000      0.000    999.000    999.000
    DIJ_02             1.000      0.000    999.000    999.000
    DIJ_03             1.000      0.000    999.000    999.000
    DIJ_04             1.000      0.000    999.000    999.000
    DIJ                0.454      0.112      4.034      0.000


QUALITY OF NUMERICAL RESULTS

     Condition Number for the Information Matrix              0.484E-02
       (ratio of smallest to largest eigenvalue)


STANDARDIZED MODEL RESULTS


STDYX Standardization

                                                    Two-Tailed
                    Estimate       S.E.  Est./S.E.    P-Value

Group PERM

 DIJ      BY
    DIJ_01             0.901      0.020     44.654      0.000
    DIJ_02             0.868      0.021     40.771      0.000
    DIJ_03             0.897      0.021     43.236      0.000
    DIJ_04             0.791      0.026     29.857      0.000

 DIJ      ON
    WH_GROUP           0.099      0.069      1.450      0.147
    IN_EX             -0.105      0.099     -1.060      0.289

 Intercepts
    DIJ                0.000      0.000    999.000    999.000

 Thresholds
    DIJ_01$1          -1.646      0.114    -14.472      0.000
    DIJ_01$2          -0.695      0.080     -8.652      0.000
    DIJ_01$3          -0.096      0.078     -1.232      0.218
    DIJ_02$1          -0.858      0.081    -10.533      0.000
    DIJ_02$2          -0.259      0.077     -3.364      0.001
    DIJ_03$1          -1.534      0.108    -14.211      0.000
    DIJ_03$2          -0.666      0.081     -8.241      0.000
    DIJ_03$3          -0.045      0.079     -0.572      0.567
    DIJ_04$1          -1.583      0.103    -15.300      0.000
    DIJ_04$2          -0.791      0.080     -9.824      0.000
    DIJ_04$3          -0.190      0.077     -2.454      0.014

 Residual Variances
    DIJ_01             0.189      0.036      5.202      0.000
    DIJ_02             0.247      0.037      6.680      0.000
    DIJ_03             0.195      0.037      5.228      0.000
    DIJ_04             0.374      0.042      8.926      0.000
    DIJ                0.993      0.010    101.083      0.000

Group TEMP

 DIJ      BY
    DIJ_01             0.865      0.029     30.154      0.000
    DIJ_02             0.824      0.035     23.427      0.000
    DIJ_03             0.861      0.028     30.766      0.000
    DIJ_04             0.733      0.041     17.946      0.000

 DIJ      ON
    WH_GROUP           0.188      0.130      1.443      0.149
    IN_EX             -0.233      0.184     -1.267      0.205

 Intercepts
    DIJ               -1.684      0.201     -8.359      0.000

 Thresholds
    DIJ_01$1          -1.900      0.167    -11.349      0.000
    DIJ_01$2          -0.802      0.112     -7.161      0.000
    DIJ_01$3          -0.111      0.092     -1.197      0.231
    DIJ_02$1          -0.979      0.116     -8.420      0.000
    DIJ_02$2          -0.295      0.094     -3.147      0.002
    DIJ_03$1          -1.769      0.164    -10.772      0.000
    DIJ_03$2          -0.768      0.113     -6.791      0.000
    DIJ_03$3          -0.052      0.091     -0.566      0.571
    DIJ_04$1          -1.761      0.128    -13.806      0.000
    DIJ_04$2          -0.880      0.098     -9.001      0.000
    DIJ_04$3          -0.211      0.089     -2.384      0.017

 Residual Variances
    DIJ_01             0.252      0.050      5.074      0.000
    DIJ_02             0.321      0.058      5.544      0.000
    DIJ_03             0.259      0.048      5.373      0.000
    DIJ_04             0.463      0.060      7.750      0.000
    DIJ                0.983      0.028     35.529      0.000


R-SQUARE

Group PERM

    Observed                                        Two-Tailed     Scale
    Variable        Estimate       S.E.  Est./S.E.    P-Value     Factors

    DIJ_01             0.811      0.036     22.327      0.000      0.436
    DIJ_02             0.753      0.037     20.385      0.000      0.498
    DIJ_03             0.805      0.037     21.618      0.000      0.442
    DIJ_04             0.626      0.042     14.929      0.000      0.613

     Latent                                         Two-Tailed
    Variable        Estimate       S.E.  Est./S.E.    P-Value

    DIJ                0.007      0.010      0.681      0.496

Group TEMP

    Observed                                        Two-Tailed     Scale
    Variable        Estimate       S.E.  Est./S.E.    P-Value     Factors

    DIJ_01             0.748      0.050     15.077      0.000      0.505
    DIJ_02             0.679      0.058     11.713      0.000      0.570
    DIJ_03             0.741      0.048     15.383      0.000      0.512
    DIJ_04             0.537      0.060      8.973      0.000      0.684

     Latent                                         Two-Tailed
    Variable        Estimate       S.E.  Est./S.E.    P-Value

    DIJ                0.017      0.028      0.611      0.541


TECHNICAL 1 OUTPUT


     PARAMETER SPECIFICATION FOR PERM


           TAU
              DIJ_01$1      DIJ_01$2      DIJ_01$3      DIJ_02$1      DIJ_02$2
              ________      ________      ________      ________      ________
                  1             2             3             4             5


           TAU
              DIJ_03$1      DIJ_03$2      DIJ_03$3      DIJ_04$1      DIJ_04$2
              ________      ________      ________      ________      ________
                  6             7             8             9            10


           TAU
              DIJ_04$3
              ________
                 11


           NU
              DIJ_01        DIJ_02        DIJ_03        DIJ_04
              ________      ________      ________      ________
                  0             0             0             0


           LAMBDA
              DIJ
              ________
 DIJ_01            12
 DIJ_02            13
 DIJ_03            14
 DIJ_04            15


           THETA
              DIJ_01        DIJ_02        DIJ_03        DIJ_04
              ________      ________      ________      ________
 DIJ_01             0
 DIJ_02             0             0
 DIJ_03             0             0             0
 DIJ_04             0             0             0             0


           ALPHA
              DIJ
              ________
                  0


           BETA
              DIJ
              ________
 DIJ                0


           GAMMA
              WH_GROUP      IN_EX
              ________      ________
 DIJ               16            17


           PSI
              DIJ
              ________
 DIJ                0


     PARAMETER SPECIFICATION FOR TEMP


           TAU
              DIJ_01$1      DIJ_01$2      DIJ_01$3      DIJ_02$1      DIJ_02$2
              ________      ________      ________      ________      ________
                  1             2             3             4             5


           TAU
              DIJ_03$1      DIJ_03$2      DIJ_03$3      DIJ_04$1      DIJ_04$2
              ________      ________      ________      ________      ________
                  6             7             8             9            10


           TAU
              DIJ_04$3
              ________
                 11


           NU
              DIJ_01        DIJ_02        DIJ_03        DIJ_04
              ________      ________      ________      ________
                  0             0             0             0


           LAMBDA
              DIJ
              ________
 DIJ_01            12
 DIJ_02            13
 DIJ_03            14
 DIJ_04            15


           THETA
              DIJ_01        DIJ_02        DIJ_03        DIJ_04
              ________      ________      ________      ________
 DIJ_01             0
 DIJ_02             0             0
 DIJ_03             0             0             0
 DIJ_04             0             0             0             0


           ALPHA
              DIJ
              ________
                 18


           BETA
              DIJ
              ________
 DIJ                0


           GAMMA
              WH_GROUP      IN_EX
              ________      ________
 DIJ               16            19


           PSI
              DIJ
              ________
 DIJ               20


     STARTING VALUES FOR PERM


           TAU
              DIJ_01$1      DIJ_01$2      DIJ_01$3      DIJ_02$1      DIJ_02$2
              ________      ________      ________      ________      ________
               -1.663        -0.756        -0.055        -0.856        -0.233


           TAU
              DIJ_03$1      DIJ_03$2      DIJ_03$3      DIJ_04$1      DIJ_04$2
              ________      ________      ________      ________      ________
               -1.514        -0.707        -0.031        -1.559        -0.847


           TAU
              DIJ_04$3
              ________
               -0.150


           NU
              DIJ_01        DIJ_02        DIJ_03        DIJ_04
              ________      ________      ________      ________
                0.000         0.000         0.000         0.000


           LAMBDA
              DIJ
              ________
 DIJ_01         0.873
 DIJ_02         0.888
 DIJ_03         0.877
 DIJ_04         0.817


           THETA
              DIJ_01        DIJ_02        DIJ_03        DIJ_04
              ________      ________      ________      ________
 DIJ_01         1.000
 DIJ_02         0.000         1.000
 DIJ_03         0.000         0.000         1.000
 DIJ_04         0.000         0.000         0.000         1.000


           ALPHA
              DIJ
              ________
                0.000


           BETA
              DIJ
              ________
 DIJ            0.000


           GAMMA
              WH_GROUP      IN_EX
              ________      ________
 DIJ            0.000         0.000


           PSI
              DIJ
              ________
 DIJ            0.662


     STARTING VALUES FOR TEMP


           TAU
              DIJ_01$1      DIJ_01$2      DIJ_01$3      DIJ_02$1      DIJ_02$2
              ________      ________      ________      ________      ________
               -1.047         0.009         0.575        -0.224         0.394


           TAU
              DIJ_03$1      DIJ_03$2      DIJ_03$3      DIJ_04$1      DIJ_04$2
              ________      ________      ________      ________      ________
               -0.925         0.034         0.662        -1.052        -0.200


           TAU
              DIJ_04$3
              ________
                0.381


           NU
              DIJ_01        DIJ_02        DIJ_03        DIJ_04
              ________      ________      ________      ________
                0.000         0.000         0.000         0.000


           LAMBDA
              DIJ
              ________
 DIJ_01         0.911
 DIJ_02         0.793
 DIJ_03         0.881
 DIJ_04         0.604


           THETA
              DIJ_01        DIJ_02        DIJ_03        DIJ_04
              ________      ________      ________      ________
 DIJ_01         1.000
 DIJ_02         0.000         1.000
 DIJ_03         0.000         0.000         1.000
 DIJ_04         0.000         0.000         0.000         1.000


           ALPHA
              DIJ
              ________
                0.000


           BETA
              DIJ
              ________
 DIJ            0.000


           GAMMA
              WH_GROUP      IN_EX
              ________      ________
 DIJ            0.000         0.000


           PSI
              DIJ
              ________
 DIJ            0.662


TECHNICAL 4 OUTPUT


     ESTIMATES DERIVED FROM THE MODEL FOR PERM


           ESTIMATED MEANS FOR THE LATENT VARIABLES
              DIJ
              ________
                0.000


           ESTIMATED COVARIANCE MATRIX FOR THE LATENT VARIABLES
              DIJ
              ________
 DIJ            0.666


           ESTIMATED CORRELATION MATRIX FOR THE LATENT VARIABLES
              DIJ
              ________
 DIJ            1.000


     ESTIMATES DERIVED FROM THE MODEL FOR TEMP


           ESTIMATED MEANS FOR THE LATENT VARIABLES
              DIJ
              ________
               -1.144


           ESTIMATED COVARIANCE MATRIX FOR THE LATENT VARIABLES
              DIJ
              ________
 DIJ            0.461


           ESTIMATED CORRELATION MATRIX FOR THE LATENT VARIABLES
              DIJ
              ________
 DIJ            1.000


     ESTIMATES DERIVED FROM THE MODEL FOR PERM


           S.E. FOR ESTIMATED MEANS FOR THE LATENT VARIABLES
              DIJ
              ________
                0.004


           EST./S.E. FOR ESTIMATED MEANS FOR THE LATENT VARIABLES
              DIJ
              ________
                0.000


           TWO-TAILED P-VALUE FOR ESTIMATED MEANS FOR THE LATENT VARIABLES
              DIJ
              ________
                1.000


           S.E. FOR ESTIMATED COVARIANCE MATRIX FOR THE LATENT VARIABLES
              DIJ
              ________
 DIJ            0.007


           EST./S.E. FOR ESTIMATED COVARIANCE MATRIX FOR THE LATENT VARIABLES
              DIJ
              ________
 DIJ          101.083


           TWO-TAILED P-VALUE FOR ESTIMATED COVARIANCE MATRIX FOR THE LATENT VARIABLES
              DIJ
              ________
 DIJ            0.000


           S.E. FOR ESTIMATED CORRELATION MATRIX FOR THE LATENT VARIABLES
              DIJ
              ________
 DIJ            0.000


           EST./S.E. FOR ESTIMATED CORRELATION MATRIX FOR THE LATENT VARIABLES
              DIJ
              ________
 DIJ          999.000


           TWO-TAILED P-VALUE FOR ESTIMATED CORRELATION MATRIX FOR THE LATENT VARIABLES
              DIJ
              ________
 DIJ            0.000


     ESTIMATES DERIVED FROM THE MODEL FOR TEMP


           S.E. FOR ESTIMATED MEANS FOR THE LATENT VARIABLES
              DIJ
              ________
                0.112


           EST./S.E. FOR ESTIMATED MEANS FOR THE LATENT VARIABLES
              DIJ
              ________
              -10.222


           TWO-TAILED P-VALUE FOR ESTIMATED MEANS FOR THE LATENT VARIABLES
              DIJ
              ________
                0.000


           S.E. FOR ESTIMATED COVARIANCE MATRIX FOR THE LATENT VARIABLES
              DIJ
              ________
 DIJ            0.114


           EST./S.E. FOR ESTIMATED COVARIANCE MATRIX FOR THE LATENT VARIABLES
              DIJ
              ________
 DIJ            4.035


           TWO-TAILED P-VALUE FOR ESTIMATED COVARIANCE MATRIX FOR THE LATENT VARIABLES
              DIJ
              ________
 DIJ            0.000


           S.E. FOR ESTIMATED CORRELATION MATRIX FOR THE LATENT VARIABLES
              DIJ
              ________
 DIJ            0.000


           EST./S.E. FOR ESTIMATED CORRELATION MATRIX FOR THE LATENT VARIABLES
              DIJ
              ________
 DIJ          999.000


           TWO-TAILED P-VALUE FOR ESTIMATED CORRELATION MATRIX FOR THE LATENT VARIABLES
              DIJ
              ________
 DIJ            0.000


SAVEDATA INFORMATION


  Difference testing

  Save file
    00_h2b_b_free.diff
  Save format      Free

     Beginning Time:  12:52:49
        Ending Time:  12:52:49
       Elapsed Time:  00:00:00



MUTHEN & MUTHEN
3463 Stoner Ave.
Los Angeles, CA  90066

Tel: (310) 391-9971
Fax: (310) 391-8971
Web: www.StatModel.com
Support: Support@StatModel.com

Copyright (c) 1998-2023 Muthen & Muthen
