Mplus VERSION 8.9 (Linux)
MUTHEN & MUTHEN
06/19/2023  12:52 PM

INPUT INSTRUCTIONS

  DATA: FILE = "../../data/transforms/mplus.dat";

  VARIABLE:

      NAMES =
      group group_detail wh_group
      dij_01 dij_02 dij_03 dij_04
      apc_01 apc_02 apc_03 apc_04 apc_05
      app_01 app_02 app_03 app_04 app_05
      res_01 res_02 res_03
      exh_01 exh_04 exh_08
      jsa_01 jsa_02 jsa_03 jsa_04
      in_ex inc_ins
      ;

      MISSING = .;

      USEVARIABLES =
          dij_01-dij_04
          !apc_01-apc_05
          !app_01-app_05
          !res_01-res_03
          exh_01 exh_04 exh_08
          !jsa_01 jsa_02 jsa_03 jsa_04
          wh_group
          in_ex
          ;

      categorical =
          dij_01-exh_08;



      DEFINE:
          CENTER wh_group in_ex (GRANDMEAN);

  ANALYSIS:
      estimator=MLR;
      type = RANDOM;
      INTEGRATION = MONTECARLO;
      MCSEED=42;
      PROCESS=4;

  MODEL:

      !! PERM

          ! Factor loadings fixed
          DIJ by
              dij_01* (f_dij_01)
              dij_02* (f_dij_02)
              dij_03* (f_dij_03)
              dij_04* (f_dij_04)
              ;

          EXH by
              exh_01*-1 (f_exh_01)
              exh_04* (f_exh_04)
              exh_08* (f_exh_08)
              ;



          ! Item thresholds are fix

          !DIJ
          [dij_01$1*] (t1dij_01);
          [dij_01$2*] (t2dij_01);
          [dij_01$3*] (t3dij_01);

          [dij_02$1*] (t1dij_02);
          [dij_02$2*] (t2dij_02);

          [dij_03$1*] (t1dij_03);
          [dij_03$2*] (t2dij_03);
          [dij_03$3*] (t3dij_03);

          [dij_04$1*] (t1dij_04);
          [dij_04$2*] (t2dij_04);

          [dij_04$3*] (t3dij_04);

          !EXH
          [exh_01$1*] (t1exh_01);
          [exh_01$2*] (t2exh_01);

          [exh_04$1*] (t1exh_04);
          [exh_04$2*] (t2exh_04);
          [exh_04$3*] (t3exh_04);

          [exh_08$1*] (t1exh_08);
          [exh_08$2*] (t2exh_08);
          [exh_08$3*] (t3exh_08);




          ! Factors mean=0 and variance=1 for identification

          [DIJ@0];
          [EXH@0];

          DIJ@1;
          EXH@1;


          DIJ with in_ex;

          S_EXH | EXH on DIJ;

          EXH S_EXH on wh_group in_ex;




  OUTPUT:
  	tech1
  	tech4
  	stdyx
  	;




*** WARNING
  Data set contains cases with missing on x-variables.
  These cases were not included in the analysis.
  Number of cases with missing on x-variables:  1
   1 WARNING(S) FOUND IN THE INPUT INSTRUCTIONS




SUMMARY OF ANALYSIS

Number of groups                                                 1
Number of observations                                         381

Number of dependent variables                                    7
Number of independent variables                                  2
Number of continuous latent variables                            3

Observed dependent variables

  Binary and ordered categorical (ordinal)
   DIJ_01      DIJ_02      DIJ_03      DIJ_04      EXH_01      EXH_04
   EXH_08

Observed independent variables
   WH_GROUP    IN_EX

Continuous latent variables
   DIJ         EXH         S_EXH

Variables with special functions

  Centering (GRANDMEAN)
   WH_GROUP    IN_EX


Estimator                                                      MLR
Information matrix                                        OBSERVED
Optimization Specifications for the Quasi-Newton Algorithm for
Continuous Outcomes
  Maximum number of iterations                                 100
  Convergence criterion                                  0.100D-05
Optimization Specifications for the EM Algorithm
  Maximum number of iterations                                 500
  Convergence criteria
    Loglikelihood change                                 0.100D-02
    Relative loglikelihood change                        0.100D-05
    Derivative                                           0.100D-02
Optimization Specifications for the M step of the EM Algorithm for
Categorical Latent variables
  Number of M step iterations                                    1
  M step convergence criterion                           0.100D-02
  Basis for M step termination                           ITERATION
Optimization Specifications for the M step of the EM Algorithm for
Censored, Binary or Ordered Categorical (Ordinal), Unordered
Categorical (Nominal) and Count Outcomes
  Number of M step iterations                                    1
  M step convergence criterion                           0.100D-02
  Basis for M step termination                           ITERATION
  Maximum value for logit thresholds                            15
  Minimum value for logit thresholds                           -15
  Minimum expected cell size for chi-square              0.100D-01
Maximum number of iterations for H1                           2000
Convergence criterion for H1                             0.100D-03
Optimization algorithm                                         EMA
Integration Specifications
  Type                                                  MONTECARLO
  Number of integration points                                3000
  Dimensions of numerical integration                            3
  Adaptive quadrature                                           ON
  Monte Carlo integration seed                                  42
Link                                                         LOGIT
Cholesky                                                       OFF

Input data file(s)
  ../../data/transforms/mplus.dat
Input data format  FREE


SUMMARY OF DATA

     Number of missing data patterns            14
     Number of y missing data patterns           2
     Number of u missing data patterns          13


COVARIANCE COVERAGE OF DATA

Minimum covariance coverage value   0.100


     PROPORTION OF DATA PRESENT


           Covariance Coverage
              DIJ_01        DIJ_02        DIJ_03        DIJ_04        EXH_01
              ________      ________      ________      ________      ________
 DIJ_01         0.958
 DIJ_02         0.948         0.969
 DIJ_03         0.937         0.942         0.953
 DIJ_04         0.948         0.955         0.940         0.971
 EXH_01         0.955         0.966         0.950         0.969         0.997
 EXH_04         0.958         0.969         0.953         0.971         0.997
 EXH_08         0.955         0.966         0.950         0.969         0.995
 IN_EX          0.953         0.963         0.945         0.966         0.990
 WH_GROUP       0.958         0.969         0.953         0.971         0.997


           Covariance Coverage
              EXH_04        EXH_08        IN_EX         WH_GROUP
              ________      ________      ________      ________
 EXH_04         1.000
 EXH_08         0.997         0.997
 IN_EX          0.992         0.990         0.992
 WH_GROUP       1.000         0.997         0.992         1.000


     PROPORTION OF DATA PRESENT FOR U


           Covariance Coverage
              DIJ_01        DIJ_02        DIJ_03        DIJ_04        EXH_01
              ________      ________      ________      ________      ________
 DIJ_01         0.958
 DIJ_02         0.948         0.969
 DIJ_03         0.937         0.942         0.953
 DIJ_04         0.948         0.955         0.940         0.971
 EXH_01         0.955         0.966         0.950         0.969         0.997
 EXH_04         0.958         0.969         0.953         0.971         0.997
 EXH_08         0.955         0.966         0.950         0.969         0.995


           Covariance Coverage
              EXH_04        EXH_08
              ________      ________
 EXH_04         1.000
 EXH_08         0.997         0.997


     PROPORTION OF DATA PRESENT FOR Y


           Covariance Coverage
              IN_EX         WH_GROUP
              ________      ________
 IN_EX          0.992
 WH_GROUP       0.992         1.000


UNIVARIATE PROPORTIONS AND COUNTS FOR CATEGORICAL VARIABLES

    DIJ_01
      Category 1    0.137           50.000
      Category 2    0.260           95.000
      Category 3    0.208           76.000
      Category 4    0.395          144.000
    DIJ_02
      Category 1    0.341          126.000
      Category 2    0.203           75.000
      Category 3    0.455          168.000
    DIJ_03
      Category 1    0.160           58.000
      Category 2    0.253           92.000
      Category 3    0.212           77.000
      Category 4    0.375          136.000
    DIJ_04
      Category 1    0.132           49.000
      Category 2    0.214           79.000
      Category 3    0.214           79.000
      Category 4    0.441          163.000
    EXH_01
      Category 1    0.255           97.000
      Category 2    0.624          237.000
      Category 3    0.121           46.000
    EXH_04
      Category 1    0.066           25.000
      Category 2    0.241           92.000
      Category 3    0.396          151.000
      Category 4    0.297          113.000
    EXH_08
      Category 1    0.105           40.000
      Category 2    0.384          146.000
      Category 3    0.321          122.000
      Category 4    0.189           72.000



UNIVARIATE SAMPLE STATISTICS


     UNIVARIATE HIGHER-ORDER MOMENT DESCRIPTIVE STATISTICS

         Variable/         Mean/     Skewness/   Minimum/ % with                Percentiles
        Sample Size      Variance    Kurtosis    Maximum  Min/Max      20%/60%    40%/80%    Median

     IN_EX                 0.000      -1.547      -0.823    0.79%      -0.091     -0.023     -0.023
             378.000       0.029       4.399       0.181   28.31%       0.041      0.181
     WH_GROUP              0.000      -1.754      -3.449    1.57%      -0.449      0.551      0.551
             381.000       0.888       2.388       0.551   67.98%       0.551      0.551


THE MODEL ESTIMATION TERMINATED NORMALLY



MODEL FIT INFORMATION

Number of Free Parameters                       35

Loglikelihood

          H0 Value                       -2388.734
          H0 Scaling Correction Factor      1.1589
            for MLR

Information Criteria

          Akaike (AIC)                    4847.469
          Bayesian (BIC)                  4985.467
          Sample-Size Adjusted BIC        4874.418
            (n* = (n + 2) / 24)



MODEL RESULTS

                                                    Two-Tailed
                    Estimate       S.E.  Est./S.E.    P-Value

 DIJ      BY
    DIJ_01             4.498      0.619      7.265      0.000
    DIJ_02             3.720      0.544      6.836      0.000
    DIJ_03             4.223      0.602      7.009      0.000
    DIJ_04             2.769      0.342      8.102      0.000

 EXH      BY
    EXH_01            -1.662      0.252     -6.589      0.000
    EXH_04             4.145      1.609      2.577      0.010
    EXH_08             2.166      0.333      6.509      0.000

 EXH        ON
    WH_GROUP           0.242      0.115      2.100      0.036
    IN_EX             -1.264      0.584     -2.165      0.030

 S_EXH      ON
    WH_GROUP          -0.030      0.208     -0.143      0.886
    IN_EX              0.138      0.861      0.160      0.873

 DIJ      WITH
    IN_EX              0.011      0.009      1.291      0.197

 Means
    IN_EX              0.000      0.009      0.001      0.999
    DIJ                0.000      0.000    999.000    999.000

 Intercepts
    EXH                0.000      0.000    999.000    999.000
    S_EXH              0.332      0.114      2.923      0.003

 Thresholds
    DIJ_01$1          -5.151      0.636     -8.097      0.000
    DIJ_01$2          -1.157      0.349     -3.312      0.001
    DIJ_01$3           1.245      0.355      3.508      0.000
    DIJ_02$1          -1.573      0.319     -4.930      0.000
    DIJ_02$2           0.485      0.284      1.709      0.087
    DIJ_03$1          -4.536      0.616     -7.359      0.000
    DIJ_03$2          -0.987      0.328     -3.010      0.003
    DIJ_03$3           1.422      0.352      4.039      0.000
    DIJ_04$1          -3.547      0.373     -9.508      0.000
    DIJ_04$2          -1.145      0.234     -4.896      0.000
    DIJ_04$3           0.516      0.222      2.320      0.020
    EXH_01$1          -1.625      0.213     -7.632      0.000
    EXH_01$2           2.956      0.290     10.182      0.000
    EXH_04$1          -7.426      2.264     -3.279      0.001
    EXH_04$2          -2.414      0.763     -3.163      0.002
    EXH_04$3           2.589      0.899      2.879      0.004
    EXH_08$1          -3.732      0.466     -8.010      0.000
    EXH_08$2          -0.104      0.197     -0.528      0.597
    EXH_08$3           2.554      0.327      7.810      0.000

 Variances
    IN_EX              0.029      0.004      7.680      0.000
    DIJ                1.000      0.000    999.000    999.000

 Residual Variances
    EXH                1.000      0.000    999.000    999.000
    S_EXH              0.082      0.118      0.695      0.487


QUALITY OF NUMERICAL RESULTS

     Condition Number for the Information Matrix              0.127E-05
       (ratio of smallest to largest eigenvalue)


BRANT WALD TEST FOR PROPORTIONAL ODDS

                                   Degrees of
                      Chi-Square     Freedom   P-Value

  DIJ_01
    Overall test           1.044         2      0.593
    WH_GROUP               1.044         2      0.593

  DIJ_02
    Overall test           1.284         1      0.257
    WH_GROUP               1.284         1      0.257

  DIJ_03
    Overall test           3.623         2      0.163
    WH_GROUP               3.623         2      0.163

  DIJ_04
    Overall test           0.536         2      0.765
    WH_GROUP               0.536         2      0.765

  EXH_01
    Overall test           0.236         1      0.627
    WH_GROUP               0.236         1      0.627

  EXH_04
    Overall test           2.468         2      0.291
    WH_GROUP               2.468         2      0.291

  EXH_08
    Overall test           1.905         2      0.386
    WH_GROUP               1.905         2      0.386


STANDARDIZED MODEL RESULTS


STDYX Standardization

                                                    Two-Tailed
                    Estimate       S.E.  Est./S.E.    P-Value

 DIJ      BY
    DIJ_01             0.927      0.018     51.948      0.000
    DIJ_02             0.899      0.025     35.589      0.000
    DIJ_03             0.919      0.020     44.999      0.000
    DIJ_04             0.836      0.031     26.977      0.000

 EXH      BY
    EXH_01            -0.720      0.050    -14.516      0.000
    EXH_04             0.933      0.043     21.502      0.000
    EXH_08             0.804      0.047     17.203      0.000

 EXH        ON
    WH_GROUP           0.201      0.097      2.074      0.038
    IN_EX             -0.189      0.083     -2.275      0.023

 S_EXH      ON
    WH_GROUP          -0.097      0.616     -0.157      0.875
    IN_EX              0.081      0.467      0.173      0.862

 DIJ      WITH
    IN_EX              0.067      0.051      1.317      0.188

 Means
    IN_EX              0.000      0.052      0.001      0.999
    DIJ                0.000      0.000    999.000    999.000

 Intercepts
    EXH                0.000      0.000    999.000    999.000
    S_EXH              1.151      0.632      1.823      0.068

 Thresholds
    DIJ_01$1          -1.062      0.081    -13.168      0.000
    DIJ_01$2          -0.238      0.067     -3.576      0.000
    DIJ_01$3           0.257      0.070      3.680      0.000
    DIJ_02$1          -0.380      0.068     -5.611      0.000
    DIJ_02$2           0.117      0.069      1.709      0.087
    DIJ_03$1          -0.987      0.079    -12.538      0.000
    DIJ_03$2          -0.215      0.066     -3.247      0.001
    DIJ_03$3           0.310      0.071      4.340      0.000
    DIJ_04$1          -1.072      0.080    -13.444      0.000
    DIJ_04$2          -0.346      0.065     -5.321      0.000
    DIJ_04$3           0.156      0.066      2.347      0.019
    EXH_01$1          -0.622      0.071     -8.756      0.000
    EXH_01$2           1.131      0.086     13.137      0.000
    EXH_04$1          -1.476      0.102    -14.482      0.000
    EXH_04$2          -0.480      0.069     -6.994      0.000
    EXH_04$3           0.514      0.071      7.206      0.000
    EXH_08$1          -1.223      0.089    -13.711      0.000
    EXH_08$2          -0.034      0.064     -0.532      0.595
    EXH_08$3           0.837      0.076     10.984      0.000

 Variances
    IN_EX              1.000      0.000    999.000    999.000
    DIJ                1.000      0.000    999.000    999.000

 Residual Variances
    EXH                0.780      0.119      6.535      0.000
    S_EXH              0.984      0.188      5.237      0.000


TECHNICAL 1 OUTPUT


     PARAMETER SPECIFICATION


           TAU
              DIJ_01$1      DIJ_01$2      DIJ_01$3      DIJ_02$1      DIJ_02$2
              ________      ________      ________      ________      ________
                   17            18            19            20            21


           TAU
              DIJ_03$1      DIJ_03$2      DIJ_03$3      DIJ_04$1      DIJ_04$2
              ________      ________      ________      ________      ________
                   22            23            24            25            26


           TAU
              DIJ_04$3      EXH_01$1      EXH_01$2      EXH_04$1      EXH_04$2
              ________      ________      ________      ________      ________
                   27            28            29            30            31


           TAU
              EXH_04$3      EXH_08$1      EXH_08$2      EXH_08$3
              ________      ________      ________      ________
                   32            33            34            35


           NU
              DIJ_01        DIJ_02        DIJ_03        DIJ_04        EXH_01
              ________      ________      ________      ________      ________
                    0             0             0             0             0


           NU
              EXH_04        EXH_08        IN_EX         WH_GROUP
              ________      ________      ________      ________
                    0             0             0             0


           LAMBDA
              DIJ           EXH           S_EXH         IN_EX         WH_GROUP
              ________      ________      ________      ________      ________
 DIJ_01             1             0             0             0             0
 DIJ_02             2             0             0             0             0
 DIJ_03             3             0             0             0             0
 DIJ_04             4             0             0             0             0
 EXH_01             0             5             0             0             0
 EXH_04             0             6             0             0             0
 EXH_08             0             7             0             0             0
 IN_EX              0             0             0             0             0
 WH_GROUP           0             0             0             0             0


           THETA
              DIJ_01        DIJ_02        DIJ_03        DIJ_04        EXH_01
              ________      ________      ________      ________      ________
 DIJ_01             0
 DIJ_02             0             0
 DIJ_03             0             0             0
 DIJ_04             0             0             0             0
 EXH_01             0             0             0             0             0
 EXH_04             0             0             0             0             0
 EXH_08             0             0             0             0             0
 IN_EX              0             0             0             0             0
 WH_GROUP           0             0             0             0             0


           THETA
              EXH_04        EXH_08        IN_EX         WH_GROUP
              ________      ________      ________      ________
 EXH_04             0
 EXH_08             0             0
 IN_EX              0             0             0
 WH_GROUP           0             0             0             0


           ALPHA
              DIJ           EXH           S_EXH         IN_EX         WH_GROUP
              ________      ________      ________      ________      ________
                    0             0             8             9             0


           BETA
              DIJ           EXH           S_EXH         IN_EX         WH_GROUP
              ________      ________      ________      ________      ________
 DIJ                0             0             0             0             0
 EXH                0             0             0            10            11
 S_EXH              0             0             0            12            13
 IN_EX              0             0             0             0             0
 WH_GROUP           0             0             0             0             0


           PSI
              DIJ           EXH           S_EXH         IN_EX         WH_GROUP
              ________      ________      ________      ________      ________
 DIJ                0
 EXH                0             0
 S_EXH              0             0            14
 IN_EX             15             0             0            16
 WH_GROUP           0             0             0             0             0


     STARTING VALUES


           TAU
              DIJ_01$1      DIJ_01$2      DIJ_01$3      DIJ_02$1      DIJ_02$2
              ________      ________      ________      ________      ________
               -1.841        -0.417         0.428        -0.657         0.179


           TAU
              DIJ_03$1      DIJ_03$2      DIJ_03$3      DIJ_04$1      DIJ_04$2
              ________      ________      ________      ________      ________
               -1.660        -0.351         0.512        -1.880        -0.637


           TAU
              DIJ_04$3      EXH_01$1      EXH_01$2      EXH_04$1      EXH_04$2
              ________      ________      ________      ________      ________
                0.239        -1.071         1.982        -2.656        -0.814


           TAU
              EXH_04$3      EXH_08$1      EXH_08$2      EXH_08$3
              ________      ________      ________      ________
                0.864        -2.140        -0.042         1.453


           NU
              DIJ_01        DIJ_02        DIJ_03        DIJ_04        EXH_01
              ________      ________      ________      ________      ________
                0.000         0.000         0.000         0.000         0.000


           NU
              EXH_04        EXH_08        IN_EX         WH_GROUP
              ________      ________      ________      ________
                0.000         0.000         0.000         0.000


           LAMBDA
              DIJ           EXH           S_EXH         IN_EX         WH_GROUP
              ________      ________      ________      ________      ________
 DIJ_01         1.000         0.000         0.000         0.000         0.000
 DIJ_02         1.000         0.000         0.000         0.000         0.000
 DIJ_03         1.000         0.000         0.000         0.000         0.000
 DIJ_04         1.000         0.000         0.000         0.000         0.000
 EXH_01         0.000        -1.000         0.000         0.000         0.000
 EXH_04         0.000         1.000         0.000         0.000         0.000
 EXH_08         0.000         1.000         0.000         0.000         0.000
 IN_EX          0.000         0.000         0.000         1.000         0.000
 WH_GROUP       0.000         0.000         0.000         0.000         1.000


           THETA
              DIJ_01        DIJ_02        DIJ_03        DIJ_04        EXH_01
              ________      ________      ________      ________      ________
 DIJ_01         1.000
 DIJ_02         0.000         1.000
 DIJ_03         0.000         0.000         1.000
 DIJ_04         0.000         0.000         0.000         1.000
 EXH_01         0.000         0.000         0.000         0.000         1.000
 EXH_04         0.000         0.000         0.000         0.000         0.000
 EXH_08         0.000         0.000         0.000         0.000         0.000
 IN_EX          0.000         0.000         0.000         0.000         0.000
 WH_GROUP       0.000         0.000         0.000         0.000         0.000


           THETA
              EXH_04        EXH_08        IN_EX         WH_GROUP
              ________      ________      ________      ________
 EXH_04         1.000
 EXH_08         0.000         1.000
 IN_EX          0.000         0.000         0.000
 WH_GROUP       0.000         0.000         0.000         0.000


           ALPHA
              DIJ           EXH           S_EXH         IN_EX         WH_GROUP
              ________      ________      ________      ________      ________
                0.000         0.000         0.000         0.000         0.000


           BETA
              DIJ           EXH           S_EXH         IN_EX         WH_GROUP
              ________      ________      ________      ________      ________
 DIJ            0.000         0.000         0.000         0.000         0.000
 EXH            0.000         0.000         0.000         0.000         0.000
 S_EXH          0.000         0.000         0.000         0.000         0.000
 IN_EX          0.000         0.000         0.000         0.000         0.000
 WH_GROUP       0.000         0.000         0.000         0.000         0.000


           PSI
              DIJ           EXH           S_EXH         IN_EX         WH_GROUP
              ________      ________      ________      ________      ________
 DIJ            1.000
 EXH            0.000         1.000
 S_EXH          0.000         0.000         1.000
 IN_EX          0.000         0.000         0.000         0.014
 WH_GROUP       0.000         0.000         0.000         0.000         0.444


TECHNICAL 4 OUTPUT


     ESTIMATES DERIVED FROM THE MODEL


           ESTIMATED MEANS FOR THE LATENT VARIABLES
              DIJ           EXH           S_EXH         IN_EX         WH_GROUP
              ________      ________      ________      ________      ________
                0.000         0.002         0.332         0.000         0.000


           S.E. FOR ESTIMATED MEANS FOR THE LATENT VARIABLES
              DIJ           EXH           S_EXH         IN_EX         WH_GROUP
              ________      ________      ________      ________      ________
                0.000         0.019         0.114         0.009         0.048


           EST./S.E. FOR ESTIMATED MEANS FOR THE LATENT VARIABLES
              DIJ           EXH           S_EXH         IN_EX         WH_GROUP
              ________      ________      ________      ________      ________
                0.000         0.084         2.922         0.001         0.000


           TWO-TAILED P-VALUE FOR ESTIMATED MEANS FOR THE LATENT VARIABLES
              DIJ           EXH           S_EXH         IN_EX         WH_GROUP
              ________      ________      ________      ________      ________
                1.000         0.933         0.003         1.000         1.000


           ESTIMATED COVARIANCE MATRIX FOR THE LATENT VARIABLES
              DIJ           EXH           S_EXH         IN_EX         WH_GROUP
              ________      ________      ________      ________      ________
 DIJ            1.000
 EXH            0.318         1.282
 S_EXH          0.002        -0.011         0.083
 IN_EX          0.011        -0.032         0.004         0.029
 WH_GROUP       0.000         0.215        -0.026         0.000         0.888


           S.E. FOR ESTIMATED COVARIANCE MATRIX FOR THE LATENT VARIABLES
              DIJ           EXH           S_EXH         IN_EX         WH_GROUP
              ________      ________      ________      ________      ________
 DIJ            0.000
 EXH            0.111         0.196
 S_EXH          0.010         0.069         0.131
 IN_EX          0.009         0.018         0.025         0.004
 WH_GROUP       0.000         0.103         0.184         0.000         0.064


           EST./S.E. FOR ESTIMATED COVARIANCE MATRIX FOR THE LATENT VARIABLES
              DIJ           EXH           S_EXH         IN_EX         WH_GROUP
              ________      ________      ________      ________      ________
 DIJ       100000.000
 EXH            2.866         6.535
 S_EXH          0.157        -0.156         0.636
 IN_EX          1.291        -1.849         0.160         7.680
 WH_GROUP       0.000         2.076        -0.143         0.000        13.802


           TWO-TAILED P-VALUE FOR ESTIMATED COVARIANCE MATRIX FOR THE LATENT VARIABLES
              DIJ           EXH           S_EXH         IN_EX         WH_GROUP
              ________      ________      ________      ________      ________
 DIJ            0.000
 EXH            0.004         0.000
 S_EXH          0.876         0.876         0.525
 IN_EX          0.197         0.064         0.873         0.000
 WH_GROUP       1.000         0.038         0.886         1.000         0.000


           ESTIMATED CORRELATION MATRIX FOR THE LATENT VARIABLES
              DIJ           EXH           S_EXH         IN_EX         WH_GROUP
              ________      ________      ________      ________      ________
 DIJ            1.000
 EXH            0.281         1.000
 S_EXH          0.005        -0.033         1.000
 IN_EX          0.067        -0.169         0.081         1.000
 WH_GROUP       0.000         0.201        -0.097         0.000         1.000


           S.E. FOR ESTIMATED CORRELATION MATRIX FOR THE LATENT VARIABLES
              DIJ           EXH           S_EXH         IN_EX         WH_GROUP
              ________      ________      ________      ________      ________
 DIJ            0.000
 EXH            0.081         0.000
 S_EXH          0.032         0.191         0.000
 IN_EX          0.051         0.085         0.467         0.000
 WH_GROUP       0.000         0.097         0.616         0.000         0.000


           EST./S.E. FOR ESTIMATED CORRELATION MATRIX FOR THE LATENT VARIABLES
              DIJ           EXH           S_EXH         IN_EX         WH_GROUP
              ________      ________      ________      ________      ________
 DIJ          999.000
 EXH            3.462       999.000
 S_EXH          0.169        -0.174       999.000
 IN_EX          1.317        -2.001         0.173       999.000
 WH_GROUP       0.000         2.074        -0.157         0.000       999.000


           TWO-TAILED P-VALUE FOR ESTIMATED CORRELATION MATRIX FOR THE LATENT VARIABLES
              DIJ           EXH           S_EXH         IN_EX         WH_GROUP
              ________      ________      ________      ________      ________
 DIJ            0.000
 EXH            0.001         0.000
 S_EXH          0.866         0.862         0.000
 IN_EX          0.188         0.045         0.862         0.000
 WH_GROUP       1.000         0.038         0.875         1.000         0.000


     Beginning Time:  12:52:50
        Ending Time:  12:54:05
       Elapsed Time:  00:01:15



MUTHEN & MUTHEN
3463 Stoner Ave.
Los Angeles, CA  90066

Tel: (310) 391-9971
Fax: (310) 391-8971
Web: www.StatModel.com
Support: Support@StatModel.com

Copyright (c) 1998-2023 Muthen & Muthen
