Mplus VERSION 8.2 (Mac)
MUTHEN & MUTHEN
04/11/2024   2:18 PM

INPUT INSTRUCTIONS

  DATA: FILE = "../../data/transforms/mplus_incl_t1_only.dat";

  VARIABLE:

      NAMES =
      t1_only
      group group_detail wh_group
      dij_01 dij_02 dij_03 dij_04
      apc_01 apc_02 apc_03 apc_04 apc_05
      app_01 app_02 app_03 app_04 app_05
      res_01 res_02 res_03 !t2 only
      exh_01 exh_04 exh_08 !t2 only
      jsa_01 jsa_02 jsa_03 jsa_04 !t2 only
      in_ex inc_ins
      ;

      MISSING = .;

      USEVARIABLES =
          wh_group
          dij_01-dij_04
          apc_01-apc_05
          app_01-app_05
          in_ex inc_ins
          ;


      categorical =
          dij_01-app_05;

      grouping = t1_only (0 = all, 1 = t1_only)

  ANALYSIS:
      estimator = WLSMV;
      PARAMETERIZATION = THETA;
      STARTS = 20;
      DIFFTEST = 00_base.diff;

  MODEL:

      ! Factor loadings fixed
          DIJ by
              dij_01* (f_dij_01)
              dij_02* (f_dij_02)
              dij_03* (f_dij_03)
              dij_04* (f_dij_04)
              ;

          APC by
              apc_01* (f_apc_01)
              apc_02* (f_apc_02)
              apc_03* (f_apc_03)
              apc_04* (f_apc_04)
              apc_05* (f_apc_05)
              ;

          APP by
              app_01* (f_app_01)
              app_02* (f_app_02)
              app_03* (f_app_03)
              app_04* (f_app_04)
              app_05* (f_app_05)
              ;


          ! Item thresholds are fix

          !DIJ
          [dij_01$1*] (t1dij_01);
          [dij_01$2*] (t2dij_01);
          [dij_01$3*] (t3dij_01);

          [dij_02$1*] (t1dij_02);
          [dij_02$2*] (t2dij_02);

          [dij_03$1*] (t1dij_03);
          [dij_03$2*] (t2dij_03);
          [dij_03$3*] (t3dij_03);

          [dij_04$1*] (t1dij_04);
          [dij_04$2*] (t2dij_04);
          [dij_04$3*] (t3dij_04);

          !APC
          [apc_01$1*] (t1apc_01);
          [apc_01$2*] (t2apc_01);

          [apc_02$1*] (t1apc_02);
          [apc_02$2*] (t2apc_02);

          [apc_03$1*] (t1apc_03);
          [apc_03$2*] (t2apc_03);

          [apc_04$1*] (t1apc_04);
          [apc_04$2*] (t2apc_04);

          [apc_05$1*] (t1apc_05);
          [apc_05$2*] (t2apc_05);

          !APP
          [app_01$1*] (t1app_01);
          [app_01$2*] (t2app_01);
          [app_01$3*] (t3app_01);

          [app_02$1*] (t1app_02);
          [app_02$2*] (t2app_02);

          [app_03$1*] (t1app_03);
          [app_03$2*] (t2app_03);
          [app_03$3*] (t3app_03);
          [app_03$4*] (t4app_03);

          [app_04$1*] (t1app_04);
          [app_04$2*] (t2app_04);
          [app_04$3*] (t3app_04);

          [app_05$1*] (t1app_05);
          [app_05$2*] (t2app_05);
          [app_05$3*] (t3app_05);


          ! Item residual variances all fixed=1
          dij_01-app_05@1;


          ! Factors mean=0 and variance=1 for identification

          [DIJ@0];
          [APC@0];
          [APP@0];

          DIJ@1;
          APC@1;
          APP@1;

          ! estimate manifest vars
          [wh_group*];
          [inc_ins*];
          [in_ex*];


          wh_group*;
          inc_ins*;
          in_ex*;

          ! correlations

          wh_group with
              inc_ins
              in_ex
              DIJ
              APC
              APP
              ;

          inc_ins with
              in_ex
              DIJ
              APC
              APP
              ;

          in_ex with
              DIJ
              APC
              APP
              ;

  MODEL t1_only:

      ! Factor loadings and Item thresholds are fixed by default

          ! Item residual variances all fixed=1
          dij_01-app_05@1;


          ! Factors mean free

          ![DIJ*];
          ![APC*];
          ![APP*];

          ! variance free
          DIJ*;
          APC*;
          APP*;

          ! estimate manifest vars
          ![wh_group*];
          ![inc_ins*];
          ![in_ex*];


          wh_group*;
          inc_ins*;
          in_ex*;

          ! correlations

          wh_group with
              inc_ins
              in_ex
              DIJ
              APC
              APP
              ;

          inc_ins with
              in_ex
              DIJ
              APC
              APP
              ;

          in_ex with
              DIJ
              APC
              APP
              ;


  OUTPUT:
  	stdyx
  	;


  SAVEDATA: DIFFTEST=01_equal_means.diff;



*** WARNING
  Data set contains cases with missing on all variables.
  These cases were not included in the analysis.
  Number of cases with missing on all variables:  4
   1 WARNING(S) FOUND IN THE INPUT INSTRUCTIONS




SUMMARY OF ANALYSIS

Number of groups                                                 2
Number of observations
   Group ALL                                                   382
   Group T1_ONLY                                               250
   Total sample size                                           632

Number of dependent variables                                   17
Number of independent variables                                  0
Number of continuous latent variables                            3

Observed dependent variables

  Continuous
   WH_GROUP    IN_EX       INC_INS

  Binary and ordered categorical (ordinal)
   DIJ_01      DIJ_02      DIJ_03      DIJ_04      APC_01      APC_02
   APC_03      APC_04      APC_05      APP_01      APP_02      APP_03
   APP_04      APP_05

Continuous latent variables
   DIJ         APC         APP

Variables with special functions

  Grouping variable     T1_ONLY

Estimator                                                    WLSMV
Maximum number of iterations                                  1000
Convergence criterion                                    0.500D-04
Maximum number of steepest descent iterations                   20
Maximum number of iterations for H1                           2000
Convergence criterion for H1                             0.100D-03
Random Starts Specifications
  Number of random starts                                       20
  Random starts scale                                    0.500D+01
Parameterization                                             THETA
Link                                                        PROBIT

Input data file(s)
  ../../data/transforms/mplus_incl_t1_only.dat

Input data format  FREE


SUMMARY OF DATA

   Group ALL
     Number of missing data patterns            30

   Group T1_ONLY
     Number of missing data patterns            24


COVARIANCE COVERAGE OF DATA

Minimum covariance coverage value   0.100


     PROPORTION OF DATA PRESENT FOR ALL


           Covariance Coverage
              WH_GROUP      DIJ_01        DIJ_02        DIJ_03        DIJ_04
              ________      ________      ________      ________      ________
 WH_GROUP       0.997
 DIJ_01         0.955         0.958
 DIJ_02         0.966         0.948         0.969
 DIJ_03         0.950         0.937         0.942         0.953
 DIJ_04         0.969         0.948         0.955         0.940         0.971
 APC_01         0.995         0.955         0.966         0.950         0.969
 APC_02         0.992         0.953         0.963         0.948         0.966
 APC_03         0.997         0.958         0.969         0.953         0.971
 APC_04         0.995         0.955         0.966         0.950         0.969
 APC_05         0.997         0.958         0.969         0.953         0.971
 APP_01         0.987         0.950         0.961         0.945         0.963
 APP_02         0.979         0.942         0.953         0.937         0.955
 APP_03         0.969         0.940         0.945         0.935         0.950
 APP_04         0.976         0.945         0.953         0.940         0.953
 APP_05         0.955         0.927         0.935         0.921         0.935
 IN_EX          0.990         0.950         0.961         0.942         0.963
 INC_INS        0.997         0.958         0.969         0.953         0.971


           Covariance Coverage
              APC_01        APC_02        APC_03        APC_04        APC_05
              ________      ________      ________      ________      ________
 APC_01         0.997
 APC_02         0.992         0.995
 APC_03         0.997         0.995         1.000
 APC_04         0.995         0.992         0.997         0.997
 APC_05         0.997         0.995         1.000         0.997         1.000
 APP_01         0.987         0.984         0.990         0.987         0.990
 APP_02         0.979         0.976         0.982         0.982         0.982
 APP_03         0.971         0.966         0.971         0.971         0.971
 APP_04         0.976         0.974         0.979         0.979         0.979
 APP_05         0.955         0.953         0.958         0.958         0.958
 IN_EX          0.987         0.984         0.990         0.987         0.990
 INC_INS        0.997         0.995         1.000         0.997         1.000


           Covariance Coverage
              APP_01        APP_02        APP_03        APP_04        APP_05
              ________      ________      ________      ________      ________
 APP_01         0.990
 APP_02         0.979         0.982
 APP_03         0.969         0.966         0.971
 APP_04         0.974         0.971         0.963         0.979
 APP_05         0.958         0.953         0.948         0.953         0.958
 IN_EX          0.979         0.971         0.961         0.969         0.948
 INC_INS        0.990         0.982         0.971         0.979         0.958


           Covariance Coverage
              IN_EX         INC_INS
              ________      ________
 IN_EX          0.990
 INC_INS        0.990         1.000


     PROPORTION OF DATA PRESENT FOR T1_ONLY


           Covariance Coverage
              WH_GROUP      DIJ_01        DIJ_02        DIJ_03        DIJ_04
              ________      ________      ________      ________      ________
 WH_GROUP       0.988
 DIJ_01         0.952         0.964
 DIJ_02         0.936         0.936         0.948
 DIJ_03         0.920         0.928         0.916         0.932
 DIJ_04         0.944         0.940         0.928         0.916         0.956
 APC_01         0.984         0.964         0.948         0.932         0.956
 APC_02         0.980         0.960         0.944         0.928         0.952
 APC_03         0.984         0.964         0.948         0.932         0.956
 APC_04         0.980         0.960         0.944         0.928         0.952
 APC_05         0.980         0.960         0.944         0.928         0.952
 APP_01         0.968         0.952         0.940         0.924         0.948
 APP_02         0.976         0.956         0.940         0.924         0.948
 APP_03         0.944         0.924         0.912         0.896         0.920
 APP_04         0.976         0.956         0.940         0.924         0.948
 APP_05         0.952         0.940         0.924         0.912         0.932
 IN_EX          0.984         0.948         0.932         0.916         0.940
 INC_INS        0.984         0.964         0.948         0.932         0.956


           Covariance Coverage
              APC_01        APC_02        APC_03        APC_04        APC_05
              ________      ________      ________      ________      ________
 APC_01         0.996
 APC_02         0.992         0.992
 APC_03         0.996         0.992         0.996
 APC_04         0.992         0.988         0.992         0.992
 APC_05         0.992         0.988         0.992         0.988         0.992
 APP_01         0.980         0.976         0.980         0.976         0.976
 APP_02         0.988         0.984         0.988         0.984         0.984
 APP_03         0.956         0.952         0.956         0.956         0.952
 APP_04         0.988         0.984         0.988         0.984         0.984
 APP_05         0.964         0.960         0.964         0.960         0.964
 IN_EX          0.980         0.976         0.980         0.976         0.976
 INC_INS        0.996         0.992         0.996         0.992         0.992


           Covariance Coverage
              APP_01        APP_02        APP_03        APP_04        APP_05
              ________      ________      ________      ________      ________
 APP_01         0.980
 APP_02         0.976         0.988
 APP_03         0.952         0.956         0.956
 APP_04         0.980         0.984         0.956         0.988
 APP_05         0.960         0.964         0.944         0.964         0.964
 IN_EX          0.964         0.976         0.944         0.972         0.952
 INC_INS        0.980         0.988         0.956         0.988         0.964


           Covariance Coverage
              IN_EX         INC_INS
              ________      ________
 IN_EX          0.984
 INC_INS        0.980         0.996


UNIVARIATE PROPORTIONS AND COUNTS FOR CATEGORICAL VARIABLES

  Group ALL
    DIJ_01
      Category 1    0.137           50.000
      Category 2    0.260           95.000
      Category 3    0.208           76.000
      Category 4    0.251           92.000
      Category 5    0.145           53.000
    DIJ_02
      Category 1    0.114           42.000
      Category 2    0.227           84.000
      Category 3    0.203           75.000
      Category 4    0.297          110.000
      Category 5    0.159           59.000
    DIJ_03
      Category 1    0.159           58.000
      Category 2    0.255           93.000
      Category 3    0.212           77.000
      Category 4    0.247           90.000
      Category 5    0.126           46.000
    DIJ_04
      Category 1    0.135           50.000
      Category 2    0.213           79.000
      Category 3    0.213           79.000
      Category 4    0.272          101.000
      Category 5    0.167           62.000
    APC_01
      Category 1    0.157           60.000
      Category 2    0.533          203.000
      Category 3    0.310          118.000
    APC_02
      Category 1    0.068           26.000
      Category 2    0.205           78.000
      Category 3    0.466          177.000
      Category 4    0.261           99.000
    APC_03
      Category 1    0.165           63.000
      Category 2    0.573          219.000
      Category 3    0.262          100.000
    APC_04
      Category 1    0.045           17.000
      Category 2    0.186           71.000
      Category 3    0.289          110.000
      Category 4    0.357          136.000
      Category 5    0.123           47.000
    APC_05
      Category 1    0.071           27.000
      Category 2    0.202           77.000
      Category 3    0.469          179.000
      Category 4    0.259           99.000
    APP_01
      Category 1    0.103           39.000
      Category 2    0.238           90.000
      Category 3    0.225           85.000
      Category 4    0.333          126.000
      Category 5    0.101           38.000
    APP_02
      Category 1    0.101           38.000
      Category 2    0.165           62.000
      Category 3    0.499          187.000
      Category 4    0.235           88.000
    APP_03
      Category 1    0.113           42.000
      Category 2    0.256           95.000
      Category 3    0.275          102.000
      Category 4    0.286          106.000
      Category 5    0.070           26.000
    APP_04
      Category 1    0.238           89.000
      Category 2    0.294          110.000
      Category 3    0.275          103.000
      Category 4    0.150           56.000
      Category 5    0.043           16.000
    APP_05
      Category 1    0.096           35.000
      Category 2    0.172           63.000
      Category 3    0.350          128.000
      Category 4    0.287          105.000
      Category 5    0.096           35.000

  Group T1_ONLY
    DIJ_01
      Category 1    0.137           33.000
      Category 2    0.224           54.000
      Category 3    0.220           53.000
      Category 4    0.216           52.000
      Category 5    0.203           49.000
    DIJ_02
      Category 1    0.118           28.000
      Category 2    0.177           42.000
      Category 3    0.198           47.000
      Category 4    0.266           63.000
      Category 5    0.241           57.000
    DIJ_03
      Category 1    0.137           32.000
      Category 2    0.193           45.000
      Category 3    0.275           64.000
      Category 4    0.219           51.000
      Category 5    0.176           41.000
    DIJ_04
      Category 1    0.130           31.000
      Category 2    0.180           43.000
      Category 3    0.209           50.000
      Category 4    0.259           62.000
      Category 5    0.222           53.000
    APC_01
      Category 1    0.141           35.000
      Category 2    0.542          135.000
      Category 3    0.317           79.000
    APC_02
      Category 1    0.073           18.000
      Category 2    0.238           59.000
      Category 3    0.431          107.000
      Category 4    0.258           64.000
    APC_03
      Category 1    0.169           42.000
      Category 2    0.562          140.000
      Category 3    0.269           67.000
    APC_04
      Category 1    0.081           20.000
      Category 2    0.129           32.000
      Category 3    0.282           70.000
      Category 4    0.363           90.000
      Category 5    0.145           36.000
    APC_05
      Category 1    0.056           14.000
      Category 2    0.173           43.000
      Category 3    0.492          122.000
      Category 4    0.278           69.000
    APP_01
      Category 1    0.065           16.000
      Category 2    0.212           52.000
      Category 3    0.286           70.000
      Category 4    0.331           81.000
      Category 5    0.106           26.000
    APP_02
      Category 1    0.065           16.000
      Category 2    0.170           42.000
      Category 3    0.522          129.000
      Category 4    0.243           60.000
    APP_03
      Category 1    0.117           28.000
      Category 2    0.197           47.000
      Category 3    0.301           72.000
      Category 4    0.272           65.000
      Category 5    0.113           27.000
    APP_04
      Category 1    0.202           50.000
      Category 2    0.263           65.000
      Category 3    0.308           76.000
      Category 4    0.182           45.000
      Category 5    0.045           11.000
    APP_05
      Category 1    0.075           18.000
      Category 2    0.108           26.000
      Category 3    0.386           93.000
      Category 4    0.344           83.000
      Category 5    0.087           21.000



UNIVARIATE SAMPLE STATISTICS


     UNIVARIATE HIGHER-ORDER MOMENT DESCRIPTIVE STATISTICS FOR ALL

         Variable/         Mean/     Skewness/   Minimum/ % with                Percentiles
        Sample Size      Variance    Kurtosis    Maximum  Min/Max      20%/60%    40%/80%    Median

     WH_GROUP              4.449      -1.754       1.000    1.57%       4.000      5.000      5.000
             381.000       0.888       2.388       5.000   67.98%       5.000      5.000
     IN_EX                 1.023      -1.547       0.200    0.79%       0.932      1.000      1.000
             378.000       0.029       4.399       1.204   28.31%       1.064      1.204
     INC_INS               2.639       0.384       1.000    7.85%       2.000      2.000      3.000
             382.000       0.780       0.310       5.000    3.40%       3.000      3.000


     UNIVARIATE HIGHER-ORDER MOMENT DESCRIPTIVE STATISTICS FOR T1_ONLY

         Variable/         Mean/     Skewness/   Minimum/ % with                Percentiles
        Sample Size      Variance    Kurtosis    Maximum  Min/Max      20%/60%    40%/80%    Median

     WH_GROUP              4.429      -1.699       1.000    2.02%       4.000      5.000      5.000
             247.000       0.933       2.198       5.000   68.02%       5.000      5.000
     IN_EX                 1.015      -1.587       0.200    0.81%       0.955      1.000      1.000
             246.000       0.024       5.696       1.204   22.36%       1.015      1.204
     INC_INS               2.835       0.258       1.000    8.03%       2.000      3.000      3.000
             249.000       0.965      -0.016       5.000    6.83%       3.000      3.000


RANDOM STARTS RESULTS RANKED FROM THE BEST TO THE WORST FIT FUNCTION VALUES

Fit function values at local maxima and random start numbers:

            276.6462         16
            276.6462         2
            276.6462         12
            276.6462         20
            276.6462         5
            276.6462         9
            276.6462         10
            276.6462         8
            276.6462         13
            276.6462         3
            276.6462         19
            276.6462         unperturbed
            276.6462         6
            276.6462         15
            276.6462         17
            276.6462         18
            276.6462         1
            276.6462         7
            276.6462         4
            276.6462         14
            276.6463         11

THE MODEL ESTIMATION TERMINATED NORMALLY



MODEL FIT INFORMATION

Number of Free Parameters                      105

Chi-Square Test of Model Fit

          Value                            372.218*
          Degrees of Freedom                   277
          P-Value                           0.0001

Chi-Square Contribution From Each Group

          ALL                              158.546
          T1_ONLY                          213.672

Chi-Square Test for Difference Testing

          Value                             11.134*
          Degrees of Freedom                     6
          P-Value                           0.0843

*   The chi-square value for MLM, MLMV, MLR, ULSMV, WLSM and WLSMV cannot be used
    for chi-square difference testing in the regular way.  MLM, MLR and WLSM
    chi-square difference testing is described on the Mplus website.  MLMV, WLSMV,
    and ULSMV difference testing is done using the DIFFTEST option.  The DIFFTEST
    option assumes the models are nested.  The NESTED option can be used to verify
    that the models are nested.

RMSEA (Root Mean Square Error Of Approximation)

          Estimate                           0.033
          90 Percent C.I.                    0.024  0.041
          Probability RMSEA <= .05           1.000

CFI/TLI

          CFI                                0.992
          TLI                                0.992

Chi-Square Test of Model Fit for the Baseline Model

          Value                          12607.261
          Degrees of Freedom                   272
          P-Value                           0.0000

SRMR (Standardized Root Mean Square Residual)

          Value                              0.038

Optimum Function Value for Weighted Least-Squares Estimator

          Value                     0.21886568D+00



MODEL RESULTS

                                                    Two-Tailed
                    Estimate       S.E.  Est./S.E.    P-Value

Group ALL

 DIJ      BY
    DIJ_01             1.894      0.117     16.240      0.000
    DIJ_02             1.845      0.112     16.522      0.000
    DIJ_03             2.096      0.134     15.638      0.000
    DIJ_04             1.455      0.088     16.618      0.000

 APC      BY
    APC_01             1.092      0.078     13.928      0.000
    APC_02             2.013      0.170     11.820      0.000
    APC_03             1.123      0.085     13.172      0.000
    APC_04             0.691      0.058     12.006      0.000
    APC_05             3.475      0.668      5.198      0.000

 APP      BY
    APP_01             0.882      0.067     13.215      0.000
    APP_02             1.329      0.101     13.205      0.000
    APP_03             1.249      0.103     12.107      0.000
    APP_04             0.957      0.071     13.462      0.000
    APP_05             1.018      0.077     13.262      0.000

 WH_GROUP WITH
    DIJ                0.088      0.050      1.749      0.080
    APC                0.190      0.052      3.619      0.000
    APP               -0.078      0.050     -1.544      0.123

 INC_INS  WITH
    DIJ                0.381      0.041      9.275      0.000
    APC               -0.066      0.046     -1.457      0.145
    APP               -0.036      0.046     -0.766      0.444

 IN_EX    WITH
    DIJ                0.011      0.010      1.061      0.289
    APC                0.035      0.009      3.928      0.000
    APP               -0.014      0.009     -1.585      0.113

 APC      WITH
    DIJ                0.200      0.056      3.589      0.000

 APP      WITH
    DIJ               -0.088      0.058     -1.505      0.132
    APC                0.406      0.048      8.545      0.000

 WH_GROUP WITH
    INC_INS           -0.087      0.040     -2.146      0.032
    IN_EX              0.122      0.012     10.523      0.000

 INC_INS  WITH
    IN_EX             -0.025      0.007     -3.507      0.000

 Means
    WH_GROUP           4.441      0.069     64.535      0.000
    IN_EX              1.019      0.008    124.999      0.000
    INC_INS            2.708      0.038     72.038      0.000
    DIJ                0.000      0.000    999.000    999.000
    APC                0.000      0.000    999.000    999.000
    APP                0.000      0.000    999.000    999.000

 Thresholds
    DIJ_01$1          -2.330      0.134    -17.353      0.000
    DIJ_01$2          -0.638      0.108     -5.907      0.000
    DIJ_01$3           0.509      0.110      4.641      0.000
    DIJ_01$4           2.037      0.116     17.497      0.000
    DIJ_02$1          -2.499      0.134    -18.650      0.000
    DIJ_02$2          -0.958      0.111     -8.615      0.000
    DIJ_02$3           0.124      0.106      1.169      0.242
    DIJ_02$4           1.809      0.122     14.885      0.000
    DIJ_03$1          -2.383      0.138    -17.293      0.000
    DIJ_03$2          -0.693      0.120     -5.797      0.000
    DIJ_03$3           0.692      0.120      5.761      0.000
    DIJ_03$4           2.422      0.141     17.124      0.000
    DIJ_04$1          -1.955      0.103    -19.041      0.000
    DIJ_04$2          -0.759      0.091     -8.308      0.000
    DIJ_04$3           0.194      0.089      2.187      0.029
    DIJ_04$4           1.545      0.096     16.170      0.000
    APC_01$1          -1.543      0.095    -16.213      0.000
    APC_01$2           0.730      0.077      9.451      0.000
    APC_02$1          -3.365      0.226    -14.860      0.000
    APC_02$2          -1.276      0.135     -9.432      0.000
    APC_02$3           1.470      0.143     10.291      0.000
    APC_03$1          -1.471      0.094    -15.612      0.000
    APC_03$2           0.956      0.083     11.539      0.000
    APC_04$1          -1.905      0.098    -19.456      0.000
    APC_04$2          -0.933      0.068    -13.683      0.000
    APC_04$3           0.027      0.061      0.444      0.657
    APC_04$4           1.366      0.079     17.320      0.000
    APC_05$1          -5.545      0.965     -5.746      0.000
    APC_05$2          -2.406      0.455     -5.290      0.000
    APC_05$3           2.292      0.434      5.279      0.000
    APP_01$1          -1.793      0.097    -18.462      0.000
    APP_01$2          -0.636      0.070     -9.054      0.000
    APP_01$3           0.218      0.067      3.245      0.001
    APP_01$4           1.686      0.093     18.144      0.000
    APP_02$1          -2.251      0.136    -16.516      0.000
    APP_02$2          -1.099      0.100    -10.978      0.000
    APP_02$3           1.184      0.089     13.320      0.000
    APP_03$1          -1.919      0.117    -16.344      0.000
    APP_03$2          -0.625      0.086     -7.292      0.000
    APP_03$3           0.542      0.084      6.476      0.000
    APP_03$4           2.161      0.129     16.704      0.000
    APP_04$1          -1.049      0.078    -13.519      0.000
    APP_04$2           0.019      0.070      0.278      0.781
    APP_04$3           1.132      0.080     14.126      0.000
    APP_04$4           2.366      0.128     18.427      0.000
    APP_05$1          -1.932      0.107    -18.076      0.000
    APP_05$2          -1.030      0.083    -12.390      0.000
    APP_05$3           0.353      0.073      4.839      0.000
    APP_05$4           1.891      0.103     18.358      0.000

 Variances
    WH_GROUP           0.888      0.079     11.184      0.000
    IN_EX              0.029      0.001     19.455      0.000
    INC_INS            0.780      0.054     14.370      0.000
    DIJ                1.000      0.000    999.000    999.000
    APC                1.000      0.000    999.000    999.000
    APP                1.000      0.000    999.000    999.000

 Residual Variances
    DIJ_01             1.000      0.000    999.000    999.000
    DIJ_02             1.000      0.000    999.000    999.000
    DIJ_03             1.000      0.000    999.000    999.000
    DIJ_04             1.000      0.000    999.000    999.000
    APC_01             1.000      0.000    999.000    999.000
    APC_02             1.000      0.000    999.000    999.000
    APC_03             1.000      0.000    999.000    999.000
    APC_04             1.000      0.000    999.000    999.000
    APC_05             1.000      0.000    999.000    999.000
    APP_01             1.000      0.000    999.000    999.000
    APP_02             1.000      0.000    999.000    999.000
    APP_03             1.000      0.000    999.000    999.000
    APP_04             1.000      0.000    999.000    999.000
    APP_05             1.000      0.000    999.000    999.000

Group T1_ONLY

 DIJ      BY
    DIJ_01             1.894      0.117     16.240      0.000
    DIJ_02             1.845      0.112     16.522      0.000
    DIJ_03             2.096      0.134     15.638      0.000
    DIJ_04             1.455      0.088     16.618      0.000

 APC      BY
    APC_01             1.092      0.078     13.928      0.000
    APC_02             2.013      0.170     11.820      0.000
    APC_03             1.123      0.085     13.172      0.000
    APC_04             0.691      0.058     12.006      0.000
    APC_05             3.475      0.668      5.198      0.000

 APP      BY
    APP_01             0.882      0.067     13.215      0.000
    APP_02             1.329      0.101     13.205      0.000
    APP_03             1.249      0.103     12.107      0.000
    APP_04             0.957      0.071     13.462      0.000
    APP_05             1.018      0.077     13.262      0.000

 WH_GROUP WITH
    DIJ               -0.032      0.063     -0.505      0.614
    APC                0.028      0.071      0.391      0.696
    APP                0.016      0.070      0.232      0.816

 INC_INS  WITH
    DIJ                0.350      0.070      5.022      0.000
    APC               -0.197      0.070     -2.821      0.005
    APP               -0.064      0.062     -1.023      0.307

 IN_EX    WITH
    DIJ               -0.006      0.010     -0.577      0.564
    APC                0.009      0.010      0.870      0.384
    APP                0.000      0.011      0.035      0.972

 APC      WITH
    DIJ                0.077      0.075      1.035      0.300

 APP      WITH
    DIJ               -0.036      0.065     -0.557      0.577
    APC                0.515      0.094      5.462      0.000

 WH_GROUP WITH
    INC_INS           -0.033      0.063     -0.525      0.600
    IN_EX              0.111      0.014      8.065      0.000

 INC_INS  WITH
    IN_EX             -0.010      0.010     -0.975      0.330

 Means
    WH_GROUP           4.441      0.069     64.535      0.000
    IN_EX              1.019      0.008    124.999      0.000
    INC_INS            2.708      0.038     72.038      0.000
    DIJ                0.000      0.000    999.000    999.000
    APC                0.000      0.000    999.000    999.000
    APP                0.000      0.000    999.000    999.000

 Thresholds
    DIJ_01$1          -2.330      0.134    -17.353      0.000
    DIJ_01$2          -0.638      0.108     -5.907      0.000
    DIJ_01$3           0.509      0.110      4.641      0.000
    DIJ_01$4           2.037      0.116     17.497      0.000
    DIJ_02$1          -2.499      0.134    -18.650      0.000
    DIJ_02$2          -0.958      0.111     -8.615      0.000
    DIJ_02$3           0.124      0.106      1.169      0.242
    DIJ_02$4           1.809      0.122     14.885      0.000
    DIJ_03$1          -2.383      0.138    -17.293      0.000
    DIJ_03$2          -0.693      0.120     -5.797      0.000
    DIJ_03$3           0.692      0.120      5.761      0.000
    DIJ_03$4           2.422      0.141     17.124      0.000
    DIJ_04$1          -1.955      0.103    -19.041      0.000
    DIJ_04$2          -0.759      0.091     -8.308      0.000
    DIJ_04$3           0.194      0.089      2.187      0.029
    DIJ_04$4           1.545      0.096     16.170      0.000
    APC_01$1          -1.543      0.095    -16.213      0.000
    APC_01$2           0.730      0.077      9.451      0.000
    APC_02$1          -3.365      0.226    -14.860      0.000
    APC_02$2          -1.276      0.135     -9.432      0.000
    APC_02$3           1.470      0.143     10.291      0.000
    APC_03$1          -1.471      0.094    -15.612      0.000
    APC_03$2           0.956      0.083     11.539      0.000
    APC_04$1          -1.905      0.098    -19.456      0.000
    APC_04$2          -0.933      0.068    -13.683      0.000
    APC_04$3           0.027      0.061      0.444      0.657
    APC_04$4           1.366      0.079     17.320      0.000
    APC_05$1          -5.545      0.965     -5.746      0.000
    APC_05$2          -2.406      0.455     -5.290      0.000
    APC_05$3           2.292      0.434      5.279      0.000
    APP_01$1          -1.793      0.097    -18.462      0.000
    APP_01$2          -0.636      0.070     -9.054      0.000
    APP_01$3           0.218      0.067      3.245      0.001
    APP_01$4           1.686      0.093     18.144      0.000
    APP_02$1          -2.251      0.136    -16.516      0.000
    APP_02$2          -1.099      0.100    -10.978      0.000
    APP_02$3           1.184      0.089     13.320      0.000
    APP_03$1          -1.919      0.117    -16.344      0.000
    APP_03$2          -0.625      0.086     -7.292      0.000
    APP_03$3           0.542      0.084      6.476      0.000
    APP_03$4           2.161      0.129     16.704      0.000
    APP_04$1          -1.049      0.078    -13.519      0.000
    APP_04$2           0.019      0.070      0.278      0.781
    APP_04$3           1.132      0.080     14.126      0.000
    APP_04$4           2.366      0.128     18.427      0.000
    APP_05$1          -1.932      0.107    -18.076      0.000
    APP_05$2          -1.030      0.083    -12.390      0.000
    APP_05$3           0.353      0.073      4.839      0.000
    APP_05$4           1.891      0.103     18.358      0.000

 Variances
    WH_GROUP           0.933      0.104      9.003      0.000
    IN_EX              0.024      0.001     17.843      0.000
    INC_INS            0.965      0.088     10.927      0.000
    DIJ                0.958      0.147      6.500      0.000
    APC                1.098      0.164      6.672      0.000
    APP                0.987      0.148      6.680      0.000

 Residual Variances
    DIJ_01             1.000      0.000    999.000    999.000
    DIJ_02             1.000      0.000    999.000    999.000
    DIJ_03             1.000      0.000    999.000    999.000
    DIJ_04             1.000      0.000    999.000    999.000
    APC_01             1.000      0.000    999.000    999.000
    APC_02             1.000      0.000    999.000    999.000
    APC_03             1.000      0.000    999.000    999.000
    APC_04             1.000      0.000    999.000    999.000
    APC_05             1.000      0.000    999.000    999.000
    APP_01             1.000      0.000    999.000    999.000
    APP_02             1.000      0.000    999.000    999.000
    APP_03             1.000      0.000    999.000    999.000
    APP_04             1.000      0.000    999.000    999.000
    APP_05             1.000      0.000    999.000    999.000


STANDARDIZED MODEL RESULTS


STDYX Standardization

                                                    Two-Tailed
                    Estimate       S.E.  Est./S.E.    P-Value

Group ALL

 DIJ      BY
    DIJ_01             0.884      0.012     74.501      0.000
    DIJ_02             0.879      0.012     72.750      0.000
    DIJ_03             0.903      0.011     84.311      0.000
    DIJ_04             0.824      0.016     51.810      0.000

 APC      BY
    APC_01             0.737      0.024     30.529      0.000
    APC_02             0.896      0.015     59.711      0.000
    APC_03             0.747      0.025     29.775      0.000
    APC_04             0.569      0.032     17.743      0.000
    APC_05             0.961      0.014     67.967      0.000

 APP      BY
    APP_01             0.661      0.028     23.490      0.000
    APP_02             0.799      0.022     36.534      0.000
    APP_03             0.781      0.025     30.982      0.000
    APP_04             0.691      0.027     25.788      0.000
    APP_05             0.713      0.026     27.002      0.000

 WH_GROUP WITH
    DIJ                0.093      0.053      1.769      0.077
    APC                0.201      0.053      3.786      0.000
    APP               -0.082      0.053     -1.556      0.120

 INC_INS  WITH
    DIJ                0.431      0.039     10.951      0.000
    APC               -0.075      0.051     -1.463      0.143
    APP               -0.040      0.053     -0.768      0.443

 IN_EX    WITH
    DIJ                0.062      0.059      1.062      0.288
    APC                0.205      0.051      3.990      0.000
    APP               -0.085      0.054     -1.589      0.112

 APC      WITH
    DIJ                0.200      0.056      3.589      0.000

 APP      WITH
    DIJ               -0.088      0.058     -1.505      0.132
    APC                0.406      0.048      8.545      0.000

 WH_GROUP WITH
    INC_INS           -0.104      0.047     -2.192      0.028
    IN_EX              0.768      0.031     24.457      0.000

 INC_INS  WITH
    IN_EX             -0.164      0.045     -3.627      0.000

 Means
    WH_GROUP           4.713      0.172     27.375      0.000
    IN_EX              6.024      0.140     43.110      0.000
    INC_INS            3.065      0.123     25.002      0.000
    DIJ                0.000      0.000    999.000    999.000
    APC                0.000      0.000    999.000    999.000
    APP                0.000      0.000    999.000    999.000

 Thresholds
    DIJ_01$1          -1.088      0.067    -16.256      0.000
    DIJ_01$2          -0.298      0.052     -5.749      0.000
    DIJ_01$3           0.238      0.051      4.639      0.000
    DIJ_01$4           0.951      0.065     14.549      0.000
    DIJ_02$1          -1.191      0.071    -16.818      0.000
    DIJ_02$2          -0.457      0.053     -8.589      0.000
    DIJ_02$3           0.059      0.051      1.165      0.244
    DIJ_02$4           0.862      0.063     13.705      0.000
    DIJ_03$1          -1.026      0.066    -15.618      0.000
    DIJ_03$2          -0.298      0.052     -5.731      0.000
    DIJ_03$3           0.298      0.052      5.694      0.000
    DIJ_03$4           1.043      0.069     15.084      0.000
    DIJ_04$1          -1.107      0.067    -16.645      0.000
    DIJ_04$2          -0.430      0.053     -8.150      0.000
    DIJ_04$3           0.110      0.051      2.172      0.030
    DIJ_04$4           0.875      0.062     14.163      0.000
    APC_01$1          -1.042      0.064    -16.327      0.000
    APC_01$2           0.493      0.053      9.255      0.000
    APC_02$1          -1.497      0.084    -17.785      0.000
    APC_02$2          -0.568      0.056    -10.198      0.000
    APC_02$3           0.654      0.057     11.430      0.000
    APC_03$1          -0.979      0.061    -15.952      0.000
    APC_03$2           0.636      0.055     11.529      0.000
    APC_04$1          -1.567      0.082    -19.173      0.000
    APC_04$2          -0.768      0.056    -13.630      0.000
    APC_04$3           0.022      0.050      0.444      0.657
    APC_04$4           1.124      0.064     17.655      0.000
    APC_05$1          -1.534      0.087    -17.658      0.000
    APC_05$2          -0.665      0.057    -11.606      0.000
    APC_05$3           0.634      0.057     11.149      0.000
    APP_01$1          -1.344      0.073    -18.337      0.000
    APP_01$2          -0.477      0.053     -9.059      0.000
    APP_01$3           0.163      0.050      3.240      0.001
    APP_01$4           1.265      0.071     17.869      0.000
    APP_02$1          -1.353      0.075    -18.072      0.000
    APP_02$2          -0.661      0.056    -11.772      0.000
    APP_02$3           0.712      0.057     12.504      0.000
    APP_03$1          -1.200      0.069    -17.267      0.000
    APP_03$2          -0.391      0.053     -7.424      0.000
    APP_03$3           0.339      0.052      6.503      0.000
    APP_03$4           1.351      0.076     17.683      0.000
    APP_04$1          -0.758      0.057    -13.262      0.000
    APP_04$2           0.014      0.050      0.278      0.781
    APP_04$3           0.818      0.058     14.081      0.000
    APP_04$4           1.709      0.092     18.646      0.000
    APP_05$1          -1.354      0.075    -18.091      0.000
    APP_05$2          -0.722      0.057    -12.633      0.000
    APP_05$3           0.248      0.052      4.798      0.000
    APP_05$4           1.325      0.074     17.972      0.000

 Variances
    WH_GROUP           1.000      0.000    999.000    999.000
    IN_EX              1.000      0.000    999.000    999.000
    INC_INS            1.000      0.000    999.000    999.000
    DIJ                1.000      0.000    999.000    999.000
    APC                1.000      0.000    999.000    999.000
    APP                1.000      0.000    999.000    999.000

 Residual Variances
    DIJ_01             0.218      0.021     10.383      0.000
    DIJ_02             0.227      0.021     10.688      0.000
    DIJ_03             0.185      0.019      9.600      0.000
    DIJ_04             0.321      0.026     12.232      0.000
    APC_01             0.456      0.036     12.807      0.000
    APC_02             0.198      0.027      7.368      0.000
    APC_03             0.442      0.037     11.811      0.000
    APC_04             0.677      0.036     18.568      0.000
    APC_05             0.076      0.027      2.814      0.005
    APP_01             0.563      0.037     15.106      0.000
    APP_02             0.361      0.035     10.339      0.000
    APP_03             0.391      0.039      9.937      0.000
    APP_04             0.522      0.037     14.083      0.000
    APP_05             0.491      0.038     13.032      0.000

Group T1_ONLY

 DIJ      BY
    DIJ_01             0.880      0.014     61.811      0.000
    DIJ_02             0.875      0.016     55.220      0.000
    DIJ_03             0.899      0.013     69.505      0.000
    DIJ_04             0.818      0.019     43.625      0.000

 APC      BY
    APC_01             0.753      0.026     28.529      0.000
    APC_02             0.904      0.016     56.643      0.000
    APC_03             0.762      0.025     30.077      0.000
    APC_04             0.587      0.034     17.469      0.000
    APC_05             0.964      0.013     71.448      0.000

 APP      BY
    APP_01             0.659      0.032     20.890      0.000
    APP_02             0.797      0.024     32.718      0.000
    APP_03             0.778      0.026     30.433      0.000
    APP_04             0.689      0.030     22.605      0.000
    APP_05             0.711      0.029     24.799      0.000

 WH_GROUP WITH
    DIJ               -0.034      0.067     -0.507      0.612
    APC                0.027      0.070      0.392      0.695
    APP                0.017      0.073      0.232      0.816

 INC_INS  WITH
    DIJ                0.364      0.057      6.361      0.000
    APC               -0.191      0.064     -2.979      0.003
    APP               -0.065      0.063     -1.035      0.301

 IN_EX    WITH
    DIJ               -0.037      0.063     -0.578      0.563
    APC                0.053      0.061      0.872      0.383
    APP                0.002      0.069      0.035      0.972

 APC      WITH
    DIJ                0.075      0.073      1.038      0.299

 APP      WITH
    DIJ               -0.037      0.067     -0.559      0.576
    APC                0.495      0.055      8.945      0.000

 WH_GROUP WITH
    INC_INS           -0.035      0.066     -0.526      0.599
    IN_EX              0.732      0.052     14.003      0.000

 INC_INS  WITH
    IN_EX             -0.063      0.065     -0.979      0.328

 Means
    WH_GROUP           4.597      0.227     20.280      0.000
    IN_EX              6.522      0.170     38.431      0.000
    INC_INS            2.757      0.136     20.309      0.000
    DIJ                0.000      0.000    999.000    999.000
    APC                0.000      0.000    999.000    999.000
    APP                0.000      0.000    999.000    999.000

 Thresholds
    DIJ_01$1          -1.106      0.078    -14.263      0.000
    DIJ_01$2          -0.303      0.053     -5.667      0.000
    DIJ_01$3           0.242      0.053      4.579      0.000
    DIJ_01$4           0.967      0.069     14.015      0.000
    DIJ_02$1          -1.210      0.081    -14.873      0.000
    DIJ_02$2          -0.464      0.057     -8.190      0.000
    DIJ_02$3           0.060      0.051      1.165      0.244
    DIJ_02$4           0.876      0.066     13.324      0.000
    DIJ_03$1          -1.044      0.077    -13.614      0.000
    DIJ_03$2          -0.304      0.055     -5.559      0.000
    DIJ_03$3           0.303      0.054      5.632      0.000
    DIJ_03$4           1.061      0.074     14.384      0.000
    DIJ_04$1          -1.123      0.075    -14.965      0.000
    DIJ_04$2          -0.436      0.055     -7.916      0.000
    DIJ_04$3           0.112      0.051      2.175      0.030
    DIJ_04$4           0.888      0.065     13.758      0.000
    APC_01$1          -1.016      0.065    -15.539      0.000
    APC_01$2           0.481      0.053      9.104      0.000
    APC_02$1          -1.442      0.092    -15.643      0.000
    APC_02$2          -0.547      0.055     -9.880      0.000
    APC_02$3           0.630      0.057     11.002      0.000
    APC_03$1          -0.953      0.065    -14.714      0.000
    APC_03$2           0.619      0.055     11.182      0.000
    APC_04$1          -1.543      0.084    -18.341      0.000
    APC_04$2          -0.756      0.057    -13.347      0.000
    APC_04$3           0.022      0.050      0.444      0.657
    APC_04$4           1.107      0.066     16.752      0.000
    APC_05$1          -1.469      0.101    -14.566      0.000
    APC_05$2          -0.637      0.060    -10.625      0.000
    APC_05$3           0.607      0.059     10.338      0.000
    APP_01$1          -1.348      0.076    -17.732      0.000
    APP_01$2          -0.478      0.054     -8.939      0.000
    APP_01$3           0.164      0.051      3.238      0.001
    APP_01$4           1.268      0.071     17.830      0.000
    APP_02$1          -1.359      0.084    -16.250      0.000
    APP_02$2          -0.663      0.057    -11.553      0.000
    APP_02$3           0.715      0.059     12.172      0.000
    APP_03$1          -1.205      0.075    -16.037      0.000
    APP_03$2          -0.393      0.053     -7.347      0.000
    APP_03$3           0.340      0.053      6.428      0.000
    APP_03$4           1.356      0.081     16.678      0.000
    APP_04$1          -0.760      0.058    -13.091      0.000
    APP_04$2           0.014      0.050      0.278      0.781
    APP_04$3           0.821      0.060     13.741      0.000
    APP_04$4           1.715      0.097     17.761      0.000
    APP_05$1          -1.359      0.079    -17.201      0.000
    APP_05$2          -0.724      0.059    -12.264      0.000
    APP_05$3           0.248      0.052      4.795      0.000
    APP_05$4           1.330      0.077     17.192      0.000

 Variances
    WH_GROUP           1.000      0.000    999.000    999.000
    IN_EX              1.000      0.000    999.000    999.000
    INC_INS            1.000      0.000    999.000    999.000
    DIJ                1.000      0.000    999.000    999.000
    APC                1.000      0.000    999.000    999.000
    APP                1.000      0.000    999.000    999.000

 Residual Variances
    DIJ_01             0.225      0.025      8.990      0.000
    DIJ_02             0.235      0.028      8.467      0.000
    DIJ_03             0.192      0.023      8.259      0.000
    DIJ_04             0.330      0.031     10.749      0.000
    APC_01             0.433      0.040     10.904      0.000
    APC_02             0.184      0.029      6.369      0.000
    APC_03             0.420      0.039     10.870      0.000
    APC_04             0.656      0.039     16.657      0.000
    APC_05             0.070      0.026      2.696      0.007
    APP_01             0.566      0.042     13.616      0.000
    APP_02             0.365      0.039      9.384      0.000
    APP_03             0.394      0.040      9.892      0.000
    APP_04             0.525      0.042     12.511      0.000
    APP_05             0.495      0.041     12.130      0.000


R-SQUARE

Group ALL

    Observed                                        Two-Tailed     Scale
    Variable        Estimate       S.E.  Est./S.E.    P-Value     Factors

    DIJ_01             0.782      0.021     37.250      0.000      0.467
    DIJ_02             0.773      0.021     36.375      0.000      0.477
    DIJ_03             0.815      0.019     42.156      0.000      0.431
    DIJ_04             0.679      0.026     25.905      0.000      0.566
    APC_01             0.544      0.036     15.265      0.000      0.675
    APC_02             0.802      0.027     29.855      0.000      0.445
    APC_03             0.558      0.037     14.888      0.000      0.665
    APC_04             0.323      0.036      8.871      0.000      0.823
    APC_05             0.924      0.027     33.984      0.000      0.277
    APP_01             0.437      0.037     11.745      0.000      0.750
    APP_02             0.639      0.035     18.267      0.000      0.601
    APP_03             0.609      0.039     15.491      0.000      0.625
    APP_04             0.478      0.037     12.894      0.000      0.723
    APP_05             0.509      0.038     13.501      0.000      0.701

Group T1_ONLY

    Observed                                        Two-Tailed     Scale
    Variable        Estimate       S.E.  Est./S.E.    P-Value     Factors

    DIJ_01             0.775      0.025     30.905      0.000      0.475
    DIJ_02             0.765      0.028     27.610      0.000      0.484
    DIJ_03             0.808      0.023     34.752      0.000      0.438
    DIJ_04             0.670      0.031     21.813      0.000      0.575
    APC_01             0.567      0.040     14.264      0.000      0.658
    APC_02             0.816      0.029     28.322      0.000      0.428
    APC_03             0.580      0.039     15.038      0.000      0.648
    APC_04             0.344      0.039      8.735      0.000      0.810
    APC_05             0.930      0.026     35.724      0.000      0.265
    APP_01             0.434      0.042     10.445      0.000      0.752
    APP_02             0.635      0.039     16.359      0.000      0.604
    APP_03             0.606      0.040     15.217      0.000      0.628
    APP_04             0.475      0.042     11.303      0.000      0.725
    APP_05             0.505      0.041     12.399      0.000      0.703


QUALITY OF NUMERICAL RESULTS

     Condition Number for the Information Matrix              0.248E-05
       (ratio of smallest to largest eigenvalue)


SAVEDATA INFORMATION


  Difference testing

  Save file
    01_equal_means.diff
  Save format      Free

     Beginning Time:  14:18:19
        Ending Time:  14:18:20
       Elapsed Time:  00:00:01



MUTHEN & MUTHEN
3463 Stoner Ave.
Los Angeles, CA  90066

Tel: (310) 391-9971
Fax: (310) 391-8971
Web: www.StatModel.com
Support: Support@StatModel.com

Copyright (c) 1998-2018 Muthen & Muthen
