Mplus VERSION 8.2 (Mac)
MUTHEN & MUTHEN
04/11/2024   2:28 PM

INPUT INSTRUCTIONS

  DATA: FILE = "../../data/transforms/mplus_incl_t1_only.dat";

  VARIABLE:

      NAMES =
      t1_only
      group group_detail wh_group
      dij_01 dij_02 dij_03 dij_04
      apc_01 apc_02 apc_03 apc_04 apc_05
      app_01 app_02 app_03 app_04 app_05
      res_01 res_02 res_03 !t2 only
      exh_01 exh_04 exh_08 !t2 only
      jsa_01 jsa_02 jsa_03 jsa_04 !t2 only
      in_ex inc_ins
      ;

      MISSING = .;

      USEVARIABLES =
          wh_group
          dij_01-dij_04
          apc_01-apc_05
          app_01-app_05
          in_ex inc_ins
          ;


      categorical =
          dij_01-app_05;

      grouping = t1_only (0 = all, 1 = t1_only)

  ANALYSIS:
      estimator = WLSMV;
      PARAMETERIZATION = THETA;
      STARTS = 20;
      DIFFTEST = 01_equal_means.diff;

  MODEL:

      ! Factor loadings fixed
          DIJ by
              dij_01* (f_dij_01)
              dij_02* (f_dij_02)
              dij_03* (f_dij_03)
              dij_04* (f_dij_04)
              ;

          APC by
              apc_01* (f_apc_01)
              apc_02* (f_apc_02)
              apc_03* (f_apc_03)
              apc_04* (f_apc_04)
              apc_05* (f_apc_05)
              ;

          APP by
              app_01* (f_app_01)
              app_02* (f_app_02)
              app_03* (f_app_03)
              app_04* (f_app_04)
              app_05* (f_app_05)
              ;


          ! Item thresholds are fix

          !DIJ
          [dij_01$1*] (t1dij_01);
          [dij_01$2*] (t2dij_01);
          [dij_01$3*] (t3dij_01);

          [dij_02$1*] (t1dij_02);
          [dij_02$2*] (t2dij_02);

          [dij_03$1*] (t1dij_03);
          [dij_03$2*] (t2dij_03);
          [dij_03$3*] (t3dij_03);

          [dij_04$1*] (t1dij_04);
          [dij_04$2*] (t2dij_04);
          [dij_04$3*] (t3dij_04);

          !APC
          [apc_01$1*] (t1apc_01);
          [apc_01$2*] (t2apc_01);

          [apc_02$1*] (t1apc_02);
          [apc_02$2*] (t2apc_02);

          [apc_03$1*] (t1apc_03);
          [apc_03$2*] (t2apc_03);

          [apc_04$1*] (t1apc_04);
          [apc_04$2*] (t2apc_04);

          [apc_05$1*] (t1apc_05);
          [apc_05$2*] (t2apc_05);

          !APP
          [app_01$1*] (t1app_01);
          [app_01$2*] (t2app_01);
          [app_01$3*] (t3app_01);

          [app_02$1*] (t1app_02);
          [app_02$2*] (t2app_02);

          [app_03$1*] (t1app_03);
          [app_03$2*] (t2app_03);
          [app_03$3*] (t3app_03);
          [app_03$4*] (t4app_03);

          [app_04$1*] (t1app_04);
          [app_04$2*] (t2app_04);
          [app_04$3*] (t3app_04);

          [app_05$1*] (t1app_05);
          [app_05$2*] (t2app_05);
          [app_05$3*] (t3app_05);


          ! Item residual variances all fixed=1
          dij_01-app_05@1;


          ! Factors mean=0 and variance=1 for identification

          [DIJ@0];
          [APC@0];
          [APP@0];

          DIJ@1;
          APC@1;
          APP@1;

          ! estimate manifest vars
          [wh_group*];
          [inc_ins*];
          [in_ex*];


          wh_group* (mv1);
          inc_ins* (mv2);
          in_ex* (mv3);

          ! correlations

          wh_group with
              inc_ins
              in_ex
              DIJ
              APC
              APP
              ;

          inc_ins with
              in_ex
              DIJ
              APC
              APP
              ;

          in_ex with
              DIJ
              APC
              APP
              ;

  MODEL t1_only:

      ! Factor loadings and Item thresholds are fixed by default

          ! Item residual variances all fixed=1
          dij_01-app_05@1;


          ! Factors mean free

          ![DIJ*];
          ![APC*];
          ![APP*];

          ! variance free
          !DIJ*;
          !APC*;
          !APP*;

          ! estimate manifest vars
          ![wh_group*];
          ![inc_ins*];
          ![in_ex*];


          wh_group* (mv1);
          inc_ins* (mv2);
          in_ex* (mv3);

          ! correlations

          wh_group with
              inc_ins
              in_ex
              DIJ
              APC
              APP
              ;

          inc_ins with
              in_ex
              DIJ
              APC
              APP
              ;

          in_ex with
              DIJ
              APC
              APP
              ;


  OUTPUT:
  	stdyx
  	;


  SAVEDATA: DIFFTEST=02_equal_variances.diff;



*** WARNING
  Data set contains cases with missing on all variables.
  These cases were not included in the analysis.
  Number of cases with missing on all variables:  4
   1 WARNING(S) FOUND IN THE INPUT INSTRUCTIONS




SUMMARY OF ANALYSIS

Number of groups                                                 2
Number of observations
   Group ALL                                                   382
   Group T1_ONLY                                               250
   Total sample size                                           632

Number of dependent variables                                   17
Number of independent variables                                  0
Number of continuous latent variables                            3

Observed dependent variables

  Continuous
   WH_GROUP    IN_EX       INC_INS

  Binary and ordered categorical (ordinal)
   DIJ_01      DIJ_02      DIJ_03      DIJ_04      APC_01      APC_02
   APC_03      APC_04      APC_05      APP_01      APP_02      APP_03
   APP_04      APP_05

Continuous latent variables
   DIJ         APC         APP

Variables with special functions

  Grouping variable     T1_ONLY

Estimator                                                    WLSMV
Maximum number of iterations                                  1000
Convergence criterion                                    0.500D-04
Maximum number of steepest descent iterations                   20
Maximum number of iterations for H1                           2000
Convergence criterion for H1                             0.100D-03
Random Starts Specifications
  Number of random starts                                       20
  Random starts scale                                    0.500D+01
Parameterization                                             THETA
Link                                                        PROBIT

Input data file(s)
  ../../data/transforms/mplus_incl_t1_only.dat

Input data format  FREE


SUMMARY OF DATA

   Group ALL
     Number of missing data patterns            30

   Group T1_ONLY
     Number of missing data patterns            24


COVARIANCE COVERAGE OF DATA

Minimum covariance coverage value   0.100


     PROPORTION OF DATA PRESENT FOR ALL


           Covariance Coverage
              WH_GROUP      DIJ_01        DIJ_02        DIJ_03        DIJ_04
              ________      ________      ________      ________      ________
 WH_GROUP       0.997
 DIJ_01         0.955         0.958
 DIJ_02         0.966         0.948         0.969
 DIJ_03         0.950         0.937         0.942         0.953
 DIJ_04         0.969         0.948         0.955         0.940         0.971
 APC_01         0.995         0.955         0.966         0.950         0.969
 APC_02         0.992         0.953         0.963         0.948         0.966
 APC_03         0.997         0.958         0.969         0.953         0.971
 APC_04         0.995         0.955         0.966         0.950         0.969
 APC_05         0.997         0.958         0.969         0.953         0.971
 APP_01         0.987         0.950         0.961         0.945         0.963
 APP_02         0.979         0.942         0.953         0.937         0.955
 APP_03         0.969         0.940         0.945         0.935         0.950
 APP_04         0.976         0.945         0.953         0.940         0.953
 APP_05         0.955         0.927         0.935         0.921         0.935
 IN_EX          0.990         0.950         0.961         0.942         0.963
 INC_INS        0.997         0.958         0.969         0.953         0.971


           Covariance Coverage
              APC_01        APC_02        APC_03        APC_04        APC_05
              ________      ________      ________      ________      ________
 APC_01         0.997
 APC_02         0.992         0.995
 APC_03         0.997         0.995         1.000
 APC_04         0.995         0.992         0.997         0.997
 APC_05         0.997         0.995         1.000         0.997         1.000
 APP_01         0.987         0.984         0.990         0.987         0.990
 APP_02         0.979         0.976         0.982         0.982         0.982
 APP_03         0.971         0.966         0.971         0.971         0.971
 APP_04         0.976         0.974         0.979         0.979         0.979
 APP_05         0.955         0.953         0.958         0.958         0.958
 IN_EX          0.987         0.984         0.990         0.987         0.990
 INC_INS        0.997         0.995         1.000         0.997         1.000


           Covariance Coverage
              APP_01        APP_02        APP_03        APP_04        APP_05
              ________      ________      ________      ________      ________
 APP_01         0.990
 APP_02         0.979         0.982
 APP_03         0.969         0.966         0.971
 APP_04         0.974         0.971         0.963         0.979
 APP_05         0.958         0.953         0.948         0.953         0.958
 IN_EX          0.979         0.971         0.961         0.969         0.948
 INC_INS        0.990         0.982         0.971         0.979         0.958


           Covariance Coverage
              IN_EX         INC_INS
              ________      ________
 IN_EX          0.990
 INC_INS        0.990         1.000


     PROPORTION OF DATA PRESENT FOR T1_ONLY


           Covariance Coverage
              WH_GROUP      DIJ_01        DIJ_02        DIJ_03        DIJ_04
              ________      ________      ________      ________      ________
 WH_GROUP       0.988
 DIJ_01         0.952         0.964
 DIJ_02         0.936         0.936         0.948
 DIJ_03         0.920         0.928         0.916         0.932
 DIJ_04         0.944         0.940         0.928         0.916         0.956
 APC_01         0.984         0.964         0.948         0.932         0.956
 APC_02         0.980         0.960         0.944         0.928         0.952
 APC_03         0.984         0.964         0.948         0.932         0.956
 APC_04         0.980         0.960         0.944         0.928         0.952
 APC_05         0.980         0.960         0.944         0.928         0.952
 APP_01         0.968         0.952         0.940         0.924         0.948
 APP_02         0.976         0.956         0.940         0.924         0.948
 APP_03         0.944         0.924         0.912         0.896         0.920
 APP_04         0.976         0.956         0.940         0.924         0.948
 APP_05         0.952         0.940         0.924         0.912         0.932
 IN_EX          0.984         0.948         0.932         0.916         0.940
 INC_INS        0.984         0.964         0.948         0.932         0.956


           Covariance Coverage
              APC_01        APC_02        APC_03        APC_04        APC_05
              ________      ________      ________      ________      ________
 APC_01         0.996
 APC_02         0.992         0.992
 APC_03         0.996         0.992         0.996
 APC_04         0.992         0.988         0.992         0.992
 APC_05         0.992         0.988         0.992         0.988         0.992
 APP_01         0.980         0.976         0.980         0.976         0.976
 APP_02         0.988         0.984         0.988         0.984         0.984
 APP_03         0.956         0.952         0.956         0.956         0.952
 APP_04         0.988         0.984         0.988         0.984         0.984
 APP_05         0.964         0.960         0.964         0.960         0.964
 IN_EX          0.980         0.976         0.980         0.976         0.976
 INC_INS        0.996         0.992         0.996         0.992         0.992


           Covariance Coverage
              APP_01        APP_02        APP_03        APP_04        APP_05
              ________      ________      ________      ________      ________
 APP_01         0.980
 APP_02         0.976         0.988
 APP_03         0.952         0.956         0.956
 APP_04         0.980         0.984         0.956         0.988
 APP_05         0.960         0.964         0.944         0.964         0.964
 IN_EX          0.964         0.976         0.944         0.972         0.952
 INC_INS        0.980         0.988         0.956         0.988         0.964


           Covariance Coverage
              IN_EX         INC_INS
              ________      ________
 IN_EX          0.984
 INC_INS        0.980         0.996


UNIVARIATE PROPORTIONS AND COUNTS FOR CATEGORICAL VARIABLES

  Group ALL
    DIJ_01
      Category 1    0.137           50.000
      Category 2    0.260           95.000
      Category 3    0.208           76.000
      Category 4    0.251           92.000
      Category 5    0.145           53.000
    DIJ_02
      Category 1    0.114           42.000
      Category 2    0.227           84.000
      Category 3    0.203           75.000
      Category 4    0.297          110.000
      Category 5    0.159           59.000
    DIJ_03
      Category 1    0.159           58.000
      Category 2    0.255           93.000
      Category 3    0.212           77.000
      Category 4    0.247           90.000
      Category 5    0.126           46.000
    DIJ_04
      Category 1    0.135           50.000
      Category 2    0.213           79.000
      Category 3    0.213           79.000
      Category 4    0.272          101.000
      Category 5    0.167           62.000
    APC_01
      Category 1    0.157           60.000
      Category 2    0.533          203.000
      Category 3    0.310          118.000
    APC_02
      Category 1    0.068           26.000
      Category 2    0.205           78.000
      Category 3    0.466          177.000
      Category 4    0.261           99.000
    APC_03
      Category 1    0.165           63.000
      Category 2    0.573          219.000
      Category 3    0.262          100.000
    APC_04
      Category 1    0.045           17.000
      Category 2    0.186           71.000
      Category 3    0.289          110.000
      Category 4    0.357          136.000
      Category 5    0.123           47.000
    APC_05
      Category 1    0.071           27.000
      Category 2    0.202           77.000
      Category 3    0.469          179.000
      Category 4    0.259           99.000
    APP_01
      Category 1    0.103           39.000
      Category 2    0.238           90.000
      Category 3    0.225           85.000
      Category 4    0.333          126.000
      Category 5    0.101           38.000
    APP_02
      Category 1    0.101           38.000
      Category 2    0.165           62.000
      Category 3    0.499          187.000
      Category 4    0.235           88.000
    APP_03
      Category 1    0.113           42.000
      Category 2    0.256           95.000
      Category 3    0.275          102.000
      Category 4    0.286          106.000
      Category 5    0.070           26.000
    APP_04
      Category 1    0.238           89.000
      Category 2    0.294          110.000
      Category 3    0.275          103.000
      Category 4    0.150           56.000
      Category 5    0.043           16.000
    APP_05
      Category 1    0.096           35.000
      Category 2    0.172           63.000
      Category 3    0.350          128.000
      Category 4    0.287          105.000
      Category 5    0.096           35.000

  Group T1_ONLY
    DIJ_01
      Category 1    0.137           33.000
      Category 2    0.224           54.000
      Category 3    0.220           53.000
      Category 4    0.216           52.000
      Category 5    0.203           49.000
    DIJ_02
      Category 1    0.118           28.000
      Category 2    0.177           42.000
      Category 3    0.198           47.000
      Category 4    0.266           63.000
      Category 5    0.241           57.000
    DIJ_03
      Category 1    0.137           32.000
      Category 2    0.193           45.000
      Category 3    0.275           64.000
      Category 4    0.219           51.000
      Category 5    0.176           41.000
    DIJ_04
      Category 1    0.130           31.000
      Category 2    0.180           43.000
      Category 3    0.209           50.000
      Category 4    0.259           62.000
      Category 5    0.222           53.000
    APC_01
      Category 1    0.141           35.000
      Category 2    0.542          135.000
      Category 3    0.317           79.000
    APC_02
      Category 1    0.073           18.000
      Category 2    0.238           59.000
      Category 3    0.431          107.000
      Category 4    0.258           64.000
    APC_03
      Category 1    0.169           42.000
      Category 2    0.562          140.000
      Category 3    0.269           67.000
    APC_04
      Category 1    0.081           20.000
      Category 2    0.129           32.000
      Category 3    0.282           70.000
      Category 4    0.363           90.000
      Category 5    0.145           36.000
    APC_05
      Category 1    0.056           14.000
      Category 2    0.173           43.000
      Category 3    0.492          122.000
      Category 4    0.278           69.000
    APP_01
      Category 1    0.065           16.000
      Category 2    0.212           52.000
      Category 3    0.286           70.000
      Category 4    0.331           81.000
      Category 5    0.106           26.000
    APP_02
      Category 1    0.065           16.000
      Category 2    0.170           42.000
      Category 3    0.522          129.000
      Category 4    0.243           60.000
    APP_03
      Category 1    0.117           28.000
      Category 2    0.197           47.000
      Category 3    0.301           72.000
      Category 4    0.272           65.000
      Category 5    0.113           27.000
    APP_04
      Category 1    0.202           50.000
      Category 2    0.263           65.000
      Category 3    0.308           76.000
      Category 4    0.182           45.000
      Category 5    0.045           11.000
    APP_05
      Category 1    0.075           18.000
      Category 2    0.108           26.000
      Category 3    0.386           93.000
      Category 4    0.344           83.000
      Category 5    0.087           21.000



UNIVARIATE SAMPLE STATISTICS


     UNIVARIATE HIGHER-ORDER MOMENT DESCRIPTIVE STATISTICS FOR ALL

         Variable/         Mean/     Skewness/   Minimum/ % with                Percentiles
        Sample Size      Variance    Kurtosis    Maximum  Min/Max      20%/60%    40%/80%    Median

     WH_GROUP              4.449      -1.754       1.000    1.57%       4.000      5.000      5.000
             381.000       0.888       2.388       5.000   67.98%       5.000      5.000
     IN_EX                 1.023      -1.547       0.200    0.79%       0.932      1.000      1.000
             378.000       0.029       4.399       1.204   28.31%       1.064      1.204
     INC_INS               2.639       0.384       1.000    7.85%       2.000      2.000      3.000
             382.000       0.780       0.310       5.000    3.40%       3.000      3.000


     UNIVARIATE HIGHER-ORDER MOMENT DESCRIPTIVE STATISTICS FOR T1_ONLY

         Variable/         Mean/     Skewness/   Minimum/ % with                Percentiles
        Sample Size      Variance    Kurtosis    Maximum  Min/Max      20%/60%    40%/80%    Median

     WH_GROUP              4.429      -1.699       1.000    2.02%       4.000      5.000      5.000
             247.000       0.933       2.198       5.000   68.02%       5.000      5.000
     IN_EX                 1.015      -1.587       0.200    0.81%       0.955      1.000      1.000
             246.000       0.024       5.696       1.204   22.36%       1.015      1.204
     INC_INS               2.835       0.258       1.000    8.03%       2.000      3.000      3.000
             249.000       0.965      -0.016       5.000    6.83%       3.000      3.000


RANDOM STARTS RESULTS RANKED FROM THE BEST TO THE WORST FIT FUNCTION VALUES

Fit function values at local maxima and random start numbers:

            286.5953         16
            286.5953         5
            286.5953         8
            286.5953         19
            286.5953         2
            286.5953         9
            286.5953         18
            286.5953         20
            286.5953         11
            286.5953         4
            286.5953         17
            286.5953         7
            286.5953         12
            286.5953         3
            286.5953         6
            286.5954         10
            286.5954         15
            286.5954         14
            286.5954         1
            286.5954         unperturbed
            286.5955         13

THE MODEL ESTIMATION TERMINATED NORMALLY



MODEL FIT INFORMATION

Number of Free Parameters                       99

Chi-Square Test of Model Fit

          Value                            359.270*
          Degrees of Freedom                   283
          P-Value                           0.0014

Chi-Square Contribution From Each Group

          ALL                              154.225
          T1_ONLY                          205.045

Chi-Square Test for Difference Testing

          Value                              3.707*
          Degrees of Freedom                     6
          P-Value                           0.7162

*   The chi-square value for MLM, MLMV, MLR, ULSMV, WLSM and WLSMV cannot be used
    for chi-square difference testing in the regular way.  MLM, MLR and WLSM
    chi-square difference testing is described on the Mplus website.  MLMV, WLSMV,
    and ULSMV difference testing is done using the DIFFTEST option.  The DIFFTEST
    option assumes the models are nested.  The NESTED option can be used to verify
    that the models are nested.

RMSEA (Root Mean Square Error Of Approximation)

          Estimate                           0.029
          90 Percent C.I.                    0.019  0.038
          Probability RMSEA <= .05           1.000

CFI/TLI

          CFI                                0.994
          TLI                                0.994

Chi-Square Test of Model Fit for the Baseline Model

          Value                          12607.261
          Degrees of Freedom                   272
          P-Value                           0.0000

SRMR (Standardized Root Mean Square Residual)

          Value                              0.042

Optimum Function Value for Weighted Least-Squares Estimator

          Value                     0.22673681D+00



MODEL RESULTS

                                                    Two-Tailed
                    Estimate       S.E.  Est./S.E.    P-Value

Group ALL

 DIJ      BY
    DIJ_01             1.879      0.101     18.534      0.000
    DIJ_02             1.838      0.103     17.850      0.000
    DIJ_03             2.079      0.119     17.477      0.000
    DIJ_04             1.443      0.075     19.325      0.000

 APC      BY
    APC_01             1.108      0.073     15.107      0.000
    APC_02             2.032      0.164     12.361      0.000
    APC_03             1.153      0.078     14.702      0.000
    APC_04             0.707      0.054     13.025      0.000
    APC_05             3.491      0.670      5.210      0.000

 APP      BY
    APP_01             0.879      0.062     14.211      0.000
    APP_02             1.326      0.093     14.256      0.000
    APP_03             1.244      0.092     13.509      0.000
    APP_04             0.954      0.066     14.435      0.000
    APP_05             1.015      0.070     14.549      0.000

 WH_GROUP WITH
    DIJ                0.088      0.050      1.748      0.080
    APC                0.189      0.052      3.606      0.000
    APP               -0.078      0.050     -1.544      0.123

 INC_INS  WITH
    DIJ                0.382      0.042      9.156      0.000
    APC               -0.066      0.045     -1.459      0.145
    APP               -0.036      0.047     -0.766      0.443

 IN_EX    WITH
    DIJ                0.011      0.010      1.060      0.289
    APC                0.034      0.009      3.917      0.000
    APP               -0.014      0.009     -1.584      0.113

 APC      WITH
    DIJ                0.199      0.056      3.575      0.000

 APP      WITH
    DIJ               -0.088      0.058     -1.504      0.133
    APC                0.405      0.049      8.193      0.000

 WH_GROUP WITH
    INC_INS           -0.087      0.040     -2.146      0.032
    IN_EX              0.122      0.012     10.524      0.000

 INC_INS  WITH
    IN_EX             -0.025      0.007     -3.507      0.000

 Means
    WH_GROUP           4.441      0.069     64.535      0.000
    IN_EX              1.019      0.008    124.999      0.000
    INC_INS            2.708      0.038     72.038      0.000
    DIJ                0.000      0.000    999.000    999.000
    APC                0.000      0.000    999.000    999.000
    APP                0.000      0.000    999.000    999.000

 Thresholds
    DIJ_01$1          -2.331      0.134    -17.361      0.000
    DIJ_01$2          -0.638      0.108     -5.903      0.000
    DIJ_01$3           0.510      0.110      4.645      0.000
    DIJ_01$4           2.041      0.116     17.544      0.000
    DIJ_02$1          -2.508      0.135    -18.539      0.000
    DIJ_02$2          -0.961      0.112     -8.583      0.000
    DIJ_02$3           0.125      0.106      1.179      0.239
    DIJ_02$4           1.819      0.121     14.984      0.000
    DIJ_03$1          -2.382      0.138    -17.287      0.000
    DIJ_03$2          -0.691      0.120     -5.780      0.000
    DIJ_03$3           0.693      0.120      5.765      0.000
    DIJ_03$4           2.427      0.141     17.169      0.000
    DIJ_04$1          -1.954      0.103    -19.053      0.000
    DIJ_04$2          -0.758      0.091     -8.304      0.000
    DIJ_04$3           0.195      0.089      2.194      0.028
    DIJ_04$4           1.547      0.096     16.188      0.000
    APC_01$1          -1.541      0.095    -16.228      0.000
    APC_01$2           0.729      0.077      9.448      0.000
    APC_02$1          -3.341      0.222    -15.018      0.000
    APC_02$2          -1.264      0.134     -9.463      0.000
    APC_02$3           1.460      0.141     10.348      0.000
    APC_03$1          -1.478      0.094    -15.643      0.000
    APC_03$2           0.960      0.083     11.529      0.000
    APC_04$1          -1.904      0.098    -19.452      0.000
    APC_04$2          -0.935      0.068    -13.685      0.000
    APC_04$3           0.027      0.061      0.439      0.661
    APC_04$4           1.368      0.079     17.349      0.000
    APC_05$1          -5.491      0.957     -5.740      0.000
    APC_05$2          -2.384      0.451     -5.290      0.000
    APC_05$3           2.262      0.429      5.276      0.000
    APP_01$1          -1.792      0.097    -18.448      0.000
    APP_01$2          -0.636      0.070     -9.052      0.000
    APP_01$3           0.218      0.067      3.245      0.001
    APP_01$4           1.686      0.093     18.164      0.000
    APP_02$1          -2.250      0.136    -16.512      0.000
    APP_02$2          -1.099      0.100    -10.980      0.000
    APP_02$3           1.184      0.089     13.321      0.000
    APP_03$1          -1.918      0.117    -16.417      0.000
    APP_03$2          -0.625      0.086     -7.292      0.000
    APP_03$3           0.541      0.084      6.483      0.000
    APP_03$4           2.161      0.129     16.741      0.000
    APP_04$1          -1.049      0.078    -13.514      0.000
    APP_04$2           0.020      0.070      0.281      0.779
    APP_04$3           1.133      0.080     14.130      0.000
    APP_04$4           2.366      0.128     18.428      0.000
    APP_05$1          -1.932      0.107    -18.079      0.000
    APP_05$2          -1.029      0.083    -12.391      0.000
    APP_05$3           0.353      0.073      4.841      0.000
    APP_05$4           1.890      0.103     18.360      0.000

 Variances
    WH_GROUP           0.905      0.063     14.353      0.000
    IN_EX              0.026      0.001     26.315      0.000
    INC_INS            0.831      0.046     17.965      0.000
    DIJ                1.000      0.000    999.000    999.000
    APC                1.000      0.000    999.000    999.000
    APP                1.000      0.000    999.000    999.000

 Residual Variances
    DIJ_01             1.000      0.000    999.000    999.000
    DIJ_02             1.000      0.000    999.000    999.000
    DIJ_03             1.000      0.000    999.000    999.000
    DIJ_04             1.000      0.000    999.000    999.000
    APC_01             1.000      0.000    999.000    999.000
    APC_02             1.000      0.000    999.000    999.000
    APC_03             1.000      0.000    999.000    999.000
    APC_04             1.000      0.000    999.000    999.000
    APC_05             1.000      0.000    999.000    999.000
    APP_01             1.000      0.000    999.000    999.000
    APP_02             1.000      0.000    999.000    999.000
    APP_03             1.000      0.000    999.000    999.000
    APP_04             1.000      0.000    999.000    999.000
    APP_05             1.000      0.000    999.000    999.000

Group T1_ONLY

 DIJ      BY
    DIJ_01             1.879      0.101     18.534      0.000
    DIJ_02             1.838      0.103     17.850      0.000
    DIJ_03             2.079      0.119     17.477      0.000
    DIJ_04             1.443      0.075     19.325      0.000

 APC      BY
    APC_01             1.108      0.073     15.107      0.000
    APC_02             2.032      0.164     12.361      0.000
    APC_03             1.153      0.078     14.702      0.000
    APC_04             0.707      0.054     13.025      0.000
    APC_05             3.491      0.670      5.210      0.000

 APP      BY
    APP_01             0.879      0.062     14.211      0.000
    APP_02             1.326      0.093     14.256      0.000
    APP_03             1.244      0.092     13.509      0.000
    APP_04             0.954      0.066     14.435      0.000
    APP_05             1.015      0.070     14.549      0.000

 WH_GROUP WITH
    DIJ               -0.033      0.064     -0.507      0.612
    APC                0.027      0.068      0.393      0.695
    APP                0.016      0.070      0.232      0.816

 INC_INS  WITH
    DIJ                0.357      0.063      5.655      0.000
    APC               -0.189      0.065     -2.892      0.004
    APP               -0.064      0.062     -1.029      0.303

 IN_EX    WITH
    DIJ               -0.006      0.010     -0.579      0.563
    APC                0.008      0.010      0.870      0.384
    APP                0.000      0.011      0.035      0.972

 APC      WITH
    DIJ                0.076      0.073      1.040      0.298

 APP      WITH
    DIJ               -0.037      0.067     -0.559      0.576
    APC                0.498      0.060      8.258      0.000

 WH_GROUP WITH
    INC_INS           -0.033      0.063     -0.525      0.600
    IN_EX              0.111      0.014      8.065      0.000

 INC_INS  WITH
    IN_EX             -0.010      0.010     -0.975      0.330

 Means
    WH_GROUP           4.441      0.069     64.535      0.000
    IN_EX              1.019      0.008    124.999      0.000
    INC_INS            2.708      0.038     72.038      0.000
    DIJ                0.000      0.000    999.000    999.000
    APC                0.000      0.000    999.000    999.000
    APP                0.000      0.000    999.000    999.000

 Thresholds
    DIJ_01$1          -2.331      0.134    -17.361      0.000
    DIJ_01$2          -0.638      0.108     -5.903      0.000
    DIJ_01$3           0.510      0.110      4.645      0.000
    DIJ_01$4           2.041      0.116     17.544      0.000
    DIJ_02$1          -2.508      0.135    -18.539      0.000
    DIJ_02$2          -0.961      0.112     -8.583      0.000
    DIJ_02$3           0.125      0.106      1.179      0.239
    DIJ_02$4           1.819      0.121     14.984      0.000
    DIJ_03$1          -2.382      0.138    -17.287      0.000
    DIJ_03$2          -0.691      0.120     -5.780      0.000
    DIJ_03$3           0.693      0.120      5.765      0.000
    DIJ_03$4           2.427      0.141     17.169      0.000
    DIJ_04$1          -1.954      0.103    -19.053      0.000
    DIJ_04$2          -0.758      0.091     -8.304      0.000
    DIJ_04$3           0.195      0.089      2.194      0.028
    DIJ_04$4           1.547      0.096     16.188      0.000
    APC_01$1          -1.541      0.095    -16.228      0.000
    APC_01$2           0.729      0.077      9.448      0.000
    APC_02$1          -3.341      0.222    -15.018      0.000
    APC_02$2          -1.264      0.134     -9.463      0.000
    APC_02$3           1.460      0.141     10.348      0.000
    APC_03$1          -1.478      0.094    -15.643      0.000
    APC_03$2           0.960      0.083     11.529      0.000
    APC_04$1          -1.904      0.098    -19.452      0.000
    APC_04$2          -0.935      0.068    -13.685      0.000
    APC_04$3           0.027      0.061      0.439      0.661
    APC_04$4           1.368      0.079     17.349      0.000
    APC_05$1          -5.491      0.957     -5.740      0.000
    APC_05$2          -2.384      0.451     -5.290      0.000
    APC_05$3           2.262      0.429      5.276      0.000
    APP_01$1          -1.792      0.097    -18.448      0.000
    APP_01$2          -0.636      0.070     -9.052      0.000
    APP_01$3           0.218      0.067      3.245      0.001
    APP_01$4           1.686      0.093     18.164      0.000
    APP_02$1          -2.250      0.136    -16.512      0.000
    APP_02$2          -1.099      0.100    -10.980      0.000
    APP_02$3           1.184      0.089     13.321      0.000
    APP_03$1          -1.918      0.117    -16.417      0.000
    APP_03$2          -0.625      0.086     -7.292      0.000
    APP_03$3           0.541      0.084      6.483      0.000
    APP_03$4           2.161      0.129     16.741      0.000
    APP_04$1          -1.049      0.078    -13.514      0.000
    APP_04$2           0.020      0.070      0.281      0.779
    APP_04$3           1.133      0.080     14.130      0.000
    APP_04$4           2.366      0.128     18.428      0.000
    APP_05$1          -1.932      0.107    -18.079      0.000
    APP_05$2          -1.029      0.083    -12.391      0.000
    APP_05$3           0.353      0.073      4.841      0.000
    APP_05$4           1.890      0.103     18.360      0.000

 Variances
    WH_GROUP           0.905      0.063     14.353      0.000
    IN_EX              0.026      0.001     26.315      0.000
    INC_INS            0.831      0.046     17.965      0.000
    DIJ                1.000      0.000    999.000    999.000
    APC                1.000      0.000    999.000    999.000
    APP                1.000      0.000    999.000    999.000

 Residual Variances
    DIJ_01             1.000      0.000    999.000    999.000
    DIJ_02             1.000      0.000    999.000    999.000
    DIJ_03             1.000      0.000    999.000    999.000
    DIJ_04             1.000      0.000    999.000    999.000
    APC_01             1.000      0.000    999.000    999.000
    APC_02             1.000      0.000    999.000    999.000
    APC_03             1.000      0.000    999.000    999.000
    APC_04             1.000      0.000    999.000    999.000
    APC_05             1.000      0.000    999.000    999.000
    APP_01             1.000      0.000    999.000    999.000
    APP_02             1.000      0.000    999.000    999.000
    APP_03             1.000      0.000    999.000    999.000
    APP_04             1.000      0.000    999.000    999.000
    APP_05             1.000      0.000    999.000    999.000


STANDARDIZED MODEL RESULTS


STDYX Standardization

                                                    Two-Tailed
                    Estimate       S.E.  Est./S.E.    P-Value

Group ALL

 DIJ      BY
    DIJ_01             0.883      0.011     83.951      0.000
    DIJ_02             0.878      0.011     78.131      0.000
    DIJ_03             0.901      0.010     93.032      0.000
    DIJ_04             0.822      0.014     59.543      0.000

 APC      BY
    APC_01             0.742      0.022     33.642      0.000
    APC_02             0.897      0.014     63.388      0.000
    APC_03             0.755      0.022     34.234      0.000
    APC_04             0.578      0.030     19.543      0.000
    APC_05             0.961      0.014     68.717      0.000

 APP      BY
    APP_01             0.660      0.026     25.200      0.000
    APP_02             0.798      0.020     39.316      0.000
    APP_03             0.780      0.023     34.430      0.000
    APP_04             0.690      0.025     27.585      0.000
    APP_05             0.712      0.024     29.536      0.000

 WH_GROUP WITH
    DIJ                0.093      0.053      1.760      0.078
    APC                0.198      0.054      3.706      0.000
    APP               -0.082      0.053     -1.551      0.121

 INC_INS  WITH
    DIJ                0.419      0.041     10.197      0.000
    APC               -0.072      0.049     -1.463      0.144
    APP               -0.039      0.051     -0.767      0.443

 IN_EX    WITH
    DIJ                0.065      0.061      1.061      0.289
    APC                0.212      0.054      3.947      0.000
    APP               -0.089      0.056     -1.586      0.113

 APC      WITH
    DIJ                0.199      0.056      3.575      0.000

 APP      WITH
    DIJ               -0.088      0.058     -1.504      0.133
    APC                0.405      0.049      8.193      0.000

 WH_GROUP WITH
    INC_INS           -0.100      0.046     -2.176      0.030
    IN_EX              0.793      0.054     14.548      0.000

 INC_INS  WITH
    IN_EX             -0.166      0.046     -3.580      0.000

 Means
    WH_GROUP           4.669      0.110     42.507      0.000
    IN_EX              6.276      0.098     63.800      0.000
    INC_INS            2.971      0.101     29.552      0.000
    DIJ                0.000      0.000    999.000    999.000
    APC                0.000      0.000    999.000    999.000
    APP                0.000      0.000    999.000    999.000

 Thresholds
    DIJ_01$1          -1.095      0.064    -17.200      0.000
    DIJ_01$2          -0.300      0.052     -5.791      0.000
    DIJ_01$3           0.240      0.051      4.662      0.000
    DIJ_01$4           0.959      0.061     15.819      0.000
    DIJ_02$1          -1.199      0.067    -17.981      0.000
    DIJ_02$2          -0.459      0.053     -8.678      0.000
    DIJ_02$3           0.060      0.051      1.176      0.240
    DIJ_02$4           0.869      0.059     14.764      0.000
    DIJ_03$1          -1.033      0.063    -16.487      0.000
    DIJ_03$2          -0.300      0.052     -5.731      0.000
    DIJ_03$3           0.300      0.052      5.760      0.000
    DIJ_03$4           1.052      0.063     16.612      0.000
    DIJ_04$1          -1.113      0.064    -17.393      0.000
    DIJ_04$2          -0.432      0.053     -8.222      0.000
    DIJ_04$3           0.111      0.051      2.184      0.029
    DIJ_04$4           0.881      0.059     14.994      0.000
    APC_01$1          -1.033      0.061    -16.942      0.000
    APC_01$2           0.488      0.052      9.360      0.000
    APC_02$1          -1.475      0.076    -19.458      0.000
    APC_02$2          -0.558      0.053    -10.536      0.000
    APC_02$3           0.645      0.054     11.944      0.000
    APC_03$1          -0.968      0.059    -16.303      0.000
    APC_03$2           0.629      0.054     11.724      0.000
    APC_04$1          -1.554      0.081    -19.291      0.000
    APC_04$2          -0.763      0.056    -13.713      0.000
    APC_04$3           0.022      0.050      0.439      0.661
    APC_04$4           1.116      0.063     17.672      0.000
    APC_05$1          -1.512      0.078    -19.508      0.000
    APC_05$2          -0.656      0.054    -12.132      0.000
    APC_05$3           0.623      0.054     11.613      0.000
    APP_01$1          -1.346      0.071    -18.872      0.000
    APP_01$2          -0.477      0.052     -9.103      0.000
    APP_01$3           0.164      0.050      3.244      0.001
    APP_01$4           1.266      0.068     18.628      0.000
    APP_02$1          -1.355      0.072    -18.898      0.000
    APP_02$2          -0.661      0.054    -12.139      0.000
    APP_02$3           0.713      0.055     12.919      0.000
    APP_03$1          -1.202      0.067    -18.045      0.000
    APP_03$2          -0.391      0.052     -7.493      0.000
    APP_03$3           0.339      0.052      6.543      0.000
    APP_03$4           1.354      0.072     18.678      0.000
    APP_04$1          -0.759      0.056    -13.553      0.000
    APP_04$2           0.014      0.050      0.281      0.779
    APP_04$3           0.819      0.057     14.375      0.000
    APP_04$4           1.712      0.089     19.282      0.000
    APP_05$1          -1.356      0.072    -18.762      0.000
    APP_05$2          -0.722      0.056    -12.829      0.000
    APP_05$3           0.248      0.051      4.818      0.000
    APP_05$4           1.327      0.071     18.679      0.000

 Variances
    WH_GROUP           1.000      0.000    999.000    999.000
    IN_EX              1.000      0.000    999.000    999.000
    INC_INS            1.000      0.000    999.000    999.000
    DIJ                1.000      0.000    999.000    999.000
    APC                1.000      0.000    999.000    999.000
    APP                1.000      0.000    999.000    999.000

 Residual Variances
    DIJ_01             0.221      0.019     11.893      0.000
    DIJ_02             0.228      0.020     11.568      0.000
    DIJ_03             0.188      0.017     10.760      0.000
    DIJ_04             0.325      0.023     14.305      0.000
    APC_01             0.449      0.033     13.711      0.000
    APC_02             0.195      0.025      7.678      0.000
    APC_03             0.429      0.033     12.884      0.000
    APC_04             0.666      0.034     19.527      0.000
    APC_05             0.076      0.027      2.819      0.005
    APP_01             0.564      0.035     16.295      0.000
    APP_02             0.363      0.032     11.183      0.000
    APP_03             0.392      0.035     11.115      0.000
    APP_04             0.523      0.035     15.141      0.000
    APP_05             0.493      0.034     14.336      0.000

Group T1_ONLY

 DIJ      BY
    DIJ_01             0.883      0.011     83.951      0.000
    DIJ_02             0.878      0.011     78.131      0.000
    DIJ_03             0.901      0.010     93.032      0.000
    DIJ_04             0.822      0.014     59.543      0.000

 APC      BY
    APC_01             0.742      0.022     33.642      0.000
    APC_02             0.897      0.014     63.388      0.000
    APC_03             0.755      0.022     34.234      0.000
    APC_04             0.578      0.030     19.543      0.000
    APC_05             0.961      0.014     68.717      0.000

 APP      BY
    APP_01             0.660      0.026     25.200      0.000
    APP_02             0.798      0.020     39.316      0.000
    APP_03             0.780      0.023     34.430      0.000
    APP_04             0.690      0.025     27.585      0.000
    APP_05             0.712      0.024     29.536      0.000

 WH_GROUP WITH
    DIJ               -0.034      0.068     -0.507      0.612
    APC                0.028      0.071      0.393      0.694
    APP                0.017      0.074      0.232      0.816

 INC_INS  WITH
    DIJ                0.391      0.067      5.820      0.000
    APC               -0.208      0.071     -2.915      0.004
    APP               -0.070      0.068     -1.030      0.303

 IN_EX    WITH
    DIJ               -0.035      0.061     -0.579      0.563
    APC                0.052      0.059      0.871      0.384
    APP                0.002      0.066      0.035      0.972

 APC      WITH
    DIJ                0.076      0.073      1.040      0.298

 APP      WITH
    DIJ               -0.037      0.067     -0.559      0.576
    APC                0.498      0.060      8.258      0.000

 WH_GROUP WITH
    INC_INS           -0.038      0.073     -0.525      0.599
    IN_EX              0.716      0.075      9.480      0.000

 INC_INS  WITH
    IN_EX             -0.066      0.067     -0.976      0.329

 Means
    WH_GROUP           4.669      0.110     42.507      0.000
    IN_EX              6.276      0.098     63.800      0.000
    INC_INS            2.971      0.101     29.552      0.000
    DIJ                0.000      0.000    999.000    999.000
    APC                0.000      0.000    999.000    999.000
    APP                0.000      0.000    999.000    999.000

 Thresholds
    DIJ_01$1          -1.095      0.064    -17.200      0.000
    DIJ_01$2          -0.300      0.052     -5.791      0.000
    DIJ_01$3           0.240      0.051      4.662      0.000
    DIJ_01$4           0.959      0.061     15.819      0.000
    DIJ_02$1          -1.199      0.067    -17.981      0.000
    DIJ_02$2          -0.459      0.053     -8.678      0.000
    DIJ_02$3           0.060      0.051      1.176      0.240
    DIJ_02$4           0.869      0.059     14.764      0.000
    DIJ_03$1          -1.033      0.063    -16.487      0.000
    DIJ_03$2          -0.300      0.052     -5.731      0.000
    DIJ_03$3           0.300      0.052      5.760      0.000
    DIJ_03$4           1.052      0.063     16.612      0.000
    DIJ_04$1          -1.113      0.064    -17.393      0.000
    DIJ_04$2          -0.432      0.053     -8.222      0.000
    DIJ_04$3           0.111      0.051      2.184      0.029
    DIJ_04$4           0.881      0.059     14.994      0.000
    APC_01$1          -1.033      0.061    -16.942      0.000
    APC_01$2           0.488      0.052      9.360      0.000
    APC_02$1          -1.475      0.076    -19.458      0.000
    APC_02$2          -0.558      0.053    -10.536      0.000
    APC_02$3           0.645      0.054     11.944      0.000
    APC_03$1          -0.968      0.059    -16.303      0.000
    APC_03$2           0.629      0.054     11.724      0.000
    APC_04$1          -1.554      0.081    -19.291      0.000
    APC_04$2          -0.763      0.056    -13.713      0.000
    APC_04$3           0.022      0.050      0.439      0.661
    APC_04$4           1.116      0.063     17.672      0.000
    APC_05$1          -1.512      0.078    -19.508      0.000
    APC_05$2          -0.656      0.054    -12.132      0.000
    APC_05$3           0.623      0.054     11.613      0.000
    APP_01$1          -1.346      0.071    -18.872      0.000
    APP_01$2          -0.477      0.052     -9.103      0.000
    APP_01$3           0.164      0.050      3.244      0.001
    APP_01$4           1.266      0.068     18.628      0.000
    APP_02$1          -1.355      0.072    -18.898      0.000
    APP_02$2          -0.661      0.054    -12.139      0.000
    APP_02$3           0.713      0.055     12.919      0.000
    APP_03$1          -1.202      0.067    -18.045      0.000
    APP_03$2          -0.391      0.052     -7.493      0.000
    APP_03$3           0.339      0.052      6.543      0.000
    APP_03$4           1.354      0.072     18.678      0.000
    APP_04$1          -0.759      0.056    -13.553      0.000
    APP_04$2           0.014      0.050      0.281      0.779
    APP_04$3           0.819      0.057     14.375      0.000
    APP_04$4           1.712      0.089     19.282      0.000
    APP_05$1          -1.356      0.072    -18.762      0.000
    APP_05$2          -0.722      0.056    -12.829      0.000
    APP_05$3           0.248      0.051      4.818      0.000
    APP_05$4           1.327      0.071     18.679      0.000

 Variances
    WH_GROUP           1.000      0.000    999.000    999.000
    IN_EX              1.000      0.000    999.000    999.000
    INC_INS            1.000      0.000    999.000    999.000
    DIJ                1.000      0.000    999.000    999.000
    APC                1.000      0.000    999.000    999.000
    APP                1.000      0.000    999.000    999.000

 Residual Variances
    DIJ_01             0.221      0.019     11.893      0.000
    DIJ_02             0.228      0.020     11.568      0.000
    DIJ_03             0.188      0.017     10.760      0.000
    DIJ_04             0.325      0.023     14.305      0.000
    APC_01             0.449      0.033     13.711      0.000
    APC_02             0.195      0.025      7.678      0.000
    APC_03             0.429      0.033     12.884      0.000
    APC_04             0.666      0.034     19.527      0.000
    APC_05             0.076      0.027      2.819      0.005
    APP_01             0.564      0.035     16.295      0.000
    APP_02             0.363      0.032     11.183      0.000
    APP_03             0.392      0.035     11.115      0.000
    APP_04             0.523      0.035     15.141      0.000
    APP_05             0.493      0.034     14.336      0.000


R-SQUARE

Group ALL

    Observed                                        Two-Tailed     Scale
    Variable        Estimate       S.E.  Est./S.E.    P-Value     Factors

    DIJ_01             0.779      0.019     41.975      0.000      0.470
    DIJ_02             0.772      0.020     39.066      0.000      0.478
    DIJ_03             0.812      0.017     46.516      0.000      0.433
    DIJ_04             0.675      0.023     29.771      0.000      0.570
    APC_01             0.551      0.033     16.821      0.000      0.670
    APC_02             0.805      0.025     31.694      0.000      0.442
    APC_03             0.571      0.033     17.117      0.000      0.655
    APC_04             0.334      0.034      9.772      0.000      0.816
    APC_05             0.924      0.027     34.358      0.000      0.275
    APP_01             0.436      0.035     12.600      0.000      0.751
    APP_02             0.637      0.032     19.658      0.000      0.602
    APP_03             0.608      0.035     17.215      0.000      0.626
    APP_04             0.477      0.035     13.792      0.000      0.723
    APP_05             0.507      0.034     14.768      0.000      0.702

Group T1_ONLY

    Observed                                        Two-Tailed     Scale
    Variable        Estimate       S.E.  Est./S.E.    P-Value     Factors

    DIJ_01             0.779      0.019     41.975      0.000      0.470
    DIJ_02             0.772      0.020     39.066      0.000      0.478
    DIJ_03             0.812      0.017     46.516      0.000      0.433
    DIJ_04             0.675      0.023     29.771      0.000      0.570
    APC_01             0.551      0.033     16.821      0.000      0.670
    APC_02             0.805      0.025     31.694      0.000      0.442
    APC_03             0.571      0.033     17.117      0.000      0.655
    APC_04             0.334      0.034      9.772      0.000      0.816
    APC_05             0.924      0.027     34.358      0.000      0.275
    APP_01             0.436      0.035     12.600      0.000      0.751
    APP_02             0.637      0.032     19.658      0.000      0.602
    APP_03             0.608      0.035     17.215      0.000      0.626
    APP_04             0.477      0.035     13.792      0.000      0.723
    APP_05             0.507      0.034     14.768      0.000      0.702


QUALITY OF NUMERICAL RESULTS

     Condition Number for the Information Matrix              0.140E-05
       (ratio of smallest to largest eigenvalue)


SAVEDATA INFORMATION


  Difference testing

  Save file
    02_equal_variances.diff
  Save format      Free

     Beginning Time:  14:28:33
        Ending Time:  14:28:34
       Elapsed Time:  00:00:01



MUTHEN & MUTHEN
3463 Stoner Ave.
Los Angeles, CA  90066

Tel: (310) 391-9971
Fax: (310) 391-8971
Web: www.StatModel.com
Support: Support@StatModel.com

Copyright (c) 1998-2018 Muthen & Muthen
