Mplus VERSION 8.9 (Linux)
MUTHEN & MUTHEN
06/19/2023   1:50 PM

INPUT INSTRUCTIONS

  DATA: FILE = "../../data/transforms/mplus.dat";

  VARIABLE:

      NAMES =
      group group_detail wh_group
  dij_01 dij_02 dij_03 dij_04
  apc_01 apc_02 apc_03 apc_04 apc_05
  app_01 app_02 app_03 app_04 app_05
  res_01 res_02 res_03
  exh_01 exh_04 exh_08
  jsa_01 jsa_02 jsa_03 jsa_04
  in_ex inc_ins
  ;

      MISSING = .;

      USEVARIABLES =
          dij_01-dij_04
          !apc_01-apc_05
          !app_01-app_05
          res_01-res_03
          !exh_01 exh_04 exh_08
          !jsa_01 jsa_02 jsa_03 jsa_04
          wh_group
          ;


      categorical =
          dij_01-res_03;

      grouping = group (1 = perm, 2 = temp);

      DEFINE:
          CENTER wh_group (GRANDMEAN);

  ANALYSIS:
      estimator = WLSMV;
      PARAMETERIZATION = THETA;
      STARTS=20;

  MODEL:

      !! PERM

          ! Factor loadings fixed
          DIJ by
              dij_01* (f_dij_01)
              dij_02* (f_dij_02)
              dij_03* (f_dij_03)
              dij_04* (f_dij_04)
              ;

          RES by
              res_01* (f_res_01)
              res_02* (f_res_02)
              res_03* (f_res_03)
              ;


          ! Item thresholds are fix

          !DIJ
          [dij_01$1*] (t1dij_01);
          [dij_01$2*] (t2dij_01);
          [dij_01$3*] (t3dij_01);

          [dij_02$1*] (t1dij_02);
          [dij_02$2*] (t2dij_02);

          [dij_03$1*] (t1dij_03);
          [dij_03$2*] (t2dij_03);
          [dij_03$3*] (t3dij_03);

          [dij_04$1*] (t1dij_04);
          [dij_04$2*] (t2dij_04);
          [dij_04$3*] (t3dij_04);

          !RES
          [res_01$1*] (t1res_01);
          [res_01$2*] (t2res_01);

          [res_02$1*] (t1res_02);
          [res_02$2*] (t2res_02);

          [res_03$1*] (t1res_03);
          [res_03$2*] (t2res_03);

          ! Item residual variances all fixed=1
          dij_01-res_03@1;


          ! Factors mean=0 and variance=1 for identification

          [DIJ@0];
          [RES@0];

          !DIJ* (dij_var);
          DIJ@0.911; !this is the residual variance; sets total variance to 1
          RES@1;

          ! Hypothesis
          DIJ on
              wh_group (wh_b)
              RES* (res_b)
              ;

  MODEL temp:

          ! Factor loadings fixed
          DIJ by
              dij_01* (f_dij_01)
              dij_02* (f_dij_02)
              dij_03* (f_dij_03)
              dij_04* (f_dij_04)
              ;

          RES by
              res_01* (f_res_01)
              res_02* (f_res_02)
              res_03* (f_res_03)
              ;


          ! Item thresholds are fix

          !DIJ
          [dij_01$1*] (t1dij_01);
          [dij_01$2*] (t2dij_01);
          [dij_01$3*] (t3dij_01);

          [dij_02$1*] (t1dij_02);
          [dij_02$2*] (t2dij_02);

          [dij_03$1*] (t1dij_03);
          [dij_03$2*] (t2dij_03);
          [dij_03$3*] (t3dij_03);

          [dij_04$1*] (t1dij_04);
          [dij_04$2*] (t2dij_04);
          [dij_04$3*] (t3dij_04);

          !RES
          [res_01$1*] (t1res_01);
          [res_01$2*] (t2res_01);

          [res_02$1*] (t1res_02);
          [res_02$2*] (t2res_02);

          [res_03$1*] (t1res_03);
          [res_03$2*] (t2res_03);

          ! Item residual variances all fixed=1
          dij_01-res_03@1;


          ! Factors mean and variance free

          [DIJ*];
          [RES*];

          DIJ*;
          RES*;

          ! Hypothesis
          DIJ on
              wh_group (wh_b)
              RES*
              ;

  OUTPUT:
  	tech1
  	tech4
  	stdyx
  	;

  SAVEDATA: DIFFTEST=00_h5_b_free.diff;

  !MODEL CONSTRAINT:
  !    0 = 1-(dij_var + wh_b*wh_b + res_b * res_b);



*** WARNING
  Data set contains cases with missing on x-variables.
  These cases were not included in the analysis.
  Number of cases with missing on x-variables:  1
   1 WARNING(S) FOUND IN THE INPUT INSTRUCTIONS




SUMMARY OF ANALYSIS

Number of groups                                                 2
Number of observations
   Group PERM                                                  262
   Group TEMP                                                  119
   Total sample size                                           381

Number of dependent variables                                    7
Number of independent variables                                  1
Number of continuous latent variables                            2

Observed dependent variables

  Binary and ordered categorical (ordinal)
   DIJ_01      DIJ_02      DIJ_03      DIJ_04      RES_01      RES_02
   RES_03

Observed independent variables
   WH_GROUP

Continuous latent variables
   DIJ         RES

Variables with special functions

  Grouping variable     GROUP

  Centering (GRANDMEAN)
   WH_GROUP


Estimator                                                    WLSMV
Maximum number of iterations                                  1000
Convergence criterion                                    0.500D-04
Maximum number of steepest descent iterations                   20
Maximum number of iterations for H1                           2000
Convergence criterion for H1                             0.100D-03
Random Starts Specifications
  Number of random starts                                       20
  Random starts scale                                    0.500D+01
Parameterization                                             THETA
Link                                                        PROBIT

Input data file(s)
  ../../data/transforms/mplus.dat

Input data format  FREE


SUMMARY OF DATA

   Group PERM
     Number of missing data patterns            12

   Group TEMP
     Number of missing data patterns             8


COVARIANCE COVERAGE OF DATA

Minimum covariance coverage value   0.100


     PROPORTION OF DATA PRESENT FOR PERM


           Covariance Coverage
              DIJ_01        DIJ_02        DIJ_03        DIJ_04        RES_01
              ________      ________      ________      ________      ________
 DIJ_01         0.958
 DIJ_02         0.943         0.962
 DIJ_03         0.935         0.935         0.950
 DIJ_04         0.950         0.950         0.939         0.969
 RES_01         0.958         0.962         0.950         0.969         1.000
 RES_02         0.958         0.962         0.950         0.969         1.000
 RES_03         0.954         0.958         0.947         0.966         0.996


           Covariance Coverage
              RES_02        RES_03
              ________      ________
 RES_02         1.000
 RES_03         0.996         0.996


     PROPORTION OF DATA PRESENT FOR TEMP


           Covariance Coverage
              DIJ_01        DIJ_02        DIJ_03        DIJ_04        RES_01
              ________      ________      ________      ________      ________
 DIJ_01         0.958
 DIJ_02         0.958         0.983
 DIJ_03         0.941         0.958         0.958
 DIJ_04         0.941         0.966         0.941         0.975
 RES_01         0.958         0.983         0.958         0.975         1.000
 RES_02         0.950         0.975         0.950         0.966         0.992
 RES_03         0.958         0.983         0.958         0.975         1.000


           Covariance Coverage
              RES_02        RES_03
              ________      ________
 RES_02         0.992
 RES_03         0.992         1.000


UNIVARIATE PROPORTIONS AND COUNTS FOR CATEGORICAL VARIABLES

  Group PERM
    DIJ_01
      Category 1    0.048           12.000
      Category 2    0.175           44.000
      Category 3    0.255           64.000
      Category 4    0.522          131.000
    DIJ_02
      Category 1    0.194           49.000
      Category 2    0.210           53.000
      Category 3    0.595          150.000
    DIJ_03
      Category 1    0.064           16.000
      Category 2    0.181           45.000
      Category 3    0.249           62.000
      Category 4    0.506          126.000
    DIJ_04
      Category 1    0.059           15.000
      Category 2    0.138           35.000
      Category 3    0.244           62.000
      Category 4    0.559          142.000
    RES_01
      Category 1    0.366           96.000
      Category 2    0.424          111.000
      Category 3    0.210           55.000
    RES_02
      Category 1    0.126           33.000
      Category 2    0.466          122.000
      Category 3    0.408          107.000
    RES_03
      Category 1    0.261           68.000
      Category 2    0.387          101.000
      Category 3    0.352           92.000

  Group TEMP
    DIJ_01
      Category 1    0.333           38.000
      Category 2    0.447           51.000
      Category 3    0.105           12.000
      Category 4    0.114           13.000
    DIJ_02
      Category 1    0.658           77.000
      Category 2    0.188           22.000
      Category 3    0.154           18.000
    DIJ_03
      Category 1    0.368           42.000
      Category 2    0.412           47.000
      Category 3    0.132           15.000
      Category 4    0.088           10.000
    DIJ_04
      Category 1    0.293           34.000
      Category 2    0.379           44.000
      Category 3    0.147           17.000
      Category 4    0.181           21.000
    RES_01
      Category 1    0.370           44.000
      Category 2    0.429           51.000
      Category 3    0.202           24.000
    RES_02
      Category 1    0.119           14.000
      Category 2    0.449           53.000
      Category 3    0.432           51.000
    RES_03
      Category 1    0.210           25.000
      Category 2    0.437           52.000
      Category 3    0.353           42.000



UNIVARIATE SAMPLE STATISTICS


     UNIVARIATE HIGHER-ORDER MOMENT DESCRIPTIVE STATISTICS FOR PERM

         Variable/         Mean/     Skewness/   Minimum/ % with                Percentiles
        Sample Size      Variance    Kurtosis    Maximum  Min/Max      20%/60%    40%/80%    Median

     WH_GROUP              0.000      -1.568      -2.542    2.29%      -0.542      0.458      0.458
             262.000       0.607       1.416       0.458   69.85%       0.458      0.458


     UNIVARIATE HIGHER-ORDER MOMENT DESCRIPTIVE STATISTICS FOR TEMP

         Variable/         Mean/     Skewness/   Minimum/ % with                Percentiles
        Sample Size      Variance    Kurtosis    Maximum  Min/Max      20%/60%    40%/80%    Median

     WH_GROUP              0.000      -1.463      -3.244    5.04%      -1.244      0.756      0.756
             119.000       1.445       0.881       0.756   63.87%       0.756      0.756


RANDOM STARTS RESULTS RANKED FROM THE BEST TO THE WORST FIT FUNCTION VALUES

Fit function values at local maxima and random start numbers:

      0.80625624D-01         9
      0.80625627D-01         14
      0.80625627D-01         19
      0.80625628D-01         17
      0.80625634D-01         11
      0.80625635D-01         6
      0.80625639D-01         20
      0.80625641D-01         10
      0.80625642D-01         1
      0.80625642D-01         7
      0.80625643D-01         8
      0.80625644D-01         3
      0.80625650D-01         5
      0.80625652D-01         15
      0.80625659D-01         13
      0.80625661D-01         16
      0.80625665D-01         18
      0.80625671D-01         unperturbed
      0.80625695D-01         12
      0.80625733D-01         4
      0.80625749D-01         2

THE MODEL ESTIMATION TERMINATED NORMALLY



MODEL FIT INFORMATION

Number of Free Parameters                       31

Chi-Square Test of Model Fit

          Value                             87.544*
          Degrees of Freedom                    59
          P-Value                           0.0093

Chi-Square Contribution From Each Group

          PERM                              25.085
          TEMP                              62.459

*   The chi-square value for MLM, MLMV, MLR, ULSMV, WLSM and WLSMV cannot be used
    for chi-square difference testing in the regular way.  MLM, MLR and WLSM
    chi-square difference testing is described on the Mplus website.  MLMV, WLSMV,
    and ULSMV difference testing is done using the DIFFTEST option.

RMSEA (Root Mean Square Error Of Approximation)

          Estimate                           0.050
          90 Percent C.I.                    0.026  0.072
          Probability RMSEA <= .05           0.467

CFI/TLI

          CFI                                0.992
          TLI                                0.992

Chi-Square Test of Model Fit for the Baseline Model

          Value                           3437.304
          Degrees of Freedom                    56
          P-Value                           0.0000

SRMR (Standardized Root Mean Square Residual)

          Value                              0.054

Optimum Function Value for Weighted Least-Squares Estimator

          Value                     0.80625624D-01



MODEL RESULTS

                                                    Two-Tailed
                    Estimate       S.E.  Est./S.E.    P-Value

Group PERM

 DIJ      BY
    DIJ_01             2.073      0.243      8.540      0.000
    DIJ_02             1.670      0.164     10.186      0.000
    DIJ_03             2.008      0.241      8.343      0.000
    DIJ_04             1.286      0.119     10.829      0.000

 RES      BY
    RES_01             2.650      0.621      4.269      0.000
    RES_02             0.916      0.101      9.071      0.000
    RES_03             2.356      0.474      4.975      0.000

 DIJ      ON
    RES                0.299      0.079      3.764      0.000

 DIJ      ON
    WH_GROUP           0.012      0.059      0.200      0.842

 Means
    RES                0.000      0.000    999.000    999.000

 Intercepts
    DIJ                0.000      0.000    999.000    999.000

 Thresholds
    DIJ_01$1          -3.819      0.340    -11.236      0.000
    DIJ_01$2          -1.616      0.218     -7.423      0.000
    DIJ_01$3          -0.216      0.184     -1.177      0.239
    DIJ_02$1          -1.669      0.183     -9.099      0.000
    DIJ_02$2          -0.506      0.161     -3.135      0.002
    DIJ_03$1          -3.469      0.326    -10.639      0.000
    DIJ_03$2          -1.473      0.221     -6.679      0.000
    DIJ_03$3          -0.067      0.176     -0.380      0.704
    DIJ_04$1          -2.590      0.176    -14.751      0.000
    DIJ_04$2          -1.298      0.138     -9.407      0.000
    DIJ_04$3          -0.310      0.129     -2.399      0.016
    RES_01$1          -0.912      0.257     -3.549      0.000
    RES_01$2           2.318      0.499      4.648      0.000
    RES_02$1          -1.569      0.126    -12.436      0.000
    RES_02$2           0.305      0.095      3.208      0.001
    RES_03$1          -1.710      0.334     -5.112      0.000
    RES_03$2           0.980      0.235      4.166      0.000

 Variances
    RES                1.000      0.000    999.000    999.000

 Residual Variances
    DIJ_01             1.000      0.000    999.000    999.000
    DIJ_02             1.000      0.000    999.000    999.000
    DIJ_03             1.000      0.000    999.000    999.000
    DIJ_04             1.000      0.000    999.000    999.000
    RES_01             1.000      0.000    999.000    999.000
    RES_02             1.000      0.000    999.000    999.000
    RES_03             1.000      0.000    999.000    999.000
    DIJ                0.911      0.000    999.000    999.000

Group TEMP

 DIJ      BY
    DIJ_01             2.073      0.243      8.540      0.000
    DIJ_02             1.670      0.164     10.186      0.000
    DIJ_03             2.008      0.241      8.343      0.000
    DIJ_04             1.286      0.119     10.829      0.000

 RES      BY
    RES_01             2.650      0.621      4.269      0.000
    RES_02             0.916      0.101      9.071      0.000
    RES_03             2.356      0.474      4.975      0.000

 DIJ      ON
    RES               -0.040      0.104     -0.379      0.704

 DIJ      ON
    WH_GROUP           0.012      0.059      0.200      0.842

 Means
    RES                0.036      0.117      0.306      0.760

 Intercepts
    DIJ               -1.414      0.139    -10.157      0.000

 Thresholds
    DIJ_01$1          -3.819      0.340    -11.236      0.000
    DIJ_01$2          -1.616      0.218     -7.423      0.000
    DIJ_01$3          -0.216      0.184     -1.177      0.239
    DIJ_02$1          -1.669      0.183     -9.099      0.000
    DIJ_02$2          -0.506      0.161     -3.135      0.002
    DIJ_03$1          -3.469      0.326    -10.639      0.000
    DIJ_03$2          -1.473      0.221     -6.679      0.000
    DIJ_03$3          -0.067      0.176     -0.380      0.704
    DIJ_04$1          -2.590      0.176    -14.751      0.000
    DIJ_04$2          -1.298      0.138     -9.407      0.000
    DIJ_04$3          -0.310      0.129     -2.399      0.016
    RES_01$1          -0.912      0.257     -3.549      0.000
    RES_01$2           2.318      0.499      4.648      0.000
    RES_02$1          -1.569      0.126    -12.436      0.000
    RES_02$2           0.305      0.095      3.208      0.001
    RES_03$1          -1.710      0.334     -5.112      0.000
    RES_03$2           0.980      0.235      4.166      0.000

 Variances
    RES                0.836      0.210      3.970      0.000

 Residual Variances
    DIJ_01             1.000      0.000    999.000    999.000
    DIJ_02             1.000      0.000    999.000    999.000
    DIJ_03             1.000      0.000    999.000    999.000
    DIJ_04             1.000      0.000    999.000    999.000
    RES_01             1.000      0.000    999.000    999.000
    RES_02             1.000      0.000    999.000    999.000
    RES_03             1.000      0.000    999.000    999.000
    DIJ                0.713      0.177      4.024      0.000


QUALITY OF NUMERICAL RESULTS

     Condition Number for the Information Matrix              0.667E-03
       (ratio of smallest to largest eigenvalue)


STANDARDIZED MODEL RESULTS


STDYX Standardization

                                                    Two-Tailed
                    Estimate       S.E.  Est./S.E.    P-Value

Group PERM

 DIJ      BY
    DIJ_01             0.901      0.020     45.111      0.000
    DIJ_02             0.858      0.022     38.924      0.000
    DIJ_03             0.895      0.021     42.445      0.000
    DIJ_04             0.789      0.027     29.056      0.000

 RES      BY
    RES_01             0.936      0.027     34.257      0.000
    RES_02             0.676      0.040     16.686      0.000
    RES_03             0.921      0.028     32.600      0.000

 DIJ      ON
    RES                0.299      0.072      4.132      0.000

 DIJ      ON
    WH_GROUP           0.009      0.046      0.200      0.842

 Means
    RES                0.000      0.000    999.000    999.000

 Intercepts
    DIJ                0.000      0.000    999.000    999.000

 Thresholds
    DIJ_01$1          -1.659      0.113    -14.639      0.000
    DIJ_01$2          -0.702      0.080     -8.750      0.000
    DIJ_01$3          -0.094      0.078     -1.213      0.225
    DIJ_02$1          -0.857      0.081    -10.647      0.000
    DIJ_02$2          -0.260      0.077     -3.387      0.001
    DIJ_03$1          -1.546      0.108    -14.323      0.000
    DIJ_03$2          -0.657      0.080     -8.185      0.000
    DIJ_03$3          -0.030      0.078     -0.384      0.701
    DIJ_04$1          -1.590      0.103    -15.403      0.000
    DIJ_04$2          -0.797      0.080     -9.983      0.000
    DIJ_04$3          -0.190      0.077     -2.484      0.013
    RES_01$1          -0.322      0.075     -4.308      0.000
    RES_01$2           0.818      0.087      9.407      0.000
    RES_02$1          -1.157      0.092    -12.605      0.000
    RES_02$2           0.225      0.071      3.183      0.001
    RES_03$1          -0.668      0.082     -8.176      0.000
    RES_03$2           0.383      0.077      4.983      0.000

 Variances
    RES                1.000      0.000    999.000    999.000

 Residual Variances
    DIJ_01             0.189      0.036      5.248      0.000
    DIJ_02             0.264      0.038      6.974      0.000
    DIJ_03             0.199      0.038      5.262      0.000
    DIJ_04             0.377      0.043      8.785      0.000
    RES_01             0.125      0.051      2.439      0.015
    RES_02             0.544      0.055      9.938      0.000
    RES_03             0.153      0.052      2.936      0.003
    DIJ                0.911      0.043     21.098      0.000

Group TEMP

 DIJ      BY
    DIJ_01             0.868      0.027     31.656      0.000
    DIJ_02             0.816      0.036     22.775      0.000
    DIJ_03             0.862      0.028     30.758      0.000
    DIJ_04             0.736      0.041     18.020      0.000

 RES      BY
    RES_01             0.924      0.033     28.352      0.000
    RES_02             0.642      0.052     12.271      0.000
    RES_03             0.907      0.035     25.975      0.000

 DIJ      ON
    RES               -0.043      0.113     -0.379      0.705

 DIJ      ON
    WH_GROUP           0.017      0.084      0.200      0.842

 Means
    RES                0.039      0.128      0.306      0.760

 Intercepts
    DIJ               -1.673      0.199     -8.401      0.000

 Thresholds
    DIJ_01$1          -1.893      0.167    -11.320      0.000
    DIJ_01$2          -0.801      0.111     -7.211      0.000
    DIJ_01$3          -0.107      0.091     -1.179      0.238
    DIJ_02$1          -0.965      0.112     -8.580      0.000
    DIJ_02$2          -0.292      0.092     -3.176      0.001
    DIJ_03$1          -1.761      0.162    -10.886      0.000
    DIJ_03$2          -0.748      0.111     -6.738      0.000
    DIJ_03$3          -0.034      0.089     -0.382      0.703
    DIJ_04$1          -1.754      0.126    -13.909      0.000
    DIJ_04$2          -0.879      0.097     -9.103      0.000
    DIJ_04$3          -0.210      0.087     -2.411      0.016
    RES_01$1          -0.348      0.084     -4.145      0.000
    RES_01$2           0.885      0.109      8.150      0.000
    RES_02$1          -1.203      0.102    -11.768      0.000
    RES_02$2           0.234      0.073      3.186      0.001
    RES_03$1          -0.720      0.100     -7.170      0.000
    RES_03$2           0.413      0.084      4.943      0.000

 Variances
    RES                1.000      0.000    999.000    999.000

 Residual Variances
    DIJ_01             0.246      0.048      5.156      0.000
    DIJ_02             0.334      0.058      5.713      0.000
    DIJ_03             0.258      0.048      5.339      0.000
    DIJ_04             0.458      0.060      7.628      0.000
    RES_01             0.146      0.060      2.415      0.016
    RES_02             0.588      0.067      8.747      0.000
    RES_03             0.177      0.063      2.799      0.005
    DIJ                0.998      0.010    101.837      0.000


R-SQUARE

Group PERM

    Observed                                        Two-Tailed     Scale
    Variable        Estimate       S.E.  Est./S.E.    P-Value     Factors

    DIJ_01             0.811      0.036     22.555      0.000      0.434
    DIJ_02             0.736      0.038     19.462      0.000      0.514
    DIJ_03             0.801      0.038     21.222      0.000      0.446
    DIJ_04             0.623      0.043     14.528      0.000      0.614
    RES_01             0.875      0.051     17.128      0.000      0.353
    RES_02             0.456      0.055      8.343      0.000      0.737
    RES_03             0.847      0.052     16.300      0.000      0.391

     Latent                                         Two-Tailed
    Variable        Estimate       S.E.  Est./S.E.    P-Value

    DIJ                0.089      0.043      2.068      0.039

Group TEMP

    Observed                                        Two-Tailed     Scale
    Variable        Estimate       S.E.  Est./S.E.    P-Value     Factors

    DIJ_01             0.754      0.048     15.828      0.000      0.496
    DIJ_02             0.666      0.058     11.388      0.000      0.578
    DIJ_03             0.742      0.048     15.379      0.000      0.508
    DIJ_04             0.542      0.060      9.010      0.000      0.677
    RES_01             0.854      0.060     14.176      0.000      0.382
    RES_02             0.412      0.067      6.135      0.000      0.767
    RES_03             0.823      0.063     12.987      0.000      0.421

     Latent                                         Two-Tailed
    Variable        Estimate       S.E.  Est./S.E.    P-Value

    DIJ                0.002      0.010      0.216      0.829


TECHNICAL 1 OUTPUT


     PARAMETER SPECIFICATION FOR PERM


           TAU
              DIJ_01$1      DIJ_01$2      DIJ_01$3      DIJ_02$1      DIJ_02$2
              ________      ________      ________      ________      ________
                  1             2             3             4             5


           TAU
              DIJ_03$1      DIJ_03$2      DIJ_03$3      DIJ_04$1      DIJ_04$2
              ________      ________      ________      ________      ________
                  6             7             8             9            10


           TAU
              DIJ_04$3      RES_01$1      RES_01$2      RES_02$1      RES_02$2
              ________      ________      ________      ________      ________
                 11            12            13            14            15


           TAU
              RES_03$1      RES_03$2
              ________      ________
                 16            17


           NU
              DIJ_01        DIJ_02        DIJ_03        DIJ_04        RES_01
              ________      ________      ________      ________      ________
                  0             0             0             0             0


           NU
              RES_02        RES_03
              ________      ________
                  0             0


           LAMBDA
              DIJ           RES
              ________      ________
 DIJ_01            18             0
 DIJ_02            19             0
 DIJ_03            20             0
 DIJ_04            21             0
 RES_01             0            22
 RES_02             0            23
 RES_03             0            24


           THETA
              DIJ_01        DIJ_02        DIJ_03        DIJ_04        RES_01
              ________      ________      ________      ________      ________
 DIJ_01             0
 DIJ_02             0             0
 DIJ_03             0             0             0
 DIJ_04             0             0             0             0
 RES_01             0             0             0             0             0
 RES_02             0             0             0             0             0
 RES_03             0             0             0             0             0


           THETA
              RES_02        RES_03
              ________      ________
 RES_02             0
 RES_03             0             0


           ALPHA
              DIJ           RES
              ________      ________
                  0             0


           BETA
              DIJ           RES
              ________      ________
 DIJ                0            25
 RES                0             0


           GAMMA
              WH_GROUP
              ________
 DIJ               26
 RES                0


           PSI
              DIJ           RES
              ________      ________
 DIJ                0
 RES                0             0


     PARAMETER SPECIFICATION FOR TEMP


           TAU
              DIJ_01$1      DIJ_01$2      DIJ_01$3      DIJ_02$1      DIJ_02$2
              ________      ________      ________      ________      ________
                  1             2             3             4             5


           TAU
              DIJ_03$1      DIJ_03$2      DIJ_03$3      DIJ_04$1      DIJ_04$2
              ________      ________      ________      ________      ________
                  6             7             8             9            10


           TAU
              DIJ_04$3      RES_01$1      RES_01$2      RES_02$1      RES_02$2
              ________      ________      ________      ________      ________
                 11            12            13            14            15


           TAU
              RES_03$1      RES_03$2
              ________      ________
                 16            17


           NU
              DIJ_01        DIJ_02        DIJ_03        DIJ_04        RES_01
              ________      ________      ________      ________      ________
                  0             0             0             0             0


           NU
              RES_02        RES_03
              ________      ________
                  0             0


           LAMBDA
              DIJ           RES
              ________      ________
 DIJ_01            18             0
 DIJ_02            19             0
 DIJ_03            20             0
 DIJ_04            21             0
 RES_01             0            22
 RES_02             0            23
 RES_03             0            24


           THETA
              DIJ_01        DIJ_02        DIJ_03        DIJ_04        RES_01
              ________      ________      ________      ________      ________
 DIJ_01             0
 DIJ_02             0             0
 DIJ_03             0             0             0
 DIJ_04             0             0             0             0
 RES_01             0             0             0             0             0
 RES_02             0             0             0             0             0
 RES_03             0             0             0             0             0


           THETA
              RES_02        RES_03
              ________      ________
 RES_02             0
 RES_03             0             0


           ALPHA
              DIJ           RES
              ________      ________
                 27            28


           BETA
              DIJ           RES
              ________      ________
 DIJ                0            29
 RES                0             0


           GAMMA
              WH_GROUP
              ________
 DIJ               26
 RES                0


           PSI
              DIJ           RES
              ________      ________
 DIJ               30
 RES                0            31


     STARTING VALUES FOR PERM


           TAU
              DIJ_01$1      DIJ_01$2      DIJ_01$3      DIJ_02$1      DIJ_02$2
              ________      ________      ________      ________      ________
               -1.666        -0.762        -0.055        -0.862        -0.241


           TAU
              DIJ_03$1      DIJ_03$2      DIJ_03$3      DIJ_04$1      DIJ_04$2
              ________      ________      ________      ________      ________
               -1.520        -0.690        -0.015        -1.563        -0.853


           TAU
              DIJ_04$3      RES_01$1      RES_01$2      RES_02$1      RES_02$2
              ________      ________      ________      ________      ________
               -0.149        -0.341         0.807        -1.146         0.232


           TAU
              RES_03$1      RES_03$2
              ________      ________
               -0.642         0.379


           NU
              DIJ_01        DIJ_02        DIJ_03        DIJ_04        RES_01
              ________      ________      ________      ________      ________
                0.000         0.000         0.000         0.000         0.000


           NU
              RES_02        RES_03
              ________      ________
                0.000         0.000


           LAMBDA
              DIJ           RES
              ________      ________
 DIJ_01         0.872         0.000
 DIJ_02         0.885         0.000
 DIJ_03         0.875         0.000
 DIJ_04         0.813         0.000
 RES_01         0.000         0.933
 RES_02         0.000         0.684
 RES_03         0.000         0.913


           THETA
              DIJ_01        DIJ_02        DIJ_03        DIJ_04        RES_01
              ________      ________      ________      ________      ________
 DIJ_01         1.000
 DIJ_02         0.000         1.000
 DIJ_03         0.000         0.000         1.000
 DIJ_04         0.000         0.000         0.000         1.000
 RES_01         0.000         0.000         0.000         0.000         1.000
 RES_02         0.000         0.000         0.000         0.000         0.000
 RES_03         0.000         0.000         0.000         0.000         0.000


           THETA
              RES_02        RES_03
              ________      ________
 RES_02         1.000
 RES_03         0.000         1.000


           ALPHA
              DIJ           RES
              ________      ________
                0.000         0.000


           BETA
              DIJ           RES
              ________      ________
 DIJ            0.000         0.000
 RES            0.000         0.000


           GAMMA
              WH_GROUP
              ________
 DIJ            0.000
 RES            0.000


           PSI
              DIJ           RES
              ________      ________
 DIJ            0.911
 RES            0.000         1.000


     STARTING VALUES FOR TEMP


           TAU
              DIJ_01$1      DIJ_01$2      DIJ_01$3      DIJ_02$1      DIJ_02$2
              ________      ________      ________      ________      ________
               -1.049         0.006         0.575        -0.227         0.390


           TAU
              DIJ_03$1      DIJ_03$2      DIJ_03$3      DIJ_04$1      DIJ_04$2
              ________      ________      ________      ________      ________
               -0.928         0.042         0.670        -1.054        -0.203


           TAU
              DIJ_04$3      RES_01$1      RES_01$2      RES_02$1      RES_02$2
              ________      ________      ________      ________      ________
                0.381        -0.337         0.821        -1.164         0.201


           TAU
              RES_03$1      RES_03$2
              ________      ________
               -0.724         0.378


           NU
              DIJ_01        DIJ_02        DIJ_03        DIJ_04        RES_01
              ________      ________      ________      ________      ________
                0.000         0.000         0.000         0.000         0.000


           NU
              RES_02        RES_03
              ________      ________
                0.000         0.000


           LAMBDA
              DIJ           RES
              ________      ________
 DIJ_01         0.913         0.000
 DIJ_02         0.795         0.000
 DIJ_03         0.881         0.000
 DIJ_04         0.609         0.000
 RES_01         0.000         1.003
 RES_02         0.000         0.624
 RES_03         0.000         0.857


           THETA
              DIJ_01        DIJ_02        DIJ_03        DIJ_04        RES_01
              ________      ________      ________      ________      ________
 DIJ_01         1.000
 DIJ_02         0.000         1.000
 DIJ_03         0.000         0.000         1.000
 DIJ_04         0.000         0.000         0.000         1.000
 RES_01         0.000         0.000         0.000         0.000         1.000
 RES_02         0.000         0.000         0.000         0.000         0.000
 RES_03         0.000         0.000         0.000         0.000         0.000


           THETA
              RES_02        RES_03
              ________      ________
 RES_02         1.000
 RES_03         0.000         1.000


           ALPHA
              DIJ           RES
              ________      ________
                0.000         0.000


           BETA
              DIJ           RES
              ________      ________
 DIJ            0.000         0.000
 RES            0.000         0.000


           GAMMA
              WH_GROUP
              ________
 DIJ            0.000
 RES            0.000


           PSI
              DIJ           RES
              ________      ________
 DIJ            0.911
 RES            0.000         1.000


TECHNICAL 4 OUTPUT


     ESTIMATES DERIVED FROM THE MODEL FOR PERM


           ESTIMATED MEANS FOR THE LATENT VARIABLES
              DIJ           RES
              ________      ________
                0.000         0.000


           ESTIMATED COVARIANCE MATRIX FOR THE LATENT VARIABLES
              DIJ           RES
              ________      ________
 DIJ            1.000
 RES            0.299         1.000


           ESTIMATED CORRELATION MATRIX FOR THE LATENT VARIABLES
              DIJ           RES
              ________      ________
 DIJ            1.000
 RES            0.299         1.000


     ESTIMATES DERIVED FROM THE MODEL FOR TEMP


           ESTIMATED MEANS FOR THE LATENT VARIABLES
              DIJ           RES
              ________      ________
               -1.415         0.036


           ESTIMATED COVARIANCE MATRIX FOR THE LATENT VARIABLES
              DIJ           RES
              ________      ________
 DIJ            0.714
 RES           -0.033         0.836


           ESTIMATED CORRELATION MATRIX FOR THE LATENT VARIABLES
              DIJ           RES
              ________      ________
 DIJ            1.000
 RES           -0.043         1.000


     ESTIMATES DERIVED FROM THE MODEL FOR PERM


           S.E. FOR ESTIMATED MEANS FOR THE LATENT VARIABLES
              DIJ           RES
              ________      ________
                0.001         0.000


           EST./S.E. FOR ESTIMATED MEANS FOR THE LATENT VARIABLES
              DIJ           RES
              ________      ________
                0.000         0.000


           TWO-TAILED P-VALUE FOR ESTIMATED MEANS FOR THE LATENT VARIABLES
              DIJ           RES
              ________      ________
                1.000         1.000


           S.E. FOR ESTIMATED COVARIANCE MATRIX FOR THE LATENT VARIABLES
              DIJ           RES
              ________      ________
 DIJ            0.047
 RES            0.079         0.000


           EST./S.E. FOR ESTIMATED COVARIANCE MATRIX FOR THE LATENT VARIABLES
              DIJ           RES
              ________      ________
 DIJ           21.098
 RES            3.764   ***********


           TWO-TAILED P-VALUE FOR ESTIMATED COVARIANCE MATRIX FOR THE LATENT VARIABLES
              DIJ           RES
              ________      ________
 DIJ            0.000
 RES            0.000         0.000


           S.E. FOR ESTIMATED CORRELATION MATRIX FOR THE LATENT VARIABLES
              DIJ           RES
              ________      ________
 DIJ            0.000
 RES            0.072         0.000


           EST./S.E. FOR ESTIMATED CORRELATION MATRIX FOR THE LATENT VARIABLES
              DIJ           RES
              ________      ________
 DIJ          999.000
 RES            4.132       999.000


           TWO-TAILED P-VALUE FOR ESTIMATED CORRELATION MATRIX FOR THE LATENT VARIABLES
              DIJ           RES
              ________      ________
 DIJ            0.000
 RES            0.000         0.000


     ESTIMATES DERIVED FROM THE MODEL FOR TEMP


           S.E. FOR ESTIMATED MEANS FOR THE LATENT VARIABLES
              DIJ           RES
              ________      ________
                0.139         0.117


           EST./S.E. FOR ESTIMATED MEANS FOR THE LATENT VARIABLES
              DIJ           RES
              ________      ________
              -10.173         0.306


           TWO-TAILED P-VALUE FOR ESTIMATED MEANS FOR THE LATENT VARIABLES
              DIJ           RES
              ________      ________
                0.000         0.760


           S.E. FOR ESTIMATED COVARIANCE MATRIX FOR THE LATENT VARIABLES
              DIJ           RES
              ________      ________
 DIJ            0.178
 RES            0.088         0.210


           EST./S.E. FOR ESTIMATED COVARIANCE MATRIX FOR THE LATENT VARIABLES
              DIJ           RES
              ________      ________
 DIJ            4.022
 RES           -0.376         3.970


           TWO-TAILED P-VALUE FOR ESTIMATED COVARIANCE MATRIX FOR THE LATENT VARIABLES
              DIJ           RES
              ________      ________
 DIJ            0.000
 RES            0.707         0.000


           S.E. FOR ESTIMATED CORRELATION MATRIX FOR THE LATENT VARIABLES
              DIJ           RES
              ________      ________
 DIJ            0.000
 RES            0.113         0.000


           EST./S.E. FOR ESTIMATED CORRELATION MATRIX FOR THE LATENT VARIABLES
              DIJ           RES
              ________      ________
 DIJ          999.000
 RES           -0.379       999.000


           TWO-TAILED P-VALUE FOR ESTIMATED CORRELATION MATRIX FOR THE LATENT VARIABLES
              DIJ           RES
              ________      ________
 DIJ            0.000
 RES            0.705         0.000


SAVEDATA INFORMATION


  Difference testing

  Save file
    00_h5_b_free.diff
  Save format      Free

     Beginning Time:  13:50:58
        Ending Time:  13:50:58
       Elapsed Time:  00:00:00



MUTHEN & MUTHEN
3463 Stoner Ave.
Los Angeles, CA  90066

Tel: (310) 391-9971
Fax: (310) 391-8971
Web: www.StatModel.com
Support: Support@StatModel.com

Copyright (c) 1998-2023 Muthen & Muthen
