Mplus VERSION 8.9 (Linux)
MUTHEN & MUTHEN
06/19/2023   1:38 PM

INPUT INSTRUCTIONS

  DATA: FILE = "../../data/transforms/mplus.dat";

  VARIABLE:

      NAMES =
      group group_detail wh_group
  dij_01 dij_02 dij_03 dij_04
  apc_01 apc_02 apc_03 apc_04 apc_05
  app_01 app_02 app_03 app_04 app_05
  res_01 res_02 res_03
  exh_01 exh_04 exh_08
  jsa_01 jsa_02 jsa_03 jsa_04
  in_ex inc_ins
  ;

      MISSING = .;

      USEVARIABLES =
          dij_01-dij_04
          !apc_01-apc_05
          app_01-app_05
          !res_01-res_03
          !exh_01 exh_04 exh_08
          !jsa_01 jsa_02 jsa_03 jsa_04
          wh_group
          ;


      categorical =
          dij_01-app_05;

      grouping = group (1 = perm, 2 = temp);

      DEFINE:
          CENTER wh_group (GRANDMEAN);

  ANALYSIS:
      estimator = WLSMV;
      PARAMETERIZATION = THETA;
      STARTS=20;
      DIFFTEST=00_h4_b_free.diff;

  MODEL:

      !! PERM

          ! Factor loadings fixed
          DIJ by
              dij_01* (f_dij_01)
              dij_02* (f_dij_02)
              dij_03* (f_dij_03)
              dij_04* (f_dij_04)
              ;

          APP by
              app_01* (f_app_01)
              app_02* (f_app_02)
              app_03* (f_app_03)
              app_04* (f_app_04)
              app_05* (f_app_05)
              ;


          ! Item thresholds are fix

          !DIJ
          [dij_01$1*] (t1dij_01);
          [dij_01$2*] (t2dij_01);
          [dij_01$3*] (t3dij_01);

          [dij_02$1*] (t1dij_02);
          [dij_02$2*] (t2dij_02);

          [dij_03$1*] (t1dij_03);
          [dij_03$2*] (t2dij_03);
          [dij_03$3*] (t3dij_03);

          [dij_04$1*] (t1dij_04);
          [dij_04$2*] (t2dij_04);
          [dij_04$3*] (t3dij_04);

          !APP
          [app_01$1*] (t1app_01);
          [app_01$2*] (t2app_01);
          [app_01$3*] (t3app_01);

          [app_02$1*] (t1app_02);
          [app_02$2*] (t2app_02);

          [app_03$1*] (t1app_03);
          [app_03$2*] (t2app_03);
          [app_03$3*] (t3app_03);
          [app_03$4*] (t4app_03);

          [app_04$1*] (t1app_04);
          [app_04$2*] (t2app_04);
          [app_04$3*] (t3app_04);

          [app_05$1*] (t1app_05);
          [app_05$2*] (t2app_05);
          [app_05$3*] (t3app_05);


          ! Item residual variances all fixed=1
          dij_01-app_05@1;


          ! Factors mean=0 and variance=1 for identification

          [DIJ@0];
          [APP@0];

          DIJ@0.996; !this is the residual variance; sets total variance to 1
          APP@1;

          ! Hypothesis
          DIJ on
              wh_group (wh_group)
              APP (hypo)
              ;

  MODEL temp:

          ! Factor loadings fixed
          DIJ by
              dij_01* (f_dij_01)
              dij_02* (f_dij_02)
              dij_03* (f_dij_03)
              dij_04* (f_dij_04)
              ;

          APP by
              app_01* (f_app_01)
              app_02* (f_app_02)
              app_03* (f_app_03)
              app_04* (f_app_04)
              app_05* (f_app_05)
              ;


          ! Item thresholds are fix

          !DIJ
          [dij_01$1*] (t1dij_01);
          [dij_01$2*] (t2dij_01);
          [dij_01$3*] (t3dij_01);

          [dij_02$1*] (t1dij_02);
          [dij_02$2*] (t2dij_02);

          [dij_03$1*] (t1dij_03);
          [dij_03$2*] (t2dij_03);
          [dij_03$3*] (t3dij_03);

          [dij_04$1*] (t1dij_04);
          [dij_04$2*] (t2dij_04);
          [dij_04$3*] (t3dij_04);

          !APP
          [app_01$1*] (t1app_01);
          [app_01$2*] (t2app_01);
          [app_01$3*] (t3app_01);

          [app_02$1*] (t1app_02);
          [app_02$2*] (t2app_02);

          [app_03$1*] (t1app_03);
          [app_03$2*] (t2app_03);
          [app_03$3*] (t3app_03);
          [app_03$4*] (t4app_03);

          [app_04$1*] (t1app_04);
          [app_04$2*] (t2app_04);
          [app_04$3*] (t3app_04);

          [app_05$1*] (t1app_05);
          [app_05$2*] (t2app_05);
          [app_05$3*] (t3app_05);


          ! Item residual variances all fixed=1
          dij_01-app_05@1;


          ! Factors mean  and variance free

          [DIJ*];
          [APP*];

          DIJ*;
          APP*;

          ! Hypothesis
          DIJ on
              wh_group (wh_group)
              APP (hypo)
              ;

  OUTPUT:
  	tech1
  	tech4
  	stdyx
  	;



*** WARNING
  Data set contains cases with missing on x-variables.
  These cases were not included in the analysis.
  Number of cases with missing on x-variables:  1
*** WARNING
  Data set contains cases with missing on all variables except
  x-variables.  These cases were not included in the analysis.
  Number of cases with missing on all variables except x-variables:  1
   2 WARNING(S) FOUND IN THE INPUT INSTRUCTIONS




SUMMARY OF ANALYSIS

Number of groups                                                 2
Number of observations
   Group PERM                                                  261
   Group TEMP                                                  119
   Total sample size                                           380

Number of dependent variables                                    9
Number of independent variables                                  1
Number of continuous latent variables                            2

Observed dependent variables

  Binary and ordered categorical (ordinal)
   DIJ_01      DIJ_02      DIJ_03      DIJ_04      APP_01      APP_02
   APP_03      APP_04      APP_05

Observed independent variables
   WH_GROUP

Continuous latent variables
   DIJ         APP

Variables with special functions

  Grouping variable     GROUP

  Centering (GRANDMEAN)
   WH_GROUP


Estimator                                                    WLSMV
Maximum number of iterations                                  1000
Convergence criterion                                    0.500D-04
Maximum number of steepest descent iterations                   20
Maximum number of iterations for H1                           2000
Convergence criterion for H1                             0.100D-03
Random Starts Specifications
  Number of random starts                                       20
  Random starts scale                                    0.500D+01
Parameterization                                             THETA
Link                                                        PROBIT

Input data file(s)
  ../../data/transforms/mplus.dat

Input data format  FREE


SUMMARY OF DATA

   Group PERM
     Number of missing data patterns            22

   Group TEMP
     Number of missing data patterns            10


COVARIANCE COVERAGE OF DATA

Minimum covariance coverage value   0.100


     PROPORTION OF DATA PRESENT FOR PERM


           Covariance Coverage
              DIJ_01        DIJ_02        DIJ_03        DIJ_04        APP_01
              ________      ________      ________      ________      ________
 DIJ_01         0.962
 DIJ_02         0.946         0.966
 DIJ_03         0.939         0.939         0.954
 DIJ_04         0.954         0.954         0.943         0.973
 APP_01         0.950         0.954         0.943         0.962         0.989
 APP_02         0.939         0.943         0.931         0.950         0.973
 APP_03         0.943         0.943         0.935         0.954         0.969
 APP_04         0.943         0.946         0.935         0.950         0.969
 APP_05         0.927         0.931         0.920         0.935         0.958


           Covariance Coverage
              APP_02        APP_03        APP_04        APP_05
              ________      ________      ________      ________
 APP_02         0.977
 APP_03         0.966         0.973
 APP_04         0.966         0.962         0.977
 APP_05         0.950         0.946         0.950         0.958


     PROPORTION OF DATA PRESENT FOR TEMP


           Covariance Coverage
              DIJ_01        DIJ_02        DIJ_03        DIJ_04        APP_01
              ________      ________      ________      ________      ________
 DIJ_01         0.958
 DIJ_02         0.958         0.983
 DIJ_03         0.941         0.958         0.958
 DIJ_04         0.941         0.966         0.941         0.975
 APP_01         0.958         0.983         0.958         0.975         1.000
 APP_02         0.958         0.983         0.958         0.975         1.000
 APP_03         0.941         0.958         0.941         0.950         0.975
 APP_04         0.958         0.975         0.958         0.966         0.992
 APP_05         0.933         0.950         0.933         0.941         0.966


           Covariance Coverage
              APP_02        APP_03        APP_04        APP_05
              ________      ________      ________      ________
 APP_02         1.000
 APP_03         0.975         0.975
 APP_04         0.992         0.975         0.992
 APP_05         0.966         0.958         0.966         0.966


UNIVARIATE PROPORTIONS AND COUNTS FOR CATEGORICAL VARIABLES

  Group PERM
    DIJ_01
      Category 1    0.048           12.000
      Category 2    0.175           44.000
      Category 3    0.255           64.000
      Category 4    0.522          131.000
    DIJ_02
      Category 1    0.194           49.000
      Category 2    0.210           53.000
      Category 3    0.595          150.000
    DIJ_03
      Category 1    0.064           16.000
      Category 2    0.181           45.000
      Category 3    0.249           62.000
      Category 4    0.506          126.000
    DIJ_04
      Category 1    0.059           15.000
      Category 2    0.138           35.000
      Category 3    0.244           62.000
      Category 4    0.559          142.000
    APP_01
      Category 1    0.384           99.000
      Category 2    0.217           56.000
      Category 3    0.295           76.000
      Category 4    0.105           27.000
    APP_02
      Category 1    0.306           78.000
      Category 2    0.471          120.000
      Category 3    0.224           57.000
    APP_03
      Category 1    0.110           28.000
      Category 2    0.287           73.000
      Category 3    0.252           64.000
      Category 4    0.291           74.000
      Category 5    0.059           15.000
    APP_04
      Category 1    0.251           64.000
      Category 2    0.314           80.000
      Category 3    0.259           66.000
      Category 4    0.176           45.000
    APP_05
      Category 1    0.092           23.000
      Category 2    0.184           46.000
      Category 3    0.360           90.000
      Category 4    0.364           91.000

  Group TEMP
    DIJ_01
      Category 1    0.333           38.000
      Category 2    0.447           51.000
      Category 3    0.105           12.000
      Category 4    0.114           13.000
    DIJ_02
      Category 1    0.658           77.000
      Category 2    0.188           22.000
      Category 3    0.154           18.000
    DIJ_03
      Category 1    0.368           42.000
      Category 2    0.412           47.000
      Category 3    0.132           15.000
      Category 4    0.088           10.000
    DIJ_04
      Category 1    0.293           34.000
      Category 2    0.379           44.000
      Category 3    0.147           17.000
      Category 4    0.181           21.000
    APP_01
      Category 1    0.252           30.000
      Category 2    0.235           28.000
      Category 3    0.420           50.000
      Category 4    0.092           11.000
    APP_02
      Category 1    0.185           22.000
      Category 2    0.555           66.000
      Category 3    0.261           31.000
    APP_03
      Category 1    0.121           14.000
      Category 2    0.190           22.000
      Category 3    0.319           37.000
      Category 4    0.276           32.000
      Category 5    0.095           11.000
    APP_04
      Category 1    0.212           25.000
      Category 2    0.246           29.000
      Category 3    0.314           37.000
      Category 4    0.229           27.000
    APP_05
      Category 1    0.104           12.000
      Category 2    0.148           17.000
      Category 3    0.322           37.000
      Category 4    0.426           49.000



UNIVARIATE SAMPLE STATISTICS


     UNIVARIATE HIGHER-ORDER MOMENT DESCRIPTIVE STATISTICS FOR PERM

         Variable/         Mean/     Skewness/   Minimum/ % with                Percentiles
        Sample Size      Variance    Kurtosis    Maximum  Min/Max      20%/60%    40%/80%    Median

     WH_GROUP              0.000      -1.562      -2.540    2.30%      -0.540      0.460      0.460
             261.000       0.609       1.396       0.460   69.73%       0.460      0.460


     UNIVARIATE HIGHER-ORDER MOMENT DESCRIPTIVE STATISTICS FOR TEMP

         Variable/         Mean/     Skewness/   Minimum/ % with                Percentiles
        Sample Size      Variance    Kurtosis    Maximum  Min/Max      20%/60%    40%/80%    Median

     WH_GROUP              0.000      -1.463      -3.244    5.04%      -1.244      0.756      0.756
             119.000       1.445       0.881       0.756   63.87%       0.756      0.756


RANDOM STARTS RESULTS RANKED FROM THE BEST TO THE WORST FIT FUNCTION VALUES

Fit function values at local maxima and random start numbers:

      0.16230100D+00         9
      0.16230101D+00         17
      0.16230101D+00         12
      0.16230101D+00         10
      0.16230101D+00         7
      0.16230101D+00         18
      0.16230101D+00         unperturbed
      0.16230102D+00         2
      0.16230102D+00         13
      0.16230102D+00         1
      0.16230102D+00         6
      0.16230102D+00         14
      0.16230103D+00         5
      0.16230104D+00         8
      0.16230104D+00         11
      0.16230104D+00         4
      0.16230104D+00         20
      0.16230106D+00         19
      0.16230106D+00         16
      0.16230107D+00         15
      0.16230111D+00         3

THE MODEL ESTIMATION TERMINATED NORMALLY



MODEL FIT INFORMATION

Number of Free Parameters                       41

Chi-Square Test of Model Fit

          Value                            140.057*
          Degrees of Freedom                   101
          P-Value                           0.0062

Chi-Square Contribution From Each Group

          PERM                              63.405
          TEMP                              76.652

Chi-Square Test for Difference Testing

          Value                              4.915*
          Degrees of Freedom                     1
          P-Value                           0.0266

*   The chi-square value for MLM, MLMV, MLR, ULSMV, WLSM and WLSMV cannot be used
    for chi-square difference testing in the regular way.  MLM, MLR and WLSM
    chi-square difference testing is described on the Mplus website.  MLMV, WLSMV,
    and ULSMV difference testing is done using the DIFFTEST option.  The DIFFTEST
    option assumes the models are nested.  The NESTED option can be used to verify
    that the models are nested.

RMSEA (Root Mean Square Error Of Approximation)

          Estimate                           0.045
          90 Percent C.I.                    0.025  0.062
          Probability RMSEA <= .05           0.661

CFI/TLI

          CFI                                0.986
          TLI                                0.988

Chi-Square Test of Model Fit for the Baseline Model

          Value                           2965.183
          Degrees of Freedom                    90
          P-Value                           0.0000

SRMR (Standardized Root Mean Square Residual)

          Value                              0.060

Optimum Function Value for Weighted Least-Squares Estimator

          Value                     0.16230100D+00



MODEL RESULTS

                                                    Two-Tailed
                    Estimate       S.E.  Est./S.E.    P-Value

Group PERM

 DIJ      BY
    DIJ_01             2.088      0.250      8.355      0.000
    DIJ_02             1.711      0.168     10.191      0.000
    DIJ_03             2.017      0.242      8.323      0.000
    DIJ_04             1.272      0.115     11.029      0.000

 APP      BY
    APP_01            -0.929      0.098     -9.501      0.000
    APP_02            -1.337      0.154     -8.686      0.000
    APP_03            -1.129      0.112    -10.066      0.000
    APP_04            -0.868      0.094     -9.247      0.000
    APP_05            -1.033      0.115     -8.979      0.000

 DIJ      ON
    APP                0.037      0.061      0.611      0.541

 DIJ      ON
    WH_GROUP           0.012      0.059      0.198      0.843

 Means
    APP                0.000      0.000    999.000    999.000

 Intercepts
    DIJ                0.000      0.000    999.000    999.000

 Thresholds
    DIJ_01$1          -3.827      0.346    -11.065      0.000
    DIJ_01$2          -1.625      0.221     -7.352      0.000
    DIJ_01$3          -0.222      0.185     -1.201      0.230
    DIJ_02$1          -1.702      0.188     -9.039      0.000
    DIJ_02$2          -0.521      0.165     -3.162      0.002
    DIJ_03$1          -3.468      0.331    -10.488      0.000
    DIJ_03$2          -1.477      0.222     -6.663      0.000
    DIJ_03$3          -0.071      0.177     -0.399      0.690
    DIJ_04$1          -2.560      0.172    -14.883      0.000
    DIJ_04$2          -1.282      0.136     -9.431      0.000
    DIJ_04$3          -0.305      0.128     -2.388      0.017
    APP_01$1          -0.486      0.096     -5.051      0.000
    APP_01$2           0.289      0.096      2.994      0.003
    APP_01$3           1.804      0.139     12.949      0.000
    APP_02$1          -0.927      0.137     -6.767      0.000
    APP_02$2           1.292      0.143      9.021      0.000
    APP_03$1          -1.712      0.144    -11.857      0.000
    APP_03$2          -0.414      0.110     -3.752      0.000
    APP_03$3           0.634      0.111      5.706      0.000
    APP_03$4           2.284      0.163     13.988      0.000
    APP_04$1          -0.875      0.100     -8.783      0.000
    APP_04$2           0.166      0.092      1.807      0.071
    APP_04$3           1.206      0.108     11.183      0.000
    APP_05$1          -1.780      0.151    -11.779      0.000
    APP_05$2          -0.807      0.111     -7.255      0.000
    APP_05$3           0.497      0.106      4.708      0.000

 Variances
    APP                1.000      0.000    999.000    999.000

 Residual Variances
    DIJ_01             1.000      0.000    999.000    999.000
    DIJ_02             1.000      0.000    999.000    999.000
    DIJ_03             1.000      0.000    999.000    999.000
    DIJ_04             1.000      0.000    999.000    999.000
    APP_01             1.000      0.000    999.000    999.000
    APP_02             1.000      0.000    999.000    999.000
    APP_03             1.000      0.000    999.000    999.000
    APP_04             1.000      0.000    999.000    999.000
    APP_05             1.000      0.000    999.000    999.000
    DIJ                0.996      0.000    999.000    999.000

Group TEMP

 DIJ      BY
    DIJ_01             2.088      0.250      8.355      0.000
    DIJ_02             1.711      0.168     10.191      0.000
    DIJ_03             2.017      0.242      8.323      0.000
    DIJ_04             1.272      0.115     11.029      0.000

 APP      BY
    APP_01            -0.929      0.098     -9.501      0.000
    APP_02            -1.337      0.154     -8.686      0.000
    APP_03            -1.129      0.112    -10.066      0.000
    APP_04            -0.868      0.094     -9.247      0.000
    APP_05            -1.033      0.115     -8.979      0.000

 DIJ      ON
    APP                0.037      0.061      0.611      0.541

 DIJ      ON
    WH_GROUP           0.012      0.059      0.198      0.843

 Means
    APP               -0.231      0.119     -1.944      0.052

 Intercepts
    DIJ               -1.399      0.136    -10.273      0.000

 Thresholds
    DIJ_01$1          -3.827      0.346    -11.065      0.000
    DIJ_01$2          -1.625      0.221     -7.352      0.000
    DIJ_01$3          -0.222      0.185     -1.201      0.230
    DIJ_02$1          -1.702      0.188     -9.039      0.000
    DIJ_02$2          -0.521      0.165     -3.162      0.002
    DIJ_03$1          -3.468      0.331    -10.488      0.000
    DIJ_03$2          -1.477      0.222     -6.663      0.000
    DIJ_03$3          -0.071      0.177     -0.399      0.690
    DIJ_04$1          -2.560      0.172    -14.883      0.000
    DIJ_04$2          -1.282      0.136     -9.431      0.000
    DIJ_04$3          -0.305      0.128     -2.388      0.017
    APP_01$1          -0.486      0.096     -5.051      0.000
    APP_01$2           0.289      0.096      2.994      0.003
    APP_01$3           1.804      0.139     12.949      0.000
    APP_02$1          -0.927      0.137     -6.767      0.000
    APP_02$2           1.292      0.143      9.021      0.000
    APP_03$1          -1.712      0.144    -11.857      0.000
    APP_03$2          -0.414      0.110     -3.752      0.000
    APP_03$3           0.634      0.111      5.706      0.000
    APP_03$4           2.284      0.163     13.988      0.000
    APP_04$1          -0.875      0.100     -8.783      0.000
    APP_04$2           0.166      0.092      1.807      0.071
    APP_04$3           1.206      0.108     11.183      0.000
    APP_05$1          -1.780      0.151    -11.779      0.000
    APP_05$2          -0.807      0.111     -7.255      0.000
    APP_05$3           0.497      0.106      4.708      0.000

 Variances
    APP                0.872      0.187      4.652      0.000

 Residual Variances
    DIJ_01             1.000      0.000    999.000    999.000
    DIJ_02             1.000      0.000    999.000    999.000
    DIJ_03             1.000      0.000    999.000    999.000
    DIJ_04             1.000      0.000    999.000    999.000
    APP_01             1.000      0.000    999.000    999.000
    APP_02             1.000      0.000    999.000    999.000
    APP_03             1.000      0.000    999.000    999.000
    APP_04             1.000      0.000    999.000    999.000
    APP_05             1.000      0.000    999.000    999.000
    DIJ                0.694      0.172      4.047      0.000


QUALITY OF NUMERICAL RESULTS

     Condition Number for the Information Matrix              0.234E-02
       (ratio of smallest to largest eigenvalue)


STANDARDIZED MODEL RESULTS


STDYX Standardization

                                                    Two-Tailed
                    Estimate       S.E.  Est./S.E.    P-Value

Group PERM

 DIJ      BY
    DIJ_01             0.902      0.020     44.748      0.000
    DIJ_02             0.863      0.022     40.066      0.000
    DIJ_03             0.896      0.021     42.136      0.000
    DIJ_04             0.786      0.027     28.886      0.000

 APP      BY
    APP_01            -0.681      0.038    -17.707      0.000
    APP_02            -0.801      0.033    -24.207      0.000
    APP_03            -0.749      0.033    -22.896      0.000
    APP_04            -0.656      0.040    -16.217      0.000
    APP_05            -0.718      0.039    -18.560      0.000

 DIJ      ON
    APP                0.037      0.061      0.612      0.540

 DIJ      ON
    WH_GROUP           0.009      0.046      0.198      0.843

 Means
    APP                0.000      0.000    999.000    999.000

 Intercepts
    DIJ                0.000      0.000    999.000    999.000

 Thresholds
    DIJ_01$1          -1.655      0.113    -14.605      0.000
    DIJ_01$2          -0.702      0.080     -8.762      0.000
    DIJ_01$3          -0.096      0.078     -1.239      0.215
    DIJ_02$1          -0.859      0.081    -10.654      0.000
    DIJ_02$2          -0.263      0.077     -3.429      0.001
    DIJ_03$1          -1.542      0.108    -14.287      0.000
    DIJ_03$2          -0.657      0.080     -8.200      0.000
    DIJ_03$3          -0.031      0.078     -0.403      0.687
    DIJ_04$1          -1.583      0.103    -15.391      0.000
    DIJ_04$2          -0.793      0.080     -9.956      0.000
    DIJ_04$3          -0.189      0.076     -2.471      0.013
    APP_01$1          -0.356      0.071     -4.981      0.000
    APP_01$2           0.212      0.070      3.014      0.003
    APP_01$3           1.322      0.097     13.671      0.000
    APP_02$1          -0.555      0.078     -7.127      0.000
    APP_02$2           0.774      0.080      9.666      0.000
    APP_03$1          -1.135      0.095    -11.930      0.000
    APP_03$2          -0.274      0.073     -3.750      0.000
    APP_03$3           0.420      0.073      5.790      0.000
    APP_03$4           1.515      0.105     14.367      0.000
    APP_04$1          -0.660      0.076     -8.661      0.000
    APP_04$2           0.125      0.069      1.816      0.069
    APP_04$3           0.910      0.080     11.364      0.000
    APP_05$1          -1.238      0.102    -12.153      0.000
    APP_05$2          -0.561      0.076     -7.370      0.000
    APP_05$3           0.346      0.073      4.726      0.000

 Variances
    APP                1.000      0.000    999.000    999.000

 Residual Variances
    DIJ_01             0.187      0.036      5.143      0.000
    DIJ_02             0.255      0.037      6.859      0.000
    DIJ_03             0.198      0.038      5.190      0.000
    DIJ_04             0.382      0.043      8.946      0.000
    APP_01             0.537      0.052     10.250      0.000
    APP_02             0.359      0.053      6.773      0.000
    APP_03             0.440      0.049      8.981      0.000
    APP_04             0.570      0.053     10.758      0.000
    APP_05             0.484      0.056      8.697      0.000
    DIJ                0.999      0.005    216.569      0.000

Group TEMP

 DIJ      BY
    DIJ_01             0.867      0.028     31.288      0.000
    DIJ_02             0.819      0.036     22.989      0.000
    DIJ_03             0.860      0.028     30.394      0.000
    DIJ_04             0.728      0.041     17.749      0.000

 APP      BY
    APP_01            -0.655      0.046    -14.162      0.000
    APP_02            -0.780      0.040    -19.322      0.000
    APP_03            -0.725      0.041    -17.903      0.000
    APP_04            -0.630      0.044    -14.176      0.000
    APP_05            -0.694      0.047    -14.694      0.000

 DIJ      ON
    APP                0.042      0.068      0.614      0.539

 DIJ      ON
    WH_GROUP           0.017      0.085      0.198      0.843

 Means
    APP               -0.248      0.129     -1.920      0.055

 Intercepts
    DIJ               -1.677      0.200     -8.369      0.000

 Thresholds
    DIJ_01$1          -1.906      0.168    -11.370      0.000
    DIJ_01$2          -0.809      0.112     -7.225      0.000
    DIJ_01$3          -0.111      0.092     -1.204      0.229
    DIJ_02$1          -0.977      0.114     -8.589      0.000
    DIJ_02$2          -0.299      0.093     -3.210      0.001
    DIJ_03$1          -1.772      0.162    -10.920      0.000
    DIJ_03$2          -0.755      0.112     -6.761      0.000
    DIJ_03$3          -0.036      0.090     -0.400      0.689
    DIJ_04$1          -1.756      0.125    -14.060      0.000
    DIJ_04$2          -0.880      0.096     -9.168      0.000
    DIJ_04$3          -0.209      0.087     -2.401      0.016
    APP_01$1          -0.367      0.075     -4.920      0.000
    APP_01$2           0.218      0.072      3.012      0.003
    APP_01$3           1.363      0.106     12.879      0.000
    APP_02$1          -0.580      0.083     -7.009      0.000
    APP_02$2           0.808      0.092      8.828      0.000
    APP_03$1          -1.178      0.105    -11.208      0.000
    APP_03$2          -0.285      0.076     -3.754      0.000
    APP_03$3           0.436      0.079      5.545      0.000
    APP_03$4           1.572      0.123     12.760      0.000
    APP_04$1          -0.679      0.081     -8.339      0.000
    APP_04$2           0.129      0.071      1.815      0.070
    APP_04$3           0.937      0.085     10.990      0.000
    APP_05$1          -1.281      0.109    -11.753      0.000
    APP_05$2          -0.581      0.080     -7.263      0.000
    APP_05$3           0.358      0.077      4.649      0.000

 Variances
    APP                1.000      0.000    999.000    999.000

 Residual Variances
    DIJ_01             0.248      0.048      5.156      0.000
    DIJ_02             0.329      0.058      5.643      0.000
    DIJ_03             0.261      0.049      5.369      0.000
    DIJ_04             0.470      0.060      7.883      0.000
    APP_01             0.570      0.061      9.404      0.000
    APP_02             0.391      0.063      6.201      0.000
    APP_03             0.474      0.059      8.056      0.000
    APP_04             0.603      0.056     10.787      0.000
    APP_05             0.518      0.066      7.898      0.000
    DIJ                0.998      0.006    159.238      0.000


R-SQUARE

Group PERM

    Observed                                        Two-Tailed     Scale
    Variable        Estimate       S.E.  Est./S.E.    P-Value     Factors

    DIJ_01             0.813      0.036     22.374      0.000      0.432
    DIJ_02             0.745      0.037     20.033      0.000      0.505
    DIJ_03             0.802      0.038     21.068      0.000      0.445
    DIJ_04             0.618      0.043     14.443      0.000      0.618
    APP_01             0.463      0.052      8.854      0.000      0.732
    APP_02             0.641      0.053     12.104      0.000      0.599
    APP_03             0.560      0.049     11.448      0.000      0.663
    APP_04             0.430      0.053      8.108      0.000      0.755
    APP_05             0.516      0.056      9.280      0.000      0.696

     Latent                                         Two-Tailed
    Variable        Estimate       S.E.  Est./S.E.    P-Value

    DIJ                0.001      0.005      0.321      0.748

Group TEMP

    Observed                                        Two-Tailed     Scale
    Variable        Estimate       S.E.  Est./S.E.    P-Value     Factors

    DIJ_01             0.752      0.048     15.644      0.000      0.498
    DIJ_02             0.671      0.058     11.495      0.000      0.574
    DIJ_03             0.739      0.049     15.197      0.000      0.511
    DIJ_04             0.530      0.060      8.874      0.000      0.686
    APP_01             0.430      0.061      7.081      0.000      0.755
    APP_02             0.609      0.063      9.661      0.000      0.625
    APP_03             0.526      0.059      8.952      0.000      0.688
    APP_04             0.397      0.056      7.088      0.000      0.777
    APP_05             0.482      0.066      7.347      0.000      0.720

     Latent                                         Two-Tailed
    Variable        Estimate       S.E.  Est./S.E.    P-Value

    DIJ                0.002      0.006      0.324      0.746


TECHNICAL 1 OUTPUT


     PARAMETER SPECIFICATION FOR PERM


           TAU
              DIJ_01$1      DIJ_01$2      DIJ_01$3      DIJ_02$1      DIJ_02$2
              ________      ________      ________      ________      ________
                  1             2             3             4             5


           TAU
              DIJ_03$1      DIJ_03$2      DIJ_03$3      DIJ_04$1      DIJ_04$2
              ________      ________      ________      ________      ________
                  6             7             8             9            10


           TAU
              DIJ_04$3      APP_01$1      APP_01$2      APP_01$3      APP_02$1
              ________      ________      ________      ________      ________
                 11            12            13            14            15


           TAU
              APP_02$2      APP_03$1      APP_03$2      APP_03$3      APP_03$4
              ________      ________      ________      ________      ________
                 16            17            18            19            20


           TAU
              APP_04$1      APP_04$2      APP_04$3      APP_05$1      APP_05$2
              ________      ________      ________      ________      ________
                 21            22            23            24            25


           TAU
              APP_05$3
              ________
                 26


           NU
              DIJ_01        DIJ_02        DIJ_03        DIJ_04        APP_01
              ________      ________      ________      ________      ________
                  0             0             0             0             0


           NU
              APP_02        APP_03        APP_04        APP_05
              ________      ________      ________      ________
                  0             0             0             0


           LAMBDA
              DIJ           APP
              ________      ________
 DIJ_01            27             0
 DIJ_02            28             0
 DIJ_03            29             0
 DIJ_04            30             0
 APP_01             0            31
 APP_02             0            32
 APP_03             0            33
 APP_04             0            34
 APP_05             0            35


           THETA
              DIJ_01        DIJ_02        DIJ_03        DIJ_04        APP_01
              ________      ________      ________      ________      ________
 DIJ_01             0
 DIJ_02             0             0
 DIJ_03             0             0             0
 DIJ_04             0             0             0             0
 APP_01             0             0             0             0             0
 APP_02             0             0             0             0             0
 APP_03             0             0             0             0             0
 APP_04             0             0             0             0             0
 APP_05             0             0             0             0             0


           THETA
              APP_02        APP_03        APP_04        APP_05
              ________      ________      ________      ________
 APP_02             0
 APP_03             0             0
 APP_04             0             0             0
 APP_05             0             0             0             0


           ALPHA
              DIJ           APP
              ________      ________
                  0             0


           BETA
              DIJ           APP
              ________      ________
 DIJ                0            36
 APP                0             0


           GAMMA
              WH_GROUP
              ________
 DIJ               37
 APP                0


           PSI
              DIJ           APP
              ________      ________
 DIJ                0
 APP                0             0


     PARAMETER SPECIFICATION FOR TEMP


           TAU
              DIJ_01$1      DIJ_01$2      DIJ_01$3      DIJ_02$1      DIJ_02$2
              ________      ________      ________      ________      ________
                  1             2             3             4             5


           TAU
              DIJ_03$1      DIJ_03$2      DIJ_03$3      DIJ_04$1      DIJ_04$2
              ________      ________      ________      ________      ________
                  6             7             8             9            10


           TAU
              DIJ_04$3      APP_01$1      APP_01$2      APP_01$3      APP_02$1
              ________      ________      ________      ________      ________
                 11            12            13            14            15


           TAU
              APP_02$2      APP_03$1      APP_03$2      APP_03$3      APP_03$4
              ________      ________      ________      ________      ________
                 16            17            18            19            20


           TAU
              APP_04$1      APP_04$2      APP_04$3      APP_05$1      APP_05$2
              ________      ________      ________      ________      ________
                 21            22            23            24            25


           TAU
              APP_05$3
              ________
                 26


           NU
              DIJ_01        DIJ_02        DIJ_03        DIJ_04        APP_01
              ________      ________      ________      ________      ________
                  0             0             0             0             0


           NU
              APP_02        APP_03        APP_04        APP_05
              ________      ________      ________      ________
                  0             0             0             0


           LAMBDA
              DIJ           APP
              ________      ________
 DIJ_01            27             0
 DIJ_02            28             0
 DIJ_03            29             0
 DIJ_04            30             0
 APP_01             0            31
 APP_02             0            32
 APP_03             0            33
 APP_04             0            34
 APP_05             0            35


           THETA
              DIJ_01        DIJ_02        DIJ_03        DIJ_04        APP_01
              ________      ________      ________      ________      ________
 DIJ_01             0
 DIJ_02             0             0
 DIJ_03             0             0             0
 DIJ_04             0             0             0             0
 APP_01             0             0             0             0             0
 APP_02             0             0             0             0             0
 APP_03             0             0             0             0             0
 APP_04             0             0             0             0             0
 APP_05             0             0             0             0             0


           THETA
              APP_02        APP_03        APP_04        APP_05
              ________      ________      ________      ________
 APP_02             0
 APP_03             0             0
 APP_04             0             0             0
 APP_05             0             0             0             0


           ALPHA
              DIJ           APP
              ________      ________
                 38            39


           BETA
              DIJ           APP
              ________      ________
 DIJ                0            36
 APP                0             0


           GAMMA
              WH_GROUP
              ________
 DIJ               37
 APP                0


           PSI
              DIJ           APP
              ________      ________
 DIJ               40
 APP                0            41


     STARTING VALUES FOR PERM


           TAU
              DIJ_01$1      DIJ_01$2      DIJ_01$3      DIJ_02$1      DIJ_02$2
              ________      ________      ________      ________      ________
               -1.666        -0.762        -0.055        -0.862        -0.241


           TAU
              DIJ_03$1      DIJ_03$2      DIJ_03$3      DIJ_04$1      DIJ_04$2
              ________      ________      ________      ________      ________
               -1.520        -0.690        -0.015        -1.563        -0.853


           TAU
              DIJ_04$3      APP_01$1      APP_01$2      APP_01$3      APP_02$1
              ________      ________      ________      ________      ________
               -0.149        -0.296         0.255         1.255        -0.508


           TAU
              APP_02$2      APP_03$1      APP_03$2      APP_03$3      APP_03$4
              ________      ________      ________      ________      ________
                0.760        -1.225        -0.259         0.384         1.563


           TAU
              APP_04$1      APP_04$2      APP_04$3      APP_05$1      APP_05$2
              ________      ________      ________      ________      ________
               -0.671         0.163         0.929        -1.329        -0.595


           TAU
              APP_05$3
              ________
                0.348


           NU
              DIJ_01        DIJ_02        DIJ_03        DIJ_04        APP_01
              ________      ________      ________      ________      ________
                0.000         0.000         0.000         0.000         0.000


           NU
              APP_02        APP_03        APP_04        APP_05
              ________      ________      ________      ________
                0.000         0.000         0.000         0.000


           LAMBDA
              DIJ           APP
              ________      ________
 DIJ_01         0.872         0.000
 DIJ_02         0.885         0.000
 DIJ_03         0.875         0.000
 DIJ_04         0.813         0.000
 APP_01         0.000         0.725
 APP_02         0.000         0.807
 APP_03         0.000         0.732
 APP_04         0.000         0.600
 APP_05         0.000         0.756


           THETA
              DIJ_01        DIJ_02        DIJ_03        DIJ_04        APP_01
              ________      ________      ________      ________      ________
 DIJ_01         1.000
 DIJ_02         0.000         1.000
 DIJ_03         0.000         0.000         1.000
 DIJ_04         0.000         0.000         0.000         1.000
 APP_01         0.000         0.000         0.000         0.000         1.000
 APP_02         0.000         0.000         0.000         0.000         0.000
 APP_03         0.000         0.000         0.000         0.000         0.000
 APP_04         0.000         0.000         0.000         0.000         0.000
 APP_05         0.000         0.000         0.000         0.000         0.000


           THETA
              APP_02        APP_03        APP_04        APP_05
              ________      ________      ________      ________
 APP_02         1.000
 APP_03         0.000         1.000
 APP_04         0.000         0.000         1.000
 APP_05         0.000         0.000         0.000         1.000


           ALPHA
              DIJ           APP
              ________      ________
                0.000         0.000


           BETA
              DIJ           APP
              ________      ________
 DIJ            0.000         0.000
 APP            0.000         0.000


           GAMMA
              WH_GROUP
              ________
 DIJ            0.000
 APP            0.000


           PSI
              DIJ           APP
              ________      ________
 DIJ            0.996
 APP            0.000         1.000


     STARTING VALUES FOR TEMP


           TAU
              DIJ_01$1      DIJ_01$2      DIJ_01$3      DIJ_02$1      DIJ_02$2
              ________      ________      ________      ________      ________
               -1.049         0.006         0.575        -0.227         0.390


           TAU
              DIJ_03$1      DIJ_03$2      DIJ_03$3      DIJ_04$1      DIJ_04$2
              ________      ________      ________      ________      ________
               -0.928         0.042         0.670        -1.054        -0.203


           TAU
              DIJ_04$3      APP_01$1      APP_01$2      APP_01$3      APP_02$1
              ________      ________      ________      ________      ________
                0.381        -0.482         0.112         1.291        -0.702


           TAU
              APP_02$2      APP_03$1      APP_03$2      APP_03$3      APP_03$4
              ________      ________      ________      ________      ________
                0.701        -1.198        -0.377         0.357         1.437


           TAU
              APP_04$1      APP_04$2      APP_04$3      APP_05$1      APP_05$2
              ________      ________      ________      ________      ________
               -0.736         0.028         0.836        -1.293        -0.631


           TAU
              APP_05$3
              ________
                0.267


           NU
              DIJ_01        DIJ_02        DIJ_03        DIJ_04        APP_01
              ________      ________      ________      ________      ________
                0.000         0.000         0.000         0.000         0.000


           NU
              APP_02        APP_03        APP_04        APP_05
              ________      ________      ________      ________
                0.000         0.000         0.000         0.000


           LAMBDA
              DIJ           APP
              ________      ________
 DIJ_01         0.913         0.000
 DIJ_02         0.795         0.000
 DIJ_03         0.881         0.000
 DIJ_04         0.609         0.000
 APP_01         0.000         0.645
 APP_02         0.000         0.746
 APP_03         0.000         0.717
 APP_04         0.000         0.684
 APP_05         0.000         0.606


           THETA
              DIJ_01        DIJ_02        DIJ_03        DIJ_04        APP_01
              ________      ________      ________      ________      ________
 DIJ_01         1.000
 DIJ_02         0.000         1.000
 DIJ_03         0.000         0.000         1.000
 DIJ_04         0.000         0.000         0.000         1.000
 APP_01         0.000         0.000         0.000         0.000         1.000
 APP_02         0.000         0.000         0.000         0.000         0.000
 APP_03         0.000         0.000         0.000         0.000         0.000
 APP_04         0.000         0.000         0.000         0.000         0.000
 APP_05         0.000         0.000         0.000         0.000         0.000


           THETA
              APP_02        APP_03        APP_04        APP_05
              ________      ________      ________      ________
 APP_02         1.000
 APP_03         0.000         1.000
 APP_04         0.000         0.000         1.000
 APP_05         0.000         0.000         0.000         1.000


           ALPHA
              DIJ           APP
              ________      ________
                0.000         0.000


           BETA
              DIJ           APP
              ________      ________
 DIJ            0.000         0.000
 APP            0.000         0.000


           GAMMA
              WH_GROUP
              ________
 DIJ            0.000
 APP            0.000


           PSI
              DIJ           APP
              ________      ________
 DIJ            0.996
 APP            0.000         1.000


TECHNICAL 4 OUTPUT


     ESTIMATES DERIVED FROM THE MODEL FOR PERM


           ESTIMATED MEANS FOR THE LATENT VARIABLES
              DIJ           APP
              ________      ________
                0.000         0.000


           ESTIMATED COVARIANCE MATRIX FOR THE LATENT VARIABLES
              DIJ           APP
              ________      ________
 DIJ            0.997
 APP            0.037         1.000


           ESTIMATED CORRELATION MATRIX FOR THE LATENT VARIABLES
              DIJ           APP
              ________      ________
 DIJ            1.000
 APP            0.037         1.000


     ESTIMATES DERIVED FROM THE MODEL FOR TEMP


           ESTIMATED MEANS FOR THE LATENT VARIABLES
              DIJ           APP
              ________      ________
               -1.407        -0.231


           ESTIMATED COVARIANCE MATRIX FOR THE LATENT VARIABLES
              DIJ           APP
              ________      ________
 DIJ            0.696
 APP            0.033         0.872


           ESTIMATED CORRELATION MATRIX FOR THE LATENT VARIABLES
              DIJ           APP
              ________      ________
 DIJ            1.000
 APP            0.042         1.000


     ESTIMATES DERIVED FROM THE MODEL FOR PERM


           S.E. FOR ESTIMATED MEANS FOR THE LATENT VARIABLES
              DIJ           APP
              ________      ________
                0.001         0.000


           EST./S.E. FOR ESTIMATED MEANS FOR THE LATENT VARIABLES
              DIJ           APP
              ________      ________
                0.000         0.000


           TWO-TAILED P-VALUE FOR ESTIMATED MEANS FOR THE LATENT VARIABLES
              DIJ           APP
              ________      ________
                1.000         1.000


           S.E. FOR ESTIMATED COVARIANCE MATRIX FOR THE LATENT VARIABLES
              DIJ           APP
              ________      ________
 DIJ            0.005
 APP            0.061         0.000


           EST./S.E. FOR ESTIMATED COVARIANCE MATRIX FOR THE LATENT VARIABLES
              DIJ           APP
              ________      ________
 DIJ          216.569
 APP            0.611   ***********


           TWO-TAILED P-VALUE FOR ESTIMATED COVARIANCE MATRIX FOR THE LATENT VARIABLES
              DIJ           APP
              ________      ________
 DIJ            0.000
 APP            0.541         0.000


           S.E. FOR ESTIMATED CORRELATION MATRIX FOR THE LATENT VARIABLES
              DIJ           APP
              ________      ________
 DIJ            0.000
 APP            0.061         0.000


           EST./S.E. FOR ESTIMATED CORRELATION MATRIX FOR THE LATENT VARIABLES
              DIJ           APP
              ________      ________
 DIJ          999.000
 APP            0.612       999.000


           TWO-TAILED P-VALUE FOR ESTIMATED CORRELATION MATRIX FOR THE LATENT VARIABLES
              DIJ           APP
              ________      ________
 DIJ            0.000
 APP            0.540         0.000


     ESTIMATES DERIVED FROM THE MODEL FOR TEMP


           S.E. FOR ESTIMATED MEANS FOR THE LATENT VARIABLES
              DIJ           APP
              ________      ________
                0.137         0.119


           EST./S.E. FOR ESTIMATED MEANS FOR THE LATENT VARIABLES
              DIJ           APP
              ________      ________
              -10.269        -1.944


           TWO-TAILED P-VALUE FOR ESTIMATED MEANS FOR THE LATENT VARIABLES
              DIJ           APP
              ________      ________
                0.000         0.052


           S.E. FOR ESTIMATED COVARIANCE MATRIX FOR THE LATENT VARIABLES
              DIJ           APP
              ________      ________
 DIJ            0.172
 APP            0.054         0.187


           EST./S.E. FOR ESTIMATED COVARIANCE MATRIX FOR THE LATENT VARIABLES
              DIJ           APP
              ________      ________
 DIJ            4.042
 APP            0.604         4.652


           TWO-TAILED P-VALUE FOR ESTIMATED COVARIANCE MATRIX FOR THE LATENT VARIABLES
              DIJ           APP
              ________      ________
 DIJ            0.000
 APP            0.546         0.000


           S.E. FOR ESTIMATED CORRELATION MATRIX FOR THE LATENT VARIABLES
              DIJ           APP
              ________      ________
 DIJ            0.000
 APP            0.068         0.000


           EST./S.E. FOR ESTIMATED CORRELATION MATRIX FOR THE LATENT VARIABLES
              DIJ           APP
              ________      ________
 DIJ          999.000
 APP            0.614       999.000


           TWO-TAILED P-VALUE FOR ESTIMATED CORRELATION MATRIX FOR THE LATENT VARIABLES
              DIJ           APP
              ________      ________
 DIJ            0.000
 APP            0.539         0.000


     Beginning Time:  13:38:47
        Ending Time:  13:38:47
       Elapsed Time:  00:00:00



MUTHEN & MUTHEN
3463 Stoner Ave.
Los Angeles, CA  90066

Tel: (310) 391-9971
Fax: (310) 391-8971
Web: www.StatModel.com
Support: Support@StatModel.com

Copyright (c) 1998-2023 Muthen & Muthen
