Mplus VERSION 8.9 (Linux)
MUTHEN & MUTHEN
06/19/2023   1:38 PM

INPUT INSTRUCTIONS

  DATA: FILE = "../../data/transforms/mplus.dat";

  VARIABLE:

      NAMES =
      group group_detail wh_group
  dij_01 dij_02 dij_03 dij_04
  apc_01 apc_02 apc_03 apc_04 apc_05
  app_01 app_02 app_03 app_04 app_05
  res_01 res_02 res_03
  exh_01 exh_04 exh_08
  jsa_01 jsa_02 jsa_03 jsa_04
  in_ex inc_ins
  ;

      MISSING = .;

      USEVARIABLES =
          dij_01-dij_04
          !apc_01-apc_05
          app_01-app_05
          !res_01-res_03
          exh_01 exh_04 exh_08
          !jsa_01 jsa_02 jsa_03 jsa_04
          wh_group
          ;

      categorical =
          dij_01-exh_08;



      DEFINE:
          CENTER wh_group (GRANDMEAN);

  ANALYSIS:
      estimator=MLF;
      type = RANDOM;
      INTEGRATION = MONTECARLO;
      MCSEED=42;
      PROCESS=4;

  MODEL:

      !! PERM

          ! Factor loadings fixed
          DIJ by
              dij_01* (f_dij_01)
              dij_02* (f_dij_02)
              dij_03* (f_dij_03)
              dij_04* (f_dij_04)
              ;

          APP by
              app_01* (f_app_01)
              app_02* (f_app_02)
              app_03* (f_app_03)
              app_04* (f_app_04)
              app_05* (f_app_05)
              ;

          EXH by
              exh_01*-1 (f_exh_01)
              exh_04* (f_exh_04)
              exh_08* (f_exh_08)
              ;


          ! Item thresholds are fix

          !DIJ
          [dij_01$1*] (t1dij_01);
          [dij_01$2*] (t2dij_01);
          [dij_01$3*] (t3dij_01);

          [dij_02$1*] (t1dij_02);
          [dij_02$2*] (t2dij_02);

          [dij_03$1*] (t1dij_03);
          [dij_03$2*] (t2dij_03);
          [dij_03$3*] (t3dij_03);

          [dij_04$1*] (t1dij_04);
          [dij_04$2*] (t2dij_04);

          [dij_04$3*] (t3dij_04);

          !APP
          [app_01$1*] (t1app_01);
          [app_01$2*] (t2app_01);
          [app_01$3*] (t3app_01);

          [app_02$1*] (t1app_02);
          [app_02$2*] (t2app_02);

          [app_03$1*] (t1app_03);
          [app_03$2*] (t2app_03);
          [app_03$3*] (t3app_03);
          [app_03$4*] (t4app_03);

          [app_04$1*] (t1app_04);
          [app_04$2*] (t2app_04);
          [app_04$3*] (t3app_04);

          [app_05$1*] (t1app_05);
          [app_05$2*] (t2app_05);
          [app_05$3*] (t3app_05);

          !EXH
          [exh_01$1*] (t1exh_01);
          [exh_01$2*] (t2exh_01);

          [exh_04$1*] (t1exh_04);
          [exh_04$2*] (t2exh_04);
          [exh_04$3*] (t3exh_04);

          [exh_08$1*] (t1exh_08);
          [exh_08$2*] (t2exh_08);
          [exh_08$3*] (t3exh_08);


          ! Factors mean=0 and variance=1 for identification

          [DIJ@0];
          [EXH@0];
          [APP@0];

          DIJ@1;
          EXH@1;
          APP@1;


          DIJ with APP;

          S_EXH | EXH on DIJ;

          EXH S_EXH on wh_group APP;



  OUTPUT:
  	tech1
  	tech4
  	stdyx
  	;




*** WARNING
  Data set contains cases with missing on x-variables.
  These cases were not included in the analysis.
  Number of cases with missing on x-variables:  1
   1 WARNING(S) FOUND IN THE INPUT INSTRUCTIONS




SUMMARY OF ANALYSIS

Number of groups                                                 1
Number of observations                                         381

Number of dependent variables                                   12
Number of independent variables                                  1
Number of continuous latent variables                            4

Observed dependent variables

  Binary and ordered categorical (ordinal)
   DIJ_01      DIJ_02      DIJ_03      DIJ_04      APP_01      APP_02
   APP_03      APP_04      APP_05      EXH_01      EXH_04      EXH_08

Observed independent variables
   WH_GROUP

Continuous latent variables
   DIJ         APP         EXH         S_EXH

Variables with special functions

  Centering (GRANDMEAN)
   WH_GROUP


Estimator                                                      MLF
Information matrix                                        OBSERVED
Optimization Specifications for the Quasi-Newton Algorithm for
Continuous Outcomes
  Maximum number of iterations                                 100
  Convergence criterion                                  0.100D-05
Optimization Specifications for the EM Algorithm
  Maximum number of iterations                                 500
  Convergence criteria
    Loglikelihood change                                 0.100D-02
    Relative loglikelihood change                        0.100D-05
    Derivative                                           0.100D-02
Optimization Specifications for the M step of the EM Algorithm for
Categorical Latent variables
  Number of M step iterations                                    1
  M step convergence criterion                           0.100D-02
  Basis for M step termination                           ITERATION
Optimization Specifications for the M step of the EM Algorithm for
Censored, Binary or Ordered Categorical (Ordinal), Unordered
Categorical (Nominal) and Count Outcomes
  Number of M step iterations                                    1
  M step convergence criterion                           0.100D-02
  Basis for M step termination                           ITERATION
  Maximum value for logit thresholds                            15
  Minimum value for logit thresholds                           -15
  Minimum expected cell size for chi-square              0.100D-01
Maximum number of iterations for H1                           2000
Convergence criterion for H1                             0.100D-03
Optimization algorithm                                         EMA
Integration Specifications
  Type                                                  MONTECARLO
  Number of integration points                                4000
  Dimensions of numerical integration                            4
  Adaptive quadrature                                           ON
  Monte Carlo integration seed                                  42
Link                                                         LOGIT
Cholesky                                                        ON

Input data file(s)
  ../../data/transforms/mplus.dat
Input data format  FREE


SUMMARY OF DATA

     Number of missing data patterns            29
     Number of y missing data patterns           0
     Number of u missing data patterns          29


COVARIANCE COVERAGE OF DATA

Minimum covariance coverage value   0.100


     PROPORTION OF DATA PRESENT FOR U


           Covariance Coverage
              DIJ_01        DIJ_02        DIJ_03        DIJ_04        APP_01
              ________      ________      ________      ________      ________
 DIJ_01         0.958
 DIJ_02         0.948         0.969
 DIJ_03         0.937         0.942         0.953
 DIJ_04         0.948         0.955         0.940         0.971
 APP_01         0.950         0.961         0.945         0.963         0.990
 APP_02         0.942         0.953         0.937         0.955         0.979
 APP_03         0.940         0.945         0.934         0.950         0.969
 APP_04         0.945         0.953         0.940         0.953         0.974
 APP_05         0.927         0.934         0.921         0.934         0.958
 EXH_01         0.955         0.966         0.950         0.969         0.987
 EXH_04         0.958         0.969         0.953         0.971         0.990
 EXH_08         0.955         0.966         0.950         0.969         0.987


           Covariance Coverage
              APP_02        APP_03        APP_04        APP_05        EXH_01
              ________      ________      ________      ________      ________
 APP_02         0.982
 APP_03         0.966         0.971
 APP_04         0.971         0.963         0.979
 APP_05         0.953         0.948         0.953         0.958
 EXH_01         0.979         0.969         0.976         0.955         0.997
 EXH_04         0.982         0.971         0.979         0.958         0.997
 EXH_08         0.979         0.969         0.976         0.958         0.995


           Covariance Coverage
              EXH_04        EXH_08
              ________      ________
 EXH_04         1.000
 EXH_08         0.997         0.997


UNIVARIATE PROPORTIONS AND COUNTS FOR CATEGORICAL VARIABLES

    DIJ_01
      Category 1    0.137           50.000
      Category 2    0.260           95.000
      Category 3    0.208           76.000
      Category 4    0.395          144.000
    DIJ_02
      Category 1    0.341          126.000
      Category 2    0.203           75.000
      Category 3    0.455          168.000
    DIJ_03
      Category 1    0.160           58.000
      Category 2    0.253           92.000
      Category 3    0.212           77.000
      Category 4    0.375          136.000
    DIJ_04
      Category 1    0.132           49.000
      Category 2    0.214           79.000
      Category 3    0.214           79.000
      Category 4    0.441          163.000
    APP_01
      Category 1    0.342          129.000
      Category 2    0.223           84.000
      Category 3    0.334          126.000
      Category 4    0.101           38.000
    APP_02
      Category 1    0.267          100.000
      Category 2    0.497          186.000
      Category 3    0.235           88.000
    APP_03
      Category 1    0.114           42.000
      Category 2    0.257           95.000
      Category 3    0.273          101.000
      Category 4    0.286          106.000
      Category 5    0.070           26.000
    APP_04
      Category 1    0.239           89.000
      Category 2    0.292          109.000
      Category 3    0.276          103.000
      Category 4    0.193           72.000
    APP_05
      Category 1    0.096           35.000
      Category 2    0.173           63.000
      Category 3    0.348          127.000
      Category 4    0.384          140.000
    EXH_01
      Category 1    0.255           97.000
      Category 2    0.624          237.000
      Category 3    0.121           46.000
    EXH_04
      Category 1    0.066           25.000
      Category 2    0.241           92.000
      Category 3    0.396          151.000
      Category 4    0.297          113.000
    EXH_08
      Category 1    0.105           40.000
      Category 2    0.384          146.000
      Category 3    0.321          122.000
      Category 4    0.189           72.000



UNIVARIATE SAMPLE STATISTICS


     UNIVARIATE HIGHER-ORDER MOMENT DESCRIPTIVE STATISTICS

         Variable/         Mean/     Skewness/   Minimum/ % with                Percentiles
        Sample Size      Variance    Kurtosis    Maximum  Min/Max      20%/60%    40%/80%    Median

     WH_GROUP              0.000      -1.754      -3.449    1.57%      -0.449      0.551      0.551
             381.000       0.888       2.388       0.551   67.98%       0.551      0.551


THE MODEL ESTIMATION TERMINATED NORMALLY



MODEL FIT INFORMATION

Number of Free Parameters                       53

Loglikelihood

          H0 Value                       -4685.999

Information Criteria

          Akaike (AIC)                    9477.998
          Bayesian (BIC)                  9686.966
          Sample-Size Adjusted BIC        9518.807
            (n* = (n + 2) / 24)



MODEL RESULTS

                                                    Two-Tailed
                    Estimate       S.E.  Est./S.E.    P-Value

 DIJ      BY
    DIJ_01             4.474      0.550      8.133      0.000
    DIJ_02             3.721      0.441      8.432      0.000
    DIJ_03             4.206      0.431      9.764      0.000
    DIJ_04             2.749      0.263     10.455      0.000

 APP      BY
    APP_01             1.596      0.204      7.842      0.000
    APP_02             2.396      0.309      7.760      0.000
    APP_03             2.009      0.229      8.786      0.000
    APP_04             1.479      0.182      8.126      0.000
    APP_05             1.833      0.214      8.554      0.000

 EXH      BY
    EXH_01            -1.772      0.218     -8.120      0.000
    EXH_04             4.115      1.049      3.922      0.000
    EXH_08             2.323      0.291      7.975      0.000

 EXH        ON
    APP               -0.078      0.068     -1.147      0.251

 S_EXH      ON
    APP               -0.049      0.060     -0.813      0.416

 EXH        ON
    WH_GROUP           0.081      0.072      1.123      0.261

 S_EXH      ON
    WH_GROUP           0.024      0.069      0.342      0.732

 DIJ      WITH
    APP               -0.083      0.059     -1.404      0.160

 Means
    DIJ                0.000      0.000    999.000    999.000
    APP                0.000      0.000    999.000    999.000

 Intercepts
    EXH                0.000      0.000    999.000    999.000
    S_EXH              0.281      0.072      3.916      0.000

 Thresholds
    DIJ_01$1          -5.169      0.662     -7.813      0.000
    DIJ_01$2          -1.157      0.344     -3.360      0.001
    DIJ_01$3           1.241      0.340      3.647      0.000
    DIJ_02$1          -1.581      0.318     -4.974      0.000
    DIJ_02$2           0.486      0.280      1.738      0.082
    DIJ_03$1          -4.556      0.487     -9.364      0.000
    DIJ_03$2          -0.988      0.327     -3.023      0.003
    DIJ_03$3           1.420      0.321      4.429      0.000
    DIJ_04$1          -3.550      0.345    -10.302      0.000
    DIJ_04$2          -1.147      0.236     -4.854      0.000
    DIJ_04$3           0.511      0.220      2.319      0.020
    APP_01$1          -0.918      0.170     -5.413      0.000
    APP_01$2           0.369      0.160      2.301      0.021
    APP_01$3           2.982      0.296     10.075      0.000
    APP_02$1          -1.769      0.249     -7.114      0.000
    APP_02$2           2.116      0.271      7.821      0.000
    APP_03$1          -3.229      0.299    -10.799      0.000
    APP_03$2          -0.869      0.187     -4.637      0.000
    APP_03$3           0.932      0.195      4.780      0.000
    APP_03$4           3.940      0.400      9.850      0.000
    APP_04$1          -1.593      0.190     -8.377      0.000
    APP_04$2           0.145      0.153      0.945      0.345
    APP_04$3           1.893      0.206      9.182      0.000
    APP_05$1          -3.304      0.312    -10.588      0.000
    APP_05$2          -1.521      0.204     -7.465      0.000
    APP_05$3           0.733      0.178      4.121      0.000
    EXH_01$1          -1.655      0.211     -7.859      0.000
    EXH_01$2           2.973      0.296     10.030      0.000
    EXH_04$1          -7.070      1.670     -4.234      0.000
    EXH_04$2          -2.282      0.629     -3.629      0.000
    EXH_04$3           2.496      0.605      4.127      0.000
    EXH_08$1          -3.776      0.379     -9.974      0.000
    EXH_08$2          -0.091      0.205     -0.444      0.657
    EXH_08$3           2.616      0.290      9.025      0.000

 Variances
    DIJ                1.000      0.000    999.000    999.000
    APP                1.000      0.000    999.000    999.000

 Residual Variances
    EXH                1.000      0.000    999.000    999.000
    S_EXH              0.012      0.081      0.150      0.881


QUALITY OF NUMERICAL RESULTS

     Condition Number for the Information Matrix              0.277E-02
       (ratio of smallest to largest eigenvalue)


BRANT WALD TEST FOR PROPORTIONAL ODDS

                                   Degrees of
                      Chi-Square     Freedom   P-Value

  DIJ_01
    Overall test           1.044         2      0.593
    WH_GROUP               1.044         2      0.593

  DIJ_02
    Overall test           1.284         1      0.257
    WH_GROUP               1.284         1      0.257

  DIJ_03
    Overall test           3.623         2      0.163
    WH_GROUP               3.623         2      0.163

  DIJ_04
    Overall test           0.536         2      0.765
    WH_GROUP               0.536         2      0.765

  APP_01
    Overall test           0.733         2      0.693
    WH_GROUP               0.733         2      0.693

  APP_02
    Overall test           1.502         1      0.220
    WH_GROUP               1.502         1      0.220

  APP_03
    Overall test           0.759         3      0.859
    WH_GROUP               0.759         3      0.859

  APP_04
    Overall test           1.600         2      0.449
    WH_GROUP               1.600         2      0.449

  APP_05
    Overall test           2.897         2      0.235
    WH_GROUP               2.897         2      0.235

  EXH_01
    Overall test           0.236         1      0.627
    WH_GROUP               0.236         1      0.627

  EXH_04
    Overall test           2.468         2      0.291
    WH_GROUP               2.468         2      0.291

  EXH_08
    Overall test           1.905         2      0.386
    WH_GROUP               1.905         2      0.386


STANDARDIZED MODEL RESULTS


STDYX Standardization

                                                    Two-Tailed
                    Estimate       S.E.  Est./S.E.    P-Value

 DIJ      BY
    DIJ_01             0.927      0.016     57.621      0.000
    DIJ_02             0.899      0.020     43.921      0.000
    DIJ_03             0.918      0.015     62.257      0.000
    DIJ_04             0.835      0.024     34.480      0.000

 APP      BY
    APP_01             0.661      0.047     13.912      0.000
    APP_02             0.797      0.037     21.297      0.000
    APP_03             0.742      0.038     19.564      0.000
    APP_04             0.632      0.047     13.531      0.000
    APP_05             0.711      0.041     17.291      0.000

 EXH      BY
    EXH_01            -0.717      0.042    -17.148      0.000
    EXH_04             0.922      0.035     26.553      0.000
    EXH_08             0.803      0.034     23.943      0.000

 EXH        ON
    APP               -0.074      0.064     -1.159      0.247

 S_EXH      ON
    APP               -0.398      1.124     -0.354      0.723

 EXH        ON
    WH_GROUP           0.072      0.064      1.126      0.260

 S_EXH      ON
    WH_GROUP           0.183      0.670      0.273      0.785

 DIJ      WITH
    APP               -0.083      0.059     -1.404      0.160

 Means
    DIJ                0.000      0.000    999.000    999.000
    APP                0.000      0.000    999.000    999.000

 Intercepts
    EXH                0.000      0.000    999.000    999.000
    S_EXH              2.299      6.313      0.364      0.716

 Thresholds
    DIJ_01$1          -1.071      0.091    -11.821      0.000
    DIJ_01$2          -0.240      0.070     -3.442      0.001
    DIJ_01$3           0.257      0.070      3.689      0.000
    DIJ_02$1          -0.382      0.070     -5.433      0.000
    DIJ_02$2           0.117      0.068      1.726      0.084
    DIJ_03$1          -0.995      0.090    -11.025      0.000
    DIJ_03$2          -0.216      0.070     -3.068      0.002
    DIJ_03$3           0.310      0.071      4.348      0.000
    DIJ_04$1          -1.078      0.090    -11.914      0.000
    DIJ_04$2          -0.348      0.070     -4.982      0.000
    DIJ_04$3           0.155      0.068      2.279      0.023
    APP_01$1          -0.380      0.068     -5.570      0.000
    APP_01$2           0.153      0.065      2.335      0.020
    APP_01$3           1.234      0.100     12.401      0.000
    APP_02$1          -0.589      0.072     -8.124      0.000
    APP_02$2           0.704      0.077      9.146      0.000
    APP_03$1          -1.193      0.094    -12.745      0.000
    APP_03$2          -0.321      0.068     -4.743      0.000
    APP_03$3           0.344      0.069      4.991      0.000
    APP_03$4           1.456      0.117     12.441      0.000
    APP_04$1          -0.681      0.078     -8.773      0.000
    APP_04$2           0.062      0.065      0.948      0.343
    APP_04$3           0.809      0.079     10.218      0.000
    APP_05$1          -1.281      0.105    -12.190      0.000
    APP_05$2          -0.590      0.071     -8.279      0.000
    APP_05$3           0.284      0.069      4.105      0.000
    EXH_01$1          -0.636      0.073     -8.709      0.000
    EXH_01$2           1.143      0.094     12.156      0.000
    EXH_04$1          -1.505      0.114    -13.247      0.000
    EXH_04$2          -0.486      0.073     -6.662      0.000
    EXH_04$3           0.531      0.070      7.540      0.000
    EXH_08$1          -1.240      0.095    -12.994      0.000
    EXH_08$2          -0.030      0.067     -0.444      0.657
    EXH_08$3           0.859      0.078     11.009      0.000

 Variances
    DIJ                1.000      0.000    999.000    999.000
    APP                1.000      0.000    999.000    999.000

 Residual Variances
    EXH                0.901      0.076     11.818      0.000
    S_EXH              0.808      1.046      0.772      0.440


TECHNICAL 1 OUTPUT


     PARAMETER SPECIFICATION


           TAU
              DIJ_01$1      DIJ_01$2      DIJ_01$3      DIJ_02$1      DIJ_02$2
              ________      ________      ________      ________      ________
                   20            21            22            23            24


           TAU
              DIJ_03$1      DIJ_03$2      DIJ_03$3      DIJ_04$1      DIJ_04$2
              ________      ________      ________      ________      ________
                   25            26            27            28            29


           TAU
              DIJ_04$3      APP_01$1      APP_01$2      APP_01$3      APP_02$1
              ________      ________      ________      ________      ________
                   30            31            32            33            34


           TAU
              APP_02$2      APP_03$1      APP_03$2      APP_03$3      APP_03$4
              ________      ________      ________      ________      ________
                   35            36            37            38            39


           TAU
              APP_04$1      APP_04$2      APP_04$3      APP_05$1      APP_05$2
              ________      ________      ________      ________      ________
                   40            41            42            43            44


           TAU
              APP_05$3      EXH_01$1      EXH_01$2      EXH_04$1      EXH_04$2
              ________      ________      ________      ________      ________
                   45            46            47            48            49


           TAU
              EXH_04$3      EXH_08$1      EXH_08$2      EXH_08$3
              ________      ________      ________      ________
                   50            51            52            53


           NU
              DIJ_01        DIJ_02        DIJ_03        DIJ_04        APP_01
              ________      ________      ________      ________      ________
                    0             0             0             0             0


           NU
              APP_02        APP_03        APP_04        APP_05        EXH_01
              ________      ________      ________      ________      ________
                    0             0             0             0             0


           NU
              EXH_04        EXH_08        WH_GROUP
              ________      ________      ________
                    0             0             0


           LAMBDA
              DIJ           APP           EXH           S_EXH         WH_GROUP
              ________      ________      ________      ________      ________
 DIJ_01             1             0             0             0             0
 DIJ_02             2             0             0             0             0
 DIJ_03             3             0             0             0             0
 DIJ_04             4             0             0             0             0
 APP_01             0             5             0             0             0
 APP_02             0             6             0             0             0
 APP_03             0             7             0             0             0
 APP_04             0             8             0             0             0
 APP_05             0             9             0             0             0
 EXH_01             0             0            10             0             0
 EXH_04             0             0            11             0             0
 EXH_08             0             0            12             0             0
 WH_GROUP           0             0             0             0             0


           THETA
              DIJ_01        DIJ_02        DIJ_03        DIJ_04        APP_01
              ________      ________      ________      ________      ________
 DIJ_01             0
 DIJ_02             0             0
 DIJ_03             0             0             0
 DIJ_04             0             0             0             0
 APP_01             0             0             0             0             0
 APP_02             0             0             0             0             0
 APP_03             0             0             0             0             0
 APP_04             0             0             0             0             0
 APP_05             0             0             0             0             0
 EXH_01             0             0             0             0             0
 EXH_04             0             0             0             0             0
 EXH_08             0             0             0             0             0
 WH_GROUP           0             0             0             0             0


           THETA
              APP_02        APP_03        APP_04        APP_05        EXH_01
              ________      ________      ________      ________      ________
 APP_02             0
 APP_03             0             0
 APP_04             0             0             0
 APP_05             0             0             0             0
 EXH_01             0             0             0             0             0
 EXH_04             0             0             0             0             0
 EXH_08             0             0             0             0             0
 WH_GROUP           0             0             0             0             0


           THETA
              EXH_04        EXH_08        WH_GROUP
              ________      ________      ________
 EXH_04             0
 EXH_08             0             0
 WH_GROUP           0             0             0


           ALPHA
              DIJ           APP           EXH           S_EXH         WH_GROUP
              ________      ________      ________      ________      ________
                    0             0             0            13             0


           BETA
              DIJ           APP           EXH           S_EXH         WH_GROUP
              ________      ________      ________      ________      ________
 DIJ                0             0             0             0             0
 APP                0             0             0             0             0
 EXH                0            14             0             0            15
 S_EXH              0            16             0             0            17
 WH_GROUP           0             0             0             0             0


           PSI
              DIJ           APP           EXH           S_EXH         WH_GROUP
              ________      ________      ________      ________      ________
 DIJ                0
 APP               18             0
 EXH                0             0             0
 S_EXH              0             0             0            19
 WH_GROUP           0             0             0             0             0


     STARTING VALUES


           TAU
              DIJ_01$1      DIJ_01$2      DIJ_01$3      DIJ_02$1      DIJ_02$2
              ________      ________      ________      ________      ________
               -1.841        -0.417         0.428        -0.657         0.179


           TAU
              DIJ_03$1      DIJ_03$2      DIJ_03$3      DIJ_04$1      DIJ_04$2
              ________      ________      ________      ________      ________
               -1.660        -0.351         0.512        -1.880        -0.637


           TAU
              DIJ_04$3      APP_01$1      APP_01$2      APP_01$3      APP_02$1
              ________      ________      ________      ________      ________
                0.239        -0.654         0.261         2.188        -1.008


           TAU
              APP_02$2      APP_03$1      APP_03$2      APP_03$3      APP_03$4
              ________      ________      ________      ________      ________
                1.179        -2.055        -0.531         0.589         2.583


           TAU
              APP_04$1      APP_04$2      APP_04$3      APP_05$1      APP_05$2
              ________      ________      ________      ________      ________
               -1.160         0.123         1.430        -2.244        -1.002


           TAU
              APP_05$3      EXH_01$1      EXH_01$2      EXH_04$1      EXH_04$2
              ________      ________      ________      ________      ________
                0.474        -1.071         1.982        -2.656        -0.814


           TAU
              EXH_04$3      EXH_08$1      EXH_08$2      EXH_08$3
              ________      ________      ________      ________
                0.864        -2.140        -0.042         1.453


           NU
              DIJ_01        DIJ_02        DIJ_03        DIJ_04        APP_01
              ________      ________      ________      ________      ________
                0.000         0.000         0.000         0.000         0.000


           NU
              APP_02        APP_03        APP_04        APP_05        EXH_01
              ________      ________      ________      ________      ________
                0.000         0.000         0.000         0.000         0.000


           NU
              EXH_04        EXH_08        WH_GROUP
              ________      ________      ________
                0.000         0.000         0.000


           LAMBDA
              DIJ           APP           EXH           S_EXH         WH_GROUP
              ________      ________      ________      ________      ________
 DIJ_01         1.000         0.000         0.000         0.000         0.000
 DIJ_02         1.000         0.000         0.000         0.000         0.000
 DIJ_03         1.000         0.000         0.000         0.000         0.000
 DIJ_04         1.000         0.000         0.000         0.000         0.000
 APP_01         0.000         1.000         0.000         0.000         0.000
 APP_02         0.000         1.000         0.000         0.000         0.000
 APP_03         0.000         1.000         0.000         0.000         0.000
 APP_04         0.000         1.000         0.000         0.000         0.000
 APP_05         0.000         1.000         0.000         0.000         0.000
 EXH_01         0.000         0.000        -1.000         0.000         0.000
 EXH_04         0.000         0.000         1.000         0.000         0.000
 EXH_08         0.000         0.000         1.000         0.000         0.000
 WH_GROUP       0.000         0.000         0.000         0.000         1.000


           THETA
              DIJ_01        DIJ_02        DIJ_03        DIJ_04        APP_01
              ________      ________      ________      ________      ________
 DIJ_01         1.000
 DIJ_02         0.000         1.000
 DIJ_03         0.000         0.000         1.000
 DIJ_04         0.000         0.000         0.000         1.000
 APP_01         0.000         0.000         0.000         0.000         1.000
 APP_02         0.000         0.000         0.000         0.000         0.000
 APP_03         0.000         0.000         0.000         0.000         0.000
 APP_04         0.000         0.000         0.000         0.000         0.000
 APP_05         0.000         0.000         0.000         0.000         0.000
 EXH_01         0.000         0.000         0.000         0.000         0.000
 EXH_04         0.000         0.000         0.000         0.000         0.000
 EXH_08         0.000         0.000         0.000         0.000         0.000
 WH_GROUP       0.000         0.000         0.000         0.000         0.000


           THETA
              APP_02        APP_03        APP_04        APP_05        EXH_01
              ________      ________      ________      ________      ________
 APP_02         1.000
 APP_03         0.000         1.000
 APP_04         0.000         0.000         1.000
 APP_05         0.000         0.000         0.000         1.000
 EXH_01         0.000         0.000         0.000         0.000         1.000
 EXH_04         0.000         0.000         0.000         0.000         0.000
 EXH_08         0.000         0.000         0.000         0.000         0.000
 WH_GROUP       0.000         0.000         0.000         0.000         0.000


           THETA
              EXH_04        EXH_08        WH_GROUP
              ________      ________      ________
 EXH_04         1.000
 EXH_08         0.000         1.000
 WH_GROUP       0.000         0.000         0.000


           ALPHA
              DIJ           APP           EXH           S_EXH         WH_GROUP
              ________      ________      ________      ________      ________
                0.000         0.000         0.000         0.000         0.000


           BETA
              DIJ           APP           EXH           S_EXH         WH_GROUP
              ________      ________      ________      ________      ________
 DIJ            0.000         0.000         0.000         0.000         0.000
 APP            0.000         0.000         0.000         0.000         0.000
 EXH            0.000         0.000         0.000         0.000         0.000
 S_EXH          0.000         0.000         0.000         0.000         0.000
 WH_GROUP       0.000         0.000         0.000         0.000         0.000


           PSI
              DIJ           APP           EXH           S_EXH         WH_GROUP
              ________      ________      ________      ________      ________
 DIJ            1.000
 APP            0.000         1.000
 EXH            0.000         0.000         1.000
 S_EXH          0.000         0.000         0.000         1.000
 WH_GROUP       0.000         0.000         0.000         0.000         0.444


TECHNICAL 4 OUTPUT


     ESTIMATES DERIVED FROM THE MODEL


           ESTIMATED MEANS FOR THE LATENT VARIABLES
              DIJ           APP           EXH           S_EXH         WH_GROUP
              ________      ________      ________      ________      ________
                0.000         0.000         0.004         0.281         0.000


           S.E. FOR ESTIMATED MEANS FOR THE LATENT VARIABLES
              DIJ           APP           EXH           S_EXH         WH_GROUP
              ________      ________      ________      ________      ________
                0.000         0.000         0.007         0.072         0.048


           EST./S.E. FOR ESTIMATED MEANS FOR THE LATENT VARIABLES
              DIJ           APP           EXH           S_EXH         WH_GROUP
              ________      ________      ________      ________      ________
                0.000         0.000         0.579         3.916         0.000


           TWO-TAILED P-VALUE FOR ESTIMATED MEANS FOR THE LATENT VARIABLES
              DIJ           APP           EXH           S_EXH         WH_GROUP
              ________      ________      ________      ________      ________
                1.000         1.000         0.563         0.000         1.000


           ESTIMATED COVARIANCE MATRIX FOR THE LATENT VARIABLES
              DIJ           APP           EXH           S_EXH         WH_GROUP
              ________      ________      ________      ________      ________
 DIJ            1.000
 APP           -0.083         1.000
 EXH            0.288        -0.101         1.109
 S_EXH          0.004        -0.049         0.007         0.015
 WH_GROUP       0.000         0.000         0.072         0.021         0.888


           S.E. FOR ESTIMATED COVARIANCE MATRIX FOR THE LATENT VARIABLES
              DIJ           APP           EXH           S_EXH         WH_GROUP
              ________      ________      ________      ________      ________
 DIJ            0.000
 APP            0.059         0.000
 EXH            0.072         0.067         0.094
 S_EXH          0.006         0.060         0.009         0.082
 WH_GROUP       0.000         0.000         0.064         0.062         0.064


           EST./S.E. FOR ESTIMATED COVARIANCE MATRIX FOR THE LATENT VARIABLES
              DIJ           APP           EXH           S_EXH         WH_GROUP
              ________      ________      ________      ________      ________
 DIJ       100000.000
 APP           -1.404    100000.000
 EXH            3.978        -1.516        11.818
 S_EXH          0.698        -0.813         0.760         0.183
 WH_GROUP       0.000         0.000         1.119         0.342        13.802


           TWO-TAILED P-VALUE FOR ESTIMATED COVARIANCE MATRIX FOR THE LATENT VARIABLES
              DIJ           APP           EXH           S_EXH         WH_GROUP
              ________      ________      ________      ________      ________
 DIJ            0.000
 APP            0.160         0.000
 EXH            0.000         0.130         0.000
 S_EXH          0.485         0.416         0.447         0.855
 WH_GROUP       1.000         1.000         0.263         0.732         0.000


           ESTIMATED CORRELATION MATRIX FOR THE LATENT VARIABLES
              DIJ           APP           EXH           S_EXH         WH_GROUP
              ________      ________      ________      ________      ________
 DIJ            1.000
 APP           -0.083         1.000
 EXH            0.273        -0.096         1.000
 S_EXH          0.033        -0.398         0.051         1.000
 WH_GROUP       0.000         0.000         0.072         0.183         1.000


           S.E. FOR ESTIMATED CORRELATION MATRIX FOR THE LATENT VARIABLES
              DIJ           APP           EXH           S_EXH         WH_GROUP
              ________      ________      ________      ________      ________
 DIJ            0.000
 APP            0.059         0.000
 EXH            0.065         0.062         0.000
 S_EXH          0.100         1.124         0.142         0.000
 WH_GROUP       0.000         0.000         0.064         0.670         0.000


           EST./S.E. FOR ESTIMATED CORRELATION MATRIX FOR THE LATENT VARIABLES
              DIJ           APP           EXH           S_EXH         WH_GROUP
              ________      ________      ________      ________      ________
 DIJ          999.000
 APP           -1.404       999.000
 EXH            4.230        -1.537       999.000
 S_EXH          0.332        -0.354         0.362       999.000
 WH_GROUP       0.000         0.000         1.126         0.273       999.000


           TWO-TAILED P-VALUE FOR ESTIMATED CORRELATION MATRIX FOR THE LATENT VARIABLES
              DIJ           APP           EXH           S_EXH         WH_GROUP
              ________      ________      ________      ________      ________
 DIJ            0.000
 APP            0.160         0.000
 EXH            0.000         0.124         0.000
 S_EXH          0.740         0.723         0.718         0.000
 WH_GROUP       1.000         1.000         0.260         0.785         0.000


     Beginning Time:  13:38:48
        Ending Time:  13:41:58
       Elapsed Time:  00:03:10



MUTHEN & MUTHEN
3463 Stoner Ave.
Los Angeles, CA  90066

Tel: (310) 391-9971
Fax: (310) 391-8971
Web: www.StatModel.com
Support: Support@StatModel.com

Copyright (c) 1998-2023 Muthen & Muthen
