Mplus VERSION 8.9 (Linux)
MUTHEN & MUTHEN
06/19/2023   9:47 AM

INPUT INSTRUCTIONS

  DATA: FILE = "../../data/transforms/mplus.dat";

  VARIABLE:

      NAMES =
      group group_detail wh_group
  dij_01 dij_02 dij_03 dij_04
  apc_01 apc_02 apc_03 apc_04 apc_05
  app_01 app_02 app_03 app_04 app_05
  res_01 res_02 res_03
  exh_01 exh_04 exh_08
  jsa_01 jsa_02 jsa_03 jsa_04
  in_ex inc_ins
  ;

      MISSING = .;

      USEVARIABLES =
          dij_01-dij_04
          !apc_01-apc_05
          !app_01-app_05
          !res_01-res_03
          !exh_01 exh_04 exh_08
          !jsa_01 jsa_02 jsa_03 jsa_04
          wh_group
          inc_ins
          ;


      categorical =
          dij_01-dij_04;

      grouping = group (1 = perm, 2 = temp)

      DEFINE:
          CENTER wh_group inc_ins (GRANDMEAN);

  ANALYSIS:
      estimator = WLSMV;
      PARAMETERIZATION = THETA;
      STARTS=20;

  MODEL:

      !! PERM

          ! Factor loadings fixed
          DIJ by
              dij_01* (f_dij_01)
              dij_02* (f_dij_02)
              dij_03* (f_dij_03)
              dij_04* (f_dij_04)
              ;


          ! Item thresholds are fix

          !DIJ
          [dij_01$1*] (t1dij_01);
          [dij_01$2*] (t2dij_01);
          [dij_01$3*] (t3dij_01);

          [dij_02$1*] (t1dij_02);
          [dij_02$2*] (t2dij_02);

          [dij_03$1*] (t1dij_03);
          [dij_03$2*] (t2dij_03);
          [dij_03$3*] (t3dij_03);

          [dij_04$1*] (t1dij_04);
          [dij_04$2*] (t2dij_04);
          [dij_04$3*] (t3dij_04);

          ! Item residual variances all fixed=1
          dij_01-dij_04@1;


          ! Factors mean=0 and variance=1 for identification

          [DIJ@0];

          !DIJ (dij_var);
          DIJ@0.662; !estimated with model constraint, so that total var 1

          ! Hypothesis
          DIJ on
              wh_group (wh_group)
              inc_ins* (hypo)
              ;

  MODEL temp:

          ! Factor loadings fixed
          DIJ by
              dij_01* (f_dij_01)
              dij_02* (f_dij_02)
              dij_03* (f_dij_03)
              dij_04* (f_dij_04)
              ;


          ! Item thresholds are fix

          !DIJ
          [dij_01$1*] (t1dij_01);
          [dij_01$2*] (t2dij_01);
          [dij_01$3*] (t3dij_01);

          [dij_02$1*] (t1dij_02);
          [dij_02$2*] (t2dij_02);

          [dij_03$1*] (t1dij_03);
          [dij_03$2*] (t2dij_03);
          [dij_03$3*] (t3dij_03);

          [dij_04$1*] (t1dij_04);
          [dij_04$2*] (t2dij_04);
          [dij_04$3*] (t3dij_04);

          ! Item residual variances all fixed=1
          dij_01-dij_04@1;


          ! Factors mean and variance free

          [DIJ*];

          DIJ*;

          ! Hypothesis
          DIJ on
              wh_group (wh_group)
              inc_ins*
              ;

  OUTPUT:
  	tech1
  	tech4
  	stdyx
  	;

  !MODEL CONSTRAINT:
  !    0 = 1-(dij_var + wh_group*wh_group + hypo * hypo);

  SAVEDATA: DIFFTEST=00_h2_b_free.diff;



*** WARNING
  Data set contains cases with missing on x-variables.
  These cases were not included in the analysis.
  Number of cases with missing on x-variables:  1
*** WARNING
  Data set contains cases with missing on all variables except
  x-variables.  These cases were not included in the analysis.
  Number of cases with missing on all variables except x-variables:  5
   2 WARNING(S) FOUND IN THE INPUT INSTRUCTIONS




SUMMARY OF ANALYSIS

Number of groups                                                 2
Number of observations
   Group PERM                                                  258
   Group TEMP                                                  118
   Total sample size                                           376

Number of dependent variables                                    4
Number of independent variables                                  2
Number of continuous latent variables                            1

Observed dependent variables

  Binary and ordered categorical (ordinal)
   DIJ_01      DIJ_02      DIJ_03      DIJ_04

Observed independent variables
   WH_GROUP    INC_INS

Continuous latent variables
   DIJ

Variables with special functions

  Grouping variable     GROUP

  Centering (GRANDMEAN)
   WH_GROUP    INC_INS


Estimator                                                    WLSMV
Maximum number of iterations                                  1000
Convergence criterion                                    0.500D-04
Maximum number of steepest descent iterations                   20
Maximum number of iterations for H1                           2000
Convergence criterion for H1                             0.100D-03
Random Starts Specifications
  Number of random starts                                       20
  Random starts scale                                    0.500D+01
Parameterization                                             THETA
Link                                                        PROBIT

Input data file(s)
  ../../data/transforms/mplus.dat

Input data format  FREE


SUMMARY OF DATA

   Group PERM
     Number of missing data patterns            10

   Group TEMP
     Number of missing data patterns             6


COVARIANCE COVERAGE OF DATA

Minimum covariance coverage value   0.100


     PROPORTION OF DATA PRESENT FOR PERM


           Covariance Coverage
              DIJ_01        DIJ_02        DIJ_03        DIJ_04
              ________      ________      ________      ________
 DIJ_01         0.973
 DIJ_02         0.957         0.977
 DIJ_03         0.950         0.950         0.965
 DIJ_04         0.965         0.965         0.953         0.984


     PROPORTION OF DATA PRESENT FOR TEMP


           Covariance Coverage
              DIJ_01        DIJ_02        DIJ_03        DIJ_04
              ________      ________      ________      ________
 DIJ_01         0.966
 DIJ_02         0.966         0.992
 DIJ_03         0.949         0.966         0.966
 DIJ_04         0.949         0.975         0.949         0.983


UNIVARIATE PROPORTIONS AND COUNTS FOR CATEGORICAL VARIABLES

  Group PERM
    DIJ_01
      Category 1    0.048           12.000
      Category 2    0.175           44.000
      Category 3    0.255           64.000
      Category 4    0.522          131.000
    DIJ_02
      Category 1    0.194           49.000
      Category 2    0.210           53.000
      Category 3    0.595          150.000
    DIJ_03
      Category 1    0.064           16.000
      Category 2    0.181           45.000
      Category 3    0.249           62.000
      Category 4    0.506          126.000
    DIJ_04
      Category 1    0.059           15.000
      Category 2    0.138           35.000
      Category 3    0.244           62.000
      Category 4    0.559          142.000

  Group TEMP
    DIJ_01
      Category 1    0.333           38.000
      Category 2    0.447           51.000
      Category 3    0.105           12.000
      Category 4    0.114           13.000
    DIJ_02
      Category 1    0.658           77.000
      Category 2    0.188           22.000
      Category 3    0.154           18.000
    DIJ_03
      Category 1    0.368           42.000
      Category 2    0.412           47.000
      Category 3    0.132           15.000
      Category 4    0.088           10.000
    DIJ_04
      Category 1    0.293           34.000
      Category 2    0.379           44.000
      Category 3    0.147           17.000
      Category 4    0.181           21.000



UNIVARIATE SAMPLE STATISTICS


     UNIVARIATE HIGHER-ORDER MOMENT DESCRIPTIVE STATISTICS FOR PERM

         Variable/         Mean/     Skewness/   Minimum/ % with                Percentiles
        Sample Size      Variance    Kurtosis    Maximum  Min/Max      20%/60%    40%/80%    Median

     WH_GROUP              0.000      -1.545      -2.535    2.33%      -0.535      0.465      0.465
             258.000       0.613       1.337       0.465   69.38%       0.465      0.465
     INC_INS               0.000       0.429      -1.717    4.26%      -0.717      0.283      0.283
             258.000       0.660       0.581       2.283    3.10%       0.283      0.283


     UNIVARIATE HIGHER-ORDER MOMENT DESCRIPTIVE STATISTICS FOR TEMP

         Variable/         Mean/     Skewness/   Minimum/ % with                Percentiles
        Sample Size      Variance    Kurtosis    Maximum  Min/Max      20%/60%    40%/80%    Median

     WH_GROUP              0.000      -1.494      -3.254    5.08%      -1.254      0.746      0.746
             118.000       1.444       0.962       0.746   64.41%       0.746      0.746
     INC_INS               0.000       0.484      -1.483   16.10%      -0.483     -0.483     -0.483
             118.000       1.029      -0.111       2.517    4.24%       0.517      0.517


RANDOM STARTS RESULTS RANKED FROM THE BEST TO THE WORST FIT FUNCTION VALUES

Fit function values at local maxima and random start numbers:

      0.38552130D-01         6
      0.38552132D-01         11
      0.38552132D-01         19
      0.38552132D-01         3
      0.38552133D-01         unperturbed
      0.38552133D-01         13
      0.38552133D-01         18
      0.38552135D-01         4
      0.38552136D-01         17
      0.38552139D-01         1
      0.38552140D-01         20
      0.38552140D-01         14
      0.38552143D-01         12
      0.38552144D-01         16
      0.38552147D-01         10
      0.38552152D-01         9
      0.38552154D-01         7
      0.38552156D-01         8
      0.38552156D-01         15
      0.38552159D-01         2
      0.38552167D-01         5

THE MODEL ESTIMATION TERMINATED NORMALLY



MODEL FIT INFORMATION

Number of Free Parameters                       20

Chi-Square Test of Model Fit

          Value                             42.629*
          Degrees of Freedom                    30
          P-Value                           0.0632

Chi-Square Contribution From Each Group

          PERM                              19.051
          TEMP                              23.579

*   The chi-square value for MLM, MLMV, MLR, ULSMV, WLSM and WLSMV cannot be used
    for chi-square difference testing in the regular way.  MLM, MLR and WLSM
    chi-square difference testing is described on the Mplus website.  MLMV, WLSMV,
    and ULSMV difference testing is done using the DIFFTEST option.

RMSEA (Root Mean Square Error Of Approximation)

          Estimate                           0.047
          90 Percent C.I.                    0.000  0.078
          Probability RMSEA <= .05           0.524

CFI/TLI

          CFI                                0.994
          TLI                                0.994

Chi-Square Test of Model Fit for the Baseline Model

          Value                           1995.004
          Degrees of Freedom                    28
          P-Value                           0.0000

SRMR (Standardized Root Mean Square Residual)

          Value                              0.036

Optimum Function Value for Weighted Least-Squares Estimator

          Value                     0.38552130D-01



MODEL RESULTS

                                                    Two-Tailed
                    Estimate       S.E.  Est./S.E.    P-Value

Group PERM

 DIJ      BY
    DIJ_01             2.261      0.268      8.442      0.000
    DIJ_02             1.916      0.195      9.844      0.000
    DIJ_03             2.178      0.251      8.683      0.000
    DIJ_04             1.422      0.126     11.275      0.000

 DIJ      ON
    WH_GROUP           0.069      0.051      1.353      0.176
    INC_INS            0.505      0.068      7.444      0.000

 Intercepts
    DIJ                0.000      0.000    999.000    999.000

 Thresholds
    DIJ_01$1          -3.801      0.353    -10.782      0.000
    DIJ_01$2          -1.590      0.212     -7.520      0.000
    DIJ_01$3          -0.189      0.171     -1.104      0.269
    DIJ_02$1          -1.750      0.195     -8.979      0.000
    DIJ_02$2          -0.537      0.162     -3.304      0.001
    DIJ_03$1          -3.435      0.308    -11.157      0.000
    DIJ_03$2          -1.479      0.209     -7.062      0.000
    DIJ_03$3          -0.074      0.166     -0.445      0.656
    DIJ_04$1          -2.589      0.171    -15.103      0.000
    DIJ_04$2          -1.300      0.130     -9.998      0.000
    DIJ_04$3          -0.310      0.126     -2.461      0.014

 Residual Variances
    DIJ_01             1.000      0.000    999.000    999.000
    DIJ_02             1.000      0.000    999.000    999.000
    DIJ_03             1.000      0.000    999.000    999.000
    DIJ_04             1.000      0.000    999.000    999.000
    DIJ                0.662      0.000    999.000    999.000

Group TEMP

 DIJ      BY
    DIJ_01             2.261      0.268      8.442      0.000
    DIJ_02             1.916      0.195      9.844      0.000
    DIJ_03             2.178      0.251      8.683      0.000
    DIJ_04             1.422      0.126     11.275      0.000

 DIJ      ON
    WH_GROUP           0.069      0.051      1.353      0.176
    INC_INS            0.285      0.082      3.489      0.000

 Intercepts
    DIJ               -1.289      0.118    -10.918      0.000

 Thresholds
    DIJ_01$1          -3.801      0.353    -10.782      0.000
    DIJ_01$2          -1.590      0.212     -7.520      0.000
    DIJ_01$3          -0.189      0.171     -1.104      0.269
    DIJ_02$1          -1.750      0.195     -8.979      0.000
    DIJ_02$2          -0.537      0.162     -3.304      0.001
    DIJ_03$1          -3.435      0.308    -11.157      0.000
    DIJ_03$2          -1.479      0.209     -7.062      0.000
    DIJ_03$3          -0.074      0.166     -0.445      0.656
    DIJ_04$1          -2.589      0.171    -15.103      0.000
    DIJ_04$2          -1.300      0.130     -9.998      0.000
    DIJ_04$3          -0.310      0.126     -2.461      0.014

 Residual Variances
    DIJ_01             1.000      0.000    999.000    999.000
    DIJ_02             1.000      0.000    999.000    999.000
    DIJ_03             1.000      0.000    999.000    999.000
    DIJ_04             1.000      0.000    999.000    999.000
    DIJ                0.515      0.122      4.233      0.000


QUALITY OF NUMERICAL RESULTS

     Condition Number for the Information Matrix              0.644E-02
       (ratio of smallest to largest eigenvalue)


STANDARDIZED MODEL RESULTS


STDYX Standardization

                                                    Two-Tailed
                    Estimate       S.E.  Est./S.E.    P-Value

Group PERM

 DIJ      BY
    DIJ_01             0.899      0.020     44.569      0.000
    DIJ_02             0.867      0.022     39.246      0.000
    DIJ_03             0.893      0.021     43.247      0.000
    DIJ_04             0.791      0.026     29.890      0.000

 DIJ      ON
    WH_GROUP           0.060      0.044      1.359      0.174
    INC_INS            0.452      0.051      8.844      0.000

 Intercepts
    DIJ                0.000      0.000    999.000    999.000

 Thresholds
    DIJ_01$1          -1.661      0.113    -14.721      0.000
    DIJ_01$2          -0.695      0.077     -9.006      0.000
    DIJ_01$3          -0.083      0.073     -1.133      0.257
    DIJ_02$1          -0.871      0.078    -11.107      0.000
    DIJ_02$2          -0.267      0.073     -3.643      0.000
    DIJ_03$1          -1.547      0.105    -14.747      0.000
    DIJ_03$2          -0.666      0.077     -8.621      0.000
    DIJ_03$3          -0.033      0.074     -0.450      0.653
    DIJ_04$1          -1.583      0.102    -15.555      0.000
    DIJ_04$2          -0.795      0.076    -10.469      0.000
    DIJ_04$3          -0.190      0.074     -2.553      0.011

 Residual Variances
    DIJ_01             0.191      0.036      5.263      0.000
    DIJ_02             0.248      0.038      6.456      0.000
    DIJ_03             0.203      0.037      5.505      0.000
    DIJ_04             0.374      0.042      8.931      0.000
    DIJ                0.799      0.045     17.636      0.000

Group TEMP

 DIJ      BY
    DIJ_01             0.869      0.029     30.338      0.000
    DIJ_02             0.829      0.035     23.765      0.000
    DIJ_03             0.860      0.027     31.539      0.000
    DIJ_04             0.741      0.040     18.556      0.000

 DIJ      ON
    WH_GROUP           0.108      0.079      1.359      0.174
    INC_INS            0.375      0.088      4.240      0.000

 Intercepts
    DIJ               -1.663      0.190     -8.742      0.000

 Thresholds
    DIJ_01$1          -1.883      0.166    -11.368      0.000
    DIJ_01$2          -0.788      0.107     -7.390      0.000
    DIJ_01$3          -0.094      0.085     -1.105      0.269
    DIJ_02$1          -0.978      0.112     -8.718      0.000
    DIJ_02$2          -0.300      0.088     -3.389      0.001
    DIJ_03$1          -1.751      0.158    -11.081      0.000
    DIJ_03$2          -0.754      0.106     -7.106      0.000
    DIJ_03$3          -0.038      0.084     -0.447      0.655
    DIJ_04$1          -1.740      0.126    -13.821      0.000
    DIJ_04$2          -0.873      0.093     -9.421      0.000
    DIJ_04$3          -0.209      0.084     -2.471      0.013

 Residual Variances
    DIJ_01             0.246      0.050      4.936      0.000
    DIJ_02             0.312      0.058      5.387      0.000
    DIJ_03             0.260      0.047      5.532      0.000
    DIJ_04             0.452      0.059      7.640      0.000
    DIJ                0.857      0.066     13.075      0.000


R-SQUARE

Group PERM

    Observed                                        Two-Tailed     Scale
    Variable        Estimate       S.E.  Est./S.E.    P-Value     Factors

    DIJ_01             0.809      0.036     22.284      0.000      0.478
    DIJ_02             0.752      0.038     19.623      0.000      0.540
    DIJ_03             0.797      0.037     21.624      0.000      0.491
    DIJ_04             0.626      0.042     14.945      0.000      0.654

     Latent                                         Two-Tailed
    Variable        Estimate       S.E.  Est./S.E.    P-Value

    DIJ                0.201      0.045      4.424      0.000

Group TEMP

    Observed                                        Two-Tailed     Scale
    Variable        Estimate       S.E.  Est./S.E.    P-Value     Factors

    DIJ_01             0.754      0.050     15.169      0.000      0.525
    DIJ_02             0.688      0.058     11.883      0.000      0.588
    DIJ_03             0.740      0.047     15.770      0.000      0.539
    DIJ_04             0.548      0.059      9.278      0.000      0.700

     Latent                                         Two-Tailed
    Variable        Estimate       S.E.  Est./S.E.    P-Value

    DIJ                0.143      0.066      2.177      0.030


TECHNICAL 1 OUTPUT


     PARAMETER SPECIFICATION FOR PERM


           TAU
              DIJ_01$1      DIJ_01$2      DIJ_01$3      DIJ_02$1      DIJ_02$2
              ________      ________      ________      ________      ________
                  1             2             3             4             5


           TAU
              DIJ_03$1      DIJ_03$2      DIJ_03$3      DIJ_04$1      DIJ_04$2
              ________      ________      ________      ________      ________
                  6             7             8             9            10


           TAU
              DIJ_04$3
              ________
                 11


           NU
              DIJ_01        DIJ_02        DIJ_03        DIJ_04
              ________      ________      ________      ________
                  0             0             0             0


           LAMBDA
              DIJ
              ________
 DIJ_01            12
 DIJ_02            13
 DIJ_03            14
 DIJ_04            15


           THETA
              DIJ_01        DIJ_02        DIJ_03        DIJ_04
              ________      ________      ________      ________
 DIJ_01             0
 DIJ_02             0             0
 DIJ_03             0             0             0
 DIJ_04             0             0             0             0


           ALPHA
              DIJ
              ________
                  0


           BETA
              DIJ
              ________
 DIJ                0


           GAMMA
              WH_GROUP      INC_INS
              ________      ________
 DIJ               16            17


           PSI
              DIJ
              ________
 DIJ                0


     PARAMETER SPECIFICATION FOR TEMP


           TAU
              DIJ_01$1      DIJ_01$2      DIJ_01$3      DIJ_02$1      DIJ_02$2
              ________      ________      ________      ________      ________
                  1             2             3             4             5


           TAU
              DIJ_03$1      DIJ_03$2      DIJ_03$3      DIJ_04$1      DIJ_04$2
              ________      ________      ________      ________      ________
                  6             7             8             9            10


           TAU
              DIJ_04$3
              ________
                 11


           NU
              DIJ_01        DIJ_02        DIJ_03        DIJ_04
              ________      ________      ________      ________
                  0             0             0             0


           LAMBDA
              DIJ
              ________
 DIJ_01            12
 DIJ_02            13
 DIJ_03            14
 DIJ_04            15


           THETA
              DIJ_01        DIJ_02        DIJ_03        DIJ_04
              ________      ________      ________      ________
 DIJ_01             0
 DIJ_02             0             0
 DIJ_03             0             0             0
 DIJ_04             0             0             0             0


           ALPHA
              DIJ
              ________
                 18


           BETA
              DIJ
              ________
 DIJ                0


           GAMMA
              WH_GROUP      INC_INS
              ________      ________
 DIJ               16            19


           PSI
              DIJ
              ________
 DIJ               20


     STARTING VALUES FOR PERM


           TAU
              DIJ_01$1      DIJ_01$2      DIJ_01$3      DIJ_02$1      DIJ_02$2
              ________      ________      ________      ________      ________
               -1.666        -0.762        -0.055        -0.862        -0.241


           TAU
              DIJ_03$1      DIJ_03$2      DIJ_03$3      DIJ_04$1      DIJ_04$2
              ________      ________      ________      ________      ________
               -1.520        -0.690        -0.015        -1.563        -0.853


           TAU
              DIJ_04$3
              ________
               -0.149


           NU
              DIJ_01        DIJ_02        DIJ_03        DIJ_04
              ________      ________      ________      ________
                0.000         0.000         0.000         0.000


           LAMBDA
              DIJ
              ________
 DIJ_01         0.844
 DIJ_02         0.862
 DIJ_03         0.845
 DIJ_04         0.798


           THETA
              DIJ_01        DIJ_02        DIJ_03        DIJ_04
              ________      ________      ________      ________
 DIJ_01         1.000
 DIJ_02         0.000         1.000
 DIJ_03         0.000         0.000         1.000
 DIJ_04         0.000         0.000         0.000         1.000


           ALPHA
              DIJ
              ________
                0.000


           BETA
              DIJ
              ________
 DIJ            0.000


           GAMMA
              WH_GROUP      INC_INS
              ________      ________
 DIJ            0.000         0.000


           PSI
              DIJ
              ________
 DIJ            0.662


     STARTING VALUES FOR TEMP


           TAU
              DIJ_01$1      DIJ_01$2      DIJ_01$3      DIJ_02$1      DIJ_02$2
              ________      ________      ________      ________      ________
               -1.049         0.006         0.575        -0.227         0.390


           TAU
              DIJ_03$1      DIJ_03$2      DIJ_03$3      DIJ_04$1      DIJ_04$2
              ________      ________      ________      ________      ________
               -0.928         0.042         0.670        -1.054        -0.203


           TAU
              DIJ_04$3
              ________
                0.381


           NU
              DIJ_01        DIJ_02        DIJ_03        DIJ_04
              ________      ________      ________      ________
                0.000         0.000         0.000         0.000


           LAMBDA
              DIJ
              ________
 DIJ_01         0.899
 DIJ_02         0.765
 DIJ_03         0.887
 DIJ_04         0.561


           THETA
              DIJ_01        DIJ_02        DIJ_03        DIJ_04
              ________      ________      ________      ________
 DIJ_01         1.000
 DIJ_02         0.000         1.000
 DIJ_03         0.000         0.000         1.000
 DIJ_04         0.000         0.000         0.000         1.000


           ALPHA
              DIJ
              ________
                0.000


           BETA
              DIJ
              ________
 DIJ            0.000


           GAMMA
              WH_GROUP      INC_INS
              ________      ________
 DIJ            0.000         0.000


           PSI
              DIJ
              ________
 DIJ            0.662


TECHNICAL 4 OUTPUT


     ESTIMATES DERIVED FROM THE MODEL FOR PERM


           ESTIMATED MEANS FOR THE LATENT VARIABLES
              DIJ
              ________
                0.000


           ESTIMATED COVARIANCE MATRIX FOR THE LATENT VARIABLES
              DIJ
              ________
 DIJ            0.828


           ESTIMATED CORRELATION MATRIX FOR THE LATENT VARIABLES
              DIJ
              ________
 DIJ            1.000


     ESTIMATES DERIVED FROM THE MODEL FOR TEMP


           ESTIMATED MEANS FOR THE LATENT VARIABLES
              DIJ
              ________
               -1.289


           ESTIMATED COVARIANCE MATRIX FOR THE LATENT VARIABLES
              DIJ
              ________
 DIJ            0.601


           ESTIMATED CORRELATION MATRIX FOR THE LATENT VARIABLES
              DIJ
              ________
 DIJ            1.000


     ESTIMATES DERIVED FROM THE MODEL FOR PERM


           S.E. FOR ESTIMATED MEANS FOR THE LATENT VARIABLES
              DIJ
              ________
                0.025


           EST./S.E. FOR ESTIMATED MEANS FOR THE LATENT VARIABLES
              DIJ
              ________
                0.000


           TWO-TAILED P-VALUE FOR ESTIMATED MEANS FOR THE LATENT VARIABLES
              DIJ
              ________
                1.000


           S.E. FOR ESTIMATED COVARIANCE MATRIX FOR THE LATENT VARIABLES
              DIJ
              ________
 DIJ            0.047


           EST./S.E. FOR ESTIMATED COVARIANCE MATRIX FOR THE LATENT VARIABLES
              DIJ
              ________
 DIJ           17.636


           TWO-TAILED P-VALUE FOR ESTIMATED COVARIANCE MATRIX FOR THE LATENT VARIABLES
              DIJ
              ________
 DIJ            0.000


           S.E. FOR ESTIMATED CORRELATION MATRIX FOR THE LATENT VARIABLES
              DIJ
              ________
 DIJ            0.000


           EST./S.E. FOR ESTIMATED CORRELATION MATRIX FOR THE LATENT VARIABLES
              DIJ
              ________
 DIJ          999.000


           TWO-TAILED P-VALUE FOR ESTIMATED CORRELATION MATRIX FOR THE LATENT VARIABLES
              DIJ
              ________
 DIJ            0.000


     ESTIMATES DERIVED FROM THE MODEL FOR TEMP


           S.E. FOR ESTIMATED MEANS FOR THE LATENT VARIABLES
              DIJ
              ________
                0.121


           EST./S.E. FOR ESTIMATED MEANS FOR THE LATENT VARIABLES
              DIJ
              ________
              -10.644


           TWO-TAILED P-VALUE FOR ESTIMATED MEANS FOR THE LATENT VARIABLES
              DIJ
              ________
                0.000


           S.E. FOR ESTIMATED COVARIANCE MATRIX FOR THE LATENT VARIABLES
              DIJ
              ________
 DIJ            0.147


           EST./S.E. FOR ESTIMATED COVARIANCE MATRIX FOR THE LATENT VARIABLES
              DIJ
              ________
 DIJ            4.088


           TWO-TAILED P-VALUE FOR ESTIMATED COVARIANCE MATRIX FOR THE LATENT VARIABLES
              DIJ
              ________
 DIJ            0.000


           S.E. FOR ESTIMATED CORRELATION MATRIX FOR THE LATENT VARIABLES
              DIJ
              ________
 DIJ            0.000


           EST./S.E. FOR ESTIMATED CORRELATION MATRIX FOR THE LATENT VARIABLES
              DIJ
              ________
 DIJ          999.000


           TWO-TAILED P-VALUE FOR ESTIMATED CORRELATION MATRIX FOR THE LATENT VARIABLES
              DIJ
              ________
 DIJ            0.000


SAVEDATA INFORMATION


  Difference testing

  Save file
    00_h2_b_free.diff
  Save format      Free

     Beginning Time:  09:47:20
        Ending Time:  09:47:20
       Elapsed Time:  00:00:00



MUTHEN & MUTHEN
3463 Stoner Ave.
Los Angeles, CA  90066

Tel: (310) 391-9971
Fax: (310) 391-8971
Web: www.StatModel.com
Support: Support@StatModel.com

Copyright (c) 1998-2023 Muthen & Muthen
