Mplus VERSION 8.9 (Linux)
MUTHEN & MUTHEN
06/19/2023   9:47 AM

INPUT INSTRUCTIONS

  DATA: FILE = "../../data/transforms/mplus.dat";

  VARIABLE:

      NAMES =
      group group_detail wh_group
  dij_01 dij_02 dij_03 dij_04
  apc_01 apc_02 apc_03 apc_04 apc_05
  app_01 app_02 app_03 app_04 app_05
  res_01 res_02 res_03
  exh_01 exh_04 exh_08
  jsa_01 jsa_02 jsa_03 jsa_04
  in_ex inc_ins
  ;

      MISSING = .;

      USEVARIABLES =
          dij_01-dij_04
          !apc_01-apc_05
          !app_01-app_05
          !res_01-res_03
          !exh_01 exh_04 exh_08
          !jsa_01 jsa_02 jsa_03 jsa_04
          wh_group
          inc_ins
          ;


      categorical =
          dij_01-dij_04;

      grouping = group (1 = perm, 2 = temp);

      DEFINE:
          CENTER wh_group inc_ins (GRANDMEAN);

  ANALYSIS:
      estimator = WLSMV;
      PARAMETERIZATION = THETA;
      STARTS=20;
      DIFFTEST=00_h2_b_free.diff

  MODEL:

      !! PERM

          ! Factor loadings fixed
          DIJ by
              dij_01* (f_dij_01)
              dij_02* (f_dij_02)
              dij_03* (f_dij_03)
              dij_04* (f_dij_04)
              ;


          ! Item thresholds are fix

          !DIJ
          [dij_01$1*] (t1dij_01);
          [dij_01$2*] (t2dij_01);
          [dij_01$3*] (t3dij_01);

          [dij_02$1*] (t1dij_02);
          [dij_02$2*] (t2dij_02);

          [dij_03$1*] (t1dij_03);
          [dij_03$2*] (t2dij_03);
          [dij_03$3*] (t3dij_03);

          [dij_04$1*] (t1dij_04);
          [dij_04$2*] (t2dij_04);
          [dij_04$3*] (t3dij_04);

          ! Item residual variances all fixed=1
          dij_01-dij_04@1;


          ! Factors mean=0 and variance=1 for identification

          [DIJ@0];

          DIJ@0.662; !estimated with model constraint, so that total var 1

          ! Hypothesis
          DIJ on
              wh_group (wh_group)
              inc_ins (hypo)
              ;

  MODEL temp:

          ! Factor loadings fixed
          DIJ by
              dij_01* (f_dij_01)
              dij_02* (f_dij_02)
              dij_03* (f_dij_03)
              dij_04* (f_dij_04)
              ;


          ! Item thresholds are fix

          !DIJ
          [dij_01$1*] (t1dij_01);
          [dij_01$2*] (t2dij_01);
          [dij_01$3*] (t3dij_01);

          [dij_02$1*] (t1dij_02);
          [dij_02$2*] (t2dij_02);

          [dij_03$1*] (t1dij_03);
          [dij_03$2*] (t2dij_03);
          [dij_03$3*] (t3dij_03);

          [dij_04$1*] (t1dij_04);
          [dij_04$2*] (t2dij_04);
          [dij_04$3*] (t3dij_04);

          ! Item residual variances all fixed=1
          dij_01-dij_04@1;


          ! Factors mean and variance free

          [DIJ*];

          DIJ*;

          ! Hypothesis
          DIJ on
              wh_group (wh_group)
              inc_ins (hypo)
              ;

  OUTPUT:
  	tech1
  	tech4
  	stdyx
  	;



*** WARNING
  Data set contains cases with missing on x-variables.
  These cases were not included in the analysis.
  Number of cases with missing on x-variables:  1
*** WARNING
  Data set contains cases with missing on all variables except
  x-variables.  These cases were not included in the analysis.
  Number of cases with missing on all variables except x-variables:  5
   2 WARNING(S) FOUND IN THE INPUT INSTRUCTIONS




SUMMARY OF ANALYSIS

Number of groups                                                 2
Number of observations
   Group PERM                                                  258
   Group TEMP                                                  118
   Total sample size                                           376

Number of dependent variables                                    4
Number of independent variables                                  2
Number of continuous latent variables                            1

Observed dependent variables

  Binary and ordered categorical (ordinal)
   DIJ_01      DIJ_02      DIJ_03      DIJ_04

Observed independent variables
   WH_GROUP    INC_INS

Continuous latent variables
   DIJ

Variables with special functions

  Grouping variable     GROUP

  Centering (GRANDMEAN)
   WH_GROUP    INC_INS


Estimator                                                    WLSMV
Maximum number of iterations                                  1000
Convergence criterion                                    0.500D-04
Maximum number of steepest descent iterations                   20
Maximum number of iterations for H1                           2000
Convergence criterion for H1                             0.100D-03
Random Starts Specifications
  Number of random starts                                       20
  Random starts scale                                    0.500D+01
Parameterization                                             THETA
Link                                                        PROBIT

Input data file(s)
  ../../data/transforms/mplus.dat

Input data format  FREE


SUMMARY OF DATA

   Group PERM
     Number of missing data patterns            10

   Group TEMP
     Number of missing data patterns             6


COVARIANCE COVERAGE OF DATA

Minimum covariance coverage value   0.100


     PROPORTION OF DATA PRESENT FOR PERM


           Covariance Coverage
              DIJ_01        DIJ_02        DIJ_03        DIJ_04
              ________      ________      ________      ________
 DIJ_01         0.973
 DIJ_02         0.957         0.977
 DIJ_03         0.950         0.950         0.965
 DIJ_04         0.965         0.965         0.953         0.984


     PROPORTION OF DATA PRESENT FOR TEMP


           Covariance Coverage
              DIJ_01        DIJ_02        DIJ_03        DIJ_04
              ________      ________      ________      ________
 DIJ_01         0.966
 DIJ_02         0.966         0.992
 DIJ_03         0.949         0.966         0.966
 DIJ_04         0.949         0.975         0.949         0.983


UNIVARIATE PROPORTIONS AND COUNTS FOR CATEGORICAL VARIABLES

  Group PERM
    DIJ_01
      Category 1    0.048           12.000
      Category 2    0.175           44.000
      Category 3    0.255           64.000
      Category 4    0.522          131.000
    DIJ_02
      Category 1    0.194           49.000
      Category 2    0.210           53.000
      Category 3    0.595          150.000
    DIJ_03
      Category 1    0.064           16.000
      Category 2    0.181           45.000
      Category 3    0.249           62.000
      Category 4    0.506          126.000
    DIJ_04
      Category 1    0.059           15.000
      Category 2    0.138           35.000
      Category 3    0.244           62.000
      Category 4    0.559          142.000

  Group TEMP
    DIJ_01
      Category 1    0.333           38.000
      Category 2    0.447           51.000
      Category 3    0.105           12.000
      Category 4    0.114           13.000
    DIJ_02
      Category 1    0.658           77.000
      Category 2    0.188           22.000
      Category 3    0.154           18.000
    DIJ_03
      Category 1    0.368           42.000
      Category 2    0.412           47.000
      Category 3    0.132           15.000
      Category 4    0.088           10.000
    DIJ_04
      Category 1    0.293           34.000
      Category 2    0.379           44.000
      Category 3    0.147           17.000
      Category 4    0.181           21.000



UNIVARIATE SAMPLE STATISTICS


     UNIVARIATE HIGHER-ORDER MOMENT DESCRIPTIVE STATISTICS FOR PERM

         Variable/         Mean/     Skewness/   Minimum/ % with                Percentiles
        Sample Size      Variance    Kurtosis    Maximum  Min/Max      20%/60%    40%/80%    Median

     WH_GROUP              0.000      -1.545      -2.535    2.33%      -0.535      0.465      0.465
             258.000       0.613       1.337       0.465   69.38%       0.465      0.465
     INC_INS               0.000       0.429      -1.717    4.26%      -0.717      0.283      0.283
             258.000       0.660       0.581       2.283    3.10%       0.283      0.283


     UNIVARIATE HIGHER-ORDER MOMENT DESCRIPTIVE STATISTICS FOR TEMP

         Variable/         Mean/     Skewness/   Minimum/ % with                Percentiles
        Sample Size      Variance    Kurtosis    Maximum  Min/Max      20%/60%    40%/80%    Median

     WH_GROUP              0.000      -1.494      -3.254    5.08%      -1.254      0.746      0.746
             118.000       1.444       0.962       0.746   64.41%       0.746      0.746
     INC_INS               0.000       0.484      -1.483   16.10%      -0.483     -0.483     -0.483
             118.000       1.029      -0.111       2.517    4.24%       0.517      0.517


RANDOM STARTS RESULTS RANKED FROM THE BEST TO THE WORST FIT FUNCTION VALUES

Fit function values at local maxima and random start numbers:

      0.52969237D-01         4
      0.52969237D-01         2
      0.52969237D-01         3
      0.52969240D-01         11
      0.52969240D-01         12
      0.52969241D-01         17
      0.52969241D-01         18
      0.52969244D-01         13
      0.52969245D-01         20
      0.52969247D-01         8
      0.52969247D-01         7
      0.52969250D-01         10
      0.52969257D-01         14
      0.52969258D-01         1
      0.52969258D-01         16
      0.52969262D-01         9
      0.52969263D-01         5
      0.52969265D-01         19
      0.52969266D-01         6
      0.52969267D-01         15
      0.52969276D-01         unperturbed

THE MODEL ESTIMATION TERMINATED NORMALLY



MODEL FIT INFORMATION

Number of Free Parameters                       19

Chi-Square Test of Model Fit

          Value                             50.827*
          Degrees of Freedom                    31
          P-Value                           0.0138

Chi-Square Contribution From Each Group

          PERM                              21.705
          TEMP                              29.122

Chi-Square Test for Difference Testing

          Value                              4.262*
          Degrees of Freedom                     1
          P-Value                           0.0390

*   The chi-square value for MLM, MLMV, MLR, ULSMV, WLSM and WLSMV cannot be used
    for chi-square difference testing in the regular way.  MLM, MLR and WLSM
    chi-square difference testing is described on the Mplus website.  MLMV, WLSMV,
    and ULSMV difference testing is done using the DIFFTEST option.  The DIFFTEST
    option assumes the models are nested.  The NESTED option can be used to verify
    that the models are nested.

RMSEA (Root Mean Square Error Of Approximation)

          Estimate                           0.058
          90 Percent C.I.                    0.027  0.086
          Probability RMSEA <= .05           0.295

CFI/TLI

          CFI                                0.990
          TLI                                0.991

Chi-Square Test of Model Fit for the Baseline Model

          Value                           1995.004
          Degrees of Freedom                    28
          P-Value                           0.0000

SRMR (Standardized Root Mean Square Residual)

          Value                              0.052

Optimum Function Value for Weighted Least-Squares Estimator

          Value                     0.52969237D-01



MODEL RESULTS

                                                    Two-Tailed
                    Estimate       S.E.  Est./S.E.    P-Value

Group PERM

 DIJ      BY
    DIJ_01             2.205      0.257      8.565      0.000
    DIJ_02             1.912      0.195      9.806      0.000
    DIJ_03             2.096      0.232      9.040      0.000
    DIJ_04             1.413      0.125     11.313      0.000

 DIJ      ON
    WH_GROUP           0.072      0.053      1.363      0.173
    INC_INS            0.412      0.056      7.323      0.000

 Intercepts
    DIJ                0.000      0.000    999.000    999.000

 Thresholds
    DIJ_01$1          -3.778      0.346    -10.933      0.000
    DIJ_01$2          -1.559      0.206     -7.584      0.000
    DIJ_01$3          -0.169      0.167     -1.013      0.311
    DIJ_02$1          -1.757      0.196     -8.971      0.000
    DIJ_02$2          -0.528      0.162     -3.259      0.001
    DIJ_03$1          -3.369      0.292    -11.532      0.000
    DIJ_03$2          -1.431      0.199     -7.189      0.000
    DIJ_03$3          -0.055      0.161     -0.339      0.734
    DIJ_04$1          -2.608      0.173    -15.076      0.000
    DIJ_04$2          -1.303      0.130    -10.030      0.000
    DIJ_04$3          -0.305      0.126     -2.427      0.015

 Residual Variances
    DIJ_01             1.000      0.000    999.000    999.000
    DIJ_02             1.000      0.000    999.000    999.000
    DIJ_03             1.000      0.000    999.000    999.000
    DIJ_04             1.000      0.000    999.000    999.000
    DIJ                0.662      0.000    999.000    999.000

Group TEMP

 DIJ      BY
    DIJ_01             2.205      0.257      8.565      0.000
    DIJ_02             1.912      0.195      9.806      0.000
    DIJ_03             2.096      0.232      9.040      0.000
    DIJ_04             1.413      0.125     11.313      0.000

 DIJ      ON
    WH_GROUP           0.072      0.053      1.363      0.173
    INC_INS            0.412      0.056      7.323      0.000

 Intercepts
    DIJ               -1.316      0.120    -10.970      0.000

 Thresholds
    DIJ_01$1          -3.778      0.346    -10.933      0.000
    DIJ_01$2          -1.559      0.206     -7.584      0.000
    DIJ_01$3          -0.169      0.167     -1.013      0.311
    DIJ_02$1          -1.757      0.196     -8.971      0.000
    DIJ_02$2          -0.528      0.162     -3.259      0.001
    DIJ_03$1          -3.369      0.292    -11.532      0.000
    DIJ_03$2          -1.431      0.199     -7.189      0.000
    DIJ_03$3          -0.055      0.161     -0.339      0.734
    DIJ_04$1          -2.608      0.173    -15.076      0.000
    DIJ_04$2          -1.303      0.130    -10.030      0.000
    DIJ_04$3          -0.305      0.126     -2.427      0.015

 Residual Variances
    DIJ_01             1.000      0.000    999.000    999.000
    DIJ_02             1.000      0.000    999.000    999.000
    DIJ_03             1.000      0.000    999.000    999.000
    DIJ_04             1.000      0.000    999.000    999.000
    DIJ                0.576      0.130      4.426      0.000


QUALITY OF NUMERICAL RESULTS

     Condition Number for the Information Matrix              0.681E-02
       (ratio of smallest to largest eigenvalue)


STANDARDIZED MODEL RESULTS


STDYX Standardization

                                                    Two-Tailed
                    Estimate       S.E.  Est./S.E.    P-Value

Group PERM

 DIJ      BY
    DIJ_01             0.889      0.021     41.518      0.000
    DIJ_02             0.859      0.023     37.898      0.000
    DIJ_03             0.879      0.021     41.128      0.000
    DIJ_04             0.779      0.026     29.433      0.000

 DIJ      ON
    WH_GROUP           0.064      0.047      1.369      0.171
    INC_INS            0.382      0.047      8.134      0.000

 Intercepts
    DIJ                0.000      0.000    999.000    999.000

 Thresholds
    DIJ_01$1          -1.732      0.112    -15.507      0.000
    DIJ_01$2          -0.715      0.079     -9.091      0.000
    DIJ_01$3          -0.078      0.075     -1.035      0.301
    DIJ_02$1          -0.898      0.080    -11.216      0.000
    DIJ_02$2          -0.270      0.075     -3.580      0.000
    DIJ_03$1          -1.607      0.103    -15.612      0.000
    DIJ_03$2          -0.683      0.079     -8.679      0.000
    DIJ_03$3          -0.026      0.076     -0.342      0.732
    DIJ_04$1          -1.635      0.100    -16.361      0.000
    DIJ_04$2          -0.817      0.077    -10.615      0.000
    DIJ_04$3          -0.191      0.076     -2.510      0.012

 Residual Variances
    DIJ_01             0.210      0.038      5.527      0.000
    DIJ_02             0.261      0.039      6.708      0.000
    DIJ_03             0.228      0.038      6.056      0.000
    DIJ_04             0.393      0.041      9.536      0.000
    DIJ                0.857      0.035     24.279      0.000

Group TEMP

 DIJ      BY
    DIJ_01             0.886      0.023     37.943      0.000
    DIJ_02             0.856      0.029     29.990      0.000
    DIJ_03             0.876      0.023     38.588      0.000
    DIJ_04             0.775      0.033     23.360      0.000

 DIJ      ON
    WH_GROUP           0.100      0.073      1.372      0.170
    INC_INS            0.484      0.057      8.516      0.000

 Intercepts
    DIJ               -1.517      0.157     -9.638      0.000

 Thresholds
    DIJ_01$1          -1.752      0.140    -12.504      0.000
    DIJ_01$2          -0.723      0.094     -7.702      0.000
    DIJ_01$3          -0.078      0.077     -1.016      0.309
    DIJ_02$1          -0.907      0.099     -9.187      0.000
    DIJ_02$2          -0.273      0.081     -3.385      0.001
    DIJ_03$1          -1.624      0.134    -12.119      0.000
    DIJ_03$2          -0.690      0.093     -7.388      0.000
    DIJ_03$3          -0.026      0.077     -0.341      0.733
    DIJ_04$1          -1.649      0.115    -14.282      0.000
    DIJ_04$2          -0.824      0.085     -9.665      0.000
    DIJ_04$3          -0.193      0.079     -2.448      0.014

 Residual Variances
    DIJ_01             0.215      0.041      5.193      0.000
    DIJ_02             0.267      0.049      5.457      0.000
    DIJ_03             0.232      0.040      5.842      0.000
    DIJ_04             0.400      0.051      7.782      0.000
    DIJ                0.766      0.055     13.885      0.000


R-SQUARE

Group PERM

    Observed                                        Two-Tailed     Scale
    Variable        Estimate       S.E.  Est./S.E.    P-Value     Factors

    DIJ_01             0.790      0.038     20.759      0.000      0.487
    DIJ_02             0.739      0.039     18.949      0.000      0.541
    DIJ_03             0.772      0.038     20.564      0.000      0.506
    DIJ_04             0.607      0.041     14.716      0.000      0.656

     Latent                                         Two-Tailed
    Variable        Estimate       S.E.  Est./S.E.    P-Value

    DIJ                0.143      0.035      4.062      0.000

Group TEMP

    Observed                                        Two-Tailed     Scale
    Variable        Estimate       S.E.  Est./S.E.    P-Value     Factors

    DIJ_01             0.785      0.041     18.972      0.000      0.513
    DIJ_02             0.733      0.049     14.995      0.000      0.567
    DIJ_03             0.768      0.040     19.294      0.000      0.532
    DIJ_04             0.600      0.051     11.680      0.000      0.682

     Latent                                         Two-Tailed
    Variable        Estimate       S.E.  Est./S.E.    P-Value

    DIJ                0.234      0.055      4.232      0.000


TECHNICAL 1 OUTPUT


     PARAMETER SPECIFICATION FOR PERM


           TAU
              DIJ_01$1      DIJ_01$2      DIJ_01$3      DIJ_02$1      DIJ_02$2
              ________      ________      ________      ________      ________
                  1             2             3             4             5


           TAU
              DIJ_03$1      DIJ_03$2      DIJ_03$3      DIJ_04$1      DIJ_04$2
              ________      ________      ________      ________      ________
                  6             7             8             9            10


           TAU
              DIJ_04$3
              ________
                 11


           NU
              DIJ_01        DIJ_02        DIJ_03        DIJ_04
              ________      ________      ________      ________
                  0             0             0             0


           LAMBDA
              DIJ
              ________
 DIJ_01            12
 DIJ_02            13
 DIJ_03            14
 DIJ_04            15


           THETA
              DIJ_01        DIJ_02        DIJ_03        DIJ_04
              ________      ________      ________      ________
 DIJ_01             0
 DIJ_02             0             0
 DIJ_03             0             0             0
 DIJ_04             0             0             0             0


           ALPHA
              DIJ
              ________
                  0


           BETA
              DIJ
              ________
 DIJ                0


           GAMMA
              WH_GROUP      INC_INS
              ________      ________
 DIJ               16            17


           PSI
              DIJ
              ________
 DIJ                0


     PARAMETER SPECIFICATION FOR TEMP


           TAU
              DIJ_01$1      DIJ_01$2      DIJ_01$3      DIJ_02$1      DIJ_02$2
              ________      ________      ________      ________      ________
                  1             2             3             4             5


           TAU
              DIJ_03$1      DIJ_03$2      DIJ_03$3      DIJ_04$1      DIJ_04$2
              ________      ________      ________      ________      ________
                  6             7             8             9            10


           TAU
              DIJ_04$3
              ________
                 11


           NU
              DIJ_01        DIJ_02        DIJ_03        DIJ_04
              ________      ________      ________      ________
                  0             0             0             0


           LAMBDA
              DIJ
              ________
 DIJ_01            12
 DIJ_02            13
 DIJ_03            14
 DIJ_04            15


           THETA
              DIJ_01        DIJ_02        DIJ_03        DIJ_04
              ________      ________      ________      ________
 DIJ_01             0
 DIJ_02             0             0
 DIJ_03             0             0             0
 DIJ_04             0             0             0             0


           ALPHA
              DIJ
              ________
                 18


           BETA
              DIJ
              ________
 DIJ                0


           GAMMA
              WH_GROUP      INC_INS
              ________      ________
 DIJ               16            17


           PSI
              DIJ
              ________
 DIJ               19


     STARTING VALUES FOR PERM


           TAU
              DIJ_01$1      DIJ_01$2      DIJ_01$3      DIJ_02$1      DIJ_02$2
              ________      ________      ________      ________      ________
               -1.666        -0.762        -0.055        -0.862        -0.241


           TAU
              DIJ_03$1      DIJ_03$2      DIJ_03$3      DIJ_04$1      DIJ_04$2
              ________      ________      ________      ________      ________
               -1.520        -0.690        -0.015        -1.563        -0.853


           TAU
              DIJ_04$3
              ________
               -0.149


           NU
              DIJ_01        DIJ_02        DIJ_03        DIJ_04
              ________      ________      ________      ________
                0.000         0.000         0.000         0.000


           LAMBDA
              DIJ
              ________
 DIJ_01         0.844
 DIJ_02         0.862
 DIJ_03         0.845
 DIJ_04         0.798


           THETA
              DIJ_01        DIJ_02        DIJ_03        DIJ_04
              ________      ________      ________      ________
 DIJ_01         1.000
 DIJ_02         0.000         1.000
 DIJ_03         0.000         0.000         1.000
 DIJ_04         0.000         0.000         0.000         1.000


           ALPHA
              DIJ
              ________
                0.000


           BETA
              DIJ
              ________
 DIJ            0.000


           GAMMA
              WH_GROUP      INC_INS
              ________      ________
 DIJ            0.000         0.000


           PSI
              DIJ
              ________
 DIJ            0.662


     STARTING VALUES FOR TEMP


           TAU
              DIJ_01$1      DIJ_01$2      DIJ_01$3      DIJ_02$1      DIJ_02$2
              ________      ________      ________      ________      ________
               -1.049         0.006         0.575        -0.227         0.390


           TAU
              DIJ_03$1      DIJ_03$2      DIJ_03$3      DIJ_04$1      DIJ_04$2
              ________      ________      ________      ________      ________
               -0.928         0.042         0.670        -1.054        -0.203


           TAU
              DIJ_04$3
              ________
                0.381


           NU
              DIJ_01        DIJ_02        DIJ_03        DIJ_04
              ________      ________      ________      ________
                0.000         0.000         0.000         0.000


           LAMBDA
              DIJ
              ________
 DIJ_01         0.899
 DIJ_02         0.765
 DIJ_03         0.887
 DIJ_04         0.561


           THETA
              DIJ_01        DIJ_02        DIJ_03        DIJ_04
              ________      ________      ________      ________
 DIJ_01         1.000
 DIJ_02         0.000         1.000
 DIJ_03         0.000         0.000         1.000
 DIJ_04         0.000         0.000         0.000         1.000


           ALPHA
              DIJ
              ________
                0.000


           BETA
              DIJ
              ________
 DIJ            0.000


           GAMMA
              WH_GROUP      INC_INS
              ________      ________
 DIJ            0.000         0.000


           PSI
              DIJ
              ________
 DIJ            0.662


TECHNICAL 4 OUTPUT


     ESTIMATES DERIVED FROM THE MODEL FOR PERM


           ESTIMATED MEANS FOR THE LATENT VARIABLES
              DIJ
              ________
                0.000


           ESTIMATED COVARIANCE MATRIX FOR THE LATENT VARIABLES
              DIJ
              ________
 DIJ            0.773


           ESTIMATED CORRELATION MATRIX FOR THE LATENT VARIABLES
              DIJ
              ________
 DIJ            1.000


     ESTIMATES DERIVED FROM THE MODEL FOR TEMP


           ESTIMATED MEANS FOR THE LATENT VARIABLES
              DIJ
              ________
               -1.316


           ESTIMATED COVARIANCE MATRIX FOR THE LATENT VARIABLES
              DIJ
              ________
 DIJ            0.752


           ESTIMATED CORRELATION MATRIX FOR THE LATENT VARIABLES
              DIJ
              ________
 DIJ            1.000


     ESTIMATES DERIVED FROM THE MODEL FOR PERM


           S.E. FOR ESTIMATED MEANS FOR THE LATENT VARIABLES
              DIJ
              ________
                0.021


           EST./S.E. FOR ESTIMATED MEANS FOR THE LATENT VARIABLES
              DIJ
              ________
                0.000


           TWO-TAILED P-VALUE FOR ESTIMATED MEANS FOR THE LATENT VARIABLES
              DIJ
              ________
                1.000


           S.E. FOR ESTIMATED COVARIANCE MATRIX FOR THE LATENT VARIABLES
              DIJ
              ________
 DIJ            0.032


           EST./S.E. FOR ESTIMATED COVARIANCE MATRIX FOR THE LATENT VARIABLES
              DIJ
              ________
 DIJ           24.279


           TWO-TAILED P-VALUE FOR ESTIMATED COVARIANCE MATRIX FOR THE LATENT VARIABLES
              DIJ
              ________
 DIJ            0.000


           S.E. FOR ESTIMATED CORRELATION MATRIX FOR THE LATENT VARIABLES
              DIJ
              ________
 DIJ            0.000


           EST./S.E. FOR ESTIMATED CORRELATION MATRIX FOR THE LATENT VARIABLES
              DIJ
              ________
 DIJ          999.000


           TWO-TAILED P-VALUE FOR ESTIMATED CORRELATION MATRIX FOR THE LATENT VARIABLES
              DIJ
              ________
 DIJ            0.000


     ESTIMATES DERIVED FROM THE MODEL FOR TEMP


           S.E. FOR ESTIMATED MEANS FOR THE LATENT VARIABLES
              DIJ
              ________
                0.126


           EST./S.E. FOR ESTIMATED MEANS FOR THE LATENT VARIABLES
              DIJ
              ________
              -10.443


           TWO-TAILED P-VALUE FOR ESTIMATED MEANS FOR THE LATENT VARIABLES
              DIJ
              ________
                0.000


           S.E. FOR ESTIMATED COVARIANCE MATRIX FOR THE LATENT VARIABLES
              DIJ
              ________
 DIJ            0.157


           EST./S.E. FOR ESTIMATED COVARIANCE MATRIX FOR THE LATENT VARIABLES
              DIJ
              ________
 DIJ            4.778


           TWO-TAILED P-VALUE FOR ESTIMATED COVARIANCE MATRIX FOR THE LATENT VARIABLES
              DIJ
              ________
 DIJ            0.000


           S.E. FOR ESTIMATED CORRELATION MATRIX FOR THE LATENT VARIABLES
              DIJ
              ________
 DIJ            0.000


           EST./S.E. FOR ESTIMATED CORRELATION MATRIX FOR THE LATENT VARIABLES
              DIJ
              ________
 DIJ          999.000


           TWO-TAILED P-VALUE FOR ESTIMATED CORRELATION MATRIX FOR THE LATENT VARIABLES
              DIJ
              ________
 DIJ            0.000


     Beginning Time:  09:47:20
        Ending Time:  09:47:20
       Elapsed Time:  00:00:00



MUTHEN & MUTHEN
3463 Stoner Ave.
Los Angeles, CA  90066

Tel: (310) 391-9971
Fax: (310) 391-8971
Web: www.StatModel.com
Support: Support@StatModel.com

Copyright (c) 1998-2023 Muthen & Muthen
