Mplus VERSION 8.9 (Linux)
MUTHEN & MUTHEN
06/19/2023   9:47 AM

INPUT INSTRUCTIONS

  DATA: FILE = "../../data/transforms/mplus.dat";

  VARIABLE:

      NAMES =
      group group_detail wh_group
  dij_01 dij_02 dij_03 dij_04
  apc_01 apc_02 apc_03 apc_04 apc_05
  app_01 app_02 app_03 app_04 app_05
  res_01 res_02 res_03
  exh_01 exh_04 exh_08
  jsa_01 jsa_02 jsa_03 jsa_04
  in_ex inc_ins
  ;

      MISSING = .;

      USEVARIABLES =
          dij_01-dij_04
          !apc_01-apc_05
          !app_01-app_05
          !res_01-res_03
          exh_01 exh_04 exh_08
          !jsa_01 jsa_02 jsa_03 jsa_04
          wh_group
          inc_ins
          ;

      categorical =
          dij_01-exh_08;



      DEFINE:
          CENTER wh_group inc_ins (GRANDMEAN);

  ANALYSIS:
      estimator=MLR;
      type = RANDOM;
      INTEGRATION = MONTECARLO;
      MCSEED=42;
      PROCESS=4;

  MODEL:

      !! PERM

          ! Factor loadings fixed
          DIJ by
              dij_01* (f_dij_01)
              dij_02* (f_dij_02)
              dij_03* (f_dij_03)
              dij_04* (f_dij_04)
              ;

          EXH by
              exh_01*-1 (f_exh_01)
              exh_04* (f_exh_04)
              exh_08* (f_exh_08)
              ;



          ! Item thresholds are fix

          !DIJ
          [dij_01$1*] (t1dij_01);
          [dij_01$2*] (t2dij_01);
          [dij_01$3*] (t3dij_01);

          [dij_02$1*] (t1dij_02);
          [dij_02$2*] (t2dij_02);

          [dij_03$1*] (t1dij_03);
          [dij_03$2*] (t2dij_03);
          [dij_03$3*] (t3dij_03);

          [dij_04$1*] (t1dij_04);
          [dij_04$2*] (t2dij_04);

          [dij_04$3*] (t3dij_04);

          !EXH
          [exh_01$1*] (t1exh_01);
          [exh_01$2*] (t2exh_01);

          [exh_04$1*] (t1exh_04);
          [exh_04$2*] (t2exh_04);
          [exh_04$3*] (t3exh_04);

          [exh_08$1*] (t1exh_08);
          [exh_08$2*] (t2exh_08);
          [exh_08$3*] (t3exh_08);




          ! Factors mean=0 and variance=1 for identification

          [DIJ@0];
          [EXH@0];

          DIJ@1;
          EXH@1;


          DIJ with inc_ins;

          S_EXH | EXH on DIJ;

          EXH S_EXH on wh_group inc_ins;




  OUTPUT:
  	tech1
  	tech4
  	stdyx
  	;




*** WARNING
  Data set contains cases with missing on x-variables.
  These cases were not included in the analysis.
  Number of cases with missing on x-variables:  1
   1 WARNING(S) FOUND IN THE INPUT INSTRUCTIONS




SUMMARY OF ANALYSIS

Number of groups                                                 1
Number of observations                                         381

Number of dependent variables                                    7
Number of independent variables                                  2
Number of continuous latent variables                            3

Observed dependent variables

  Binary and ordered categorical (ordinal)
   DIJ_01      DIJ_02      DIJ_03      DIJ_04      EXH_01      EXH_04
   EXH_08

Observed independent variables
   WH_GROUP    INC_INS

Continuous latent variables
   DIJ         EXH         S_EXH

Variables with special functions

  Centering (GRANDMEAN)
   WH_GROUP    INC_INS


Estimator                                                      MLR
Information matrix                                        OBSERVED
Optimization Specifications for the Quasi-Newton Algorithm for
Continuous Outcomes
  Maximum number of iterations                                 100
  Convergence criterion                                  0.100D-05
Optimization Specifications for the EM Algorithm
  Maximum number of iterations                                 500
  Convergence criteria
    Loglikelihood change                                 0.100D-02
    Relative loglikelihood change                        0.100D-05
    Derivative                                           0.100D-02
Optimization Specifications for the M step of the EM Algorithm for
Categorical Latent variables
  Number of M step iterations                                    1
  M step convergence criterion                           0.100D-02
  Basis for M step termination                           ITERATION
Optimization Specifications for the M step of the EM Algorithm for
Censored, Binary or Ordered Categorical (Ordinal), Unordered
Categorical (Nominal) and Count Outcomes
  Number of M step iterations                                    1
  M step convergence criterion                           0.100D-02
  Basis for M step termination                           ITERATION
  Maximum value for logit thresholds                            15
  Minimum value for logit thresholds                           -15
  Minimum expected cell size for chi-square              0.100D-01
Maximum number of iterations for H1                           2000
Convergence criterion for H1                             0.100D-03
Optimization algorithm                                         EMA
Integration Specifications
  Type                                                  MONTECARLO
  Number of integration points                                3000
  Dimensions of numerical integration                            3
  Adaptive quadrature                                           ON
  Monte Carlo integration seed                                  42
Link                                                         LOGIT
Cholesky                                                       OFF

Input data file(s)
  ../../data/transforms/mplus.dat
Input data format  FREE


SUMMARY OF DATA

     Number of missing data patterns            13
     Number of y missing data patterns           1
     Number of u missing data patterns          13


COVARIANCE COVERAGE OF DATA

Minimum covariance coverage value   0.100


     PROPORTION OF DATA PRESENT


           Covariance Coverage
              DIJ_01        DIJ_02        DIJ_03        DIJ_04        EXH_01
              ________      ________      ________      ________      ________
 DIJ_01         0.958
 DIJ_02         0.948         0.969
 DIJ_03         0.937         0.942         0.953
 DIJ_04         0.948         0.955         0.940         0.971
 EXH_01         0.955         0.966         0.950         0.969         0.997
 EXH_04         0.958         0.969         0.953         0.971         0.997
 EXH_08         0.955         0.966         0.950         0.969         0.995
 INC_INS        0.958         0.969         0.953         0.971         0.997
 WH_GROUP       0.958         0.969         0.953         0.971         0.997


           Covariance Coverage
              EXH_04        EXH_08        INC_INS       WH_GROUP
              ________      ________      ________      ________
 EXH_04         1.000
 EXH_08         0.997         0.997
 INC_INS        1.000         0.997         1.000
 WH_GROUP       1.000         0.997         1.000         1.000


     PROPORTION OF DATA PRESENT FOR U


           Covariance Coverage
              DIJ_01        DIJ_02        DIJ_03        DIJ_04        EXH_01
              ________      ________      ________      ________      ________
 DIJ_01         0.958
 DIJ_02         0.948         0.969
 DIJ_03         0.937         0.942         0.953
 DIJ_04         0.948         0.955         0.940         0.971
 EXH_01         0.955         0.966         0.950         0.969         0.997
 EXH_04         0.958         0.969         0.953         0.971         0.997
 EXH_08         0.955         0.966         0.950         0.969         0.995


           Covariance Coverage
              EXH_04        EXH_08
              ________      ________
 EXH_04         1.000
 EXH_08         0.997         0.997


     PROPORTION OF DATA PRESENT FOR Y


           Covariance Coverage
              INC_INS       WH_GROUP
              ________      ________
 INC_INS        1.000
 WH_GROUP       1.000         1.000


UNIVARIATE PROPORTIONS AND COUNTS FOR CATEGORICAL VARIABLES

    DIJ_01
      Category 1    0.137           50.000
      Category 2    0.260           95.000
      Category 3    0.208           76.000
      Category 4    0.395          144.000
    DIJ_02
      Category 1    0.341          126.000
      Category 2    0.203           75.000
      Category 3    0.455          168.000
    DIJ_03
      Category 1    0.160           58.000
      Category 2    0.253           92.000
      Category 3    0.212           77.000
      Category 4    0.375          136.000
    DIJ_04
      Category 1    0.132           49.000
      Category 2    0.214           79.000
      Category 3    0.214           79.000
      Category 4    0.441          163.000
    EXH_01
      Category 1    0.255           97.000
      Category 2    0.624          237.000
      Category 3    0.121           46.000
    EXH_04
      Category 1    0.066           25.000
      Category 2    0.241           92.000
      Category 3    0.396          151.000
      Category 4    0.297          113.000
    EXH_08
      Category 1    0.105           40.000
      Category 2    0.384          146.000
      Category 3    0.321          122.000
      Category 4    0.189           72.000



UNIVARIATE SAMPLE STATISTICS


     UNIVARIATE HIGHER-ORDER MOMENT DESCRIPTIVE STATISTICS

         Variable/         Mean/     Skewness/   Minimum/ % with                Percentiles
        Sample Size      Variance    Kurtosis    Maximum  Min/Max      20%/60%    40%/80%    Median

     INC_INS               0.000       0.387      -1.638    7.87%      -0.638     -0.638      0.362
             381.000       0.782       0.306       2.362    3.41%       0.362      0.362
     WH_GROUP              0.000      -1.754      -3.449    1.57%      -0.449      0.551      0.551
             381.000       0.888       2.388       0.551   67.98%       0.551      0.551


THE MODEL ESTIMATION TERMINATED NORMALLY



MODEL FIT INFORMATION

Number of Free Parameters                       35

Loglikelihood

          H0 Value                       -2977.676
          H0 Scaling Correction Factor      1.0878
            for MLR

Information Criteria

          Akaike (AIC)                    6025.351
          Bayesian (BIC)                  6163.349
          Sample-Size Adjusted BIC        6052.301
            (n* = (n + 2) / 24)



MODEL RESULTS

                                                    Two-Tailed
                    Estimate       S.E.  Est./S.E.    P-Value

 DIJ      BY
    DIJ_01             4.397      0.604      7.285      0.000
    DIJ_02             3.835      0.576      6.660      0.000
    DIJ_03             4.172      0.590      7.074      0.000
    DIJ_04             2.789      0.341      8.172      0.000

 EXH      BY
    EXH_01            -1.642      0.227     -7.249      0.000
    EXH_04             3.683      1.001      3.679      0.000
    EXH_08             2.171      0.316      6.868      0.000

 EXH        ON
    WH_GROUP           0.125      0.073      1.720      0.085
    INC_INS            0.364      0.081      4.500      0.000

 S_EXH      ON
    WH_GROUP           0.005      0.082      0.063      0.950
    INC_INS           -0.008      0.093     -0.084      0.933

 DIJ      WITH
    INC_INS            0.372      0.047      7.968      0.000

 Means
    INC_INS            0.000      0.046     -0.007      0.995
    DIJ                0.000      0.000    999.000    999.000

 Intercepts
    EXH                0.000      0.000    999.000    999.000
    S_EXH              0.188      0.084      2.226      0.026

 Thresholds
    DIJ_01$1          -5.049      0.612     -8.243      0.000
    DIJ_01$2          -1.123      0.329     -3.409      0.001
    DIJ_01$3           1.231      0.339      3.631      0.000
    DIJ_02$1          -1.597      0.317     -5.032      0.000
    DIJ_02$2           0.507      0.280      1.808      0.071
    DIJ_03$1          -4.480      0.606     -7.399      0.000
    DIJ_03$2          -0.967      0.316     -3.057      0.002
    DIJ_03$3           1.421      0.336      4.230      0.000
    DIJ_04$1          -3.563      0.369     -9.660      0.000
    DIJ_04$2          -1.148      0.227     -5.046      0.000
    DIJ_04$3           0.521      0.219      2.385      0.017
    EXH_01$1          -1.636      0.214     -7.632      0.000
    EXH_01$2           2.987      0.294     10.154      0.000
    EXH_04$1          -6.898      1.502     -4.593      0.000
    EXH_04$2          -2.217      0.551     -4.027      0.000
    EXH_04$3           2.380      0.600      3.969      0.000
    EXH_08$1          -3.812      0.448     -8.514      0.000
    EXH_08$2          -0.109      0.198     -0.547      0.584
    EXH_08$3           2.603      0.329      7.907      0.000

 Variances
    INC_INS            0.783      0.061     12.843      0.000
    DIJ                1.000      0.000    999.000    999.000

 Residual Variances
    EXH                1.000      0.000    999.000    999.000
    S_EXH              0.096      0.066      1.452      0.147


QUALITY OF NUMERICAL RESULTS

     Condition Number for the Information Matrix              0.380E-03
       (ratio of smallest to largest eigenvalue)


BRANT WALD TEST FOR PROPORTIONAL ODDS

                                   Degrees of
                      Chi-Square     Freedom   P-Value

  DIJ_01
    Overall test           1.044         2      0.593
    WH_GROUP               1.044         2      0.593

  DIJ_02
    Overall test           1.284         1      0.257
    WH_GROUP               1.284         1      0.257

  DIJ_03
    Overall test           3.623         2      0.163
    WH_GROUP               3.623         2      0.163

  DIJ_04
    Overall test           0.536         2      0.765
    WH_GROUP               0.536         2      0.765

  EXH_01
    Overall test           0.236         1      0.627
    WH_GROUP               0.236         1      0.627

  EXH_04
    Overall test           2.468         2      0.291
    WH_GROUP               2.468         2      0.291

  EXH_08
    Overall test           1.905         2      0.386
    WH_GROUP               1.905         2      0.386


STANDARDIZED MODEL RESULTS


STDYX Standardization

                                                    Two-Tailed
                    Estimate       S.E.  Est./S.E.    P-Value

 DIJ      BY
    DIJ_01             0.924      0.018     50.108      0.000
    DIJ_02             0.904      0.025     36.430      0.000
    DIJ_03             0.917      0.021     44.494      0.000
    DIJ_04             0.838      0.030     27.496      0.000

 EXH      BY
    EXH_01            -0.718      0.047    -15.173      0.000
    EXH_04             0.918      0.037     24.602      0.000
    EXH_08             0.807      0.043     18.660      0.000

 EXH        ON
    WH_GROUP           0.104      0.061      1.697      0.090
    INC_INS            0.283      0.060      4.691      0.000

 S_EXH      ON
    WH_GROUP           0.016      0.250      0.062      0.950
    INC_INS           -0.022      0.267     -0.084      0.933

 DIJ      WITH
    INC_INS            0.421      0.049      8.669      0.000

 Means
    INC_INS            0.000      0.052     -0.007      0.995
    DIJ                0.000      0.000    999.000    999.000

 Intercepts
    EXH                0.000      0.000    999.000    999.000
    S_EXH              0.604      0.237      2.545      0.011

 Thresholds
    DIJ_01$1          -1.061      0.080    -13.209      0.000
    DIJ_01$2          -0.236      0.065     -3.659      0.000
    DIJ_01$3           0.259      0.067      3.858      0.000
    DIJ_02$1          -0.377      0.066     -5.715      0.000
    DIJ_02$2           0.119      0.066      1.823      0.068
    DIJ_03$1          -0.985      0.078    -12.636      0.000
    DIJ_03$2          -0.213      0.064     -3.317      0.001
    DIJ_03$3           0.312      0.068      4.570      0.000
    DIJ_04$1          -1.071      0.080    -13.461      0.000
    DIJ_04$2          -0.345      0.064     -5.422      0.000
    DIJ_04$3           0.157      0.064      2.431      0.015
    EXH_01$1          -0.627      0.070     -9.015      0.000
    EXH_01$2           1.146      0.090     12.722      0.000
    EXH_04$1          -1.508      0.106    -14.274      0.000
    EXH_04$2          -0.485      0.071     -6.781      0.000
    EXH_04$3           0.520      0.069      7.494      0.000
    EXH_08$1          -1.242      0.091    -13.640      0.000
    EXH_08$2          -0.035      0.065     -0.548      0.584
    EXH_08$3           0.848      0.074     11.455      0.000

 Variances
    INC_INS            1.000      0.000    999.000    999.000
    DIJ                1.000      0.000    999.000    999.000

 Residual Variances
    EXH                0.769      0.067     11.461      0.000
    S_EXH              0.999      0.015     64.876      0.000


TECHNICAL 1 OUTPUT


     PARAMETER SPECIFICATION


           TAU
              DIJ_01$1      DIJ_01$2      DIJ_01$3      DIJ_02$1      DIJ_02$2
              ________      ________      ________      ________      ________
                   17            18            19            20            21


           TAU
              DIJ_03$1      DIJ_03$2      DIJ_03$3      DIJ_04$1      DIJ_04$2
              ________      ________      ________      ________      ________
                   22            23            24            25            26


           TAU
              DIJ_04$3      EXH_01$1      EXH_01$2      EXH_04$1      EXH_04$2
              ________      ________      ________      ________      ________
                   27            28            29            30            31


           TAU
              EXH_04$3      EXH_08$1      EXH_08$2      EXH_08$3
              ________      ________      ________      ________
                   32            33            34            35


           NU
              DIJ_01        DIJ_02        DIJ_03        DIJ_04        EXH_01
              ________      ________      ________      ________      ________
                    0             0             0             0             0


           NU
              EXH_04        EXH_08        INC_INS       WH_GROUP
              ________      ________      ________      ________
                    0             0             0             0


           LAMBDA
              DIJ           EXH           S_EXH         INC_INS       WH_GROUP
              ________      ________      ________      ________      ________
 DIJ_01             1             0             0             0             0
 DIJ_02             2             0             0             0             0
 DIJ_03             3             0             0             0             0
 DIJ_04             4             0             0             0             0
 EXH_01             0             5             0             0             0
 EXH_04             0             6             0             0             0
 EXH_08             0             7             0             0             0
 INC_INS            0             0             0             0             0
 WH_GROUP           0             0             0             0             0


           THETA
              DIJ_01        DIJ_02        DIJ_03        DIJ_04        EXH_01
              ________      ________      ________      ________      ________
 DIJ_01             0
 DIJ_02             0             0
 DIJ_03             0             0             0
 DIJ_04             0             0             0             0
 EXH_01             0             0             0             0             0
 EXH_04             0             0             0             0             0
 EXH_08             0             0             0             0             0
 INC_INS            0             0             0             0             0
 WH_GROUP           0             0             0             0             0


           THETA
              EXH_04        EXH_08        INC_INS       WH_GROUP
              ________      ________      ________      ________
 EXH_04             0
 EXH_08             0             0
 INC_INS            0             0             0
 WH_GROUP           0             0             0             0


           ALPHA
              DIJ           EXH           S_EXH         INC_INS       WH_GROUP
              ________      ________      ________      ________      ________
                    0             0             8             9             0


           BETA
              DIJ           EXH           S_EXH         INC_INS       WH_GROUP
              ________      ________      ________      ________      ________
 DIJ                0             0             0             0             0
 EXH                0             0             0            10            11
 S_EXH              0             0             0            12            13
 INC_INS            0             0             0             0             0
 WH_GROUP           0             0             0             0             0


           PSI
              DIJ           EXH           S_EXH         INC_INS       WH_GROUP
              ________      ________      ________      ________      ________
 DIJ                0
 EXH                0             0
 S_EXH              0             0            14
 INC_INS           15             0             0            16
 WH_GROUP           0             0             0             0             0


     STARTING VALUES


           TAU
              DIJ_01$1      DIJ_01$2      DIJ_01$3      DIJ_02$1      DIJ_02$2
              ________      ________      ________      ________      ________
               -1.841        -0.417         0.428        -0.657         0.179


           TAU
              DIJ_03$1      DIJ_03$2      DIJ_03$3      DIJ_04$1      DIJ_04$2
              ________      ________      ________      ________      ________
               -1.660        -0.351         0.512        -1.880        -0.637


           TAU
              DIJ_04$3      EXH_01$1      EXH_01$2      EXH_04$1      EXH_04$2
              ________      ________      ________      ________      ________
                0.239        -1.071         1.982        -2.656        -0.814


           TAU
              EXH_04$3      EXH_08$1      EXH_08$2      EXH_08$3
              ________      ________      ________      ________
                0.864        -2.140        -0.042         1.453


           NU
              DIJ_01        DIJ_02        DIJ_03        DIJ_04        EXH_01
              ________      ________      ________      ________      ________
                0.000         0.000         0.000         0.000         0.000


           NU
              EXH_04        EXH_08        INC_INS       WH_GROUP
              ________      ________      ________      ________
                0.000         0.000         0.000         0.000


           LAMBDA
              DIJ           EXH           S_EXH         INC_INS       WH_GROUP
              ________      ________      ________      ________      ________
 DIJ_01         1.000         0.000         0.000         0.000         0.000
 DIJ_02         1.000         0.000         0.000         0.000         0.000
 DIJ_03         1.000         0.000         0.000         0.000         0.000
 DIJ_04         1.000         0.000         0.000         0.000         0.000
 EXH_01         0.000        -1.000         0.000         0.000         0.000
 EXH_04         0.000         1.000         0.000         0.000         0.000
 EXH_08         0.000         1.000         0.000         0.000         0.000
 INC_INS        0.000         0.000         0.000         1.000         0.000
 WH_GROUP       0.000         0.000         0.000         0.000         1.000


           THETA
              DIJ_01        DIJ_02        DIJ_03        DIJ_04        EXH_01
              ________      ________      ________      ________      ________
 DIJ_01         1.000
 DIJ_02         0.000         1.000
 DIJ_03         0.000         0.000         1.000
 DIJ_04         0.000         0.000         0.000         1.000
 EXH_01         0.000         0.000         0.000         0.000         1.000
 EXH_04         0.000         0.000         0.000         0.000         0.000
 EXH_08         0.000         0.000         0.000         0.000         0.000
 INC_INS        0.000         0.000         0.000         0.000         0.000
 WH_GROUP       0.000         0.000         0.000         0.000         0.000


           THETA
              EXH_04        EXH_08        INC_INS       WH_GROUP
              ________      ________      ________      ________
 EXH_04         1.000
 EXH_08         0.000         1.000
 INC_INS        0.000         0.000         0.000
 WH_GROUP       0.000         0.000         0.000         0.000


           ALPHA
              DIJ           EXH           S_EXH         INC_INS       WH_GROUP
              ________      ________      ________      ________      ________
                0.000         0.000         0.000         0.000         0.000


           BETA
              DIJ           EXH           S_EXH         INC_INS       WH_GROUP
              ________      ________      ________      ________      ________
 DIJ            0.000         0.000         0.000         0.000         0.000
 EXH            0.000         0.000         0.000         0.000         0.000
 S_EXH          0.000         0.000         0.000         0.000         0.000
 INC_INS        0.000         0.000         0.000         0.000         0.000
 WH_GROUP       0.000         0.000         0.000         0.000         0.000


           PSI
              DIJ           EXH           S_EXH         INC_INS       WH_GROUP
              ________      ________      ________      ________      ________
 DIJ            1.000
 EXH            0.000         1.000
 S_EXH          0.000         0.000         1.000
 INC_INS        0.000         0.000         0.000         0.391
 WH_GROUP       0.000         0.000         0.000         0.000         0.444


TECHNICAL 4 OUTPUT


     ESTIMATES DERIVED FROM THE MODEL


           ESTIMATED MEANS FOR THE LATENT VARIABLES
              DIJ           EXH           S_EXH         INC_INS       WH_GROUP
              ________      ________      ________      ________      ________
                0.000        -0.003         0.188         0.000         0.000


           S.E. FOR ESTIMATED MEANS FOR THE LATENT VARIABLES
              DIJ           EXH           S_EXH         INC_INS       WH_GROUP
              ________      ________      ________      ________      ________
                0.000         0.039         0.084         0.046         0.048


           EST./S.E. FOR ESTIMATED MEANS FOR THE LATENT VARIABLES
              DIJ           EXH           S_EXH         INC_INS       WH_GROUP
              ________      ________      ________      ________      ________
                0.000        -0.077         2.227        -0.007         0.000


           TWO-TAILED P-VALUE FOR ESTIMATED MEANS FOR THE LATENT VARIABLES
              DIJ           EXH           S_EXH         INC_INS       WH_GROUP
              ________      ________      ________      ________      ________
                1.000         0.938         0.026         0.995         1.000


           ESTIMATED COVARIANCE MATRIX FOR THE LATENT VARIABLES
              DIJ           EXH           S_EXH         INC_INS       WH_GROUP
              ________      ________      ________      ________      ________
 DIJ            1.000
 EXH            0.323         1.300
 S_EXH         -0.003        -0.002         0.096
 INC_INS        0.372         0.355        -0.006         0.783
 WH_GROUP       0.000         0.111         0.005         0.000         0.888


           S.E. FOR ESTIMATED COVARIANCE MATRIX FOR THE LATENT VARIABLES
              DIJ           EXH           S_EXH         INC_INS       WH_GROUP
              ________      ________      ________      ________      ________
 DIJ            0.000
 EXH            0.084         0.113
 S_EXH          0.035         0.033         0.066
 INC_INS        0.047         0.070         0.073         0.061
 WH_GROUP       0.000         0.065         0.073         0.000         0.064


           EST./S.E. FOR ESTIMATED COVARIANCE MATRIX FOR THE LATENT VARIABLES
              DIJ           EXH           S_EXH         INC_INS       WH_GROUP
              ________      ________      ________      ________      ________
 DIJ       100000.000
 EXH            3.855        11.461
 S_EXH         -0.084        -0.068         1.462
 INC_INS        7.968         5.060        -0.084        12.843
 WH_GROUP       0.000         1.707         0.063         0.000        13.802


           TWO-TAILED P-VALUE FOR ESTIMATED COVARIANCE MATRIX FOR THE LATENT VARIABLES
              DIJ           EXH           S_EXH         INC_INS       WH_GROUP
              ________      ________      ________      ________      ________
 DIJ            0.000
 EXH            0.000         0.000
 S_EXH          0.933         0.946         0.144
 INC_INS        0.000         0.000         0.933         0.000
 WH_GROUP       1.000         0.088         0.950         1.000         0.000


           ESTIMATED CORRELATION MATRIX FOR THE LATENT VARIABLES
              DIJ           EXH           S_EXH         INC_INS       WH_GROUP
              ________      ________      ________      ________      ________
 DIJ            1.000
 EXH            0.283         1.000
 S_EXH         -0.009        -0.006         1.000
 INC_INS        0.421         0.352        -0.022         1.000
 WH_GROUP       0.000         0.104         0.016         0.000         1.000


           S.E. FOR ESTIMATED CORRELATION MATRIX FOR THE LATENT VARIABLES
              DIJ           EXH           S_EXH         INC_INS       WH_GROUP
              ________      ________      ________      ________      ________
 DIJ            0.000
 EXH            0.064         0.000
 S_EXH          0.112         0.093         0.000
 INC_INS        0.049         0.054         0.267         0.000
 WH_GROUP       0.000         0.061         0.250         0.000         0.000


           EST./S.E. FOR ESTIMATED CORRELATION MATRIX FOR THE LATENT VARIABLES
              DIJ           EXH           S_EXH         INC_INS       WH_GROUP
              ________      ________      ________      ________      ________
 DIJ          999.000
 EXH            4.446       999.000
 S_EXH         -0.084        -0.068       999.000
 INC_INS        8.669         6.506        -0.084       999.000
 WH_GROUP       0.000         1.697         0.062         0.000       999.000


           TWO-TAILED P-VALUE FOR ESTIMATED CORRELATION MATRIX FOR THE LATENT VARIABLES
              DIJ           EXH           S_EXH         INC_INS       WH_GROUP
              ________      ________      ________      ________      ________
 DIJ            0.000
 EXH            0.000         0.000
 S_EXH          0.933         0.946         0.000
 INC_INS        0.000         0.000         0.933         0.000
 WH_GROUP       1.000         0.090         0.950         1.000         0.000


     Beginning Time:  09:47:21
        Ending Time:  09:48:31
       Elapsed Time:  00:01:10



MUTHEN & MUTHEN
3463 Stoner Ave.
Los Angeles, CA  90066

Tel: (310) 391-9971
Fax: (310) 391-8971
Web: www.StatModel.com
Support: Support@StatModel.com

Copyright (c) 1998-2023 Muthen & Muthen
