Mplus VERSION 8.9 (Linux)
MUTHEN & MUTHEN
06/19/2023   9:48 AM

INPUT INSTRUCTIONS

  DATA: FILE = "../../data/transforms/mplus.dat";

  VARIABLE:

      NAMES =
      group group_detail wh_group
  dij_01 dij_02 dij_03 dij_04
  apc_01 apc_02 apc_03 apc_04 apc_05
  app_01 app_02 app_03 app_04 app_05
  res_01 res_02 res_03
  exh_01 exh_04 exh_08
  jsa_01 jsa_02 jsa_03 jsa_04
  in_ex inc_ins
  ;

      MISSING = .;

      USEVARIABLES =
          dij_01-dij_04
          !apc_01-apc_05
          !app_01-app_05
          !res_01-res_03
          !exh_01 exh_04 exh_08
          jsa_01 jsa_02 jsa_03 jsa_04
          wh_group
          inc_ins
          ;

      categorical =
          dij_01-jsa_04;



      DEFINE:
          CENTER wh_group inc_ins (GRANDMEAN);

  ANALYSIS:
      estimator=MLF; !to avoid saddle point
      type = RANDOM;
      INTEGRATION = MONTECARLO(6000);
      MCSEED=42;
      PROCESS=4;

  MODEL:

      !! PERM

          ! Factor loadings fixed
          DIJ by
              dij_01* (f_dij_01)
              dij_02* (f_dij_02)
              dij_03* (f_dij_03)
              dij_04* (f_dij_04)
              ;

          JSA by
              jsa_01* (f_jsa_01)
              jsa_02* (f_jsa_02)
              jsa_03* (f_jsa_03)
              jsa_04* (f_jsa_04)
              ;


          ! Item thresholds are fix

          !DIJ
          [dij_01$1*] (t1dij_01);
          [dij_01$2*] (t2dij_01);
          [dij_01$3*] (t3dij_01);

          [dij_02$1*] (t1dij_02);
          [dij_02$2*] (t2dij_02);

          [dij_03$1*] (t1dij_03);
          [dij_03$2*] (t2dij_03);
          [dij_03$3*] (t3dij_03);

          [dij_04$1*] (t1dij_04);
          [dij_04$2*] (t2dij_04);

          [dij_04$3*] (t3dij_04);


          !JSA
          [jsa_01$1*] (t1jsa_01);
          [jsa_01$2*] (t2jsa_01);
          [jsa_01$3*] (t3jsa_01);

          [jsa_02$1*] (t1jsa_02);
          [jsa_02$2*] (t2jsa_02);

          [jsa_03$1*] (t1jsa_03);
          [jsa_03$2*] (t2jsa_03);
          [jsa_03$3*] (t3jsa_03);

          [jsa_04$1*] (t1jsa_04);
          [jsa_04$2*] (t2jsa_04);




          ! Factors mean=0 and variance=1 for identification

          [DIJ@0];
          [JSA@0];

          DIJ@1;
          JSA@1;


          DIJ with inc_ins;

          S_JSA | JSA on DIJ;

          JSA S_JSA on wh_group inc_ins;

          [inc_ins@0];


  OUTPUT:
  	tech1
  	tech4
  	stdyx
  	;




*** WARNING
  Data set contains cases with missing on x-variables.
  These cases were not included in the analysis.
  Number of cases with missing on x-variables:  1
   1 WARNING(S) FOUND IN THE INPUT INSTRUCTIONS




SUMMARY OF ANALYSIS

Number of groups                                                 1
Number of observations                                         381

Number of dependent variables                                    8
Number of independent variables                                  2
Number of continuous latent variables                            3

Observed dependent variables

  Binary and ordered categorical (ordinal)
   DIJ_01      DIJ_02      DIJ_03      DIJ_04      JSA_01      JSA_02
   JSA_03      JSA_04

Observed independent variables
   WH_GROUP    INC_INS

Continuous latent variables
   DIJ         JSA         S_JSA

Variables with special functions

  Centering (GRANDMEAN)
   WH_GROUP    INC_INS


Estimator                                                      MLF
Information matrix                                        OBSERVED
Optimization Specifications for the Quasi-Newton Algorithm for
Continuous Outcomes
  Maximum number of iterations                                 100
  Convergence criterion                                  0.100D-05
Optimization Specifications for the EM Algorithm
  Maximum number of iterations                                 500
  Convergence criteria
    Loglikelihood change                                 0.100D-02
    Relative loglikelihood change                        0.100D-05
    Derivative                                           0.100D-02
Optimization Specifications for the M step of the EM Algorithm for
Categorical Latent variables
  Number of M step iterations                                    1
  M step convergence criterion                           0.100D-02
  Basis for M step termination                           ITERATION
Optimization Specifications for the M step of the EM Algorithm for
Censored, Binary or Ordered Categorical (Ordinal), Unordered
Categorical (Nominal) and Count Outcomes
  Number of M step iterations                                    1
  M step convergence criterion                           0.100D-02
  Basis for M step termination                           ITERATION
  Maximum value for logit thresholds                            15
  Minimum value for logit thresholds                           -15
  Minimum expected cell size for chi-square              0.100D-01
Maximum number of iterations for H1                           2000
Convergence criterion for H1                             0.100D-03
Optimization algorithm                                         EMA
Integration Specifications
  Type                                                  MONTECARLO
  Number of integration points                                6000
  Dimensions of numerical integration                            3
  Adaptive quadrature                                           ON
  Monte Carlo integration seed                                  42
Link                                                         LOGIT
Cholesky                                                       OFF

Input data file(s)
  ../../data/transforms/mplus.dat
Input data format  FREE


SUMMARY OF DATA

     Number of missing data patterns            16
     Number of y missing data patterns           1
     Number of u missing data patterns          16


COVARIANCE COVERAGE OF DATA

Minimum covariance coverage value   0.100


     PROPORTION OF DATA PRESENT


           Covariance Coverage
              DIJ_01        DIJ_02        DIJ_03        DIJ_04        JSA_01
              ________      ________      ________      ________      ________
 DIJ_01         0.958
 DIJ_02         0.948         0.969
 DIJ_03         0.937         0.942         0.953
 DIJ_04         0.948         0.955         0.940         0.971
 JSA_01         0.953         0.963         0.945         0.966         0.992
 JSA_02         0.945         0.955         0.937         0.955         0.979
 JSA_03         0.950         0.961         0.945         0.963         0.990
 JSA_04         0.955         0.966         0.948         0.969         0.992
 INC_INS        0.958         0.969         0.953         0.971         0.992
 WH_GROUP       0.958         0.969         0.953         0.971         0.992


           Covariance Coverage
              JSA_02        JSA_03        JSA_04        INC_INS       WH_GROUP
              ________      ________      ________      ________      ________
 JSA_02         0.982
 JSA_03         0.976         0.992
 JSA_04         0.979         0.990         0.995
 INC_INS        0.982         0.992         0.995         1.000
 WH_GROUP       0.982         0.992         0.995         1.000         1.000


     PROPORTION OF DATA PRESENT FOR U


           Covariance Coverage
              DIJ_01        DIJ_02        DIJ_03        DIJ_04        JSA_01
              ________      ________      ________      ________      ________
 DIJ_01         0.958
 DIJ_02         0.948         0.969
 DIJ_03         0.937         0.942         0.953
 DIJ_04         0.948         0.955         0.940         0.971
 JSA_01         0.953         0.963         0.945         0.966         0.992
 JSA_02         0.945         0.955         0.937         0.955         0.979
 JSA_03         0.950         0.961         0.945         0.963         0.990
 JSA_04         0.955         0.966         0.948         0.969         0.992


           Covariance Coverage
              JSA_02        JSA_03        JSA_04
              ________      ________      ________
 JSA_02         0.982
 JSA_03         0.976         0.992
 JSA_04         0.979         0.990         0.995


     PROPORTION OF DATA PRESENT FOR Y


           Covariance Coverage
              INC_INS       WH_GROUP
              ________      ________
 INC_INS        1.000
 WH_GROUP       1.000         1.000


UNIVARIATE PROPORTIONS AND COUNTS FOR CATEGORICAL VARIABLES

    DIJ_01
      Category 1    0.137           50.000
      Category 2    0.260           95.000
      Category 3    0.208           76.000
      Category 4    0.395          144.000
    DIJ_02
      Category 1    0.341          126.000
      Category 2    0.203           75.000
      Category 3    0.455          168.000
    DIJ_03
      Category 1    0.160           58.000
      Category 2    0.253           92.000
      Category 3    0.212           77.000
      Category 4    0.375          136.000
    DIJ_04
      Category 1    0.132           49.000
      Category 2    0.214           79.000
      Category 3    0.214           79.000
      Category 4    0.441          163.000
    JSA_01
      Category 1    0.069           26.000
      Category 2    0.164           62.000
      Category 3    0.595          225.000
      Category 4    0.172           65.000
    JSA_02
      Category 1    0.302          113.000
      Category 2    0.364          136.000
      Category 3    0.334          125.000
    JSA_03
      Category 1    0.095           36.000
      Category 2    0.272          103.000
      Category 3    0.553          209.000
      Category 4    0.079           30.000
    JSA_04
      Category 1    0.269          102.000
      Category 2    0.639          242.000
      Category 3    0.092           35.000



UNIVARIATE SAMPLE STATISTICS


     UNIVARIATE HIGHER-ORDER MOMENT DESCRIPTIVE STATISTICS

         Variable/         Mean/     Skewness/   Minimum/ % with                Percentiles
        Sample Size      Variance    Kurtosis    Maximum  Min/Max      20%/60%    40%/80%    Median

     INC_INS               0.000       0.387      -1.638    7.87%      -0.638     -0.638      0.362
             381.000       0.782       0.306       2.362    3.41%       0.362      0.362
     WH_GROUP              0.000      -1.754      -3.449    1.57%      -0.449      0.551      0.551
             381.000       0.888       2.388       0.551   67.98%       0.551      0.551


THE MODEL ESTIMATION TERMINATED NORMALLY



MODEL FIT INFORMATION

Number of Free Parameters                       37

Loglikelihood

          H0 Value                       -3158.623

Information Criteria

          Akaike (AIC)                    6391.246
          Bayesian (BIC)                  6537.129
          Sample-Size Adjusted BIC        6419.735
            (n* = (n + 2) / 24)



MODEL RESULTS

                                                    Two-Tailed
                    Estimate       S.E.  Est./S.E.    P-Value

 DIJ      BY
    DIJ_01             4.322      0.499      8.668      0.000
    DIJ_02             3.840      0.460      8.354      0.000
    DIJ_03             4.184      0.401     10.443      0.000
    DIJ_04             2.780      0.255     10.894      0.000

 JSA      BY
    JSA_01             5.205      1.278      4.074      0.000
    JSA_02             0.719      0.127      5.653      0.000
    JSA_03             3.555      0.534      6.658      0.000
    JSA_04             2.807      0.343      8.183      0.000

 JSA        ON
    WH_GROUP          -0.098      0.069     -1.419      0.156
    INC_INS           -0.243      0.077     -3.174      0.002

 S_JSA      ON
    WH_GROUP          -0.013      0.079     -0.169      0.866
    INC_INS            0.066      0.078      0.843      0.399

 DIJ      WITH
    INC_INS            0.371      0.052      7.192      0.000

 Means
    INC_INS            0.000      0.000    999.000    999.000
    DIJ                0.000      0.000    999.000    999.000

 Intercepts
    JSA                0.000      0.000    999.000    999.000
    S_JSA             -0.041      0.080     -0.513      0.608

 Thresholds
    DIJ_01$1          -5.000      0.593     -8.438      0.000
    DIJ_01$2          -1.115      0.311     -3.585      0.000
    DIJ_01$3           1.214      0.309      3.922      0.000
    DIJ_02$1          -1.610      0.314     -5.121      0.000
    DIJ_02$2           0.505      0.271      1.867      0.062
    DIJ_03$1          -4.516      0.449    -10.065      0.000
    DIJ_03$2          -0.974      0.312     -3.121      0.002
    DIJ_03$3           1.427      0.300      4.763      0.000
    DIJ_04$1          -3.570      0.341    -10.463      0.000
    DIJ_04$2          -1.152      0.226     -5.098      0.000
    DIJ_04$3           0.518      0.212      2.442      0.015
    JSA_01$1          -8.423      1.841     -4.575      0.000
    JSA_01$2          -4.006      0.927     -4.321      0.000
    JSA_01$3           5.429      1.246      4.357      0.000
    JSA_02$1          -0.920      0.134     -6.860      0.000
    JSA_02$2           0.788      0.128      6.159      0.000
    JSA_03$1          -5.321      0.658     -8.089      0.000
    JSA_03$2          -1.272      0.313     -4.059      0.000
    JSA_03$3           5.855      0.811      7.222      0.000
    JSA_04$1          -2.017      0.284     -7.116      0.000
    JSA_04$2           4.530      0.467      9.701      0.000

 Variances
    INC_INS            0.783      0.058     13.516      0.000
    DIJ                1.000      0.000    999.000    999.000

 Residual Variances
    JSA                1.000      0.000    999.000    999.000
    S_JSA              0.009      0.058      0.161      0.872


QUALITY OF NUMERICAL RESULTS

     Condition Number for the Information Matrix              0.656E-03
       (ratio of smallest to largest eigenvalue)


BRANT WALD TEST FOR PROPORTIONAL ODDS

                                   Degrees of
                      Chi-Square     Freedom   P-Value

  DIJ_01
    Overall test           1.044         2      0.593
    WH_GROUP               1.044         2      0.593

  DIJ_02
    Overall test           1.284         1      0.257
    WH_GROUP               1.284         1      0.257

  DIJ_03
    Overall test           3.623         2      0.163
    WH_GROUP               3.623         2      0.163

  DIJ_04
    Overall test           0.536         2      0.765
    WH_GROUP               0.536         2      0.765

  JSA_01
    Overall test           0.723         2      0.696
    WH_GROUP               0.723         2      0.696

  JSA_02
    Overall test           0.000         1      0.989
    WH_GROUP               0.000         1      0.989

  JSA_03
    Overall test           4.477         2      0.107
    WH_GROUP               4.477         2      0.107

  JSA_04
    Overall test           0.518         1      0.472
    WH_GROUP               0.518         1      0.472


STANDARDIZED MODEL RESULTS


STDYX Standardization

                                                    Two-Tailed
                    Estimate       S.E.  Est./S.E.    P-Value

 DIJ      BY
    DIJ_01             0.922      0.016     57.883      0.000
    DIJ_02             0.904      0.020     45.795      0.000
    DIJ_03             0.918      0.014     66.022      0.000
    DIJ_04             0.838      0.023     36.488      0.000

 JSA      BY
    JSA_01             0.948      0.024     40.142      0.000
    JSA_02             0.381      0.057      6.639      0.000
    JSA_03             0.897      0.026     34.639      0.000
    JSA_04             0.849      0.028     30.644      0.000

 JSA        ON
    WH_GROUP          -0.089      0.062     -1.436      0.151
    INC_INS           -0.207      0.063     -3.302      0.001

 S_JSA      ON
    WH_GROUP          -0.110      0.690     -0.160      0.873
    INC_INS            0.511      1.278      0.400      0.689

 DIJ      WITH
    INC_INS            0.420      0.050      8.421      0.000

 Means
    INC_INS            0.000      0.000    999.000    999.000
    DIJ                0.000      0.000    999.000    999.000

 Intercepts
    JSA                0.000      0.000    999.000    999.000
    S_JSA             -0.359      1.074     -0.334      0.738

 Thresholds
    DIJ_01$1          -1.067      0.087    -12.269      0.000
    DIJ_01$2          -0.238      0.065     -3.638      0.000
    DIJ_01$3           0.259      0.065      3.987      0.000
    DIJ_02$1          -0.379      0.067     -5.630      0.000
    DIJ_02$2           0.119      0.064      1.847      0.065
    DIJ_03$1          -0.990      0.081    -12.218      0.000
    DIJ_03$2          -0.214      0.067     -3.197      0.001
    DIJ_03$3           0.313      0.067      4.639      0.000
    DIJ_04$1          -1.075      0.087    -12.318      0.000
    DIJ_04$2          -0.347      0.065     -5.306      0.000
    DIJ_04$3           0.156      0.065      2.385      0.017
    JSA_01$1          -1.478      0.101    -14.575      0.000
    JSA_01$2          -0.703      0.073     -9.632      0.000
    JSA_01$3           0.953      0.081     11.705      0.000
    JSA_02$1          -0.469      0.067     -6.968      0.000
    JSA_02$2           0.402      0.065      6.201      0.000
    JSA_03$1          -1.294      0.096    -13.508      0.000
    JSA_03$2          -0.309      0.069     -4.467      0.000
    JSA_03$3           1.424      0.106     13.437      0.000
    JSA_04$1          -0.588      0.074     -7.910      0.000
    JSA_04$2           1.320      0.097     13.659      0.000

 Variances
    INC_INS            1.000      0.000    999.000    999.000
    DIJ                1.000      0.000    999.000    999.000

 Residual Variances
    JSA                0.928      0.061     15.107      0.000
    S_JSA              0.727      1.360      0.534      0.593


TECHNICAL 1 OUTPUT


     PARAMETER SPECIFICATION


           TAU
              DIJ_01$1      DIJ_01$2      DIJ_01$3      DIJ_02$1      DIJ_02$2
              ________      ________      ________      ________      ________
                   17            18            19            20            21


           TAU
              DIJ_03$1      DIJ_03$2      DIJ_03$3      DIJ_04$1      DIJ_04$2
              ________      ________      ________      ________      ________
                   22            23            24            25            26


           TAU
              DIJ_04$3      JSA_01$1      JSA_01$2      JSA_01$3      JSA_02$1
              ________      ________      ________      ________      ________
                   27            28            29            30            31


           TAU
              JSA_02$2      JSA_03$1      JSA_03$2      JSA_03$3      JSA_04$1
              ________      ________      ________      ________      ________
                   32            33            34            35            36


           TAU
              JSA_04$2
              ________
                   37


           NU
              DIJ_01        DIJ_02        DIJ_03        DIJ_04        JSA_01
              ________      ________      ________      ________      ________
                    0             0             0             0             0


           NU
              JSA_02        JSA_03        JSA_04        INC_INS       WH_GROUP
              ________      ________      ________      ________      ________
                    0             0             0             0             0


           LAMBDA
              DIJ           JSA           S_JSA         INC_INS       WH_GROUP
              ________      ________      ________      ________      ________
 DIJ_01             1             0             0             0             0
 DIJ_02             2             0             0             0             0
 DIJ_03             3             0             0             0             0
 DIJ_04             4             0             0             0             0
 JSA_01             0             5             0             0             0
 JSA_02             0             6             0             0             0
 JSA_03             0             7             0             0             0
 JSA_04             0             8             0             0             0
 INC_INS            0             0             0             0             0
 WH_GROUP           0             0             0             0             0


           THETA
              DIJ_01        DIJ_02        DIJ_03        DIJ_04        JSA_01
              ________      ________      ________      ________      ________
 DIJ_01             0
 DIJ_02             0             0
 DIJ_03             0             0             0
 DIJ_04             0             0             0             0
 JSA_01             0             0             0             0             0
 JSA_02             0             0             0             0             0
 JSA_03             0             0             0             0             0
 JSA_04             0             0             0             0             0
 INC_INS            0             0             0             0             0
 WH_GROUP           0             0             0             0             0


           THETA
              JSA_02        JSA_03        JSA_04        INC_INS       WH_GROUP
              ________      ________      ________      ________      ________
 JSA_02             0
 JSA_03             0             0
 JSA_04             0             0             0
 INC_INS            0             0             0             0
 WH_GROUP           0             0             0             0             0


           ALPHA
              DIJ           JSA           S_JSA         INC_INS       WH_GROUP
              ________      ________      ________      ________      ________
                    0             0             9             0             0


           BETA
              DIJ           JSA           S_JSA         INC_INS       WH_GROUP
              ________      ________      ________      ________      ________
 DIJ                0             0             0             0             0
 JSA                0             0             0            10            11
 S_JSA              0             0             0            12            13
 INC_INS            0             0             0             0             0
 WH_GROUP           0             0             0             0             0


           PSI
              DIJ           JSA           S_JSA         INC_INS       WH_GROUP
              ________      ________      ________      ________      ________
 DIJ                0
 JSA                0             0
 S_JSA              0             0            14
 INC_INS           15             0             0            16
 WH_GROUP           0             0             0             0             0


     STARTING VALUES


           TAU
              DIJ_01$1      DIJ_01$2      DIJ_01$3      DIJ_02$1      DIJ_02$2
              ________      ________      ________      ________      ________
               -1.841        -0.417         0.428        -0.657         0.179


           TAU
              DIJ_03$1      DIJ_03$2      DIJ_03$3      DIJ_04$1      DIJ_04$2
              ________      ________      ________      ________      ________
               -1.660        -0.351         0.512        -1.880        -0.637


           TAU
              DIJ_04$3      JSA_01$1      JSA_01$2      JSA_01$3      JSA_02$1
              ________      ________      ________      ________      ________
                0.239        -2.606        -1.193         1.572        -0.837


           TAU
              JSA_02$2      JSA_03$1      JSA_03$2      JSA_03$3      JSA_04$1
              ________      ________      ________      ________      ________
                0.689        -2.251        -0.542         2.451        -0.999


           TAU
              JSA_04$2
              ________
                2.285


           NU
              DIJ_01        DIJ_02        DIJ_03        DIJ_04        JSA_01
              ________      ________      ________      ________      ________
                0.000         0.000         0.000         0.000         0.000


           NU
              JSA_02        JSA_03        JSA_04        INC_INS       WH_GROUP
              ________      ________      ________      ________      ________
                0.000         0.000         0.000         0.000         0.000


           LAMBDA
              DIJ           JSA           S_JSA         INC_INS       WH_GROUP
              ________      ________      ________      ________      ________
 DIJ_01         1.000         0.000         0.000         0.000         0.000
 DIJ_02         1.000         0.000         0.000         0.000         0.000
 DIJ_03         1.000         0.000         0.000         0.000         0.000
 DIJ_04         1.000         0.000         0.000         0.000         0.000
 JSA_01         0.000         1.000         0.000         0.000         0.000
 JSA_02         0.000         1.000         0.000         0.000         0.000
 JSA_03         0.000         1.000         0.000         0.000         0.000
 JSA_04         0.000         1.000         0.000         0.000         0.000
 INC_INS        0.000         0.000         0.000         1.000         0.000
 WH_GROUP       0.000         0.000         0.000         0.000         1.000


           THETA
              DIJ_01        DIJ_02        DIJ_03        DIJ_04        JSA_01
              ________      ________      ________      ________      ________
 DIJ_01         1.000
 DIJ_02         0.000         1.000
 DIJ_03         0.000         0.000         1.000
 DIJ_04         0.000         0.000         0.000         1.000
 JSA_01         0.000         0.000         0.000         0.000         1.000
 JSA_02         0.000         0.000         0.000         0.000         0.000
 JSA_03         0.000         0.000         0.000         0.000         0.000
 JSA_04         0.000         0.000         0.000         0.000         0.000
 INC_INS        0.000         0.000         0.000         0.000         0.000
 WH_GROUP       0.000         0.000         0.000         0.000         0.000


           THETA
              JSA_02        JSA_03        JSA_04        INC_INS       WH_GROUP
              ________      ________      ________      ________      ________
 JSA_02         1.000
 JSA_03         0.000         1.000
 JSA_04         0.000         0.000         1.000
 INC_INS        0.000         0.000         0.000         0.000
 WH_GROUP       0.000         0.000         0.000         0.000         0.000


           ALPHA
              DIJ           JSA           S_JSA         INC_INS       WH_GROUP
              ________      ________      ________      ________      ________
                0.000         0.000         0.000         0.000         0.000


           BETA
              DIJ           JSA           S_JSA         INC_INS       WH_GROUP
              ________      ________      ________      ________      ________
 DIJ            0.000         0.000         0.000         0.000         0.000
 JSA            0.000         0.000         0.000         0.000         0.000
 S_JSA          0.000         0.000         0.000         0.000         0.000
 INC_INS        0.000         0.000         0.000         0.000         0.000
 WH_GROUP       0.000         0.000         0.000         0.000         0.000


           PSI
              DIJ           JSA           S_JSA         INC_INS       WH_GROUP
              ________      ________      ________      ________      ________
 DIJ            1.000
 JSA            0.000         1.000
 S_JSA          0.000         0.000         1.000
 INC_INS        0.000         0.000         0.000         0.391
 WH_GROUP       0.000         0.000         0.000         0.000         0.444


TECHNICAL 4 OUTPUT


     ESTIMATES DERIVED FROM THE MODEL


           ESTIMATED MEANS FOR THE LATENT VARIABLES
              DIJ           JSA           S_JSA         INC_INS       WH_GROUP
              ________      ________      ________      ________      ________
                0.000         0.024        -0.041         0.000         0.000


           S.E. FOR ESTIMATED MEANS FOR THE LATENT VARIABLES
              DIJ           JSA           S_JSA         INC_INS       WH_GROUP
              ________      ________      ________      ________      ________
                0.000         0.029         0.080         0.000         0.048


           EST./S.E. FOR ESTIMATED MEANS FOR THE LATENT VARIABLES
              DIJ           JSA           S_JSA         INC_INS       WH_GROUP
              ________      ________      ________      ________      ________
                0.000         0.851        -0.513         0.000         0.000


           TWO-TAILED P-VALUE FOR ESTIMATED MEANS FOR THE LATENT VARIABLES
              DIJ           JSA           S_JSA         INC_INS       WH_GROUP
              ________      ________      ________      ________      ________
                1.000         0.395         0.608         1.000         1.000


           ESTIMATED COVARIANCE MATRIX FOR THE LATENT VARIABLES
              DIJ           JSA           S_JSA         INC_INS       WH_GROUP
              ________      ________      ________      ________      ________
 DIJ            1.000
 JSA           -0.131         1.077
 S_JSA          0.024        -0.012         0.013
 INC_INS        0.371        -0.205         0.051         0.783
 WH_GROUP       0.000        -0.087        -0.012         0.000         0.888


           S.E. FOR ESTIMATED COVARIANCE MATRIX FOR THE LATENT VARIABLES
              DIJ           JSA           S_JSA         INC_INS       WH_GROUP
              ________      ________      ________      ________      ________
 DIJ            0.000
 JSA            0.077         0.071
 S_JSA          0.028         0.017         0.058
 INC_INS        0.052         0.060         0.060         0.058
 WH_GROUP       0.000         0.062         0.070         0.000         0.064


           EST./S.E. FOR ESTIMATED COVARIANCE MATRIX FOR THE LATENT VARIABLES
              DIJ           JSA           S_JSA         INC_INS       WH_GROUP
              ________      ________      ________      ________      ________
 DIJ       100000.000
 JSA           -1.705        15.107
 S_JSA          0.863        -0.718         0.223
 INC_INS        7.192        -3.435         0.851        13.516
 WH_GROUP       0.000        -1.412        -0.169         0.000        13.802


           TWO-TAILED P-VALUE FOR ESTIMATED COVARIANCE MATRIX FOR THE LATENT VARIABLES
              DIJ           JSA           S_JSA         INC_INS       WH_GROUP
              ________      ________      ________      ________      ________
 DIJ            0.000
 JSA            0.088         0.000
 S_JSA          0.388         0.473         0.824
 INC_INS        0.000         0.001         0.395         0.000
 WH_GROUP       1.000         0.158         0.866         1.000         0.000


           ESTIMATED CORRELATION MATRIX FOR THE LATENT VARIABLES
              DIJ           JSA           S_JSA         INC_INS       WH_GROUP
              ________      ________      ________      ________      ________
 DIJ            1.000
 JSA           -0.126         1.000
 S_JSA          0.214        -0.104         1.000
 INC_INS        0.420        -0.224         0.511         1.000
 WH_GROUP       0.000        -0.089        -0.110         0.000         1.000


           S.E. FOR ESTIMATED CORRELATION MATRIX FOR THE LATENT VARIABLES
              DIJ           JSA           S_JSA         INC_INS       WH_GROUP
              ________      ________      ________      ________      ________
 DIJ            0.000
 JSA            0.073         0.000
 S_JSA          0.535         0.274         0.000
 INC_INS        0.050         0.060         1.278         0.000
 WH_GROUP       0.000         0.062         0.690         0.000         0.000


           EST./S.E. FOR ESTIMATED CORRELATION MATRIX FOR THE LATENT VARIABLES
              DIJ           JSA           S_JSA         INC_INS       WH_GROUP
              ________      ________      ________      ________      ________
 DIJ          999.000
 JSA           -1.730       999.000
 S_JSA          0.400        -0.381       999.000
 INC_INS        8.421        -3.754         0.400       999.000
 WH_GROUP       0.000        -1.436        -0.160         0.000       999.000


           TWO-TAILED P-VALUE FOR ESTIMATED CORRELATION MATRIX FOR THE LATENT VARIABLES
              DIJ           JSA           S_JSA         INC_INS       WH_GROUP
              ________      ________      ________      ________      ________
 DIJ            0.000
 JSA            0.084         0.000
 S_JSA          0.689         0.703         0.000
 INC_INS        0.000         0.000         0.689         0.000
 WH_GROUP       1.000         0.151         0.873         1.000         0.000


     Beginning Time:  09:48:31
        Ending Time:  10:02:15
       Elapsed Time:  00:13:44



MUTHEN & MUTHEN
3463 Stoner Ave.
Los Angeles, CA  90066

Tel: (310) 391-9971
Fax: (310) 391-8971
Web: www.StatModel.com
Support: Support@StatModel.com

Copyright (c) 1998-2023 Muthen & Muthen
